<?xml version="1.0" encoding="UTF-8"?>
<testsuite xmlns:xsi="http://www.w3.org/2001/XMLSchema-instance" xsi:noNamespaceSchemaLocation="https://maven.apache.org/surefire/maven-surefire-plugin/xsd/surefire-test-report.xsd" version="3.0.2" name="com.ncsu.farmtrackbackend.FarmtrackApplicationTests" time="5.361" tests="1" errors="0" skipped="0" failures="0">
  <properties>
    <property name="java.specification.version" value="17"/>
    <property name="sun.jnu.encoding" value="UTF-8"/>
    <property name="java.class.path" value="/home/warfare/farmtrack/farmtrack-backend/target/test-classes:/home/warfare/farmtrack/farmtrack-backend/target/classes:/home/warfare/.m2/repository/org/springframework/boot/spring-boot-starter-data-jpa/3.4.4/spring-boot-starter-data-jpa-3.4.4.jar:/home/warfare/.m2/repository/org/springframework/boot/spring-boot-starter-jdbc/3.4.4/spring-boot-starter-jdbc-3.4.4.jar:/home/warfare/.m2/repository/com/zaxxer/HikariCP/5.1.0/HikariCP-5.1.0.jar:/home/warfare/.m2/repository/org/springframework/spring-jdbc/6.2.5/spring-jdbc-6.2.5.jar:/home/warfare/.m2/repository/org/hibernate/orm/hibernate-core/6.6.11.Final/hibernate-core-6.6.11.Final.jar:/home/warfare/.m2/repository/jakarta/persistence/jakarta.persistence-api/3.1.0/jakarta.persistence-api-3.1.0.jar:/home/warfare/.m2/repository/jakarta/transaction/jakarta.transaction-api/2.0.1/jakarta.transaction-api-2.0.1.jar:/home/warfare/.m2/repository/org/hibernate/common/hibernate-commons-annotations/7.0.3.Final/hibernate-commons-annotations-7.0.3.Final.jar:/home/warfare/.m2/repository/io/smallrye/jandex/3.2.0/jandex-3.2.0.jar:/home/warfare/.m2/repository/org/glassfish/jaxb/jaxb-runtime/4.0.5/jaxb-runtime-4.0.5.jar:/home/warfare/.m2/repository/org/glassfish/jaxb/jaxb-core/4.0.5/jaxb-core-4.0.5.jar:/home/warfare/.m2/repository/org/eclipse/angus/angus-activation/2.0.2/angus-activation-2.0.2.jar:/home/warfare/.m2/repository/org/glassfish/jaxb/txw2/4.0.5/txw2-4.0.5.jar:/home/warfare/.m2/repository/com/sun/istack/istack-commons-runtime/4.1.2/istack-commons-runtime-4.1.2.jar:/home/warfare/.m2/repository/jakarta/inject/jakarta.inject-api/2.0.1/jakarta.inject-api-2.0.1.jar:/home/warfare/.m2/repository/org/antlr/antlr4-runtime/4.13.0/antlr4-runtime-4.13.0.jar:/home/warfare/.m2/repository/org/springframework/data/spring-data-jpa/3.4.4/spring-data-jpa-3.4.4.jar:/home/warfare/.m2/repository/org/springframework/data/spring-data-commons/3.4.4/spring-data-commons-3.4.4.jar:/home/warfare/.m2/repository/org/springframework/spring-orm/6.2.5/spring-orm-6.2.5.jar:/home/warfare/.m2/repository/org/springframework/spring-context/6.2.5/spring-context-6.2.5.jar:/home/warfare/.m2/repository/org/springframework/spring-tx/6.2.5/spring-tx-6.2.5.jar:/home/warfare/.m2/repository/org/springframework/spring-beans/6.2.5/spring-beans-6.2.5.jar:/home/warfare/.m2/repository/org/slf4j/slf4j-api/2.0.17/slf4j-api-2.0.17.jar:/home/warfare/.m2/repository/org/springframework/spring-aspects/6.2.5/spring-aspects-6.2.5.jar:/home/warfare/.m2/repository/org/aspectj/aspectjweaver/1.9.23/aspectjweaver-1.9.23.jar:/home/warfare/.m2/repository/org/springframework/boot/spring-boot-starter-security/3.4.4/spring-boot-starter-security-3.4.4.jar:/home/warfare/.m2/repository/org/springframework/spring-aop/6.2.5/spring-aop-6.2.5.jar:/home/warfare/.m2/repository/org/springframework/security/spring-security-config/6.4.4/spring-security-config-6.4.4.jar:/home/warfare/.m2/repository/org/springframework/security/spring-security-web/6.4.4/spring-security-web-6.4.4.jar:/home/warfare/.m2/repository/org/springframework/spring-expression/6.2.5/spring-expression-6.2.5.jar:/home/warfare/.m2/repository/org/springframework/boot/spring-boot-starter-web/3.4.4/spring-boot-starter-web-3.4.4.jar:/home/warfare/.m2/repository/org/springframework/boot/spring-boot-starter-json/3.4.4/spring-boot-starter-json-3.4.4.jar:/home/warfare/.m2/repository/com/fasterxml/jackson/datatype/jackson-datatype-jdk8/2.18.3/jackson-datatype-jdk8-2.18.3.jar:/home/warfare/.m2/repository/com/fasterxml/jackson/datatype/jackson-datatype-jsr310/2.18.3/jackson-datatype-jsr310-2.18.3.jar:/home/warfare/.m2/repository/com/fasterxml/jackson/module/jackson-module-parameter-names/2.18.3/jackson-module-parameter-names-2.18.3.jar:/home/warfare/.m2/repository/org/springframework/boot/spring-boot-starter-tomcat/3.4.4/spring-boot-starter-tomcat-3.4.4.jar:/home/warfare/.m2/repository/org/apache/tomcat/embed/tomcat-embed-core/10.1.39/tomcat-embed-core-10.1.39.jar:/home/warfare/.m2/repository/org/apache/tomcat/embed/tomcat-embed-websocket/10.1.39/tomcat-embed-websocket-10.1.39.jar:/home/warfare/.m2/repository/org/springframework/spring-web/6.2.5/spring-web-6.2.5.jar:/home/warfare/.m2/repository/io/micrometer/micrometer-observation/1.14.5/micrometer-observation-1.14.5.jar:/home/warfare/.m2/repository/io/micrometer/micrometer-commons/1.14.5/micrometer-commons-1.14.5.jar:/home/warfare/.m2/repository/org/springframework/spring-webmvc/6.2.5/spring-webmvc-6.2.5.jar:/home/warfare/.m2/repository/org/springframework/boot/spring-boot-starter/3.4.4/spring-boot-starter-3.4.4.jar:/home/warfare/.m2/repository/org/springframework/boot/spring-boot/3.4.4/spring-boot-3.4.4.jar:/home/warfare/.m2/repository/org/springframework/boot/spring-boot-autoconfigure/3.4.4/spring-boot-autoconfigure-3.4.4.jar:/home/warfare/.m2/repository/org/springframework/boot/spring-boot-starter-logging/3.4.4/spring-boot-starter-logging-3.4.4.jar:/home/warfare/.m2/repository/ch/qos/logback/logback-classic/1.5.18/logback-classic-1.5.18.jar:/home/warfare/.m2/repository/ch/qos/logback/logback-core/1.5.18/logback-core-1.5.18.jar:/home/warfare/.m2/repository/org/apache/logging/log4j/log4j-to-slf4j/2.24.3/log4j-to-slf4j-2.24.3.jar:/home/warfare/.m2/repository/org/apache/logging/log4j/log4j-api/2.24.3/log4j-api-2.24.3.jar:/home/warfare/.m2/repository/org/slf4j/jul-to-slf4j/2.0.17/jul-to-slf4j-2.0.17.jar:/home/warfare/.m2/repository/jakarta/annotation/jakarta.annotation-api/2.1.1/jakarta.annotation-api-2.1.1.jar:/home/warfare/.m2/repository/org/springframework/spring-core/6.2.5/spring-core-6.2.5.jar:/home/warfare/.m2/repository/org/springframework/spring-jcl/6.2.5/spring-jcl-6.2.5.jar:/home/warfare/.m2/repository/org/yaml/snakeyaml/2.3/snakeyaml-2.3.jar:/home/warfare/.m2/repository/org/springframework/boot/spring-boot-devtools/3.4.4/spring-boot-devtools-3.4.4.jar:/home/warfare/.m2/repository/org/postgresql/postgresql/42.7.5/postgresql-42.7.5.jar:/home/warfare/.m2/repository/org/checkerframework/checker-qual/3.48.3/checker-qual-3.48.3.jar:/home/warfare/.m2/repository/org/projectlombok/lombok/1.18.36/lombok-1.18.36.jar:/home/warfare/.m2/repository/org/springframework/boot/spring-boot-starter-test/3.4.4/spring-boot-starter-test-3.4.4.jar:/home/warfare/.m2/repository/org/springframework/boot/spring-boot-test/3.4.4/spring-boot-test-3.4.4.jar:/home/warfare/.m2/repository/org/springframework/boot/spring-boot-test-autoconfigure/3.4.4/spring-boot-test-autoconfigure-3.4.4.jar:/home/warfare/.m2/repository/com/jayway/jsonpath/json-path/2.9.0/json-path-2.9.0.jar:/home/warfare/.m2/repository/jakarta/xml/bind/jakarta.xml.bind-api/4.0.2/jakarta.xml.bind-api-4.0.2.jar:/home/warfare/.m2/repository/jakarta/activation/jakarta.activation-api/2.1.3/jakarta.activation-api-2.1.3.jar:/home/warfare/.m2/repository/net/minidev/json-smart/2.5.2/json-smart-2.5.2.jar:/home/warfare/.m2/repository/net/minidev/accessors-smart/2.5.2/accessors-smart-2.5.2.jar:/home/warfare/.m2/repository/org/ow2/asm/asm/9.7.1/asm-9.7.1.jar:/home/warfare/.m2/repository/org/assertj/assertj-core/3.26.3/assertj-core-3.26.3.jar:/home/warfare/.m2/repository/org/awaitility/awaitility/4.2.2/awaitility-4.2.2.jar:/home/warfare/.m2/repository/org/hamcrest/hamcrest/2.2/hamcrest-2.2.jar:/home/warfare/.m2/repository/org/junit/jupiter/junit-jupiter/5.11.4/junit-jupiter-5.11.4.jar:/home/warfare/.m2/repository/org/junit/jupiter/junit-jupiter-params/5.11.4/junit-jupiter-params-5.11.4.jar:/home/warfare/.m2/repository/org/junit/jupiter/junit-jupiter-engine/5.11.4/junit-jupiter-engine-5.11.4.jar:/home/warfare/.m2/repository/org/junit/platform/junit-platform-engine/1.11.4/junit-platform-engine-1.11.4.jar:/home/warfare/.m2/repository/org/skyscreamer/jsonassert/1.5.3/jsonassert-1.5.3.jar:/home/warfare/.m2/repository/com/vaadin/external/google/android-json/0.0.20131108.vaadin1/android-json-0.0.20131108.vaadin1.jar:/home/warfare/.m2/repository/org/springframework/spring-test/6.2.5/spring-test-6.2.5.jar:/home/warfare/.m2/repository/org/xmlunit/xmlunit-core/2.10.0/xmlunit-core-2.10.0.jar:/home/warfare/.m2/repository/org/springframework/security/spring-security-test/6.4.4/spring-security-test-6.4.4.jar:/home/warfare/.m2/repository/org/springframework/security/spring-security-core/6.4.4/spring-security-core-6.4.4.jar:/home/warfare/.m2/repository/org/springframework/security/spring-security-crypto/6.4.4/spring-security-crypto-6.4.4.jar:/home/warfare/.m2/repository/io/jsonwebtoken/jjwt-api/0.11.5/jjwt-api-0.11.5.jar:/home/warfare/.m2/repository/io/jsonwebtoken/jjwt-impl/0.11.5/jjwt-impl-0.11.5.jar:/home/warfare/.m2/repository/io/jsonwebtoken/jjwt-jackson/0.11.5/jjwt-jackson-0.11.5.jar:/home/warfare/.m2/repository/com/fasterxml/jackson/core/jackson-databind/2.18.3/jackson-databind-2.18.3.jar:/home/warfare/.m2/repository/com/fasterxml/jackson/core/jackson-annotations/2.18.3/jackson-annotations-2.18.3.jar:/home/warfare/.m2/repository/com/fasterxml/jackson/core/jackson-core/2.18.3/jackson-core-2.18.3.jar:/home/warfare/.m2/repository/org/springdoc/springdoc-openapi-starter-webmvc-ui/2.3.0/springdoc-openapi-starter-webmvc-ui-2.3.0.jar:/home/warfare/.m2/repository/org/springdoc/springdoc-openapi-starter-webmvc-api/2.3.0/springdoc-openapi-starter-webmvc-api-2.3.0.jar:/home/warfare/.m2/repository/org/springdoc/springdoc-openapi-starter-common/2.3.0/springdoc-openapi-starter-common-2.3.0.jar:/home/warfare/.m2/repository/io/swagger/core/v3/swagger-core-jakarta/2.2.19/swagger-core-jakarta-2.2.19.jar:/home/warfare/.m2/repository/org/apache/commons/commons-lang3/3.17.0/commons-lang3-3.17.0.jar:/home/warfare/.m2/repository/io/swagger/core/v3/swagger-annotations-jakarta/2.2.19/swagger-annotations-jakarta-2.2.19.jar:/home/warfare/.m2/repository/io/swagger/core/v3/swagger-models-jakarta/2.2.19/swagger-models-jakarta-2.2.19.jar:/home/warfare/.m2/repository/com/fasterxml/jackson/dataformat/jackson-dataformat-yaml/2.18.3/jackson-dataformat-yaml-2.18.3.jar:/home/warfare/.m2/repository/org/webjars/swagger-ui/5.10.3/swagger-ui-5.10.3.jar:/home/warfare/.m2/repository/org/junit/jupiter/junit-jupiter-api/5.11.4/junit-jupiter-api-5.11.4.jar:/home/warfare/.m2/repository/org/opentest4j/opentest4j/1.3.0/opentest4j-1.3.0.jar:/home/warfare/.m2/repository/org/junit/platform/junit-platform-commons/1.11.4/junit-platform-commons-1.11.4.jar:/home/warfare/.m2/repository/org/apiguardian/apiguardian-api/1.1.2/apiguardian-api-1.1.2.jar:/home/warfare/.m2/repository/org/mockito/mockito-core/5.14.2/mockito-core-5.14.2.jar:/home/warfare/.m2/repository/net/bytebuddy/byte-buddy/1.15.11/byte-buddy-1.15.11.jar:/home/warfare/.m2/repository/net/bytebuddy/byte-buddy-agent/1.15.11/byte-buddy-agent-1.15.11.jar:/home/warfare/.m2/repository/org/objenesis/objenesis/3.3/objenesis-3.3.jar:/home/warfare/.m2/repository/org/mockito/mockito-junit-jupiter/5.14.2/mockito-junit-jupiter-5.14.2.jar:/home/warfare/.m2/repository/org/hibernate/validator/hibernate-validator/8.0.2.Final/hibernate-validator-8.0.2.Final.jar:/home/warfare/.m2/repository/jakarta/validation/jakarta.validation-api/3.0.2/jakarta.validation-api-3.0.2.jar:/home/warfare/.m2/repository/org/jboss/logging/jboss-logging/3.6.1.Final/jboss-logging-3.6.1.Final.jar:/home/warfare/.m2/repository/com/fasterxml/classmate/1.7.0/classmate-1.7.0.jar:/home/warfare/.m2/repository/org/springframework/boot/spring-boot-starter-validation/3.4.4/spring-boot-starter-validation-3.4.4.jar:/home/warfare/.m2/repository/org/apache/tomcat/embed/tomcat-embed-el/10.1.39/tomcat-embed-el-10.1.39.jar:"/>
    <property name="java.vm.vendor" value="Ubuntu"/>
    <property name="sun.arch.data.model" value="64"/>
    <property name="java.vendor.url" value="https://ubuntu.com/"/>
    <property name="user.timezone" value="America/New_York"/>
    <property name="org.jboss.logging.provider" value="slf4j"/>
    <property name="os.name" value="Linux"/>
    <property name="java.vm.specification.version" value="17"/>
    <property name="APPLICATION_NAME" value="farmtrack-backend"/>
    <property name="sun.java.launcher" value="SUN_STANDARD"/>
    <property name="user.country" value="US"/>
    <property name="sun.boot.library.path" value="/usr/lib/jvm/java-17-openjdk-amd64/lib"/>
    <property name="sun.java.command" value="/home/warfare/farmtrack/farmtrack-backend/target/surefire/surefirebooter-20250326102616294_3.jar /home/warfare/farmtrack/farmtrack-backend/target/surefire 2025-03-26T10-26-16_208-jvmRun1 surefire-20250326102616294_1tmp surefire_0-20250326102616294_2tmp"/>
    <property name="jdk.debug" value="release"/>
    <property name="surefire.test.class.path" value="/home/warfare/farmtrack/farmtrack-backend/target/test-classes:/home/warfare/farmtrack/farmtrack-backend/target/classes:/home/warfare/.m2/repository/org/springframework/boot/spring-boot-starter-data-jpa/3.4.4/spring-boot-starter-data-jpa-3.4.4.jar:/home/warfare/.m2/repository/org/springframework/boot/spring-boot-starter-jdbc/3.4.4/spring-boot-starter-jdbc-3.4.4.jar:/home/warfare/.m2/repository/com/zaxxer/HikariCP/5.1.0/HikariCP-5.1.0.jar:/home/warfare/.m2/repository/org/springframework/spring-jdbc/6.2.5/spring-jdbc-6.2.5.jar:/home/warfare/.m2/repository/org/hibernate/orm/hibernate-core/6.6.11.Final/hibernate-core-6.6.11.Final.jar:/home/warfare/.m2/repository/jakarta/persistence/jakarta.persistence-api/3.1.0/jakarta.persistence-api-3.1.0.jar:/home/warfare/.m2/repository/jakarta/transaction/jakarta.transaction-api/2.0.1/jakarta.transaction-api-2.0.1.jar:/home/warfare/.m2/repository/org/hibernate/common/hibernate-commons-annotations/7.0.3.Final/hibernate-commons-annotations-7.0.3.Final.jar:/home/warfare/.m2/repository/io/smallrye/jandex/3.2.0/jandex-3.2.0.jar:/home/warfare/.m2/repository/org/glassfish/jaxb/jaxb-runtime/4.0.5/jaxb-runtime-4.0.5.jar:/home/warfare/.m2/repository/org/glassfish/jaxb/jaxb-core/4.0.5/jaxb-core-4.0.5.jar:/home/warfare/.m2/repository/org/eclipse/angus/angus-activation/2.0.2/angus-activation-2.0.2.jar:/home/warfare/.m2/repository/org/glassfish/jaxb/txw2/4.0.5/txw2-4.0.5.jar:/home/warfare/.m2/repository/com/sun/istack/istack-commons-runtime/4.1.2/istack-commons-runtime-4.1.2.jar:/home/warfare/.m2/repository/jakarta/inject/jakarta.inject-api/2.0.1/jakarta.inject-api-2.0.1.jar:/home/warfare/.m2/repository/org/antlr/antlr4-runtime/4.13.0/antlr4-runtime-4.13.0.jar:/home/warfare/.m2/repository/org/springframework/data/spring-data-jpa/3.4.4/spring-data-jpa-3.4.4.jar:/home/warfare/.m2/repository/org/springframework/data/spring-data-commons/3.4.4/spring-data-commons-3.4.4.jar:/home/warfare/.m2/repository/org/springframework/spring-orm/6.2.5/spring-orm-6.2.5.jar:/home/warfare/.m2/repository/org/springframework/spring-context/6.2.5/spring-context-6.2.5.jar:/home/warfare/.m2/repository/org/springframework/spring-tx/6.2.5/spring-tx-6.2.5.jar:/home/warfare/.m2/repository/org/springframework/spring-beans/6.2.5/spring-beans-6.2.5.jar:/home/warfare/.m2/repository/org/slf4j/slf4j-api/2.0.17/slf4j-api-2.0.17.jar:/home/warfare/.m2/repository/org/springframework/spring-aspects/6.2.5/spring-aspects-6.2.5.jar:/home/warfare/.m2/repository/org/aspectj/aspectjweaver/1.9.23/aspectjweaver-1.9.23.jar:/home/warfare/.m2/repository/org/springframework/boot/spring-boot-starter-security/3.4.4/spring-boot-starter-security-3.4.4.jar:/home/warfare/.m2/repository/org/springframework/spring-aop/6.2.5/spring-aop-6.2.5.jar:/home/warfare/.m2/repository/org/springframework/security/spring-security-config/6.4.4/spring-security-config-6.4.4.jar:/home/warfare/.m2/repository/org/springframework/security/spring-security-web/6.4.4/spring-security-web-6.4.4.jar:/home/warfare/.m2/repository/org/springframework/spring-expression/6.2.5/spring-expression-6.2.5.jar:/home/warfare/.m2/repository/org/springframework/boot/spring-boot-starter-web/3.4.4/spring-boot-starter-web-3.4.4.jar:/home/warfare/.m2/repository/org/springframework/boot/spring-boot-starter-json/3.4.4/spring-boot-starter-json-3.4.4.jar:/home/warfare/.m2/repository/com/fasterxml/jackson/datatype/jackson-datatype-jdk8/2.18.3/jackson-datatype-jdk8-2.18.3.jar:/home/warfare/.m2/repository/com/fasterxml/jackson/datatype/jackson-datatype-jsr310/2.18.3/jackson-datatype-jsr310-2.18.3.jar:/home/warfare/.m2/repository/com/fasterxml/jackson/module/jackson-module-parameter-names/2.18.3/jackson-module-parameter-names-2.18.3.jar:/home/warfare/.m2/repository/org/springframework/boot/spring-boot-starter-tomcat/3.4.4/spring-boot-starter-tomcat-3.4.4.jar:/home/warfare/.m2/repository/org/apache/tomcat/embed/tomcat-embed-core/10.1.39/tomcat-embed-core-10.1.39.jar:/home/warfare/.m2/repository/org/apache/tomcat/embed/tomcat-embed-websocket/10.1.39/tomcat-embed-websocket-10.1.39.jar:/home/warfare/.m2/repository/org/springframework/spring-web/6.2.5/spring-web-6.2.5.jar:/home/warfare/.m2/repository/io/micrometer/micrometer-observation/1.14.5/micrometer-observation-1.14.5.jar:/home/warfare/.m2/repository/io/micrometer/micrometer-commons/1.14.5/micrometer-commons-1.14.5.jar:/home/warfare/.m2/repository/org/springframework/spring-webmvc/6.2.5/spring-webmvc-6.2.5.jar:/home/warfare/.m2/repository/org/springframework/boot/spring-boot-starter/3.4.4/spring-boot-starter-3.4.4.jar:/home/warfare/.m2/repository/org/springframework/boot/spring-boot/3.4.4/spring-boot-3.4.4.jar:/home/warfare/.m2/repository/org/springframework/boot/spring-boot-autoconfigure/3.4.4/spring-boot-autoconfigure-3.4.4.jar:/home/warfare/.m2/repository/org/springframework/boot/spring-boot-starter-logging/3.4.4/spring-boot-starter-logging-3.4.4.jar:/home/warfare/.m2/repository/ch/qos/logback/logback-classic/1.5.18/logback-classic-1.5.18.jar:/home/warfare/.m2/repository/ch/qos/logback/logback-core/1.5.18/logback-core-1.5.18.jar:/home/warfare/.m2/repository/org/apache/logging/log4j/log4j-to-slf4j/2.24.3/log4j-to-slf4j-2.24.3.jar:/home/warfare/.m2/repository/org/apache/logging/log4j/log4j-api/2.24.3/log4j-api-2.24.3.jar:/home/warfare/.m2/repository/org/slf4j/jul-to-slf4j/2.0.17/jul-to-slf4j-2.0.17.jar:/home/warfare/.m2/repository/jakarta/annotation/jakarta.annotation-api/2.1.1/jakarta.annotation-api-2.1.1.jar:/home/warfare/.m2/repository/org/springframework/spring-core/6.2.5/spring-core-6.2.5.jar:/home/warfare/.m2/repository/org/springframework/spring-jcl/6.2.5/spring-jcl-6.2.5.jar:/home/warfare/.m2/repository/org/yaml/snakeyaml/2.3/snakeyaml-2.3.jar:/home/warfare/.m2/repository/org/springframework/boot/spring-boot-devtools/3.4.4/spring-boot-devtools-3.4.4.jar:/home/warfare/.m2/repository/org/postgresql/postgresql/42.7.5/postgresql-42.7.5.jar:/home/warfare/.m2/repository/org/checkerframework/checker-qual/3.48.3/checker-qual-3.48.3.jar:/home/warfare/.m2/repository/org/projectlombok/lombok/1.18.36/lombok-1.18.36.jar:/home/warfare/.m2/repository/org/springframework/boot/spring-boot-starter-test/3.4.4/spring-boot-starter-test-3.4.4.jar:/home/warfare/.m2/repository/org/springframework/boot/spring-boot-test/3.4.4/spring-boot-test-3.4.4.jar:/home/warfare/.m2/repository/org/springframework/boot/spring-boot-test-autoconfigure/3.4.4/spring-boot-test-autoconfigure-3.4.4.jar:/home/warfare/.m2/repository/com/jayway/jsonpath/json-path/2.9.0/json-path-2.9.0.jar:/home/warfare/.m2/repository/jakarta/xml/bind/jakarta.xml.bind-api/4.0.2/jakarta.xml.bind-api-4.0.2.jar:/home/warfare/.m2/repository/jakarta/activation/jakarta.activation-api/2.1.3/jakarta.activation-api-2.1.3.jar:/home/warfare/.m2/repository/net/minidev/json-smart/2.5.2/json-smart-2.5.2.jar:/home/warfare/.m2/repository/net/minidev/accessors-smart/2.5.2/accessors-smart-2.5.2.jar:/home/warfare/.m2/repository/org/ow2/asm/asm/9.7.1/asm-9.7.1.jar:/home/warfare/.m2/repository/org/assertj/assertj-core/3.26.3/assertj-core-3.26.3.jar:/home/warfare/.m2/repository/org/awaitility/awaitility/4.2.2/awaitility-4.2.2.jar:/home/warfare/.m2/repository/org/hamcrest/hamcrest/2.2/hamcrest-2.2.jar:/home/warfare/.m2/repository/org/junit/jupiter/junit-jupiter/5.11.4/junit-jupiter-5.11.4.jar:/home/warfare/.m2/repository/org/junit/jupiter/junit-jupiter-params/5.11.4/junit-jupiter-params-5.11.4.jar:/home/warfare/.m2/repository/org/junit/jupiter/junit-jupiter-engine/5.11.4/junit-jupiter-engine-5.11.4.jar:/home/warfare/.m2/repository/org/junit/platform/junit-platform-engine/1.11.4/junit-platform-engine-1.11.4.jar:/home/warfare/.m2/repository/org/skyscreamer/jsonassert/1.5.3/jsonassert-1.5.3.jar:/home/warfare/.m2/repository/com/vaadin/external/google/android-json/0.0.20131108.vaadin1/android-json-0.0.20131108.vaadin1.jar:/home/warfare/.m2/repository/org/springframework/spring-test/6.2.5/spring-test-6.2.5.jar:/home/warfare/.m2/repository/org/xmlunit/xmlunit-core/2.10.0/xmlunit-core-2.10.0.jar:/home/warfare/.m2/repository/org/springframework/security/spring-security-test/6.4.4/spring-security-test-6.4.4.jar:/home/warfare/.m2/repository/org/springframework/security/spring-security-core/6.4.4/spring-security-core-6.4.4.jar:/home/warfare/.m2/repository/org/springframework/security/spring-security-crypto/6.4.4/spring-security-crypto-6.4.4.jar:/home/warfare/.m2/repository/io/jsonwebtoken/jjwt-api/0.11.5/jjwt-api-0.11.5.jar:/home/warfare/.m2/repository/io/jsonwebtoken/jjwt-impl/0.11.5/jjwt-impl-0.11.5.jar:/home/warfare/.m2/repository/io/jsonwebtoken/jjwt-jackson/0.11.5/jjwt-jackson-0.11.5.jar:/home/warfare/.m2/repository/com/fasterxml/jackson/core/jackson-databind/2.18.3/jackson-databind-2.18.3.jar:/home/warfare/.m2/repository/com/fasterxml/jackson/core/jackson-annotations/2.18.3/jackson-annotations-2.18.3.jar:/home/warfare/.m2/repository/com/fasterxml/jackson/core/jackson-core/2.18.3/jackson-core-2.18.3.jar:/home/warfare/.m2/repository/org/springdoc/springdoc-openapi-starter-webmvc-ui/2.3.0/springdoc-openapi-starter-webmvc-ui-2.3.0.jar:/home/warfare/.m2/repository/org/springdoc/springdoc-openapi-starter-webmvc-api/2.3.0/springdoc-openapi-starter-webmvc-api-2.3.0.jar:/home/warfare/.m2/repository/org/springdoc/springdoc-openapi-starter-common/2.3.0/springdoc-openapi-starter-common-2.3.0.jar:/home/warfare/.m2/repository/io/swagger/core/v3/swagger-core-jakarta/2.2.19/swagger-core-jakarta-2.2.19.jar:/home/warfare/.m2/repository/org/apache/commons/commons-lang3/3.17.0/commons-lang3-3.17.0.jar:/home/warfare/.m2/repository/io/swagger/core/v3/swagger-annotations-jakarta/2.2.19/swagger-annotations-jakarta-2.2.19.jar:/home/warfare/.m2/repository/io/swagger/core/v3/swagger-models-jakarta/2.2.19/swagger-models-jakarta-2.2.19.jar:/home/warfare/.m2/repository/com/fasterxml/jackson/dataformat/jackson-dataformat-yaml/2.18.3/jackson-dataformat-yaml-2.18.3.jar:/home/warfare/.m2/repository/org/webjars/swagger-ui/5.10.3/swagger-ui-5.10.3.jar:/home/warfare/.m2/repository/org/junit/jupiter/junit-jupiter-api/5.11.4/junit-jupiter-api-5.11.4.jar:/home/warfare/.m2/repository/org/opentest4j/opentest4j/1.3.0/opentest4j-1.3.0.jar:/home/warfare/.m2/repository/org/junit/platform/junit-platform-commons/1.11.4/junit-platform-commons-1.11.4.jar:/home/warfare/.m2/repository/org/apiguardian/apiguardian-api/1.1.2/apiguardian-api-1.1.2.jar:/home/warfare/.m2/repository/org/mockito/mockito-core/5.14.2/mockito-core-5.14.2.jar:/home/warfare/.m2/repository/net/bytebuddy/byte-buddy/1.15.11/byte-buddy-1.15.11.jar:/home/warfare/.m2/repository/net/bytebuddy/byte-buddy-agent/1.15.11/byte-buddy-agent-1.15.11.jar:/home/warfare/.m2/repository/org/objenesis/objenesis/3.3/objenesis-3.3.jar:/home/warfare/.m2/repository/org/mockito/mockito-junit-jupiter/5.14.2/mockito-junit-jupiter-5.14.2.jar:/home/warfare/.m2/repository/org/hibernate/validator/hibernate-validator/8.0.2.Final/hibernate-validator-8.0.2.Final.jar:/home/warfare/.m2/repository/jakarta/validation/jakarta.validation-api/3.0.2/jakarta.validation-api-3.0.2.jar:/home/warfare/.m2/repository/org/jboss/logging/jboss-logging/3.6.1.Final/jboss-logging-3.6.1.Final.jar:/home/warfare/.m2/repository/com/fasterxml/classmate/1.7.0/classmate-1.7.0.jar:/home/warfare/.m2/repository/org/springframework/boot/spring-boot-starter-validation/3.4.4/spring-boot-starter-validation-3.4.4.jar:/home/warfare/.m2/repository/org/apache/tomcat/embed/tomcat-embed-el/10.1.39/tomcat-embed-el-10.1.39.jar:"/>
    <property name="sun.cpu.endian" value="little"/>
    <property name="user.home" value="/home/warfare"/>
    <property name="user.language" value="en"/>
    <property name="java.specification.vendor" value="Oracle Corporation"/>
    <property name="java.version.date" value="2025-01-21"/>
    <property name="java.home" value="/usr/lib/jvm/java-17-openjdk-amd64"/>
    <property name="file.separator" value="/"/>
    <property name="basedir" value="/home/warfare/farmtrack/farmtrack-backend"/>
    <property name="java.vm.compressedOopsMode" value="Zero based"/>
    <property name="line.separator" value="&#10;"/>
    <property name="java.vm.specification.vendor" value="Oracle Corporation"/>
    <property name="java.specification.name" value="Java Platform API Specification"/>
    <property name="FILE_LOG_CHARSET" value="UTF-8"/>
    <property name="java.awt.headless" value="true"/>
    <property name="surefire.real.class.path" value="/home/warfare/farmtrack/farmtrack-backend/target/surefire/surefirebooter-20250326102616294_3.jar"/>
    <property name="sun.management.compiler" value="HotSpot 64-Bit Tiered Compilers"/>
    <property name="java.runtime.version" value="17.0.14+7-Ubuntu-124.04"/>
    <property name="user.name" value="warfare"/>
    <property name="path.separator" value=":"/>
    <property name="os.version" value="6.11.0-19-generic"/>
    <property name="java.runtime.name" value="OpenJDK Runtime Environment"/>
    <property name="file.encoding" value="UTF-8"/>
    <property name="java.vm.name" value="OpenJDK 64-Bit Server VM"/>
    <property name="localRepository" value="/home/warfare/.m2/repository"/>
    <property name="java.vendor.url.bug" value="https://bugs.launchpad.net/ubuntu/+source/openjdk-17"/>
    <property name="java.io.tmpdir" value="/tmp"/>
    <property name="com.zaxxer.hikari.pool_number" value="1"/>
    <property name="java.version" value="17.0.14"/>
    <property name="user.dir" value="/home/warfare/farmtrack/farmtrack-backend"/>
    <property name="os.arch" value="amd64"/>
    <property name="java.vm.specification.name" value="Java Virtual Machine Specification"/>
    <property name="PID" value="1288556"/>
    <property name="CONSOLE_LOG_CHARSET" value="UTF-8"/>
    <property name="native.encoding" value="UTF-8"/>
    <property name="java.library.path" value="/usr/java/packages/lib:/usr/lib/x86_64-linux-gnu/jni:/lib/x86_64-linux-gnu:/usr/lib/x86_64-linux-gnu:/usr/lib/jni:/lib:/usr/lib"/>
    <property name="java.vm.info" value="mixed mode, sharing"/>
    <property name="java.vendor" value="Ubuntu"/>
    <property name="java.vm.version" value="17.0.14+7-Ubuntu-124.04"/>
    <property name="java.specification.maintenance.version" value="1"/>
    <property name="sun.io.unicode.encoding" value="UnicodeLittle"/>
    <property name="java.class.version" value="61.0"/>
    <property name="LOGGED_APPLICATION_NAME" value="[farmtrack-backend] "/>
  </properties>
  <testcase name="contextLoads" classname="com.ncsu.farmtrackbackend.FarmtrackApplicationTests" time="0.021">
    <system-out><![CDATA[10:26:17.966 [main] INFO org.springframework.test.context.support.AnnotationConfigContextLoaderUtils -- Could not detect default configuration classes for test class [com.ncsu.farmtrackbackend.FarmtrackApplicationTests]: FarmtrackApplicationTests does not declare any static, non-private, non-final, nested classes annotated with @Configuration.
10:26:18.078 [main] INFO org.springframework.boot.test.context.SpringBootTestContextBootstrapper -- Found @SpringBootConfiguration com.ncsu.farmtrackbackend.FarmtrackApplication for test class com.ncsu.farmtrackbackend.FarmtrackApplicationTests
10:26:18.217 [main] INFO org.springframework.boot.devtools.restart.RestartApplicationListener -- Restart disabled due to context in which it is running

  .   ____          _            __ _ _
 /\\ / ___'_ __ _ _(_)_ __  __ _ \ \ \ \
( ( )\___ | '_ | '_| | '_ \/ _` | \ \ \ \
 \\/  ___)| |_)| | | | | || (_| |  ) ) ) )
  '  |____| .__|_| |_|_| |_\__, | / / / /
 =========|_|==============|___/=/_/_/_/

 :: Spring Boot ::                (v3.4.4)

2025-03-26T10:26:18.449-04:00 DEBUG 1288556 --- [farmtrack-backend] [kground-preinit] org.jboss.logging                        : Logging Provider: org.jboss.logging.Slf4jLoggerProvider found via system property
2025-03-26T10:26:18.455-04:00 DEBUG 1288556 --- [farmtrack-backend] [kground-preinit] o.h.v.i.xml.config.ValidationXmlParser   : Trying to load META-INF/validation.xml for XML based Validator configuration.
2025-03-26T10:26:18.456-04:00 DEBUG 1288556 --- [farmtrack-backend] [kground-preinit] o.h.v.i.xml.config.ResourceLoaderHelper  : Trying to load META-INF/validation.xml via TCCL
2025-03-26T10:26:18.457-04:00 DEBUG 1288556 --- [farmtrack-backend] [kground-preinit] o.h.v.i.xml.config.ResourceLoaderHelper  : Trying to load META-INF/validation.xml via Hibernate Validator's class loader
2025-03-26T10:26:18.457-04:00 DEBUG 1288556 --- [farmtrack-backend] [kground-preinit] o.h.v.i.xml.config.ValidationXmlParser   : No META-INF/validation.xml found. Using annotation based configuration only.
2025-03-26T10:26:18.462-04:00 DEBUG 1288556 --- [farmtrack-backend] [kground-preinit] o.h.v.i.e.resolver.TraversableResolvers  : Found jakarta.persistence.Persistence on classpath containing 'getPersistenceUtil'. Assuming JPA 2 environment. Trying to instantiate JPA aware TraversableResolver
2025-03-26T10:26:18.463-04:00 DEBUG 1288556 --- [farmtrack-backend] [kground-preinit] o.h.v.i.e.resolver.TraversableResolvers  : Instantiated JPA aware TraversableResolver of type org.hibernate.validator.internal.engine.resolver.JPATraversableResolver.
2025-03-26T10:26:18.475-04:00  INFO 1288556 --- [farmtrack-backend] [           main] c.n.r.FarmtrackApplicationTests             : Starting FarmtrackApplicationTests using Java 17.0.14 with PID 1288556 (started by warfare in /home/warfare/farmtrack/farmtrack-backend)
2025-03-26T10:26:18.475-04:00 DEBUG 1288556 --- [farmtrack-backend] [           main] c.n.r.FarmtrackApplicationTests             : Running with Spring Boot v3.4.4, Spring v6.2.5
2025-03-26T10:26:18.476-04:00  INFO 1288556 --- [farmtrack-backend] [           main] c.n.r.FarmtrackApplicationTests             : No active profile set, falling back to 1 default profile: "default"
2025-03-26T10:26:18.477-04:00 DEBUG 1288556 --- [farmtrack-backend] [           main] o.s.boot.SpringApplication               : Loading source class com.ncsu.farmtrackbackend.FarmtrackApplication
2025-03-26T10:26:18.484-04:00 DEBUG 1288556 --- [farmtrack-backend] [kground-preinit] .h.v.m.ResourceBundleMessageInterpolator : Loaded expression factory via original TCCL
2025-03-26T10:26:18.504-04:00 DEBUG 1288556 --- [farmtrack-backend] [           main] o.s.w.c.s.GenericWebApplicationContext   : Refreshing org.springframework.web.context.support.GenericWebApplicationContext@62b790a5
2025-03-26T10:26:18.519-04:00 DEBUG 1288556 --- [farmtrack-backend] [           main] o.s.b.f.s.DefaultListableBeanFactory     : Creating shared instance of singleton bean 'org.springframework.context.annotation.internalConfigurationAnnotationProcessor'
2025-03-26T10:26:18.532-04:00 DEBUG 1288556 --- [farmtrack-backend] [           main] o.s.b.f.s.DefaultListableBeanFactory     : Creating shared instance of singleton bean 'org.springframework.boot.autoconfigure.internalCachingMetadataReaderFactory'
2025-03-26T10:26:18.587-04:00 DEBUG 1288556 --- [farmtrack-backend] [           main] o.s.c.a.ClassPathBeanDefinitionScanner   : Identified candidate component class: file [/home/warfare/farmtrack/farmtrack-backend/target/classes/com/ncsu/farmtrackbackend/config/CorsConfig.class]
2025-03-26T10:26:18.588-04:00 DEBUG 1288556 --- [farmtrack-backend] [           main] o.s.c.a.ClassPathBeanDefinitionScanner   : Identified candidate component class: file [/home/warfare/farmtrack/farmtrack-backend/target/classes/com/ncsu/farmtrackbackend/config/OpenAPIConfig.class]
2025-03-26T10:26:18.588-04:00 DEBUG 1288556 --- [farmtrack-backend] [           main] o.s.c.a.ClassPathBeanDefinitionScanner   : Identified candidate component class: file [/home/warfare/farmtrack/farmtrack-backend/target/classes/com/ncsu/farmtrackbackend/config/PasswordConfig.class]
2025-03-26T10:26:18.589-04:00 DEBUG 1288556 --- [farmtrack-backend] [kground-preinit] .i.e.ValidatorFactoryConfigurationHelper : HV000252: Using org.hibernate.validator.internal.engine.DefaultPropertyNodeNameProvider as property node name provider.
2025-03-26T10:26:18.593-04:00 DEBUG 1288556 --- [farmtrack-backend] [kground-preinit] .i.e.ValidatorFactoryConfigurationHelper : HV000234: Using org.hibernate.validator.messageinterpolation.ResourceBundleMessageInterpolator as ValidatorFactory-scoped message interpolator.
2025-03-26T10:26:18.593-04:00 DEBUG 1288556 --- [farmtrack-backend] [kground-preinit] .i.e.ValidatorFactoryConfigurationHelper : HV000234: Using org.hibernate.validator.internal.engine.resolver.JPATraversableResolver as ValidatorFactory-scoped traversable resolver.
2025-03-26T10:26:18.594-04:00 DEBUG 1288556 --- [farmtrack-backend] [kground-preinit] .i.e.ValidatorFactoryConfigurationHelper : HV000234: Using org.hibernate.validator.internal.util.ExecutableParameterNameProvider as ValidatorFactory-scoped parameter name provider.
2025-03-26T10:26:18.594-04:00 DEBUG 1288556 --- [farmtrack-backend] [kground-preinit] .i.e.ValidatorFactoryConfigurationHelper : HV000234: Using org.hibernate.validator.internal.engine.DefaultClockProvider as ValidatorFactory-scoped clock provider.
2025-03-26T10:26:18.594-04:00 DEBUG 1288556 --- [farmtrack-backend] [kground-preinit] .i.e.ValidatorFactoryConfigurationHelper : HV000234: Using org.hibernate.validator.internal.engine.scripting.DefaultScriptEvaluatorFactory as ValidatorFactory-scoped script evaluator factory.
2025-03-26T10:26:18.595-04:00 DEBUG 1288556 --- [farmtrack-backend] [           main] o.s.c.a.ClassPathBeanDefinitionScanner   : Identified candidate component class: file [/home/warfare/farmtrack/farmtrack-backend/target/classes/com/ncsu/farmtrackbackend/config/SecurityConfig.class]
2025-03-26T10:26:18.624-04:00 DEBUG 1288556 --- [farmtrack-backend] [           main] o.s.c.a.ClassPathBeanDefinitionScanner   : Identified candidate component class: file [/home/warfare/farmtrack/farmtrack-backend/target/classes/com/ncsu/farmtrackbackend/controller/AuthController.class]
2025-03-26T10:26:18.629-04:00 DEBUG 1288556 --- [farmtrack-backend] [           main] o.s.c.a.ClassPathBeanDefinitionScanner   : Identified candidate component class: file [/home/warfare/farmtrack/farmtrack-backend/target/classes/com/ncsu/farmtrackbackend/controller/FarmController.class]
2025-03-26T10:26:18.630-04:00 DEBUG 1288556 --- [farmtrack-backend] [           main] o.s.c.a.ClassPathBeanDefinitionScanner   : Identified candidate component class: file [/home/warfare/farmtrack/farmtrack-backend/target/classes/com/ncsu/farmtrackbackend/controller/MovementController.class]
2025-03-26T10:26:18.632-04:00 DEBUG 1288556 --- [farmtrack-backend] [           main] o.s.c.a.ClassPathBeanDefinitionScanner   : Identified candidate component class: file [/home/warfare/farmtrack/farmtrack-backend/target/classes/com/ncsu/farmtrackbackend/controller/UserController.class]
2025-03-26T10:26:18.636-04:00 DEBUG 1288556 --- [farmtrack-backend] [           main] o.s.c.a.ClassPathBeanDefinitionScanner   : Ignored because not a concrete top-level class: file [/home/warfare/farmtrack/farmtrack-backend/target/classes/com/ncsu/farmtrackbackend/repository/FarmRepository.class]
2025-03-26T10:26:18.637-04:00 DEBUG 1288556 --- [farmtrack-backend] [           main] o.s.c.a.ClassPathBeanDefinitionScanner   : Ignored because not a concrete top-level class: file [/home/warfare/farmtrack/farmtrack-backend/target/classes/com/ncsu/farmtrackbackend/repository/MovementRepository.class]
2025-03-26T10:26:18.637-04:00 DEBUG 1288556 --- [farmtrack-backend] [           main] o.s.c.a.ClassPathBeanDefinitionScanner   : Identified candidate component class: file [/home/warfare/farmtrack/farmtrack-backend/target/classes/com/ncsu/farmtrackbackend/security/JwtAuthenticationEntryPoint.class]
2025-03-26T10:26:18.638-04:00 DEBUG 1288556 --- [farmtrack-backend] [           main] o.s.c.a.ClassPathBeanDefinitionScanner   : Identified candidate component class: file [/home/warfare/farmtrack/farmtrack-backend/target/classes/com/ncsu/farmtrackbackend/security/JwtRequestFilter.class]
2025-03-26T10:26:18.638-04:00 DEBUG 1288556 --- [farmtrack-backend] [           main] o.s.c.a.ClassPathBeanDefinitionScanner   : Identified candidate component class: file [/home/warfare/farmtrack/farmtrack-backend/target/classes/com/ncsu/farmtrackbackend/security/JwtTokenUtil.class]
2025-03-26T10:26:18.639-04:00 DEBUG 1288556 --- [farmtrack-backend] [           main] o.s.c.a.ClassPathBeanDefinitionScanner   : Identified candidate component class: file [/home/warfare/farmtrack/farmtrack-backend/target/classes/com/ncsu/farmtrackbackend/service/FarmService.class]
2025-03-26T10:26:18.640-04:00 DEBUG 1288556 --- [farmtrack-backend] [           main] o.s.c.a.ClassPathBeanDefinitionScanner   : Identified candidate component class: file [/home/warfare/farmtrack/farmtrack-backend/target/classes/com/ncsu/farmtrackbackend/service/MovementService.class]
2025-03-26T10:26:18.640-04:00 DEBUG 1288556 --- [farmtrack-backend] [           main] o.s.c.a.ClassPathBeanDefinitionScanner   : Identified candidate component class: file [/home/warfare/farmtrack/farmtrack-backend/target/classes/com/ncsu/farmtrackbackend/service/UserService.class]
2025-03-26T10:26:18.640-04:00 DEBUG 1288556 --- [farmtrack-backend] [           main] o.s.c.a.ClassPathBeanDefinitionScanner   : Identified candidate component class: file [/home/warfare/farmtrack/farmtrack-backend/target/classes/com/ncsu/farmtrackbackend/startup/DefaultAdminInitializer.class]
2025-03-26T10:26:19.022-04:00  INFO 1288556 --- [farmtrack-backend] [           main] .s.d.r.c.RepositoryConfigurationDelegate : Bootstrapping Spring Data JPA repositories in DEFAULT mode.
2025-03-26T10:26:19.040-04:00 DEBUG 1288556 --- [farmtrack-backend] [           main] .s.d.r.c.RepositoryConfigurationDelegate : Scanning for JPA repositories in packages com.ncsu.farmtrackbackend.repository.
2025-03-26T10:26:19.055-04:00 DEBUG 1288556 --- [farmtrack-backend] [           main] .i.s.PathMatchingResourcePatternResolver : Skipping search for files matching pattern [**/*.class]: directory [/home/warfare/farmtrack/farmtrack-backend/target/test-classes/com/ncsu/farmtrackbackend/repository] does not exist
2025-03-26T10:26:19.058-04:00 DEBUG 1288556 --- [farmtrack-backend] [           main] o.s.d.r.c.RepositoryComponentProvider    : Identified candidate component class: file [/home/warfare/farmtrack/farmtrack-backend/target/classes/com/ncsu/farmtrackbackend/repository/FarmRepository.class]
2025-03-26T10:26:19.059-04:00 DEBUG 1288556 --- [farmtrack-backend] [           main] o.s.d.r.c.RepositoryComponentProvider    : Identified candidate component class: file [/home/warfare/farmtrack/farmtrack-backend/target/classes/com/ncsu/farmtrackbackend/repository/MovementRepository.class]
2025-03-26T10:26:19.059-04:00 DEBUG 1288556 --- [farmtrack-backend] [           main] o.s.d.r.c.RepositoryComponentProvider    : Identified candidate component class: file [/home/warfare/farmtrack/farmtrack-backend/target/classes/com/ncsu/farmtrackbackend/repository/UserRepository.class]
2025-03-26T10:26:19.081-04:00 DEBUG 1288556 --- [farmtrack-backend] [           main] .i.s.PathMatchingResourcePatternResolver : Skipping search for files matching pattern [**/*Impl.class]: directory [/home/warfare/farmtrack/farmtrack-backend/target/test-classes/com/ncsu/farmtrackbackend/repository] does not exist
2025-03-26T10:26:19.093-04:00  INFO 1288556 --- [farmtrack-backend] [           main] .s.d.r.c.RepositoryConfigurationDelegate : Finished Spring Data repository scanning in 43 ms. Found 3 JPA repository interfaces.
2025-03-26T10:26:19.451-04:00 DEBUG 1288556 --- [farmtrack-backend] [           main] o.s.b.f.s.DefaultListableBeanFactory     : Creating shared instance of singleton bean 'springSecurityHandlerMappingIntrospectorBeanDefinitionRegistryPostProcessor'
2025-03-26T10:26:19.542-04:00 DEBUG 1288556 --- [farmtrack-backend] [           main] o.s.b.f.s.DefaultListableBeanFactory     : Creating shared instance of singleton bean 'propertySourcesPlaceholderConfigurer'
2025-03-26T10:26:19.550-04:00 DEBUG 1288556 --- [farmtrack-backend] [           main] o.s.b.f.s.DefaultListableBeanFactory     : Creating shared instance of singleton bean 'org.springframework.boot.test.mock.mockito.MockitoPostProcessor'
2025-03-26T10:26:19.555-04:00 DEBUG 1288556 --- [farmtrack-backend] [           main] o.s.b.f.s.DefaultListableBeanFactory     : Creating shared instance of singleton bean 'emBeanDefinitionRegistrarPostProcessor'
2025-03-26T10:26:19.555-04:00 DEBUG 1288556 --- [farmtrack-backend] [           main] o.s.b.f.s.DefaultListableBeanFactory     : Creating shared instance of singleton bean 'org.springframework.boot.sql.init.dependency.DatabaseInitializationDependencyConfigurer$DependsOnDatabaseInitializationPostProcessor'
2025-03-26T10:26:19.623-04:00 DEBUG 1288556 --- [farmtrack-backend] [           main] o.s.b.f.s.DefaultListableBeanFactory     : Creating shared instance of singleton bean 'org.springframework.context.event.internalEventListenerProcessor'
2025-03-26T10:26:19.624-04:00 DEBUG 1288556 --- [farmtrack-backend] [           main] o.s.b.f.s.DefaultListableBeanFactory     : Creating shared instance of singleton bean 'conversionServicePostProcessor'
2025-03-26T10:26:19.629-04:00 DEBUG 1288556 --- [farmtrack-backend] [           main] o.s.b.f.s.DefaultListableBeanFactory     : Creating shared instance of singleton bean 'preserveErrorControllerTargetClassPostProcessor'
2025-03-26T10:26:19.630-04:00 DEBUG 1288556 --- [farmtrack-backend] [           main] o.s.b.f.s.DefaultListableBeanFactory     : Creating shared instance of singleton bean 'org.springframework.context.event.internalEventListenerFactory'
2025-03-26T10:26:19.630-04:00 DEBUG 1288556 --- [farmtrack-backend] [           main] o.s.b.f.s.DefaultListableBeanFactory     : Creating shared instance of singleton bean 'org.springframework.transaction.config.internalTransactionalEventListenerFactory'
2025-03-26T10:26:19.634-04:00 DEBUG 1288556 --- [farmtrack-backend] [           main] o.s.b.f.s.DefaultListableBeanFactory     : Creating shared instance of singleton bean 'org.springframework.boot.test.mock.mockito.MockitoPostProcessor$SpyPostProcessor'
2025-03-26T10:26:19.636-04:00 DEBUG 1288556 --- [farmtrack-backend] [           main] o.s.b.f.s.DefaultListableBeanFactory     : Creating shared instance of singleton bean 'org.springframework.context.annotation.internalAutowiredAnnotationProcessor'
2025-03-26T10:26:19.637-04:00 DEBUG 1288556 --- [farmtrack-backend] [           main] o.s.b.f.s.DefaultListableBeanFactory     : Creating shared instance of singleton bean 'org.springframework.context.annotation.internalCommonAnnotationProcessor'
2025-03-26T10:26:19.640-04:00 DEBUG 1288556 --- [farmtrack-backend] [           main] o.s.b.f.s.DefaultListableBeanFactory     : Creating shared instance of singleton bean 'org.springframework.context.annotation.internalPersistenceAnnotationProcessor'
2025-03-26T10:26:19.641-04:00 DEBUG 1288556 --- [farmtrack-backend] [           main] o.s.b.f.s.DefaultListableBeanFactory     : Creating shared instance of singleton bean 'org.springframework.boot.context.properties.ConfigurationPropertiesBindingPostProcessor'
2025-03-26T10:26:19.641-04:00 DEBUG 1288556 --- [farmtrack-backend] [           main] o.s.b.f.s.DefaultListableBeanFactory     : Creating shared instance of singleton bean 'org.springframework.boot.context.internalConfigurationPropertiesBinder'
2025-03-26T10:26:19.643-04:00 DEBUG 1288556 --- [farmtrack-backend] [           main] o.s.b.f.s.DefaultListableBeanFactory     : Creating shared instance of singleton bean 'jdbcConnectionDetailsHikariBeanPostProcessor'
2025-03-26T10:26:19.646-04:00 DEBUG 1288556 --- [farmtrack-backend] [           main] o.s.b.f.s.DefaultListableBeanFactory     : Creating shared instance of singleton bean 'org.springframework.aop.config.internalAutoProxyCreator'
2025-03-26T10:26:19.662-04:00 DEBUG 1288556 --- [farmtrack-backend] [           main] o.s.b.f.s.DefaultListableBeanFactory     : Creating shared instance of singleton bean 'methodValidationPostProcessor'
2025-03-26T10:26:19.664-04:00 DEBUG 1288556 --- [farmtrack-backend] [           main] o.s.b.f.s.DefaultListableBeanFactory     : Autowiring by type from bean name 'methodValidationPostProcessor' via factory method to bean named 'environment'
2025-03-26T10:26:19.674-04:00 DEBUG 1288556 --- [farmtrack-backend] [           main] o.s.b.f.s.DefaultListableBeanFactory     : Creating shared instance of singleton bean 'org.springframework.boot.context.properties.EnableConfigurationPropertiesRegistrar.methodValidationExcludeFilter'
2025-03-26T10:26:19.688-04:00 DEBUG 1288556 --- [farmtrack-backend] [           main] o.s.b.f.s.DefaultListableBeanFactory     : Creating shared instance of singleton bean 'persistenceExceptionTranslationPostProcessor'
2025-03-26T10:26:19.689-04:00 DEBUG 1288556 --- [farmtrack-backend] [           main] o.s.b.f.s.DefaultListableBeanFactory     : Autowiring by type from bean name 'persistenceExceptionTranslationPostProcessor' via factory method to bean named 'environment'
2025-03-26T10:26:19.691-04:00 DEBUG 1288556 --- [farmtrack-backend] [           main] o.s.b.f.s.DefaultListableBeanFactory     : Creating shared instance of singleton bean 'webServerFactoryCustomizerBeanPostProcessor'
2025-03-26T10:26:19.692-04:00 DEBUG 1288556 --- [farmtrack-backend] [           main] o.s.b.f.s.DefaultListableBeanFactory     : Creating shared instance of singleton bean 'errorPageRegistrarBeanPostProcessor'
2025-03-26T10:26:19.692-04:00 DEBUG 1288556 --- [farmtrack-backend] [           main] o.s.b.f.s.DefaultListableBeanFactory     : Creating shared instance of singleton bean 'projectingArgumentResolverBeanPostProcessor'
2025-03-26T10:26:19.693-04:00 DEBUG 1288556 --- [farmtrack-backend] [           main] o.s.b.f.s.DefaultListableBeanFactory     : Creating shared instance of singleton bean 'preFilterAuthorizationAdvisor'
2025-03-26T10:26:19.694-04:00 DEBUG 1288556 --- [farmtrack-backend] [           main] o.s.b.f.s.DefaultListableBeanFactory     : Creating shared instance of singleton bean 'preFilterAuthorizationMethodInterceptor'
2025-03-26T10:26:19.708-04:00 DEBUG 1288556 --- [farmtrack-backend] [           main] o.s.b.f.s.DefaultListableBeanFactory     : Creating shared instance of singleton bean 'preAuthorizeAuthorizationAdvisor'
2025-03-26T10:26:19.708-04:00 DEBUG 1288556 --- [farmtrack-backend] [           main] o.s.b.f.s.DefaultListableBeanFactory     : Creating shared instance of singleton bean 'preAuthorizeAuthorizationMethodInterceptor'
2025-03-26T10:26:19.709-04:00 DEBUG 1288556 --- [farmtrack-backend] [           main] o.s.b.f.s.DefaultListableBeanFactory     : Creating shared instance of singleton bean 'postFilterAuthorizationAdvisor'
2025-03-26T10:26:19.709-04:00 DEBUG 1288556 --- [farmtrack-backend] [           main] o.s.b.f.s.DefaultListableBeanFactory     : Creating shared instance of singleton bean 'postFilterAuthorizationMethodInterceptor'
2025-03-26T10:26:19.710-04:00 DEBUG 1288556 --- [farmtrack-backend] [           main] o.s.b.f.s.DefaultListableBeanFactory     : Creating shared instance of singleton bean 'postAuthorizeAuthorizationAdvisor'
2025-03-26T10:26:19.710-04:00 DEBUG 1288556 --- [farmtrack-backend] [           main] o.s.b.f.s.DefaultListableBeanFactory     : Creating shared instance of singleton bean 'postAuthorizeAuthorizationMethodInterceptor'
2025-03-26T10:26:19.713-04:00 DEBUG 1288556 --- [farmtrack-backend] [           main] o.s.b.f.s.DefaultListableBeanFactory     : Creating shared instance of singleton bean 'authorizeReturnObjectAdvisor'
2025-03-26T10:26:19.714-04:00 DEBUG 1288556 --- [farmtrack-backend] [           main] o.s.b.f.s.DefaultListableBeanFactory     : Creating shared instance of singleton bean 'authorizeReturnObjectMethodInterceptor'
2025-03-26T10:26:19.715-04:00 DEBUG 1288556 --- [farmtrack-backend] [           main] o.s.b.f.s.DefaultListableBeanFactory     : Creating shared instance of singleton bean 'authorizationProxyFactory'
2025-03-26T10:26:19.721-04:00 DEBUG 1288556 --- [farmtrack-backend] [           main] o.s.b.f.s.DefaultListableBeanFactory     : Autowiring by type from bean name 'authorizeReturnObjectMethodInterceptor' via factory method to bean named 'authorizationProxyFactory'
2025-03-26T10:26:19.730-04:00 DEBUG 1288556 --- [farmtrack-backend] [           main] o.s.b.f.s.DefaultListableBeanFactory     : Creating shared instance of singleton bean 'org.springframework.transaction.config.internalTransactionAdvisor'
2025-03-26T10:26:19.731-04:00 DEBUG 1288556 --- [farmtrack-backend] [           main] o.s.b.f.s.DefaultListableBeanFactory     : Creating shared instance of singleton bean 'org.springframework.transaction.annotation.ProxyTransactionManagementConfiguration'
2025-03-26T10:26:19.761-04:00 DEBUG 1288556 --- [farmtrack-backend] [           main] o.s.b.f.s.DefaultListableBeanFactory     : Creating shared instance of singleton bean 'transactionAttributeSource'
2025-03-26T10:26:19.769-04:00 DEBUG 1288556 --- [farmtrack-backend] [           main] o.s.b.f.s.DefaultListableBeanFactory     : Creating shared instance of singleton bean 'transactionInterceptor'
2025-03-26T10:26:19.770-04:00 DEBUG 1288556 --- [farmtrack-backend] [           main] o.s.b.f.s.DefaultListableBeanFactory     : Autowiring by type from bean name 'transactionInterceptor' via factory method to bean named 'transactionAttributeSource'
2025-03-26T10:26:19.786-04:00 DEBUG 1288556 --- [farmtrack-backend] [           main] o.s.b.f.s.DefaultListableBeanFactory     : Autowiring by type from bean name 'org.springframework.transaction.config.internalTransactionAdvisor' via factory method to bean named 'transactionAttributeSource'
2025-03-26T10:26:19.787-04:00 DEBUG 1288556 --- [farmtrack-backend] [           main] o.s.b.f.s.DefaultListableBeanFactory     : Autowiring by type from bean name 'org.springframework.transaction.config.internalTransactionAdvisor' via factory method to bean named 'transactionInterceptor'
2025-03-26T10:26:19.809-04:00 DEBUG 1288556 --- [farmtrack-backend] [           main] o.s.u.c.s.UiApplicationContextUtils      : Unable to locate ThemeSource with name 'themeSource': using default [org.springframework.ui.context.support.ResourceBundleThemeSource@49d543a9]
2025-03-26T10:26:19.810-04:00 DEBUG 1288556 --- [farmtrack-backend] [           main] o.s.b.f.s.DefaultListableBeanFactory     : Creating shared instance of singleton bean 'org.springframework.test.context.support.internalDynamicPropertyRegistrarBeanInitializer'
2025-03-26T10:26:19.813-04:00 DEBUG 1288556 --- [farmtrack-backend] [           main] o.s.b.f.s.DefaultListableBeanFactory     : Creating shared instance of singleton bean 'dataSourceScriptDatabaseInitializer'
2025-03-26T10:26:19.813-04:00 DEBUG 1288556 --- [farmtrack-backend] [           main] o.s.b.f.s.DefaultListableBeanFactory     : Creating shared instance of singleton bean 'org.springframework.boot.autoconfigure.sql.init.DataSourceInitializationConfiguration'
2025-03-26T10:26:19.814-04:00 DEBUG 1288556 --- [farmtrack-backend] [           main] o.s.b.f.s.DefaultListableBeanFactory     : Creating shared instance of singleton bean 'dataSource'
2025-03-26T10:26:19.815-04:00 DEBUG 1288556 --- [farmtrack-backend] [           main] o.s.b.f.s.DefaultListableBeanFactory     : Creating shared instance of singleton bean 'org.springframework.boot.autoconfigure.jdbc.DataSourceConfiguration$Hikari'
2025-03-26T10:26:19.816-04:00 DEBUG 1288556 --- [farmtrack-backend] [           main] o.s.b.f.s.DefaultListableBeanFactory     : Creating shared instance of singleton bean 'spring.datasource-org.springframework.boot.autoconfigure.jdbc.DataSourceProperties'
2025-03-26T10:26:19.817-04:00 DEBUG 1288556 --- [farmtrack-backend] [           main] o.s.b.f.s.DefaultListableBeanFactory     : Creating shared instance of singleton bean 'org.springframework.boot.context.properties.BoundConfigurationProperties'
2025-03-26T10:26:19.840-04:00 DEBUG 1288556 --- [farmtrack-backend] [           main] o.s.b.f.s.DefaultListableBeanFactory     : Creating shared instance of singleton bean 'jdbcConnectionDetails'
2025-03-26T10:26:19.840-04:00 DEBUG 1288556 --- [farmtrack-backend] [           main] o.s.b.f.s.DefaultListableBeanFactory     : Creating shared instance of singleton bean 'org.springframework.boot.autoconfigure.jdbc.DataSourceAutoConfiguration$PooledDataSourceConfiguration'
2025-03-26T10:26:19.842-04:00 DEBUG 1288556 --- [farmtrack-backend] [           main] o.s.b.f.s.DefaultListableBeanFactory     : Autowiring by type from bean name 'jdbcConnectionDetails' via factory method to bean named 'spring.datasource-org.springframework.boot.autoconfigure.jdbc.DataSourceProperties'
2025-03-26T10:26:19.844-04:00 DEBUG 1288556 --- [farmtrack-backend] [           main] o.s.b.f.s.DefaultListableBeanFactory     : Autowiring by type from bean name 'dataSource' via factory method to bean named 'spring.datasource-org.springframework.boot.autoconfigure.jdbc.DataSourceProperties'
2025-03-26T10:26:19.845-04:00 DEBUG 1288556 --- [farmtrack-backend] [           main] o.s.b.f.s.DefaultListableBeanFactory     : Autowiring by type from bean name 'dataSource' via factory method to bean named 'jdbcConnectionDetails'
2025-03-26T10:26:19.849-04:00 DEBUG 1288556 --- [farmtrack-backend] [           main] com.zaxxer.hikari.HikariConfig           : Driver class org.postgresql.Driver found in Thread context class loader jdk.internal.loader.ClassLoaders$AppClassLoader@30946e09
2025-03-26T10:26:19.873-04:00 DEBUG 1288556 --- [farmtrack-backend] [           main] o.s.b.f.s.DefaultListableBeanFactory     : Creating shared instance of singleton bean 'spring.sql.init-org.springframework.boot.autoconfigure.sql.init.SqlInitializationProperties'
2025-03-26T10:26:19.877-04:00 DEBUG 1288556 --- [farmtrack-backend] [           main] o.s.b.f.s.DefaultListableBeanFactory     : Autowiring by type from bean name 'dataSourceScriptDatabaseInitializer' via factory method to bean named 'dataSource'
2025-03-26T10:26:19.878-04:00 DEBUG 1288556 --- [farmtrack-backend] [           main] o.s.b.f.s.DefaultListableBeanFactory     : Autowiring by type from bean name 'dataSourceScriptDatabaseInitializer' via factory method to bean named 'spring.sql.init-org.springframework.boot.autoconfigure.sql.init.SqlInitializationProperties'
2025-03-26T10:26:19.882-04:00 DEBUG 1288556 --- [farmtrack-backend] [           main] o.s.b.f.s.DefaultListableBeanFactory     : Creating shared instance of singleton bean 'entityManagerFactory'
2025-03-26T10:26:19.883-04:00 DEBUG 1288556 --- [farmtrack-backend] [           main] o.s.b.f.s.DefaultListableBeanFactory     : Creating shared instance of singleton bean 'org.springframework.boot.autoconfigure.orm.jpa.HibernateJpaConfiguration'
2025-03-26T10:26:19.884-04:00 DEBUG 1288556 --- [farmtrack-backend] [           main] o.s.b.f.s.DefaultListableBeanFactory     : Creating shared instance of singleton bean 'spring.jpa-org.springframework.boot.autoconfigure.orm.jpa.JpaProperties'
2025-03-26T10:26:19.889-04:00 DEBUG 1288556 --- [farmtrack-backend] [           main] o.s.b.f.s.DefaultListableBeanFactory     : Creating shared instance of singleton bean 'spring.jpa.hibernate-org.springframework.boot.autoconfigure.orm.jpa.HibernateProperties'
2025-03-26T10:26:19.891-04:00 DEBUG 1288556 --- [farmtrack-backend] [           main] o.s.b.f.s.DefaultListableBeanFactory     : Autowiring by type from bean name 'org.springframework.boot.autoconfigure.orm.jpa.HibernateJpaConfiguration' via constructor to bean named 'dataSource'
2025-03-26T10:26:19.891-04:00 DEBUG 1288556 --- [farmtrack-backend] [           main] o.s.b.f.s.DefaultListableBeanFactory     : Autowiring by type from bean name 'org.springframework.boot.autoconfigure.orm.jpa.HibernateJpaConfiguration' via constructor to bean named 'spring.jpa-org.springframework.boot.autoconfigure.orm.jpa.JpaProperties'
2025-03-26T10:26:19.891-04:00 DEBUG 1288556 --- [farmtrack-backend] [           main] o.s.b.f.s.DefaultListableBeanFactory     : Autowiring by type from bean name 'org.springframework.boot.autoconfigure.orm.jpa.HibernateJpaConfiguration' via constructor to bean named 'org.springframework.beans.factory.support.DefaultListableBeanFactory@4eaa375c'
2025-03-26T10:26:19.891-04:00 DEBUG 1288556 --- [farmtrack-backend] [           main] o.s.b.f.s.DefaultListableBeanFactory     : Autowiring by type from bean name 'org.springframework.boot.autoconfigure.orm.jpa.HibernateJpaConfiguration' via constructor to bean named 'spring.jpa.hibernate-org.springframework.boot.autoconfigure.orm.jpa.HibernateProperties'
2025-03-26T10:26:19.893-04:00 DEBUG 1288556 --- [farmtrack-backend] [           main] o.s.b.f.s.DefaultListableBeanFactory     : Creating shared instance of singleton bean 'hikariPoolDataSourceMetadataProvider'
2025-03-26T10:26:19.893-04:00 DEBUG 1288556 --- [farmtrack-backend] [           main] o.s.b.f.s.DefaultListableBeanFactory     : Creating shared instance of singleton bean 'org.springframework.boot.autoconfigure.jdbc.metadata.DataSourcePoolMetadataProvidersConfiguration$HikariPoolDataSourceMetadataProviderConfiguration'
2025-03-26T10:26:19.900-04:00 DEBUG 1288556 --- [farmtrack-backend] [           main] o.s.b.f.s.DefaultListableBeanFactory     : Creating shared instance of singleton bean 'entityManagerFactoryBuilder'
2025-03-26T10:26:19.900-04:00 DEBUG 1288556 --- [farmtrack-backend] [           main] o.s.b.f.s.DefaultListableBeanFactory     : Creating shared instance of singleton bean 'jpaVendorAdapter'
2025-03-26T10:26:19.908-04:00 DEBUG 1288556 --- [farmtrack-backend] [           main] o.s.b.f.s.DefaultListableBeanFactory     : Autowiring by type from bean name 'entityManagerFactoryBuilder' via factory method to bean named 'jpaVendorAdapter'
2025-03-26T10:26:19.911-04:00 DEBUG 1288556 --- [farmtrack-backend] [           main] o.s.b.f.s.DefaultListableBeanFactory     : Creating shared instance of singleton bean 'persistenceManagedTypes'
2025-03-26T10:26:19.912-04:00 DEBUG 1288556 --- [farmtrack-backend] [           main] o.s.b.f.s.DefaultListableBeanFactory     : Autowiring by type from bean name 'persistenceManagedTypes' via factory method to bean named 'org.springframework.beans.factory.support.DefaultListableBeanFactory@4eaa375c'
2025-03-26T10:26:19.912-04:00 DEBUG 1288556 --- [farmtrack-backend] [           main] o.s.b.f.s.DefaultListableBeanFactory     : Autowiring by type from bean name 'persistenceManagedTypes' via factory method to bean named 'org.springframework.web.context.support.GenericWebApplicationContext@62b790a5'
2025-03-26T10:26:19.913-04:00 DEBUG 1288556 --- [farmtrack-backend] [           main] o.s.b.f.s.DefaultListableBeanFactory     : Creating shared instance of singleton bean 'org.springframework.boot.autoconfigure.AutoConfigurationPackages'
2025-03-26T10:26:19.914-04:00 DEBUG 1288556 --- [farmtrack-backend] [           main] o.s.b.a.AutoConfigurationPackages        : @EnableAutoConfiguration was declared on a class in the package 'com.ncsu.farmtrackbackend'. Automatic @Repository and @Entity scanning is enabled.
2025-03-26T10:26:19.921-04:00 DEBUG 1288556 --- [farmtrack-backend] [           main] o.s.b.f.s.DefaultListableBeanFactory     : Autowiring by type from bean name 'entityManagerFactory' via factory method to bean named 'entityManagerFactoryBuilder'
2025-03-26T10:26:19.921-04:00 DEBUG 1288556 --- [farmtrack-backend] [           main] o.s.b.f.s.DefaultListableBeanFactory     : Autowiring by type from bean name 'entityManagerFactory' via factory method to bean named 'persistenceManagedTypes'
2025-03-26T10:26:19.934-04:00 DEBUG 1288556 --- [farmtrack-backend] [           main] j.LocalContainerEntityManagerFactoryBean : Building JPA container EntityManagerFactory for persistence unit 'default'
2025-03-26T10:26:19.948-04:00 DEBUG 1288556 --- [farmtrack-backend] [           main] o.hibernate.jpa.internal.util.LogHelper  : PersistenceUnitInfo [
	name: default
	persistence provider classname: null
	classloader: jdk.internal.loader.ClassLoaders$AppClassLoader@30946e09
	excludeUnlistedClasses: true
	JTA datasource: null
	Non JTA datasource: HikariDataSource (null)
	Transaction type: RESOURCE_LOCAL
	PU root URL: file:/home/warfare/farmtrack/farmtrack-backend/target/test-classes/
	Shared Cache Mode: UNSPECIFIED
	Validation Mode: AUTO
	Jar files URLs []
	Managed classes names [
		com.ncsu.farmtrackbackend.model.Farm
		com.ncsu.farmtrackbackend.model.Movement
		com.ncsu.farmtrackbackend.model.User]
	Mapping files names []
	Properties []
2025-03-26T10:26:19.953-04:00 DEBUG 1288556 --- [farmtrack-backend] [           main] o.h.i.internal.IntegratorServiceImpl     : Adding Integrator [org.hibernate.boot.beanvalidation.BeanValidationIntegrator].
2025-03-26T10:26:19.954-04:00 DEBUG 1288556 --- [farmtrack-backend] [           main] o.h.i.internal.IntegratorServiceImpl     : Adding Integrator [org.hibernate.cache.internal.CollectionCacheInvalidator].
2025-03-26T10:26:19.984-04:00  INFO 1288556 --- [farmtrack-backend] [           main] org.hibernate.Version                    : HHH000412: Hibernate ORM core version 6.6.11.Final
2025-03-26T10:26:19.985-04:00 DEBUG 1288556 --- [farmtrack-backend] [           main] org.hibernate.cfg.Environment            : HHH000206: 'hibernate.properties' not found
2025-03-26T10:26:20.002-04:00 DEBUG 1288556 --- [farmtrack-backend] [           main] org.hibernate.orm.idgen.factory          : Registering IdentifierGenerator strategy [uuid2] -> [org.hibernate.id.UUIDGenerator]
2025-03-26T10:26:20.002-04:00 DEBUG 1288556 --- [farmtrack-backend] [           main] org.hibernate.orm.idgen.factory          : Registering IdentifierGenerator strategy [guid] -> [org.hibernate.id.GUIDGenerator]
2025-03-26T10:26:20.003-04:00 DEBUG 1288556 --- [farmtrack-backend] [           main] org.hibernate.orm.idgen.factory          : Registering IdentifierGenerator strategy [uuid] -> [org.hibernate.id.UUIDHexGenerator]
2025-03-26T10:26:20.003-04:00 DEBUG 1288556 --- [farmtrack-backend] [           main] org.hibernate.orm.idgen.factory          : Registering IdentifierGenerator strategy [uuid.hex] -> [org.hibernate.id.UUIDHexGenerator]
2025-03-26T10:26:20.003-04:00 DEBUG 1288556 --- [farmtrack-backend] [           main] org.hibernate.orm.idgen.factory          : Registering IdentifierGenerator strategy [assigned] -> [org.hibernate.id.Assigned]
2025-03-26T10:26:20.004-04:00 DEBUG 1288556 --- [farmtrack-backend] [           main] org.hibernate.orm.idgen.factory          : Registering IdentifierGenerator strategy [identity] -> [org.hibernate.id.IdentityGenerator]
2025-03-26T10:26:20.004-04:00 DEBUG 1288556 --- [farmtrack-backend] [           main] org.hibernate.orm.idgen.factory          : Registering IdentifierGenerator strategy [select] -> [org.hibernate.id.SelectGenerator]
2025-03-26T10:26:20.005-04:00 DEBUG 1288556 --- [farmtrack-backend] [           main] org.hibernate.orm.idgen.factory          : Registering IdentifierGenerator strategy [sequence] -> [org.hibernate.id.enhanced.SequenceStyleGenerator]
2025-03-26T10:26:20.006-04:00 DEBUG 1288556 --- [farmtrack-backend] [           main] org.hibernate.orm.idgen.factory          : Registering IdentifierGenerator strategy [increment] -> [org.hibernate.id.IncrementGenerator]
2025-03-26T10:26:20.006-04:00 DEBUG 1288556 --- [farmtrack-backend] [           main] org.hibernate.orm.idgen.factory          : Registering IdentifierGenerator strategy [foreign] -> [org.hibernate.id.ForeignGenerator]
2025-03-26T10:26:20.006-04:00 DEBUG 1288556 --- [farmtrack-backend] [           main] org.hibernate.orm.idgen.factory          : Registering IdentifierGenerator strategy [enhanced-sequence] -> [org.hibernate.id.enhanced.SequenceStyleGenerator]
2025-03-26T10:26:20.007-04:00 DEBUG 1288556 --- [farmtrack-backend] [           main] org.hibernate.orm.idgen.factory          : Registering IdentifierGenerator strategy [enhanced-table] -> [org.hibernate.id.enhanced.TableGenerator]
2025-03-26T10:26:20.011-04:00 DEBUG 1288556 --- [farmtrack-backend] [           main] o.h.c.internal.RegionFactoryInitiator    : Cannot default RegionFactory based on registered strategies as `[]` RegionFactory strategies were registered
2025-03-26T10:26:20.012-04:00  INFO 1288556 --- [farmtrack-backend] [           main] o.h.c.internal.RegionFactoryInitiator    : HHH000026: Second-level cache disabled
2025-03-26T10:26:20.068-04:00 DEBUG 1288556 --- [farmtrack-backend] [           main] org.hibernate.type.BasicTypeRegistry     : Adding type registration boolean -> org.hibernate.type.BasicTypeReference@3adde4ea
2025-03-26T10:26:20.069-04:00 DEBUG 1288556 --- [farmtrack-backend] [           main] org.hibernate.type.BasicTypeRegistry     : Adding type registration boolean -> org.hibernate.type.BasicTypeReference@3adde4ea
2025-03-26T10:26:20.069-04:00 DEBUG 1288556 --- [farmtrack-backend] [           main] org.hibernate.type.BasicTypeRegistry     : Adding type registration java.lang.Boolean -> org.hibernate.type.BasicTypeReference@3adde4ea
2025-03-26T10:26:20.069-04:00 DEBUG 1288556 --- [farmtrack-backend] [           main] org.hibernate.type.BasicTypeRegistry     : Adding type registration numeric_boolean -> org.hibernate.type.BasicTypeReference@75663443
2025-03-26T10:26:20.069-04:00 DEBUG 1288556 --- [farmtrack-backend] [           main] org.hibernate.type.BasicTypeRegistry     : Adding type registration org.hibernate.type.NumericBooleanConverter -> org.hibernate.type.BasicTypeReference@75663443
2025-03-26T10:26:20.069-04:00 DEBUG 1288556 --- [farmtrack-backend] [           main] org.hibernate.type.BasicTypeRegistry     : Adding type registration true_false -> org.hibernate.type.BasicTypeReference@780546f8
2025-03-26T10:26:20.069-04:00 DEBUG 1288556 --- [farmtrack-backend] [           main] org.hibernate.type.BasicTypeRegistry     : Adding type registration org.hibernate.type.TrueFalseConverter -> org.hibernate.type.BasicTypeReference@780546f8
2025-03-26T10:26:20.069-04:00 DEBUG 1288556 --- [farmtrack-backend] [           main] org.hibernate.type.BasicTypeRegistry     : Adding type registration yes_no -> org.hibernate.type.BasicTypeReference@b3004e
2025-03-26T10:26:20.070-04:00 DEBUG 1288556 --- [farmtrack-backend] [           main] org.hibernate.type.BasicTypeRegistry     : Adding type registration org.hibernate.type.YesNoConverter -> org.hibernate.type.BasicTypeReference@b3004e
2025-03-26T10:26:20.070-04:00 DEBUG 1288556 --- [farmtrack-backend] [           main] org.hibernate.type.BasicTypeRegistry     : Adding type registration byte -> org.hibernate.type.BasicTypeReference@559c4e06
2025-03-26T10:26:20.070-04:00 DEBUG 1288556 --- [farmtrack-backend] [           main] org.hibernate.type.BasicTypeRegistry     : Adding type registration byte -> org.hibernate.type.BasicTypeReference@559c4e06
2025-03-26T10:26:20.070-04:00 DEBUG 1288556 --- [farmtrack-backend] [           main] org.hibernate.type.BasicTypeRegistry     : Adding type registration java.lang.Byte -> org.hibernate.type.BasicTypeReference@559c4e06
2025-03-26T10:26:20.070-04:00 DEBUG 1288556 --- [farmtrack-backend] [           main] org.hibernate.type.BasicTypeRegistry     : Adding type registration binary -> org.hibernate.type.BasicTypeReference@111cbcda
2025-03-26T10:26:20.070-04:00 DEBUG 1288556 --- [farmtrack-backend] [           main] org.hibernate.type.BasicTypeRegistry     : Adding type registration byte[] -> org.hibernate.type.BasicTypeReference@111cbcda
2025-03-26T10:26:20.070-04:00 DEBUG 1288556 --- [farmtrack-backend] [           main] org.hibernate.type.BasicTypeRegistry     : Adding type registration [B -> org.hibernate.type.BasicTypeReference@111cbcda
2025-03-26T10:26:20.070-04:00 DEBUG 1288556 --- [farmtrack-backend] [           main] org.hibernate.type.BasicTypeRegistry     : Adding type registration binary_wrapper -> org.hibernate.type.BasicTypeReference@437c1a87
2025-03-26T10:26:20.070-04:00 DEBUG 1288556 --- [farmtrack-backend] [           main] org.hibernate.type.BasicTypeRegistry     : Adding type registration wrapper-binary -> org.hibernate.type.BasicTypeReference@437c1a87
2025-03-26T10:26:20.070-04:00 DEBUG 1288556 --- [farmtrack-backend] [           main] org.hibernate.type.BasicTypeRegistry     : Adding type registration image -> org.hibernate.type.BasicTypeReference@5b55c3d6
2025-03-26T10:26:20.070-04:00 DEBUG 1288556 --- [farmtrack-backend] [           main] org.hibernate.type.BasicTypeRegistry     : Adding type registration blob -> org.hibernate.type.BasicTypeReference@6c8e5ac4
2025-03-26T10:26:20.070-04:00 DEBUG 1288556 --- [farmtrack-backend] [           main] org.hibernate.type.BasicTypeRegistry     : Adding type registration java.sql.Blob -> org.hibernate.type.BasicTypeReference@6c8e5ac4
2025-03-26T10:26:20.070-04:00 DEBUG 1288556 --- [farmtrack-backend] [           main] org.hibernate.type.BasicTypeRegistry     : Adding type registration materialized_blob -> org.hibernate.type.BasicTypeReference@1800c1e3
2025-03-26T10:26:20.070-04:00 DEBUG 1288556 --- [farmtrack-backend] [           main] org.hibernate.type.BasicTypeRegistry     : Adding type registration materialized_blob_wrapper -> org.hibernate.type.BasicTypeReference@3b8b4846
2025-03-26T10:26:20.070-04:00 DEBUG 1288556 --- [farmtrack-backend] [           main] org.hibernate.type.BasicTypeRegistry     : Adding type registration short -> org.hibernate.type.BasicTypeReference@4e357792
2025-03-26T10:26:20.071-04:00 DEBUG 1288556 --- [farmtrack-backend] [           main] org.hibernate.type.BasicTypeRegistry     : Adding type registration short -> org.hibernate.type.BasicTypeReference@4e357792
2025-03-26T10:26:20.071-04:00 DEBUG 1288556 --- [farmtrack-backend] [           main] org.hibernate.type.BasicTypeRegistry     : Adding type registration java.lang.Short -> org.hibernate.type.BasicTypeReference@4e357792
2025-03-26T10:26:20.071-04:00 DEBUG 1288556 --- [farmtrack-backend] [           main] org.hibernate.type.BasicTypeRegistry     : Adding type registration integer -> org.hibernate.type.BasicTypeReference@50734cea
2025-03-26T10:26:20.071-04:00 DEBUG 1288556 --- [farmtrack-backend] [           main] org.hibernate.type.BasicTypeRegistry     : Adding type registration int -> org.hibernate.type.BasicTypeReference@50734cea
2025-03-26T10:26:20.071-04:00 DEBUG 1288556 --- [farmtrack-backend] [           main] org.hibernate.type.BasicTypeRegistry     : Adding type registration java.lang.Integer -> org.hibernate.type.BasicTypeReference@50734cea
2025-03-26T10:26:20.071-04:00 DEBUG 1288556 --- [farmtrack-backend] [           main] org.hibernate.type.BasicTypeRegistry     : Adding type registration long -> org.hibernate.type.BasicTypeReference@4e6280de
2025-03-26T10:26:20.071-04:00 DEBUG 1288556 --- [farmtrack-backend] [           main] org.hibernate.type.BasicTypeRegistry     : Adding type registration long -> org.hibernate.type.BasicTypeReference@4e6280de
2025-03-26T10:26:20.071-04:00 DEBUG 1288556 --- [farmtrack-backend] [           main] org.hibernate.type.BasicTypeRegistry     : Adding type registration java.lang.Long -> org.hibernate.type.BasicTypeReference@4e6280de
2025-03-26T10:26:20.071-04:00 DEBUG 1288556 --- [farmtrack-backend] [           main] org.hibernate.type.BasicTypeRegistry     : Adding type registration float -> org.hibernate.type.BasicTypeReference@2fca282c
2025-03-26T10:26:20.071-04:00 DEBUG 1288556 --- [farmtrack-backend] [           main] org.hibernate.type.BasicTypeRegistry     : Adding type registration float -> org.hibernate.type.BasicTypeReference@2fca282c
2025-03-26T10:26:20.071-04:00 DEBUG 1288556 --- [farmtrack-backend] [           main] org.hibernate.type.BasicTypeRegistry     : Adding type registration java.lang.Float -> org.hibernate.type.BasicTypeReference@2fca282c
2025-03-26T10:26:20.071-04:00 DEBUG 1288556 --- [farmtrack-backend] [           main] org.hibernate.type.BasicTypeRegistry     : Adding type registration double -> org.hibernate.type.BasicTypeReference@4a2653a0
2025-03-26T10:26:20.071-04:00 DEBUG 1288556 --- [farmtrack-backend] [           main] org.hibernate.type.BasicTypeRegistry     : Adding type registration double -> org.hibernate.type.BasicTypeReference@4a2653a0
2025-03-26T10:26:20.071-04:00 DEBUG 1288556 --- [farmtrack-backend] [           main] org.hibernate.type.BasicTypeRegistry     : Adding type registration java.lang.Double -> org.hibernate.type.BasicTypeReference@4a2653a0
2025-03-26T10:26:20.071-04:00 DEBUG 1288556 --- [farmtrack-backend] [           main] org.hibernate.type.BasicTypeRegistry     : Adding type registration big_integer -> org.hibernate.type.BasicTypeReference@784212
2025-03-26T10:26:20.071-04:00 DEBUG 1288556 --- [farmtrack-backend] [           main] org.hibernate.type.BasicTypeRegistry     : Adding type registration java.math.BigInteger -> org.hibernate.type.BasicTypeReference@784212
2025-03-26T10:26:20.072-04:00 DEBUG 1288556 --- [farmtrack-backend] [           main] org.hibernate.type.BasicTypeRegistry     : Adding type registration big_decimal -> org.hibernate.type.BasicTypeReference@5ac646b3
2025-03-26T10:26:20.072-04:00 DEBUG 1288556 --- [farmtrack-backend] [           main] org.hibernate.type.BasicTypeRegistry     : Adding type registration java.math.BigDecimal -> org.hibernate.type.BasicTypeReference@5ac646b3
2025-03-26T10:26:20.072-04:00 DEBUG 1288556 --- [farmtrack-backend] [           main] org.hibernate.type.BasicTypeRegistry     : Adding type registration character -> org.hibernate.type.BasicTypeReference@24b38e8f
2025-03-26T10:26:20.072-04:00 DEBUG 1288556 --- [farmtrack-backend] [           main] org.hibernate.type.BasicTypeRegistry     : Adding type registration char -> org.hibernate.type.BasicTypeReference@24b38e8f
2025-03-26T10:26:20.073-04:00 DEBUG 1288556 --- [farmtrack-backend] [           main] org.hibernate.type.BasicTypeRegistry     : Adding type registration java.lang.Character -> org.hibernate.type.BasicTypeReference@24b38e8f
2025-03-26T10:26:20.074-04:00 DEBUG 1288556 --- [farmtrack-backend] [           main] org.hibernate.type.BasicTypeRegistry     : Adding type registration character_nchar -> org.hibernate.type.BasicTypeReference@5cf072ea
2025-03-26T10:26:20.074-04:00 DEBUG 1288556 --- [farmtrack-backend] [           main] org.hibernate.type.BasicTypeRegistry     : Adding type registration string -> org.hibernate.type.BasicTypeReference@1edac3b4
2025-03-26T10:26:20.074-04:00 DEBUG 1288556 --- [farmtrack-backend] [           main] org.hibernate.type.BasicTypeRegistry     : Adding type registration java.lang.String -> org.hibernate.type.BasicTypeReference@1edac3b4
2025-03-26T10:26:20.074-04:00 DEBUG 1288556 --- [farmtrack-backend] [           main] org.hibernate.type.BasicTypeRegistry     : Adding type registration nstring -> org.hibernate.type.BasicTypeReference@7641ed02
2025-03-26T10:26:20.074-04:00 DEBUG 1288556 --- [farmtrack-backend] [           main] org.hibernate.type.BasicTypeRegistry     : Adding type registration characters -> org.hibernate.type.BasicTypeReference@4ebed2b3
2025-03-26T10:26:20.074-04:00 DEBUG 1288556 --- [farmtrack-backend] [           main] org.hibernate.type.BasicTypeRegistry     : Adding type registration char[] -> org.hibernate.type.BasicTypeReference@4ebed2b3
2025-03-26T10:26:20.074-04:00 DEBUG 1288556 --- [farmtrack-backend] [           main] org.hibernate.type.BasicTypeRegistry     : Adding type registration [C -> org.hibernate.type.BasicTypeReference@4ebed2b3
2025-03-26T10:26:20.074-04:00 DEBUG 1288556 --- [farmtrack-backend] [           main] org.hibernate.type.BasicTypeRegistry     : Adding type registration wrapper-characters -> org.hibernate.type.BasicTypeReference@11069eac
2025-03-26T10:26:20.074-04:00 DEBUG 1288556 --- [farmtrack-backend] [           main] org.hibernate.type.BasicTypeRegistry     : Adding type registration text -> org.hibernate.type.BasicTypeReference@5909285b
2025-03-26T10:26:20.074-04:00 DEBUG 1288556 --- [farmtrack-backend] [           main] org.hibernate.type.BasicTypeRegistry     : Adding type registration ntext -> org.hibernate.type.BasicTypeReference@2059f785
2025-03-26T10:26:20.074-04:00 DEBUG 1288556 --- [farmtrack-backend] [           main] org.hibernate.type.BasicTypeRegistry     : Adding type registration clob -> org.hibernate.type.BasicTypeReference@18ca9277
2025-03-26T10:26:20.074-04:00 DEBUG 1288556 --- [farmtrack-backend] [           main] org.hibernate.type.BasicTypeRegistry     : Adding type registration java.sql.Clob -> org.hibernate.type.BasicTypeReference@18ca9277
2025-03-26T10:26:20.074-04:00 DEBUG 1288556 --- [farmtrack-backend] [           main] org.hibernate.type.BasicTypeRegistry     : Adding type registration nclob -> org.hibernate.type.BasicTypeReference@3d9c8c3c
2025-03-26T10:26:20.075-04:00 DEBUG 1288556 --- [farmtrack-backend] [           main] org.hibernate.type.BasicTypeRegistry     : Adding type registration java.sql.NClob -> org.hibernate.type.BasicTypeReference@3d9c8c3c
2025-03-26T10:26:20.075-04:00 DEBUG 1288556 --- [farmtrack-backend] [           main] org.hibernate.type.BasicTypeRegistry     : Adding type registration materialized_clob -> org.hibernate.type.BasicTypeReference@2dc73024
2025-03-26T10:26:20.075-04:00 DEBUG 1288556 --- [farmtrack-backend] [           main] org.hibernate.type.BasicTypeRegistry     : Adding type registration materialized_clob_char_array -> org.hibernate.type.BasicTypeReference@42cd0fc6
2025-03-26T10:26:20.075-04:00 DEBUG 1288556 --- [farmtrack-backend] [           main] org.hibernate.type.BasicTypeRegistry     : Adding type registration materialized_clob_character_array -> org.hibernate.type.BasicTypeReference@e5864c2
2025-03-26T10:26:20.075-04:00 DEBUG 1288556 --- [farmtrack-backend] [           main] org.hibernate.type.BasicTypeRegistry     : Adding type registration materialized_nclob -> org.hibernate.type.BasicTypeReference@577cf459
2025-03-26T10:26:20.075-04:00 DEBUG 1288556 --- [farmtrack-backend] [           main] org.hibernate.type.BasicTypeRegistry     : Adding type registration materialized_nclob_character_array -> org.hibernate.type.BasicTypeReference@432eb882
2025-03-26T10:26:20.075-04:00 DEBUG 1288556 --- [farmtrack-backend] [           main] org.hibernate.type.BasicTypeRegistry     : Adding type registration materialized_nclob_char_array -> org.hibernate.type.BasicTypeReference@69372c1e
2025-03-26T10:26:20.075-04:00 DEBUG 1288556 --- [farmtrack-backend] [           main] org.hibernate.type.BasicTypeRegistry     : Adding type registration Duration -> org.hibernate.type.BasicTypeReference@24842b8e
2025-03-26T10:26:20.075-04:00 DEBUG 1288556 --- [farmtrack-backend] [           main] org.hibernate.type.BasicTypeRegistry     : Adding type registration java.time.Duration -> org.hibernate.type.BasicTypeReference@24842b8e
2025-03-26T10:26:20.075-04:00 DEBUG 1288556 --- [farmtrack-backend] [           main] org.hibernate.type.BasicTypeRegistry     : Adding type registration LocalDateTime -> org.hibernate.type.BasicTypeReference@146add7b
2025-03-26T10:26:20.075-04:00 DEBUG 1288556 --- [farmtrack-backend] [           main] org.hibernate.type.BasicTypeRegistry     : Adding type registration java.time.LocalDateTime -> org.hibernate.type.BasicTypeReference@146add7b
2025-03-26T10:26:20.075-04:00 DEBUG 1288556 --- [farmtrack-backend] [           main] org.hibernate.type.BasicTypeRegistry     : Adding type registration LocalDate -> org.hibernate.type.BasicTypeReference@22368ddc
2025-03-26T10:26:20.075-04:00 DEBUG 1288556 --- [farmtrack-backend] [           main] org.hibernate.type.BasicTypeRegistry     : Adding type registration java.time.LocalDate -> org.hibernate.type.BasicTypeReference@22368ddc
2025-03-26T10:26:20.075-04:00 DEBUG 1288556 --- [farmtrack-backend] [           main] org.hibernate.type.BasicTypeRegistry     : Adding type registration LocalTime -> org.hibernate.type.BasicTypeReference@72b10258
2025-03-26T10:26:20.075-04:00 DEBUG 1288556 --- [farmtrack-backend] [           main] org.hibernate.type.BasicTypeRegistry     : Adding type registration java.time.LocalTime -> org.hibernate.type.BasicTypeReference@72b10258
2025-03-26T10:26:20.075-04:00 DEBUG 1288556 --- [farmtrack-backend] [           main] org.hibernate.type.BasicTypeRegistry     : Adding type registration OffsetDateTime -> org.hibernate.type.BasicTypeReference@77ec9fdb
2025-03-26T10:26:20.075-04:00 DEBUG 1288556 --- [farmtrack-backend] [           main] org.hibernate.type.BasicTypeRegistry     : Adding type registration java.time.OffsetDateTime -> org.hibernate.type.BasicTypeReference@77ec9fdb
2025-03-26T10:26:20.076-04:00 DEBUG 1288556 --- [farmtrack-backend] [           main] org.hibernate.type.BasicTypeRegistry     : Adding type registration OffsetDateTimeWithTimezone -> org.hibernate.type.BasicTypeReference@35af1558
2025-03-26T10:26:20.076-04:00 DEBUG 1288556 --- [farmtrack-backend] [           main] org.hibernate.type.BasicTypeRegistry     : Adding type registration OffsetDateTimeWithoutTimezone -> org.hibernate.type.BasicTypeReference@2361365c
2025-03-26T10:26:20.076-04:00 DEBUG 1288556 --- [farmtrack-backend] [           main] org.hibernate.type.BasicTypeRegistry     : Adding type registration OffsetTime -> org.hibernate.type.BasicTypeReference@59b853aa
2025-03-26T10:26:20.076-04:00 DEBUG 1288556 --- [farmtrack-backend] [           main] org.hibernate.type.BasicTypeRegistry     : Adding type registration java.time.OffsetTime -> org.hibernate.type.BasicTypeReference@59b853aa
2025-03-26T10:26:20.076-04:00 DEBUG 1288556 --- [farmtrack-backend] [           main] org.hibernate.type.BasicTypeRegistry     : Adding type registration OffsetTimeUtc -> org.hibernate.type.BasicTypeReference@4ab90d01
2025-03-26T10:26:20.076-04:00 DEBUG 1288556 --- [farmtrack-backend] [           main] org.hibernate.type.BasicTypeRegistry     : Adding type registration OffsetTimeWithTimezone -> org.hibernate.type.BasicTypeReference@771d4db
2025-03-26T10:26:20.076-04:00 DEBUG 1288556 --- [farmtrack-backend] [           main] org.hibernate.type.BasicTypeRegistry     : Adding type registration OffsetTimeWithoutTimezone -> org.hibernate.type.BasicTypeReference@2d88c1bf
2025-03-26T10:26:20.076-04:00 DEBUG 1288556 --- [farmtrack-backend] [           main] org.hibernate.type.BasicTypeRegistry     : Adding type registration ZonedDateTime -> org.hibernate.type.BasicTypeReference@3636f2a7
2025-03-26T10:26:20.076-04:00 DEBUG 1288556 --- [farmtrack-backend] [           main] org.hibernate.type.BasicTypeRegistry     : Adding type registration java.time.ZonedDateTime -> org.hibernate.type.BasicTypeReference@3636f2a7
2025-03-26T10:26:20.076-04:00 DEBUG 1288556 --- [farmtrack-backend] [           main] org.hibernate.type.BasicTypeRegistry     : Adding type registration ZonedDateTimeWithTimezone -> org.hibernate.type.BasicTypeReference@34652065
2025-03-26T10:26:20.076-04:00 DEBUG 1288556 --- [farmtrack-backend] [           main] org.hibernate.type.BasicTypeRegistry     : Adding type registration ZonedDateTimeWithoutTimezone -> org.hibernate.type.BasicTypeReference@3dbbed3e
2025-03-26T10:26:20.076-04:00 DEBUG 1288556 --- [farmtrack-backend] [           main] org.hibernate.type.BasicTypeRegistry     : Adding type registration date -> org.hibernate.type.BasicTypeReference@56d5460f
2025-03-26T10:26:20.076-04:00 DEBUG 1288556 --- [farmtrack-backend] [           main] org.hibernate.type.BasicTypeRegistry     : Adding type registration java.sql.Date -> org.hibernate.type.BasicTypeReference@56d5460f
2025-03-26T10:26:20.076-04:00 DEBUG 1288556 --- [farmtrack-backend] [           main] org.hibernate.type.BasicTypeRegistry     : Adding type registration time -> org.hibernate.type.BasicTypeReference@57f725b8
2025-03-26T10:26:20.076-04:00 DEBUG 1288556 --- [farmtrack-backend] [           main] org.hibernate.type.BasicTypeRegistry     : Adding type registration java.sql.Time -> org.hibernate.type.BasicTypeReference@57f725b8
2025-03-26T10:26:20.077-04:00 DEBUG 1288556 --- [farmtrack-backend] [           main] org.hibernate.type.BasicTypeRegistry     : Adding type registration timestamp -> org.hibernate.type.BasicTypeReference@4a0c512b
2025-03-26T10:26:20.077-04:00 DEBUG 1288556 --- [farmtrack-backend] [           main] org.hibernate.type.BasicTypeRegistry     : Adding type registration java.sql.Timestamp -> org.hibernate.type.BasicTypeReference@4a0c512b
2025-03-26T10:26:20.077-04:00 DEBUG 1288556 --- [farmtrack-backend] [           main] org.hibernate.type.BasicTypeRegistry     : Adding type registration java.util.Date -> org.hibernate.type.BasicTypeReference@4a0c512b
2025-03-26T10:26:20.077-04:00 DEBUG 1288556 --- [farmtrack-backend] [           main] org.hibernate.type.BasicTypeRegistry     : Adding type registration calendar -> org.hibernate.type.BasicTypeReference@28bc9749
2025-03-26T10:26:20.077-04:00 DEBUG 1288556 --- [farmtrack-backend] [           main] org.hibernate.type.BasicTypeRegistry     : Adding type registration java.util.Calendar -> org.hibernate.type.BasicTypeReference@28bc9749
2025-03-26T10:26:20.077-04:00 DEBUG 1288556 --- [farmtrack-backend] [           main] org.hibernate.type.BasicTypeRegistry     : Adding type registration java.util.GregorianCalendar -> org.hibernate.type.BasicTypeReference@28bc9749
2025-03-26T10:26:20.077-04:00 DEBUG 1288556 --- [farmtrack-backend] [           main] org.hibernate.type.BasicTypeRegistry     : Adding type registration calendar_date -> org.hibernate.type.BasicTypeReference@54a5496f
2025-03-26T10:26:20.077-04:00 DEBUG 1288556 --- [farmtrack-backend] [           main] org.hibernate.type.BasicTypeRegistry     : Adding type registration calendar_time -> org.hibernate.type.BasicTypeReference@3a116ca6
2025-03-26T10:26:20.077-04:00 DEBUG 1288556 --- [farmtrack-backend] [           main] org.hibernate.type.BasicTypeRegistry     : Adding type registration instant -> org.hibernate.type.BasicTypeReference@12bcf7c6
2025-03-26T10:26:20.077-04:00 DEBUG 1288556 --- [farmtrack-backend] [           main] org.hibernate.type.BasicTypeRegistry     : Adding type registration java.time.Instant -> org.hibernate.type.BasicTypeReference@12bcf7c6
2025-03-26T10:26:20.077-04:00 DEBUG 1288556 --- [farmtrack-backend] [           main] org.hibernate.type.BasicTypeRegistry     : Adding type registration uuid -> org.hibernate.type.BasicTypeReference@5e763c07
2025-03-26T10:26:20.077-04:00 DEBUG 1288556 --- [farmtrack-backend] [           main] org.hibernate.type.BasicTypeRegistry     : Adding type registration java.util.UUID -> org.hibernate.type.BasicTypeReference@5e763c07
2025-03-26T10:26:20.077-04:00 DEBUG 1288556 --- [farmtrack-backend] [           main] org.hibernate.type.BasicTypeRegistry     : Adding type registration pg-uuid -> org.hibernate.type.BasicTypeReference@5e763c07
2025-03-26T10:26:20.077-04:00 DEBUG 1288556 --- [farmtrack-backend] [           main] org.hibernate.type.BasicTypeRegistry     : Adding type registration uuid-binary -> org.hibernate.type.BasicTypeReference@2066e897
2025-03-26T10:26:20.077-04:00 DEBUG 1288556 --- [farmtrack-backend] [           main] org.hibernate.type.BasicTypeRegistry     : Adding type registration uuid-char -> org.hibernate.type.BasicTypeReference@1123d461
2025-03-26T10:26:20.077-04:00 DEBUG 1288556 --- [farmtrack-backend] [           main] org.hibernate.type.BasicTypeRegistry     : Adding type registration class -> org.hibernate.type.BasicTypeReference@64540344
2025-03-26T10:26:20.077-04:00 DEBUG 1288556 --- [farmtrack-backend] [           main] org.hibernate.type.BasicTypeRegistry     : Adding type registration java.lang.Class -> org.hibernate.type.BasicTypeReference@64540344
2025-03-26T10:26:20.077-04:00 DEBUG 1288556 --- [farmtrack-backend] [           main] org.hibernate.type.BasicTypeRegistry     : Adding type registration currency -> org.hibernate.type.BasicTypeReference@b2d8dcd
2025-03-26T10:26:20.078-04:00 DEBUG 1288556 --- [farmtrack-backend] [           main] org.hibernate.type.BasicTypeRegistry     : Adding type registration Currency -> org.hibernate.type.BasicTypeReference@b2d8dcd
2025-03-26T10:26:20.078-04:00 DEBUG 1288556 --- [farmtrack-backend] [           main] org.hibernate.type.BasicTypeRegistry     : Adding type registration java.util.Currency -> org.hibernate.type.BasicTypeReference@b2d8dcd
2025-03-26T10:26:20.078-04:00 DEBUG 1288556 --- [farmtrack-backend] [           main] org.hibernate.type.BasicTypeRegistry     : Adding type registration locale -> org.hibernate.type.BasicTypeReference@1c98fe6f
2025-03-26T10:26:20.078-04:00 DEBUG 1288556 --- [farmtrack-backend] [           main] org.hibernate.type.BasicTypeRegistry     : Adding type registration java.util.Locale -> org.hibernate.type.BasicTypeReference@1c98fe6f
2025-03-26T10:26:20.078-04:00 DEBUG 1288556 --- [farmtrack-backend] [           main] org.hibernate.type.BasicTypeRegistry     : Adding type registration serializable -> org.hibernate.type.BasicTypeReference@1397b141
2025-03-26T10:26:20.078-04:00 DEBUG 1288556 --- [farmtrack-backend] [           main] org.hibernate.type.BasicTypeRegistry     : Adding type registration java.io.Serializable -> org.hibernate.type.BasicTypeReference@1397b141
2025-03-26T10:26:20.078-04:00 DEBUG 1288556 --- [farmtrack-backend] [           main] org.hibernate.type.BasicTypeRegistry     : Adding type registration timezone -> org.hibernate.type.BasicTypeReference@579dde54
2025-03-26T10:26:20.078-04:00 DEBUG 1288556 --- [farmtrack-backend] [           main] org.hibernate.type.BasicTypeRegistry     : Adding type registration java.util.TimeZone -> org.hibernate.type.BasicTypeReference@579dde54
2025-03-26T10:26:20.078-04:00 DEBUG 1288556 --- [farmtrack-backend] [           main] org.hibernate.type.BasicTypeRegistry     : Adding type registration ZoneOffset -> org.hibernate.type.BasicTypeReference@30b9728f
2025-03-26T10:26:20.078-04:00 DEBUG 1288556 --- [farmtrack-backend] [           main] org.hibernate.type.BasicTypeRegistry     : Adding type registration java.time.ZoneOffset -> org.hibernate.type.BasicTypeReference@30b9728f
2025-03-26T10:26:20.078-04:00 DEBUG 1288556 --- [farmtrack-backend] [           main] org.hibernate.type.BasicTypeRegistry     : Adding type registration url -> org.hibernate.type.BasicTypeReference@6b899971
2025-03-26T10:26:20.078-04:00 DEBUG 1288556 --- [farmtrack-backend] [           main] org.hibernate.type.BasicTypeRegistry     : Adding type registration java.net.URL -> org.hibernate.type.BasicTypeReference@6b899971
2025-03-26T10:26:20.078-04:00 DEBUG 1288556 --- [farmtrack-backend] [           main] org.hibernate.type.BasicTypeRegistry     : Adding type registration vector -> org.hibernate.type.BasicTypeReference@453a30f8
2025-03-26T10:26:20.078-04:00 DEBUG 1288556 --- [farmtrack-backend] [           main] org.hibernate.type.BasicTypeRegistry     : Adding type registration float_vector -> org.hibernate.type.BasicTypeReference@7cec3975
2025-03-26T10:26:20.078-04:00 DEBUG 1288556 --- [farmtrack-backend] [           main] org.hibernate.type.BasicTypeRegistry     : Adding type registration double_vector -> org.hibernate.type.BasicTypeReference@73a116d
2025-03-26T10:26:20.078-04:00 DEBUG 1288556 --- [farmtrack-backend] [           main] org.hibernate.type.BasicTypeRegistry     : Adding type registration byte_vector -> org.hibernate.type.BasicTypeReference@205f52ea
2025-03-26T10:26:20.078-04:00 DEBUG 1288556 --- [farmtrack-backend] [           main] org.hibernate.type.BasicTypeRegistry     : Adding type registration row_version -> org.hibernate.type.BasicTypeReference@34f60be9
2025-03-26T10:26:20.082-04:00 DEBUG 1288556 --- [farmtrack-backend] [           main] org.hibernate.type.BasicTypeRegistry     : Adding type registration object -> org.hibernate.type.JavaObjectType@3eadad14
2025-03-26T10:26:20.083-04:00 DEBUG 1288556 --- [farmtrack-backend] [           main] org.hibernate.type.BasicTypeRegistry     : Adding type registration java.lang.Object -> org.hibernate.type.JavaObjectType@3eadad14
2025-03-26T10:26:20.084-04:00 DEBUG 1288556 --- [farmtrack-backend] [           main] org.hibernate.type.BasicTypeRegistry     : Adding type registration null -> org.hibernate.type.NullType@7535f28
2025-03-26T10:26:20.084-04:00 DEBUG 1288556 --- [farmtrack-backend] [           main] org.hibernate.type.BasicTypeRegistry     : Adding type registration imm_date -> org.hibernate.type.BasicTypeReference@75f65d54
2025-03-26T10:26:20.084-04:00 DEBUG 1288556 --- [farmtrack-backend] [           main] org.hibernate.type.BasicTypeRegistry     : Adding type registration imm_time -> org.hibernate.type.BasicTypeReference@3f3a6091
2025-03-26T10:26:20.084-04:00 DEBUG 1288556 --- [farmtrack-backend] [           main] org.hibernate.type.BasicTypeRegistry     : Adding type registration imm_timestamp -> org.hibernate.type.BasicTypeReference@5b4d9bda
2025-03-26T10:26:20.084-04:00 DEBUG 1288556 --- [farmtrack-backend] [           main] org.hibernate.type.BasicTypeRegistry     : Adding type registration imm_calendar -> org.hibernate.type.BasicTypeReference@467a2584
2025-03-26T10:26:20.084-04:00 DEBUG 1288556 --- [farmtrack-backend] [           main] org.hibernate.type.BasicTypeRegistry     : Adding type registration imm_calendar_date -> org.hibernate.type.BasicTypeReference@121dce2
2025-03-26T10:26:20.084-04:00 DEBUG 1288556 --- [farmtrack-backend] [           main] org.hibernate.type.BasicTypeRegistry     : Adding type registration imm_calendar_time -> org.hibernate.type.BasicTypeReference@6df31abf
2025-03-26T10:26:20.084-04:00 DEBUG 1288556 --- [farmtrack-backend] [           main] org.hibernate.type.BasicTypeRegistry     : Adding type registration imm_binary -> org.hibernate.type.BasicTypeReference@5a57cf90
2025-03-26T10:26:20.084-04:00 DEBUG 1288556 --- [farmtrack-backend] [           main] org.hibernate.type.BasicTypeRegistry     : Adding type registration imm_serializable -> org.hibernate.type.BasicTypeReference@4d16975b
2025-03-26T10:26:20.088-04:00 DEBUG 1288556 --- [farmtrack-backend] [           main] o.h.boot.internal.BootstrapContextImpl   : Injecting JPA temp ClassLoader [org.springframework.instrument.classloading.SimpleThrowawayClassLoader@552088cc] into BootstrapContext; was [null]
2025-03-26T10:26:20.088-04:00 DEBUG 1288556 --- [farmtrack-backend] [           main] o.h.boot.internal.ClassLoaderAccessImpl  : ClassLoaderAccessImpl#injectTempClassLoader(org.springframework.instrument.classloading.SimpleThrowawayClassLoader@552088cc) [was null]
2025-03-26T10:26:20.088-04:00 DEBUG 1288556 --- [farmtrack-backend] [           main] o.h.boot.internal.BootstrapContextImpl   : Injecting ScanEnvironment [org.hibernate.jpa.boot.internal.StandardJpaScanEnvironmentImpl@7fd3fd06] into BootstrapContext; was [null]
2025-03-26T10:26:20.089-04:00 DEBUG 1288556 --- [farmtrack-backend] [           main] o.h.boot.internal.BootstrapContextImpl   : Injecting ScanOptions [org.hibernate.boot.archive.scan.internal.StandardScanOptions@54ae1240] into BootstrapContext; was [org.hibernate.boot.archive.scan.internal.StandardScanOptions@1c2b65cc]
2025-03-26T10:26:20.104-04:00 DEBUG 1288556 --- [farmtrack-backend] [           main] o.h.j.b.i.PersistenceUnitInfoDescriptor  : Pushing class transformers for PU named 'default' on loading classloader jdk.internal.loader.ClassLoaders$AppClassLoader@30946e09
2025-03-26T10:26:20.128-04:00  INFO 1288556 --- [farmtrack-backend] [           main] o.s.o.j.p.SpringPersistenceUnitInfo      : No LoadTimeWeaver setup: ignoring JPA class transformer
2025-03-26T10:26:20.129-04:00 DEBUG 1288556 --- [farmtrack-backend] [           main] o.h.boot.internal.BootstrapContextImpl   : Injecting JPA temp ClassLoader [null] into BootstrapContext; was [org.springframework.instrument.classloading.SimpleThrowawayClassLoader@552088cc]
2025-03-26T10:26:20.129-04:00 DEBUG 1288556 --- [farmtrack-backend] [           main] o.h.boot.internal.ClassLoaderAccessImpl  : ClassLoaderAccessImpl#injectTempClassLoader(null) [was org.springframework.instrument.classloading.SimpleThrowawayClassLoader@552088cc]
2025-03-26T10:26:20.159-04:00 DEBUG 1288556 --- [farmtrack-backend] [           main] com.zaxxer.hikari.HikariConfig           : HikariPool-1 - configuration:
2025-03-26T10:26:20.163-04:00 DEBUG 1288556 --- [farmtrack-backend] [           main] com.zaxxer.hikari.HikariConfig           : allowPoolSuspension.............false
2025-03-26T10:26:20.163-04:00 DEBUG 1288556 --- [farmtrack-backend] [           main] com.zaxxer.hikari.HikariConfig           : autoCommit......................true
2025-03-26T10:26:20.163-04:00 DEBUG 1288556 --- [farmtrack-backend] [           main] com.zaxxer.hikari.HikariConfig           : catalog.........................none
2025-03-26T10:26:20.164-04:00 DEBUG 1288556 --- [farmtrack-backend] [           main] com.zaxxer.hikari.HikariConfig           : connectionInitSql...............none
2025-03-26T10:26:20.164-04:00 DEBUG 1288556 --- [farmtrack-backend] [           main] com.zaxxer.hikari.HikariConfig           : connectionTestQuery.............none
2025-03-26T10:26:20.165-04:00 DEBUG 1288556 --- [farmtrack-backend] [           main] com.zaxxer.hikari.HikariConfig           : connectionTimeout...............30000
2025-03-26T10:26:20.165-04:00 DEBUG 1288556 --- [farmtrack-backend] [           main] com.zaxxer.hikari.HikariConfig           : dataSource......................none
2025-03-26T10:26:20.165-04:00 DEBUG 1288556 --- [farmtrack-backend] [           main] com.zaxxer.hikari.HikariConfig           : dataSourceClassName.............none
2025-03-26T10:26:20.165-04:00 DEBUG 1288556 --- [farmtrack-backend] [           main] com.zaxxer.hikari.HikariConfig           : dataSourceJNDI..................none
2025-03-26T10:26:20.165-04:00 DEBUG 1288556 --- [farmtrack-backend] [           main] com.zaxxer.hikari.HikariConfig           : dataSourceProperties............{password=<masked>}
2025-03-26T10:26:20.166-04:00 DEBUG 1288556 --- [farmtrack-backend] [           main] com.zaxxer.hikari.HikariConfig           : driverClassName................."org.postgresql.Driver"
2025-03-26T10:26:20.166-04:00 DEBUG 1288556 --- [farmtrack-backend] [           main] com.zaxxer.hikari.HikariConfig           : exceptionOverrideClassName......none
2025-03-26T10:26:20.166-04:00 DEBUG 1288556 --- [farmtrack-backend] [           main] com.zaxxer.hikari.HikariConfig           : healthCheckProperties...........{}
2025-03-26T10:26:20.166-04:00 DEBUG 1288556 --- [farmtrack-backend] [           main] com.zaxxer.hikari.HikariConfig           : healthCheckRegistry.............none
2025-03-26T10:26:20.166-04:00 DEBUG 1288556 --- [farmtrack-backend] [           main] com.zaxxer.hikari.HikariConfig           : idleTimeout.....................600000
2025-03-26T10:26:20.166-04:00 DEBUG 1288556 --- [farmtrack-backend] [           main] com.zaxxer.hikari.HikariConfig           : initializationFailTimeout.......1
2025-03-26T10:26:20.166-04:00 DEBUG 1288556 --- [farmtrack-backend] [           main] com.zaxxer.hikari.HikariConfig           : isolateInternalQueries..........false
2025-03-26T10:26:20.166-04:00 DEBUG 1288556 --- [farmtrack-backend] [           main] com.zaxxer.hikari.HikariConfig           : jdbcUrl.........................jdbc:postgresql://localhost:5432/farmtrack-db
2025-03-26T10:26:20.166-04:00 DEBUG 1288556 --- [farmtrack-backend] [           main] com.zaxxer.hikari.HikariConfig           : keepaliveTime...................0
2025-03-26T10:26:20.166-04:00 DEBUG 1288556 --- [farmtrack-backend] [           main] com.zaxxer.hikari.HikariConfig           : leakDetectionThreshold..........0
2025-03-26T10:26:20.166-04:00 DEBUG 1288556 --- [farmtrack-backend] [           main] com.zaxxer.hikari.HikariConfig           : maxLifetime.....................1800000
2025-03-26T10:26:20.167-04:00 DEBUG 1288556 --- [farmtrack-backend] [           main] com.zaxxer.hikari.HikariConfig           : maximumPoolSize.................10
2025-03-26T10:26:20.167-04:00 DEBUG 1288556 --- [farmtrack-backend] [           main] com.zaxxer.hikari.HikariConfig           : metricRegistry..................none
2025-03-26T10:26:20.167-04:00 DEBUG 1288556 --- [farmtrack-backend] [           main] com.zaxxer.hikari.HikariConfig           : metricsTrackerFactory...........none
2025-03-26T10:26:20.167-04:00 DEBUG 1288556 --- [farmtrack-backend] [           main] com.zaxxer.hikari.HikariConfig           : minimumIdle.....................10
2025-03-26T10:26:20.167-04:00 DEBUG 1288556 --- [farmtrack-backend] [           main] com.zaxxer.hikari.HikariConfig           : password........................<masked>
2025-03-26T10:26:20.167-04:00 DEBUG 1288556 --- [farmtrack-backend] [           main] com.zaxxer.hikari.HikariConfig           : poolName........................"HikariPool-1"
2025-03-26T10:26:20.167-04:00 DEBUG 1288556 --- [farmtrack-backend] [           main] com.zaxxer.hikari.HikariConfig           : readOnly........................false
2025-03-26T10:26:20.167-04:00 DEBUG 1288556 --- [farmtrack-backend] [           main] com.zaxxer.hikari.HikariConfig           : registerMbeans..................false
2025-03-26T10:26:20.167-04:00 DEBUG 1288556 --- [farmtrack-backend] [           main] com.zaxxer.hikari.HikariConfig           : scheduledExecutor...............none
2025-03-26T10:26:20.167-04:00 DEBUG 1288556 --- [farmtrack-backend] [           main] com.zaxxer.hikari.HikariConfig           : schema..........................none
2025-03-26T10:26:20.167-04:00 DEBUG 1288556 --- [farmtrack-backend] [           main] com.zaxxer.hikari.HikariConfig           : threadFactory...................internal
2025-03-26T10:26:20.168-04:00 DEBUG 1288556 --- [farmtrack-backend] [           main] com.zaxxer.hikari.HikariConfig           : transactionIsolation............default
2025-03-26T10:26:20.168-04:00 DEBUG 1288556 --- [farmtrack-backend] [           main] com.zaxxer.hikari.HikariConfig           : username........................"postgres"
2025-03-26T10:26:20.168-04:00 DEBUG 1288556 --- [farmtrack-backend] [           main] com.zaxxer.hikari.HikariConfig           : validationTimeout...............5000
2025-03-26T10:26:20.168-04:00  INFO 1288556 --- [farmtrack-backend] [           main] com.zaxxer.hikari.HikariDataSource       : HikariPool-1 - Starting...
2025-03-26T10:26:20.183-04:00 DEBUG 1288556 --- [farmtrack-backend] [           main] org.postgresql.Driver                    : Loading driver configuration via classloader jdk.internal.loader.ClassLoaders$AppClassLoader@30946e09
2025-03-26T10:26:20.184-04:00 DEBUG 1288556 --- [farmtrack-backend] [           main] org.postgresql.Driver                    : Connecting with URL: jdbc:postgresql://localhost:5432/farmtrack-db
2025-03-26T10:26:20.192-04:00 DEBUG 1288556 --- [farmtrack-backend] [           main] org.postgresql.jdbc.PgConnection         : PostgreSQL JDBC Driver 42.7.5
2025-03-26T10:26:20.193-04:00 DEBUG 1288556 --- [farmtrack-backend] [           main] org.postgresql.jdbc.PgConnection         :   setDefaultFetchSize = 0
2025-03-26T10:26:20.193-04:00 DEBUG 1288556 --- [farmtrack-backend] [           main] org.postgresql.jdbc.PgConnection         :   setPrepareThreshold = 5
2025-03-26T10:26:20.200-04:00 DEBUG 1288556 --- [farmtrack-backend] [           main] o.p.core.v3.ConnectionFactoryImpl        : Trying to establish a protocol version 3 connection to localhost:5432
2025-03-26T10:26:20.216-04:00 DEBUG 1288556 --- [farmtrack-backend] [           main] o.p.core.v3.ConnectionFactoryImpl        : Receive Buffer Size is 65,536
2025-03-26T10:26:20.216-04:00 DEBUG 1288556 --- [farmtrack-backend] [           main] o.p.core.v3.ConnectionFactoryImpl        : Send Buffer Size is 1,313,280
2025-03-26T10:26:20.219-04:00 DEBUG 1288556 --- [farmtrack-backend] [           main] org.postgresql.ssl.MakeSSL               : converting regular socket connection to ssl
2025-03-26T10:26:20.360-04:00 DEBUG 1288556 --- [farmtrack-backend] [           main] jdk.event.security                       : X509Certificate: Alg:SHA256withRSA, Serial:2f:55:70:27:db:f1:77:a7:d4:bf:38:a7:3c:55:b7:32:12:fc:fb:42, Subject:CN=warfare, Issuer:CN=warfare, Key type:RSA, Length:2048, Cert Id:-521178736, Valid from:3/9/25, 7:17 PM, Valid until:3/7/35, 6:17 PM
2025-03-26T10:26:20.374-04:00 DEBUG 1288556 --- [farmtrack-backend] [           main] jdk.event.security                       :  TLSHandshake: localhost:5432, TLSv1.3, TLS_AES_256_GCM_SHA384, -521178736
2025-03-26T10:26:20.502-04:00  INFO 1288556 --- [farmtrack-backend] [           main] com.zaxxer.hikari.pool.HikariPool        : HikariPool-1 - Added connection org.postgresql.jdbc.PgConnection@cfc4601
2025-03-26T10:26:20.505-04:00  INFO 1288556 --- [farmtrack-backend] [           main] com.zaxxer.hikari.HikariDataSource       : HikariPool-1 - Start completed.
2025-03-26T10:26:20.511-04:00 DEBUG 1288556 --- [farmtrack-backend] [           main] o.h.e.j.e.i.JdbcEnvironmentInitiator     : Database ->
	   name : PostgreSQL
	version : 16.8 (Ubuntu 16.8-0ubuntu0.24.04.1)
	  major : 16
	  minor : 8
2025-03-26T10:26:20.511-04:00 DEBUG 1288556 --- [farmtrack-backend] [           main] o.h.e.j.e.i.JdbcEnvironmentInitiator     : Driver ->
	   name : PostgreSQL JDBC Driver
	version : 42.7.5
	  major : 42
	  minor : 7
2025-03-26T10:26:20.512-04:00 DEBUG 1288556 --- [farmtrack-backend] [           main] o.h.e.j.e.i.JdbcEnvironmentInitiator     : JDBC version : 4.2
2025-03-26T10:26:20.548-04:00  WARN 1288556 --- [farmtrack-backend] [           main] org.hibernate.orm.deprecation            : HHH90000025: PostgreSQLDialect does not need to be specified explicitly using 'hibernate.dialect' (remove the property setting and it will be selected by default)
2025-03-26T10:26:20.549-04:00 DEBUG 1288556 --- [farmtrack-backend] [           main] org.hibernate.orm.dialect                : HHH035001: Using dialect: org.hibernate.dialect.PostgreSQLDialect, version: 16.8
2025-03-26T10:26:20.552-04:00 DEBUG 1288556 --- [farmtrack-backend] [           main] o.h.e.j.env.spi.IdentifierHelperBuilder  : JDBC driver metadata reported database stores quoted identifiers in neither upper, lower nor mixed case
2025-03-26T10:26:20.563-04:00 DEBUG 1288556 --- [farmtrack-backend] [           main] org.hibernate.orm.jdbc.lob               : HHH10010004: Disabling contextual LOB creation as Dialect reported it is not supported
2025-03-26T10:26:20.578-04:00  INFO 1288556 --- [farmtrack-backend] [           main] org.hibernate.orm.connections.pooling    : HHH10001005: Database info:
	Database JDBC URL [Connecting through datasource 'HikariDataSource (HikariPool-1)']
	Database driver: undefined/unknown
	Database version: 16.8
	Autocommit mode: undefined/unknown
	Isolation level: undefined/unknown
	Minimum pool size: undefined/unknown
	Maximum pool size: undefined/unknown
2025-03-26T10:26:20.586-04:00 DEBUG 1288556 --- [farmtrack-backend] [           main] o.h.t.d.sql.spi.DdlTypeRegistry          : addDescriptor(2003, org.hibernate.type.descriptor.sql.internal.ArrayDdlTypeImpl@7872e91f) replaced previous registration(org.hibernate.type.descriptor.sql.internal.ArrayDdlTypeImpl@10b2c1cf)
2025-03-26T10:26:20.586-04:00 DEBUG 1288556 --- [farmtrack-backend] [           main] o.h.t.d.sql.spi.DdlTypeRegistry          : addDescriptor(6, org.hibernate.type.descriptor.sql.internal.CapacityDependentDdlType@20a25f66) replaced previous registration(org.hibernate.type.descriptor.sql.internal.DdlTypeImpl@488279d3)
2025-03-26T10:26:20.588-04:00 DEBUG 1288556 --- [farmtrack-backend] [           main] o.h.t.d.jdbc.spi.JdbcTypeRegistry        : addDescriptor(2004, BlobTypeDescriptor(BLOB_BINDING)) replaced previous registration(BlobTypeDescriptor(DEFAULT))
2025-03-26T10:26:20.589-04:00 DEBUG 1288556 --- [farmtrack-backend] [           main] o.h.t.d.jdbc.spi.JdbcTypeRegistry        : addDescriptor(2005, ClobTypeDescriptor(CLOB_BINDING)) replaced previous registration(ClobTypeDescriptor(DEFAULT))
2025-03-26T10:26:20.597-04:00 DEBUG 1288556 --- [farmtrack-backend] [           main] org.hibernate.type.BasicTypeRegistry     : Adding type registration JAVA_OBJECT -> org.hibernate.type.JavaObjectType@44117b0d
2025-03-26T10:26:20.597-04:00 DEBUG 1288556 --- [farmtrack-backend] [           main] org.hibernate.type.BasicTypeRegistry     : Adding type registration java.lang.Object -> org.hibernate.type.JavaObjectType@44117b0d
2025-03-26T10:26:20.597-04:00 DEBUG 1288556 --- [farmtrack-backend] [           main] org.hibernate.type.BasicTypeRegistry     : Type registration key [java.lang.Object] overrode previous entry : `org.hibernate.type.JavaObjectType@3eadad14`
2025-03-26T10:26:20.600-04:00 DEBUG 1288556 --- [farmtrack-backend] [           main] org.hibernate.type.BasicTypeRegistry     : Adding type registration org.hibernate.type.DurationType -> basicType@1(java.time.Duration,3015)
2025-03-26T10:26:20.601-04:00 DEBUG 1288556 --- [farmtrack-backend] [           main] org.hibernate.type.BasicTypeRegistry     : Adding type registration Duration -> basicType@1(java.time.Duration,3015)
2025-03-26T10:26:20.601-04:00 DEBUG 1288556 --- [farmtrack-backend] [           main] org.hibernate.type.BasicTypeRegistry     : Adding type registration java.time.Duration -> basicType@1(java.time.Duration,3015)
2025-03-26T10:26:20.603-04:00 DEBUG 1288556 --- [farmtrack-backend] [           main] org.hibernate.type.BasicTypeRegistry     : Adding type registration org.hibernate.type.OffsetDateTimeType -> basicType@2(java.time.OffsetDateTime,3003)
2025-03-26T10:26:20.603-04:00 DEBUG 1288556 --- [farmtrack-backend] [           main] org.hibernate.type.BasicTypeRegistry     : Adding type registration OffsetDateTime -> basicType@2(java.time.OffsetDateTime,3003)
2025-03-26T10:26:20.603-04:00 DEBUG 1288556 --- [farmtrack-backend] [           main] org.hibernate.type.BasicTypeRegistry     : Adding type registration java.time.OffsetDateTime -> basicType@2(java.time.OffsetDateTime,3003)
2025-03-26T10:26:20.603-04:00 DEBUG 1288556 --- [farmtrack-backend] [           main] org.hibernate.type.BasicTypeRegistry     : Adding type registration org.hibernate.type.ZonedDateTimeType -> basicType@3(java.time.ZonedDateTime,3003)
2025-03-26T10:26:20.603-04:00 DEBUG 1288556 --- [farmtrack-backend] [           main] org.hibernate.type.BasicTypeRegistry     : Adding type registration ZonedDateTime -> basicType@3(java.time.ZonedDateTime,3003)
2025-03-26T10:26:20.604-04:00 DEBUG 1288556 --- [farmtrack-backend] [           main] org.hibernate.type.BasicTypeRegistry     : Adding type registration java.time.ZonedDateTime -> basicType@3(java.time.ZonedDateTime,3003)
2025-03-26T10:26:20.604-04:00 DEBUG 1288556 --- [farmtrack-backend] [l-1 housekeeper] com.zaxxer.hikari.pool.HikariPool        : HikariPool-1 - Pool stats (total=1, active=0, idle=1, waiting=0)
2025-03-26T10:26:20.604-04:00 DEBUG 1288556 --- [farmtrack-backend] [           main] org.hibernate.type.BasicTypeRegistry     : Adding type registration org.hibernate.type.OffsetTimeType -> basicType@4(java.time.OffsetTime,3007)
2025-03-26T10:26:20.604-04:00 DEBUG 1288556 --- [farmtrack-backend] [           main] org.hibernate.type.BasicTypeRegistry     : Adding type registration OffsetTime -> basicType@4(java.time.OffsetTime,3007)
2025-03-26T10:26:20.604-04:00 DEBUG 1288556 --- [farmtrack-backend] [           main] org.hibernate.type.BasicTypeRegistry     : Adding type registration java.time.OffsetTime -> basicType@4(java.time.OffsetTime,3007)
2025-03-26T10:26:20.605-04:00 DEBUG 1288556 --- [farmtrack-backend] [onnection adder] org.postgresql.Driver                    : Connecting with URL: jdbc:postgresql://localhost:5432/farmtrack-db
2025-03-26T10:26:20.605-04:00 DEBUG 1288556 --- [farmtrack-backend] [onnection adder] org.postgresql.jdbc.PgConnection         : PostgreSQL JDBC Driver 42.7.5
2025-03-26T10:26:20.605-04:00 DEBUG 1288556 --- [farmtrack-backend] [           main] o.h.type.spi.TypeConfiguration$Scope     : Scoping TypeConfiguration [org.hibernate.type.spi.TypeConfiguration@7bad18f5] to MetadataBuildingContext [org.hibernate.boot.internal.MetadataBuildingContextRootImpl@4407fea2]
2025-03-26T10:26:20.606-04:00 DEBUG 1288556 --- [farmtrack-backend] [onnection adder] org.postgresql.jdbc.PgConnection         :   setDefaultFetchSize = 0
2025-03-26T10:26:20.606-04:00 DEBUG 1288556 --- [farmtrack-backend] [onnection adder] org.postgresql.jdbc.PgConnection         :   setPrepareThreshold = 5
2025-03-26T10:26:20.606-04:00 DEBUG 1288556 --- [farmtrack-backend] [onnection adder] o.p.core.v3.ConnectionFactoryImpl        : Trying to establish a protocol version 3 connection to localhost:5432
2025-03-26T10:26:20.607-04:00 DEBUG 1288556 --- [farmtrack-backend] [onnection adder] o.p.core.v3.ConnectionFactoryImpl        : Receive Buffer Size is 65,536
2025-03-26T10:26:20.607-04:00 DEBUG 1288556 --- [farmtrack-backend] [onnection adder] o.p.core.v3.ConnectionFactoryImpl        : Send Buffer Size is 1,313,280
2025-03-26T10:26:20.608-04:00 DEBUG 1288556 --- [farmtrack-backend] [onnection adder] org.postgresql.ssl.MakeSSL               : converting regular socket connection to ssl
2025-03-26T10:26:20.618-04:00 DEBUG 1288556 --- [farmtrack-backend] [onnection adder] jdk.event.security                       : X509Certificate: Alg:SHA256withRSA, Serial:2f:55:70:27:db:f1:77:a7:d4:bf:38:a7:3c:55:b7:32:12:fc:fb:42, Subject:CN=warfare, Issuer:CN=warfare, Key type:RSA, Length:2048, Cert Id:-521178736, Valid from:3/9/25, 7:17 PM, Valid until:3/7/35, 6:17 PM
2025-03-26T10:26:20.622-04:00 DEBUG 1288556 --- [farmtrack-backend] [onnection adder] jdk.event.security                       :  TLSHandshake: localhost:5432, TLSv1.3, TLS_AES_256_GCM_SHA384, -521178736
2025-03-26T10:26:20.637-04:00 DEBUG 1288556 --- [farmtrack-backend] [           main] o.h.boot.model.relational.Namespace      : Created database namespace [logicalName=Name{catalog=null, schema=null}, physicalName=Name{catalog=null, schema=null}]
2025-03-26T10:26:20.647-04:00 DEBUG 1288556 --- [farmtrack-backend] [onnection adder] com.zaxxer.hikari.pool.HikariPool        : HikariPool-1 - Added connection org.postgresql.jdbc.PgConnection@1271ca2a
2025-03-26T10:26:20.662-04:00 DEBUG 1288556 --- [farmtrack-backend] [           main] o.h.boot.model.internal.EntityBinder     : Binding entity from annotated class: com.ncsu.farmtrackbackend.model.Farm
2025-03-26T10:26:20.668-04:00 DEBUG 1288556 --- [farmtrack-backend] [           main] o.h.boot.model.internal.EntityBinder     : Import with entity name Farm
2025-03-26T10:26:20.676-04:00 DEBUG 1288556 --- [farmtrack-backend] [           main] o.h.boot.model.internal.EntityBinder     : Bind entity com.ncsu.farmtrackbackend.model.Farm on table farm
2025-03-26T10:26:20.679-04:00 DEBUG 1288556 --- [farmtrack-backend] [onnection adder] com.zaxxer.hikari.pool.HikariPool        : HikariPool-1 - After adding stats (total=2, active=0, idle=2, waiting=0)
2025-03-26T10:26:20.679-04:00 DEBUG 1288556 --- [farmtrack-backend] [onnection adder] org.postgresql.Driver                    : Connecting with URL: jdbc:postgresql://localhost:5432/farmtrack-db
2025-03-26T10:26:20.679-04:00 DEBUG 1288556 --- [farmtrack-backend] [onnection adder] org.postgresql.jdbc.PgConnection         : PostgreSQL JDBC Driver 42.7.5
2025-03-26T10:26:20.679-04:00 DEBUG 1288556 --- [farmtrack-backend] [onnection adder] org.postgresql.jdbc.PgConnection         :   setDefaultFetchSize = 0
2025-03-26T10:26:20.679-04:00 DEBUG 1288556 --- [farmtrack-backend] [onnection adder] org.postgresql.jdbc.PgConnection         :   setPrepareThreshold = 5
2025-03-26T10:26:20.681-04:00 DEBUG 1288556 --- [farmtrack-backend] [onnection adder] o.p.core.v3.ConnectionFactoryImpl        : Trying to establish a protocol version 3 connection to localhost:5432
2025-03-26T10:26:20.683-04:00 DEBUG 1288556 --- [farmtrack-backend] [onnection adder] o.p.core.v3.ConnectionFactoryImpl        : Receive Buffer Size is 65,536
2025-03-26T10:26:20.684-04:00 DEBUG 1288556 --- [farmtrack-backend] [onnection adder] o.p.core.v3.ConnectionFactoryImpl        : Send Buffer Size is 1,313,280
2025-03-26T10:26:20.685-04:00 DEBUG 1288556 --- [farmtrack-backend] [onnection adder] org.postgresql.ssl.MakeSSL               : converting regular socket connection to ssl
2025-03-26T10:26:20.689-04:00 DEBUG 1288556 --- [farmtrack-backend] [           main] o.h.boot.model.internal.AnnotatedColumn  : Binding column: AnnotatedDiscriminatorColumn(column='DTYPE')
2025-03-26T10:26:20.698-04:00 DEBUG 1288556 --- [farmtrack-backend] [onnection adder] jdk.event.security                       : X509Certificate: Alg:SHA256withRSA, Serial:2f:55:70:27:db:f1:77:a7:d4:bf:38:a7:3c:55:b7:32:12:fc:fb:42, Subject:CN=warfare, Issuer:CN=warfare, Key type:RSA, Length:2048, Cert Id:-521178736, Valid from:3/9/25, 7:17 PM, Valid until:3/7/35, 6:17 PM
2025-03-26T10:26:20.701-04:00 DEBUG 1288556 --- [farmtrack-backend] [onnection adder] jdk.event.security                       :  TLSHandshake: localhost:5432, TLSv1.3, TLS_AES_256_GCM_SHA384, -521178736
2025-03-26T10:26:20.707-04:00 DEBUG 1288556 --- [farmtrack-backend] [           main] o.h.boot.model.internal.AnnotatedColumn  : Binding column: AnnotatedColumn(column='premiseid')
2025-03-26T10:26:20.708-04:00 DEBUG 1288556 --- [farmtrack-backend] [           main] o.h.boot.internal.ClassLoaderAccessImpl  : Not known whether passed class name [com.ncsu.farmtrackbackend.model.Farm] is safe
2025-03-26T10:26:20.708-04:00 DEBUG 1288556 --- [farmtrack-backend] [           main] o.h.boot.internal.ClassLoaderAccessImpl  : No temp ClassLoader provided; using live ClassLoader for loading potentially unsafe class : com.ncsu.farmtrackbackend.model.Farm
2025-03-26T10:26:20.711-04:00 DEBUG 1288556 --- [farmtrack-backend] [           main] o.h.boot.model.internal.PropertyBinder   : MetadataSourceProcessor property premiseId with lazy=false
2025-03-26T10:26:20.712-04:00 DEBUG 1288556 --- [farmtrack-backend] [onnection adder] com.zaxxer.hikari.pool.HikariPool        : HikariPool-1 - Added connection org.postgresql.jdbc.PgConnection@1c265582
2025-03-26T10:26:20.714-04:00 DEBUG 1288556 --- [farmtrack-backend] [           main] o.h.b.m.internal.AbstractPropertyHolder  : Attempting to locate auto-apply AttributeConverter for property [com.ncsu.farmtrackbackend.model.Farm:premiseId]
2025-03-26T10:26:20.718-04:00 DEBUG 1288556 --- [farmtrack-backend] [           main] o.h.b.model.internal.BasicValueBinder    : building BasicValue for premiseId
2025-03-26T10:26:20.721-04:00 DEBUG 1288556 --- [farmtrack-backend] [           main] org.hibernate.mapping.BasicValue         : Skipping column re-registration: farm.premiseid
2025-03-26T10:26:20.721-04:00 DEBUG 1288556 --- [farmtrack-backend] [           main] o.h.boot.model.internal.PropertyBinder   : Building property premiseId
2025-03-26T10:26:20.724-04:00 DEBUG 1288556 --- [farmtrack-backend] [           main] o.h.boot.model.internal.AnnotatedColumn  : Binding column: AnnotatedColumn(column='total_animal')
2025-03-26T10:26:20.724-04:00 DEBUG 1288556 --- [farmtrack-backend] [           main] o.h.boot.model.internal.PropertyBinder   : MetadataSourceProcessor property totalAnimal with lazy=false
2025-03-26T10:26:20.724-04:00 DEBUG 1288556 --- [farmtrack-backend] [           main] o.h.b.m.internal.AbstractPropertyHolder  : Attempting to locate auto-apply AttributeConverter for property [com.ncsu.farmtrackbackend.model.Farm:totalAnimal]
2025-03-26T10:26:20.724-04:00 DEBUG 1288556 --- [farmtrack-backend] [           main] o.h.b.model.internal.BasicValueBinder    : building BasicValue for totalAnimal
2025-03-26T10:26:20.724-04:00 DEBUG 1288556 --- [farmtrack-backend] [           main] org.hibernate.mapping.BasicValue         : Skipping column re-registration: farm.total_animal
2025-03-26T10:26:20.725-04:00 DEBUG 1288556 --- [farmtrack-backend] [           main] o.h.boot.model.internal.PropertyBinder   : Building property totalAnimal
2025-03-26T10:26:20.726-04:00 DEBUG 1288556 --- [farmtrack-backend] [           main] o.h.b.r.c.i.ClassLoaderServiceImpl       : HHH000194: Package not found or no package-info.java: com.ncsu.farmtrackbackend.model
2025-03-26T10:26:20.730-04:00 DEBUG 1288556 --- [farmtrack-backend] [           main] o.h.boot.model.internal.EntityBinder     : Binding entity from annotated class: com.ncsu.farmtrackbackend.model.Movement
2025-03-26T10:26:20.730-04:00 DEBUG 1288556 --- [farmtrack-backend] [           main] o.h.boot.model.internal.EntityBinder     : Import with entity name Movement
2025-03-26T10:26:20.730-04:00 DEBUG 1288556 --- [farmtrack-backend] [           main] o.h.boot.model.internal.EntityBinder     : Bind entity com.ncsu.farmtrackbackend.model.Movement on table movement
2025-03-26T10:26:20.731-04:00 DEBUG 1288556 --- [farmtrack-backend] [           main] o.h.boot.model.internal.AnnotatedColumn  : Binding column: AnnotatedDiscriminatorColumn(column='DTYPE')
2025-03-26T10:26:20.735-04:00 DEBUG 1288556 --- [farmtrack-backend] [           main] o.h.boot.model.internal.AnnotatedColumn  : Binding column: AnnotatedColumn(column='movement_id')
2025-03-26T10:26:20.735-04:00 DEBUG 1288556 --- [farmtrack-backend] [           main] o.h.boot.internal.ClassLoaderAccessImpl  : Not known whether passed class name [com.ncsu.farmtrackbackend.model.Movement] is safe
2025-03-26T10:26:20.735-04:00 DEBUG 1288556 --- [farmtrack-backend] [           main] o.h.boot.internal.ClassLoaderAccessImpl  : No temp ClassLoader provided; using live ClassLoader for loading potentially unsafe class : com.ncsu.farmtrackbackend.model.Movement
2025-03-26T10:26:20.736-04:00 DEBUG 1288556 --- [farmtrack-backend] [           main] o.h.boot.model.internal.PropertyBinder   : MetadataSourceProcessor property movementId with lazy=false
2025-03-26T10:26:20.736-04:00 DEBUG 1288556 --- [farmtrack-backend] [           main] o.h.b.m.internal.AbstractPropertyHolder  : Attempting to locate auto-apply AttributeConverter for property [com.ncsu.farmtrackbackend.model.Movement:movementId]
2025-03-26T10:26:20.737-04:00 DEBUG 1288556 --- [farmtrack-backend] [           main] o.h.b.model.internal.BasicValueBinder    : building BasicValue for movementId
2025-03-26T10:26:20.737-04:00 DEBUG 1288556 --- [farmtrack-backend] [           main] org.hibernate.mapping.BasicValue         : Skipping column re-registration: movement.movement_id
2025-03-26T10:26:20.737-04:00 DEBUG 1288556 --- [farmtrack-backend] [           main] o.h.boot.model.internal.PropertyBinder   : Building property movementId
2025-03-26T10:26:20.740-04:00 DEBUG 1288556 --- [farmtrack-backend] [           main] o.h.boot.model.internal.BinderHelper     : #makeIdGenerator(BasicValue([Column(movement_id)]), movementId, identity, , ...)
2025-03-26T10:26:20.742-04:00 DEBUG 1288556 --- [farmtrack-backend] [           main] o.h.boot.model.internal.AnnotatedColumn  : Binding column: AnnotatedJoinColumn(column='new_destinationpremid',referencedColumn='premiseid')
2025-03-26T10:26:20.742-04:00 DEBUG 1288556 --- [farmtrack-backend] [onnection adder] com.zaxxer.hikari.pool.HikariPool        : HikariPool-1 - After adding stats (total=3, active=0, idle=3, waiting=0)
2025-03-26T10:26:20.743-04:00 DEBUG 1288556 --- [farmtrack-backend] [onnection adder] org.postgresql.Driver                    : Connecting with URL: jdbc:postgresql://localhost:5432/farmtrack-db
2025-03-26T10:26:20.743-04:00 DEBUG 1288556 --- [farmtrack-backend] [onnection adder] org.postgresql.jdbc.PgConnection         : PostgreSQL JDBC Driver 42.7.5
2025-03-26T10:26:20.743-04:00 DEBUG 1288556 --- [farmtrack-backend] [onnection adder] org.postgresql.jdbc.PgConnection         :   setDefaultFetchSize = 0
2025-03-26T10:26:20.744-04:00 DEBUG 1288556 --- [farmtrack-backend] [onnection adder] org.postgresql.jdbc.PgConnection         :   setPrepareThreshold = 5
2025-03-26T10:26:20.744-04:00 DEBUG 1288556 --- [farmtrack-backend] [onnection adder] o.p.core.v3.ConnectionFactoryImpl        : Trying to establish a protocol version 3 connection to localhost:5432
2025-03-26T10:26:20.744-04:00 DEBUG 1288556 --- [farmtrack-backend] [           main] o.h.boot.model.internal.AnnotatedColumn  : Binding column: AnnotatedColumn()
2025-03-26T10:26:20.744-04:00 DEBUG 1288556 --- [farmtrack-backend] [onnection adder] o.p.core.v3.ConnectionFactoryImpl        : Receive Buffer Size is 65,536
2025-03-26T10:26:20.744-04:00 DEBUG 1288556 --- [farmtrack-backend] [onnection adder] o.p.core.v3.ConnectionFactoryImpl        : Send Buffer Size is 1,313,280
2025-03-26T10:26:20.747-04:00 DEBUG 1288556 --- [farmtrack-backend] [onnection adder] org.postgresql.ssl.MakeSSL               : converting regular socket connection to ssl
2025-03-26T10:26:20.750-04:00 DEBUG 1288556 --- [farmtrack-backend] [           main] o.h.boot.model.internal.PropertyBinder   : Building property destinationFarm
2025-03-26T10:26:20.751-04:00 DEBUG 1288556 --- [farmtrack-backend] [           main] o.h.boot.model.internal.AnnotatedColumn  : Binding column: AnnotatedColumn(column='new_numitemsmoved')
2025-03-26T10:26:20.751-04:00 DEBUG 1288556 --- [farmtrack-backend] [           main] o.h.boot.model.internal.PropertyBinder   : MetadataSourceProcessor property numItemsMoved with lazy=false
2025-03-26T10:26:20.751-04:00 DEBUG 1288556 --- [farmtrack-backend] [           main] o.h.b.m.internal.AbstractPropertyHolder  : Attempting to locate auto-apply AttributeConverter for property [com.ncsu.farmtrackbackend.model.Movement:numItemsMoved]
2025-03-26T10:26:20.751-04:00 DEBUG 1288556 --- [farmtrack-backend] [           main] o.h.b.model.internal.BasicValueBinder    : building BasicValue for numItemsMoved
2025-03-26T10:26:20.751-04:00 DEBUG 1288556 --- [farmtrack-backend] [           main] org.hibernate.mapping.BasicValue         : Skipping column re-registration: movement.new_numitemsmoved
2025-03-26T10:26:20.751-04:00 DEBUG 1288556 --- [farmtrack-backend] [           main] o.h.boot.model.internal.PropertyBinder   : Building property numItemsMoved
2025-03-26T10:26:20.752-04:00 DEBUG 1288556 --- [farmtrack-backend] [           main] o.h.boot.model.internal.AnnotatedColumn  : Binding column: AnnotatedJoinColumn(column='new_originpremid',referencedColumn='premiseid')
2025-03-26T10:26:20.752-04:00 DEBUG 1288556 --- [farmtrack-backend] [           main] o.h.boot.model.internal.AnnotatedColumn  : Binding column: AnnotatedColumn()
2025-03-26T10:26:20.752-04:00 DEBUG 1288556 --- [farmtrack-backend] [           main] o.h.boot.model.internal.PropertyBinder   : Building property originFarm
2025-03-26T10:26:20.753-04:00 DEBUG 1288556 --- [farmtrack-backend] [           main] o.h.b.r.c.i.ClassLoaderServiceImpl       : HHH000194: Package not found or no package-info.java: com.ncsu.farmtrackbackend.model
2025-03-26T10:26:20.753-04:00 DEBUG 1288556 --- [farmtrack-backend] [           main] o.h.boot.model.internal.EntityBinder     : Binding entity from annotated class: com.ncsu.farmtrackbackend.model.User
2025-03-26T10:26:20.754-04:00 DEBUG 1288556 --- [farmtrack-backend] [           main] o.h.boot.model.internal.EntityBinder     : Import with entity name User
2025-03-26T10:26:20.754-04:00 DEBUG 1288556 --- [farmtrack-backend] [           main] o.h.boot.model.internal.EntityBinder     : Bind entity com.ncsu.farmtrackbackend.model.User on table users
2025-03-26T10:26:20.754-04:00 DEBUG 1288556 --- [farmtrack-backend] [           main] o.h.boot.model.internal.AnnotatedColumn  : Binding column: AnnotatedDiscriminatorColumn(column='DTYPE')
2025-03-26T10:26:20.757-04:00 DEBUG 1288556 --- [farmtrack-backend] [           main] o.h.boot.model.internal.AnnotatedColumn  : Binding column: AnnotatedColumn()
2025-03-26T10:26:20.757-04:00 DEBUG 1288556 --- [farmtrack-backend] [           main] o.h.boot.internal.ClassLoaderAccessImpl  : Not known whether passed class name [com.ncsu.farmtrackbackend.model.User] is safe
2025-03-26T10:26:20.758-04:00 DEBUG 1288556 --- [farmtrack-backend] [           main] o.h.boot.internal.ClassLoaderAccessImpl  : No temp ClassLoader provided; using live ClassLoader for loading potentially unsafe class : com.ncsu.farmtrackbackend.model.User
2025-03-26T10:26:20.758-04:00 DEBUG 1288556 --- [farmtrack-backend] [           main] o.h.boot.model.internal.PropertyBinder   : MetadataSourceProcessor property id with lazy=false
2025-03-26T10:26:20.758-04:00 DEBUG 1288556 --- [farmtrack-backend] [           main] o.h.b.m.internal.AbstractPropertyHolder  : Attempting to locate auto-apply AttributeConverter for property [com.ncsu.farmtrackbackend.model.User:id]
2025-03-26T10:26:20.758-04:00 DEBUG 1288556 --- [farmtrack-backend] [           main] o.h.b.model.internal.BasicValueBinder    : building BasicValue for id
2025-03-26T10:26:20.758-04:00 DEBUG 1288556 --- [farmtrack-backend] [           main] org.hibernate.mapping.BasicValue         : Skipping column re-registration: users.id
2025-03-26T10:26:20.759-04:00 DEBUG 1288556 --- [farmtrack-backend] [           main] o.h.boot.model.internal.PropertyBinder   : Building property id
2025-03-26T10:26:20.759-04:00 DEBUG 1288556 --- [farmtrack-backend] [           main] o.h.boot.model.internal.BinderHelper     : #makeIdGenerator(BasicValue([Column(id)]), id, identity, , ...)
2025-03-26T10:26:20.759-04:00 DEBUG 1288556 --- [farmtrack-backend] [           main] o.h.boot.model.internal.AnnotatedColumn  : Binding column: AnnotatedColumn()
2025-03-26T10:26:20.759-04:00 DEBUG 1288556 --- [farmtrack-backend] [           main] o.h.boot.model.internal.PropertyBinder   : MetadataSourceProcessor property password with lazy=false
2025-03-26T10:26:20.759-04:00 DEBUG 1288556 --- [farmtrack-backend] [           main] o.h.b.m.internal.AbstractPropertyHolder  : Attempting to locate auto-apply AttributeConverter for property [com.ncsu.farmtrackbackend.model.User:password]
2025-03-26T10:26:20.759-04:00 DEBUG 1288556 --- [farmtrack-backend] [           main] o.h.b.model.internal.BasicValueBinder    : building BasicValue for password
2025-03-26T10:26:20.760-04:00 DEBUG 1288556 --- [farmtrack-backend] [           main] org.hibernate.mapping.BasicValue         : Skipping column re-registration: users.password
2025-03-26T10:26:20.760-04:00 DEBUG 1288556 --- [farmtrack-backend] [onnection adder] jdk.event.security                       : X509Certificate: Alg:SHA256withRSA, Serial:2f:55:70:27:db:f1:77:a7:d4:bf:38:a7:3c:55:b7:32:12:fc:fb:42, Subject:CN=warfare, Issuer:CN=warfare, Key type:RSA, Length:2048, Cert Id:-521178736, Valid from:3/9/25, 7:17 PM, Valid until:3/7/35, 6:17 PM
2025-03-26T10:26:20.760-04:00 DEBUG 1288556 --- [farmtrack-backend] [           main] o.h.boot.model.internal.PropertyBinder   : Building property password
2025-03-26T10:26:20.760-04:00 DEBUG 1288556 --- [farmtrack-backend] [           main] o.h.boot.model.internal.AnnotatedColumn  : Binding column: AnnotatedColumn()
2025-03-26T10:26:20.760-04:00 DEBUG 1288556 --- [farmtrack-backend] [           main] o.h.boot.model.internal.PropertyBinder   : MetadataSourceProcessor property role with lazy=false
2025-03-26T10:26:20.760-04:00 DEBUG 1288556 --- [farmtrack-backend] [           main] o.h.b.m.internal.AbstractPropertyHolder  : Attempting to locate auto-apply AttributeConverter for property [com.ncsu.farmtrackbackend.model.User:role]
2025-03-26T10:26:20.760-04:00 DEBUG 1288556 --- [farmtrack-backend] [           main] o.h.b.model.internal.BasicValueBinder    : building BasicValue for role
2025-03-26T10:26:20.760-04:00 DEBUG 1288556 --- [farmtrack-backend] [           main] org.hibernate.mapping.BasicValue         : Skipping column re-registration: users.role
2025-03-26T10:26:20.761-04:00 DEBUG 1288556 --- [farmtrack-backend] [           main] o.h.boot.model.internal.PropertyBinder   : Building property role
2025-03-26T10:26:20.761-04:00 DEBUG 1288556 --- [farmtrack-backend] [           main] o.h.boot.model.internal.AnnotatedColumn  : Binding column: AnnotatedColumn()
2025-03-26T10:26:20.761-04:00 DEBUG 1288556 --- [farmtrack-backend] [           main] o.h.boot.model.internal.PropertyBinder   : MetadataSourceProcessor property username with lazy=false
2025-03-26T10:26:20.761-04:00 DEBUG 1288556 --- [farmtrack-backend] [           main] o.h.b.m.internal.AbstractPropertyHolder  : Attempting to locate auto-apply AttributeConverter for property [com.ncsu.farmtrackbackend.model.User:username]
2025-03-26T10:26:20.761-04:00 DEBUG 1288556 --- [farmtrack-backend] [           main] o.h.b.model.internal.BasicValueBinder    : building BasicValue for username
2025-03-26T10:26:20.761-04:00 DEBUG 1288556 --- [farmtrack-backend] [           main] org.hibernate.mapping.BasicValue         : Skipping column re-registration: users.username
2025-03-26T10:26:20.761-04:00 DEBUG 1288556 --- [farmtrack-backend] [           main] o.h.boot.model.internal.PropertyBinder   : Building property username
2025-03-26T10:26:20.762-04:00 DEBUG 1288556 --- [farmtrack-backend] [           main] o.h.b.r.c.i.ClassLoaderServiceImpl       : HHH000194: Package not found or no package-info.java: com.ncsu.farmtrackbackend.model
2025-03-26T10:26:20.763-04:00 DEBUG 1288556 --- [farmtrack-backend] [onnection adder] jdk.event.security                       :  TLSHandshake: localhost:5432, TLSv1.3, TLS_AES_256_GCM_SHA384, -521178736
2025-03-26T10:26:20.764-04:00 DEBUG 1288556 --- [farmtrack-backend] [           main] o.h.b.model.internal.BasicValueBinder    : Starting `BasicValueBinder#fillSimpleValue` for premiseId
2025-03-26T10:26:20.766-04:00 DEBUG 1288556 --- [farmtrack-backend] [           main] o.h.b.model.internal.BasicValueBinder    : Starting `BasicValueBinder#fillSimpleValue` for totalAnimal
2025-03-26T10:26:20.766-04:00 DEBUG 1288556 --- [farmtrack-backend] [           main] o.h.b.model.internal.BasicValueBinder    : Starting `BasicValueBinder#fillSimpleValue` for movementId
2025-03-26T10:26:20.766-04:00 DEBUG 1288556 --- [farmtrack-backend] [           main] o.h.b.model.internal.BasicValueBinder    : Starting `BasicValueBinder#fillSimpleValue` for numItemsMoved
2025-03-26T10:26:20.767-04:00 DEBUG 1288556 --- [farmtrack-backend] [           main] o.h.b.model.internal.BasicValueBinder    : Starting `BasicValueBinder#fillSimpleValue` for id
2025-03-26T10:26:20.767-04:00 DEBUG 1288556 --- [farmtrack-backend] [           main] o.h.b.model.internal.BasicValueBinder    : Starting `BasicValueBinder#fillSimpleValue` for password
2025-03-26T10:26:20.767-04:00 DEBUG 1288556 --- [farmtrack-backend] [           main] o.h.b.model.internal.BasicValueBinder    : Starting `BasicValueBinder#fillSimpleValue` for role
2025-03-26T10:26:20.769-04:00 DEBUG 1288556 --- [farmtrack-backend] [           main] o.h.b.model.internal.BasicValueBinder    : Starting `BasicValueBinder#fillSimpleValue` for username
2025-03-26T10:26:20.777-04:00 DEBUG 1288556 --- [farmtrack-backend] [onnection adder] com.zaxxer.hikari.pool.HikariPool        : HikariPool-1 - Added connection org.postgresql.jdbc.PgConnection@51d202cb
2025-03-26T10:26:20.782-04:00 DEBUG 1288556 --- [farmtrack-backend] [           main] org.hibernate.mapping.PrimaryKey         : Forcing column [premiseid] to be non-null as it is part of the primary key for table [farm]
2025-03-26T10:26:20.782-04:00 DEBUG 1288556 --- [farmtrack-backend] [           main] org.hibernate.mapping.PrimaryKey         : Forcing column [movement_id] to be non-null as it is part of the primary key for table [movement]
2025-03-26T10:26:20.782-04:00 DEBUG 1288556 --- [farmtrack-backend] [           main] org.hibernate.mapping.PrimaryKey         : Forcing column [id] to be non-null as it is part of the primary key for table [users]
2025-03-26T10:26:20.807-04:00 DEBUG 1288556 --- [farmtrack-backend] [onnection adder] com.zaxxer.hikari.pool.HikariPool        : HikariPool-1 - After adding stats (total=4, active=0, idle=4, waiting=0)
2025-03-26T10:26:20.808-04:00 DEBUG 1288556 --- [farmtrack-backend] [onnection adder] org.postgresql.Driver                    : Connecting with URL: jdbc:postgresql://localhost:5432/farmtrack-db
2025-03-26T10:26:20.808-04:00 DEBUG 1288556 --- [farmtrack-backend] [onnection adder] org.postgresql.jdbc.PgConnection         : PostgreSQL JDBC Driver 42.7.5
2025-03-26T10:26:20.808-04:00 DEBUG 1288556 --- [farmtrack-backend] [onnection adder] org.postgresql.jdbc.PgConnection         :   setDefaultFetchSize = 0
2025-03-26T10:26:20.808-04:00 DEBUG 1288556 --- [farmtrack-backend] [onnection adder] org.postgresql.jdbc.PgConnection         :   setPrepareThreshold = 5
2025-03-26T10:26:20.808-04:00 DEBUG 1288556 --- [farmtrack-backend] [onnection adder] o.p.core.v3.ConnectionFactoryImpl        : Trying to establish a protocol version 3 connection to localhost:5432
2025-03-26T10:26:20.809-04:00 DEBUG 1288556 --- [farmtrack-backend] [onnection adder] o.p.core.v3.ConnectionFactoryImpl        : Receive Buffer Size is 65,536
2025-03-26T10:26:20.809-04:00 DEBUG 1288556 --- [farmtrack-backend] [onnection adder] o.p.core.v3.ConnectionFactoryImpl        : Send Buffer Size is 1,313,280
2025-03-26T10:26:20.811-04:00 DEBUG 1288556 --- [farmtrack-backend] [onnection adder] org.postgresql.ssl.MakeSSL               : converting regular socket connection to ssl
2025-03-26T10:26:20.821-04:00 DEBUG 1288556 --- [farmtrack-backend] [onnection adder] jdk.event.security                       : X509Certificate: Alg:SHA256withRSA, Serial:2f:55:70:27:db:f1:77:a7:d4:bf:38:a7:3c:55:b7:32:12:fc:fb:42, Subject:CN=warfare, Issuer:CN=warfare, Key type:RSA, Length:2048, Cert Id:-521178736, Valid from:3/9/25, 7:17 PM, Valid until:3/7/35, 6:17 PM
2025-03-26T10:26:20.824-04:00 DEBUG 1288556 --- [farmtrack-backend] [onnection adder] jdk.event.security                       :  TLSHandshake: localhost:5432, TLSv1.3, TLS_AES_256_GCM_SHA384, -521178736
2025-03-26T10:26:20.834-04:00 DEBUG 1288556 --- [farmtrack-backend] [onnection adder] com.zaxxer.hikari.pool.HikariPool        : HikariPool-1 - Added connection org.postgresql.jdbc.PgConnection@7ff6c736
2025-03-26T10:26:20.844-04:00 DEBUG 1288556 --- [farmtrack-backend] [           main] o.hibernate.internal.SessionFactoryImpl  : Building session factory
2025-03-26T10:26:20.864-04:00 DEBUG 1288556 --- [farmtrack-backend] [onnection adder] com.zaxxer.hikari.pool.HikariPool        : HikariPool-1 - After adding stats (total=5, active=0, idle=5, waiting=0)
2025-03-26T10:26:20.864-04:00 DEBUG 1288556 --- [farmtrack-backend] [onnection adder] org.postgresql.Driver                    : Connecting with URL: jdbc:postgresql://localhost:5432/farmtrack-db
2025-03-26T10:26:20.865-04:00 DEBUG 1288556 --- [farmtrack-backend] [onnection adder] org.postgresql.jdbc.PgConnection         : PostgreSQL JDBC Driver 42.7.5
2025-03-26T10:26:20.865-04:00 DEBUG 1288556 --- [farmtrack-backend] [onnection adder] org.postgresql.jdbc.PgConnection         :   setDefaultFetchSize = 0
2025-03-26T10:26:20.865-04:00 DEBUG 1288556 --- [farmtrack-backend] [onnection adder] org.postgresql.jdbc.PgConnection         :   setPrepareThreshold = 5
2025-03-26T10:26:20.865-04:00 DEBUG 1288556 --- [farmtrack-backend] [onnection adder] o.p.core.v3.ConnectionFactoryImpl        : Trying to establish a protocol version 3 connection to localhost:5432
2025-03-26T10:26:20.866-04:00 DEBUG 1288556 --- [farmtrack-backend] [onnection adder] o.p.core.v3.ConnectionFactoryImpl        : Receive Buffer Size is 65,536
2025-03-26T10:26:20.866-04:00 DEBUG 1288556 --- [farmtrack-backend] [onnection adder] o.p.core.v3.ConnectionFactoryImpl        : Send Buffer Size is 1,313,280
2025-03-26T10:26:20.867-04:00 DEBUG 1288556 --- [farmtrack-backend] [onnection adder] org.postgresql.ssl.MakeSSL               : converting regular socket connection to ssl
2025-03-26T10:26:20.877-04:00 DEBUG 1288556 --- [farmtrack-backend] [onnection adder] jdk.event.security                       : X509Certificate: Alg:SHA256withRSA, Serial:2f:55:70:27:db:f1:77:a7:d4:bf:38:a7:3c:55:b7:32:12:fc:fb:42, Subject:CN=warfare, Issuer:CN=warfare, Key type:RSA, Length:2048, Cert Id:-521178736, Valid from:3/9/25, 7:17 PM, Valid until:3/7/35, 6:17 PM
2025-03-26T10:26:20.880-04:00 DEBUG 1288556 --- [farmtrack-backend] [onnection adder] jdk.event.security                       :  TLSHandshake: localhost:5432, TLSv1.3, TLS_AES_256_GCM_SHA384, -521178736
2025-03-26T10:26:20.885-04:00 DEBUG 1288556 --- [farmtrack-backend] [           main] .h.s.i.SessionFactoryServiceRegistryImpl : EventListenerRegistry access via ServiceRegistry is deprecated.  Use `sessionFactory.getEventEngine().getListenerRegistry()` instead
2025-03-26T10:26:20.886-04:00 DEBUG 1288556 --- [farmtrack-backend] [           main] o.hibernate.internal.SessionFactoryImpl  : Instantiating SessionFactory with settings: {java.specification.version=17, hibernate.resource.beans.container=org.springframework.orm.hibernate5.SpringBeanContainer@26c1f3eb, hibernate.connection.handling_mode=DELAYED_ACQUISITION_AND_HOLD, sun.jnu.encoding=UTF-8, hibernate.dialect=org.hibernate.dialect.PostgreSQLDialect, hibernate.implicit_naming_strategy=org.springframework.boot.orm.jpa.hibernate.SpringImplicitNamingStrategy, java.class.path=/home/warfare/farmtrack/farmtrack-backend/target/test-classes:/home/warfare/farmtrack/farmtrack-backend/target/classes:/home/warfare/.m2/repository/org/springframework/boot/spring-boot-starter-data-jpa/3.4.4/spring-boot-starter-data-jpa-3.4.4.jar:/home/warfare/.m2/repository/org/springframework/boot/spring-boot-starter-jdbc/3.4.4/spring-boot-starter-jdbc-3.4.4.jar:/home/warfare/.m2/repository/com/zaxxer/HikariCP/5.1.0/HikariCP-5.1.0.jar:/home/warfare/.m2/repository/org/springframework/spring-jdbc/6.2.5/spring-jdbc-6.2.5.jar:/home/warfare/.m2/repository/org/hibernate/orm/hibernate-core/6.6.11.Final/hibernate-core-6.6.11.Final.jar:/home/warfare/.m2/repository/jakarta/persistence/jakarta.persistence-api/3.1.0/jakarta.persistence-api-3.1.0.jar:/home/warfare/.m2/repository/jakarta/transaction/jakarta.transaction-api/2.0.1/jakarta.transaction-api-2.0.1.jar:/home/warfare/.m2/repository/org/hibernate/common/hibernate-commons-annotations/7.0.3.Final/hibernate-commons-annotations-7.0.3.Final.jar:/home/warfare/.m2/repository/io/smallrye/jandex/3.2.0/jandex-3.2.0.jar:/home/warfare/.m2/repository/org/glassfish/jaxb/jaxb-runtime/4.0.5/jaxb-runtime-4.0.5.jar:/home/warfare/.m2/repository/org/glassfish/jaxb/jaxb-core/4.0.5/jaxb-core-4.0.5.jar:/home/warfare/.m2/repository/org/eclipse/angus/angus-activation/2.0.2/angus-activation-2.0.2.jar:/home/warfare/.m2/repository/org/glassfish/jaxb/txw2/4.0.5/txw2-4.0.5.jar:/home/warfare/.m2/repository/com/sun/istack/istack-commons-runtime/4.1.2/istack-commons-runtime-4.1.2.jar:/home/warfare/.m2/repository/jakarta/inject/jakarta.inject-api/2.0.1/jakarta.inject-api-2.0.1.jar:/home/warfare/.m2/repository/org/antlr/antlr4-runtime/4.13.0/antlr4-runtime-4.13.0.jar:/home/warfare/.m2/repository/org/springframework/data/spring-data-jpa/3.4.4/spring-data-jpa-3.4.4.jar:/home/warfare/.m2/repository/org/springframework/data/spring-data-commons/3.4.4/spring-data-commons-3.4.4.jar:/home/warfare/.m2/repository/org/springframework/spring-orm/6.2.5/spring-orm-6.2.5.jar:/home/warfare/.m2/repository/org/springframework/spring-context/6.2.5/spring-context-6.2.5.jar:/home/warfare/.m2/repository/org/springframework/spring-tx/6.2.5/spring-tx-6.2.5.jar:/home/warfare/.m2/repository/org/springframework/spring-beans/6.2.5/spring-beans-6.2.5.jar:/home/warfare/.m2/repository/org/slf4j/slf4j-api/2.0.17/slf4j-api-2.0.17.jar:/home/warfare/.m2/repository/org/springframework/spring-aspects/6.2.5/spring-aspects-6.2.5.jar:/home/warfare/.m2/repository/org/aspectj/aspectjweaver/1.9.23/aspectjweaver-1.9.23.jar:/home/warfare/.m2/repository/org/springframework/boot/spring-boot-starter-security/3.4.4/spring-boot-starter-security-3.4.4.jar:/home/warfare/.m2/repository/org/springframework/spring-aop/6.2.5/spring-aop-6.2.5.jar:/home/warfare/.m2/repository/org/springframework/security/spring-security-config/6.4.4/spring-security-config-6.4.4.jar:/home/warfare/.m2/repository/org/springframework/security/spring-security-web/6.4.4/spring-security-web-6.4.4.jar:/home/warfare/.m2/repository/org/springframework/spring-expression/6.2.5/spring-expression-6.2.5.jar:/home/warfare/.m2/repository/org/springframework/boot/spring-boot-starter-web/3.4.4/spring-boot-starter-web-3.4.4.jar:/home/warfare/.m2/repository/org/springframework/boot/spring-boot-starter-json/3.4.4/spring-boot-starter-json-3.4.4.jar:/home/warfare/.m2/repository/com/fasterxml/jackson/datatype/jackson-datatype-jdk8/2.18.3/jackson-datatype-jdk8-2.18.3.jar:/home/warfare/.m2/repository/com/fasterxml/jackson/datatype/jackson-datatype-jsr310/2.18.3/jackson-datatype-jsr310-2.18.3.jar:/home/warfare/.m2/repository/com/fasterxml/jackson/module/jackson-module-parameter-names/2.18.3/jackson-module-parameter-names-2.18.3.jar:/home/warfare/.m2/repository/org/springframework/boot/spring-boot-starter-tomcat/3.4.4/spring-boot-starter-tomcat-3.4.4.jar:/home/warfare/.m2/repository/org/apache/tomcat/embed/tomcat-embed-core/10.1.39/tomcat-embed-core-10.1.39.jar:/home/warfare/.m2/repository/org/apache/tomcat/embed/tomcat-embed-websocket/10.1.39/tomcat-embed-websocket-10.1.39.jar:/home/warfare/.m2/repository/org/springframework/spring-web/6.2.5/spring-web-6.2.5.jar:/home/warfare/.m2/repository/io/micrometer/micrometer-observation/1.14.5/micrometer-observation-1.14.5.jar:/home/warfare/.m2/repository/io/micrometer/micrometer-commons/1.14.5/micrometer-commons-1.14.5.jar:/home/warfare/.m2/repository/org/springframework/spring-webmvc/6.2.5/spring-webmvc-6.2.5.jar:/home/warfare/.m2/repository/org/springframework/boot/spring-boot-starter/3.4.4/spring-boot-starter-3.4.4.jar:/home/warfare/.m2/repository/org/springframework/boot/spring-boot/3.4.4/spring-boot-3.4.4.jar:/home/warfare/.m2/repository/org/springframework/boot/spring-boot-autoconfigure/3.4.4/spring-boot-autoconfigure-3.4.4.jar:/home/warfare/.m2/repository/org/springframework/boot/spring-boot-starter-logging/3.4.4/spring-boot-starter-logging-3.4.4.jar:/home/warfare/.m2/repository/ch/qos/logback/logback-classic/1.5.18/logback-classic-1.5.18.jar:/home/warfare/.m2/repository/ch/qos/logback/logback-core/1.5.18/logback-core-1.5.18.jar:/home/warfare/.m2/repository/org/apache/logging/log4j/log4j-to-slf4j/2.24.3/log4j-to-slf4j-2.24.3.jar:/home/warfare/.m2/repository/org/apache/logging/log4j/log4j-api/2.24.3/log4j-api-2.24.3.jar:/home/warfare/.m2/repository/org/slf4j/jul-to-slf4j/2.0.17/jul-to-slf4j-2.0.17.jar:/home/warfare/.m2/repository/jakarta/annotation/jakarta.annotation-api/2.1.1/jakarta.annotation-api-2.1.1.jar:/home/warfare/.m2/repository/org/springframework/spring-core/6.2.5/spring-core-6.2.5.jar:/home/warfare/.m2/repository/org/springframework/spring-jcl/6.2.5/spring-jcl-6.2.5.jar:/home/warfare/.m2/repository/org/yaml/snakeyaml/2.3/snakeyaml-2.3.jar:/home/warfare/.m2/repository/org/springframework/boot/spring-boot-devtools/3.4.4/spring-boot-devtools-3.4.4.jar:/home/warfare/.m2/repository/org/postgresql/postgresql/42.7.5/postgresql-42.7.5.jar:/home/warfare/.m2/repository/org/checkerframework/checker-qual/3.48.3/checker-qual-3.48.3.jar:/home/warfare/.m2/repository/org/projectlombok/lombok/1.18.36/lombok-1.18.36.jar:/home/warfare/.m2/repository/org/springframework/boot/spring-boot-starter-test/3.4.4/spring-boot-starter-test-3.4.4.jar:/home/warfare/.m2/repository/org/springframework/boot/spring-boot-test/3.4.4/spring-boot-test-3.4.4.jar:/home/warfare/.m2/repository/org/springframework/boot/spring-boot-test-autoconfigure/3.4.4/spring-boot-test-autoconfigure-3.4.4.jar:/home/warfare/.m2/repository/com/jayway/jsonpath/json-path/2.9.0/json-path-2.9.0.jar:/home/warfare/.m2/repository/jakarta/xml/bind/jakarta.xml.bind-api/4.0.2/jakarta.xml.bind-api-4.0.2.jar:/home/warfare/.m2/repository/jakarta/activation/jakarta.activation-api/2.1.3/jakarta.activation-api-2.1.3.jar:/home/warfare/.m2/repository/net/minidev/json-smart/2.5.2/json-smart-2.5.2.jar:/home/warfare/.m2/repository/net/minidev/accessors-smart/2.5.2/accessors-smart-2.5.2.jar:/home/warfare/.m2/repository/org/ow2/asm/asm/9.7.1/asm-9.7.1.jar:/home/warfare/.m2/repository/org/assertj/assertj-core/3.26.3/assertj-core-3.26.3.jar:/home/warfare/.m2/repository/org/awaitility/awaitility/4.2.2/awaitility-4.2.2.jar:/home/warfare/.m2/repository/org/hamcrest/hamcrest/2.2/hamcrest-2.2.jar:/home/warfare/.m2/repository/org/junit/jupiter/junit-jupiter/5.11.4/junit-jupiter-5.11.4.jar:/home/warfare/.m2/repository/org/junit/jupiter/junit-jupiter-params/5.11.4/junit-jupiter-params-5.11.4.jar:/home/warfare/.m2/repository/org/junit/jupiter/junit-jupiter-engine/5.11.4/junit-jupiter-engine-5.11.4.jar:/home/warfare/.m2/repository/org/junit/platform/junit-platform-engine/1.11.4/junit-platform-engine-1.11.4.jar:/home/warfare/.m2/repository/org/skyscreamer/jsonassert/1.5.3/jsonassert-1.5.3.jar:/home/warfare/.m2/repository/com/vaadin/external/google/android-json/0.0.20131108.vaadin1/android-json-0.0.20131108.vaadin1.jar:/home/warfare/.m2/repository/org/springframework/spring-test/6.2.5/spring-test-6.2.5.jar:/home/warfare/.m2/repository/org/xmlunit/xmlunit-core/2.10.0/xmlunit-core-2.10.0.jar:/home/warfare/.m2/repository/org/springframework/security/spring-security-test/6.4.4/spring-security-test-6.4.4.jar:/home/warfare/.m2/repository/org/springframework/security/spring-security-core/6.4.4/spring-security-core-6.4.4.jar:/home/warfare/.m2/repository/org/springframework/security/spring-security-crypto/6.4.4/spring-security-crypto-6.4.4.jar:/home/warfare/.m2/repository/io/jsonwebtoken/jjwt-api/0.11.5/jjwt-api-0.11.5.jar:/home/warfare/.m2/repository/io/jsonwebtoken/jjwt-impl/0.11.5/jjwt-impl-0.11.5.jar:/home/warfare/.m2/repository/io/jsonwebtoken/jjwt-jackson/0.11.5/jjwt-jackson-0.11.5.jar:/home/warfare/.m2/repository/com/fasterxml/jackson/core/jackson-databind/2.18.3/jackson-databind-2.18.3.jar:/home/warfare/.m2/repository/com/fasterxml/jackson/core/jackson-annotations/2.18.3/jackson-annotations-2.18.3.jar:/home/warfare/.m2/repository/com/fasterxml/jackson/core/jackson-core/2.18.3/jackson-core-2.18.3.jar:/home/warfare/.m2/repository/org/springdoc/springdoc-openapi-starter-webmvc-ui/2.3.0/springdoc-openapi-starter-webmvc-ui-2.3.0.jar:/home/warfare/.m2/repository/org/springdoc/springdoc-openapi-starter-webmvc-api/2.3.0/springdoc-openapi-starter-webmvc-api-2.3.0.jar:/home/warfare/.m2/repository/org/springdoc/springdoc-openapi-starter-common/2.3.0/springdoc-openapi-starter-common-2.3.0.jar:/home/warfare/.m2/repository/io/swagger/core/v3/swagger-core-jakarta/2.2.19/swagger-core-jakarta-2.2.19.jar:/home/warfare/.m2/repository/org/apache/commons/commons-lang3/3.17.0/commons-lang3-3.17.0.jar:/home/warfare/.m2/repository/io/swagger/core/v3/swagger-annotations-jakarta/2.2.19/swagger-annotations-jakarta-2.2.19.jar:/home/warfare/.m2/repository/io/swagger/core/v3/swagger-models-jakarta/2.2.19/swagger-models-jakarta-2.2.19.jar:/home/warfare/.m2/repository/com/fasterxml/jackson/dataformat/jackson-dataformat-yaml/2.18.3/jackson-dataformat-yaml-2.18.3.jar:/home/warfare/.m2/repository/org/webjars/swagger-ui/5.10.3/swagger-ui-5.10.3.jar:/home/warfare/.m2/repository/org/junit/jupiter/junit-jupiter-api/5.11.4/junit-jupiter-api-5.11.4.jar:/home/warfare/.m2/repository/org/opentest4j/opentest4j/1.3.0/opentest4j-1.3.0.jar:/home/warfare/.m2/repository/org/junit/platform/junit-platform-commons/1.11.4/junit-platform-commons-1.11.4.jar:/home/warfare/.m2/repository/org/apiguardian/apiguardian-api/1.1.2/apiguardian-api-1.1.2.jar:/home/warfare/.m2/repository/org/mockito/mockito-core/5.14.2/mockito-core-5.14.2.jar:/home/warfare/.m2/repository/net/bytebuddy/byte-buddy/1.15.11/byte-buddy-1.15.11.jar:/home/warfare/.m2/repository/net/bytebuddy/byte-buddy-agent/1.15.11/byte-buddy-agent-1.15.11.jar:/home/warfare/.m2/repository/org/objenesis/objenesis/3.3/objenesis-3.3.jar:/home/warfare/.m2/repository/org/mockito/mockito-junit-jupiter/5.14.2/mockito-junit-jupiter-5.14.2.jar:/home/warfare/.m2/repository/org/hibernate/validator/hibernate-validator/8.0.2.Final/hibernate-validator-8.0.2.Final.jar:/home/warfare/.m2/repository/jakarta/validation/jakarta.validation-api/3.0.2/jakarta.validation-api-3.0.2.jar:/home/warfare/.m2/repository/org/jboss/logging/jboss-logging/3.6.1.Final/jboss-logging-3.6.1.Final.jar:/home/warfare/.m2/repository/com/fasterxml/classmate/1.7.0/classmate-1.7.0.jar:/home/warfare/.m2/repository/org/springframework/boot/spring-boot-starter-validation/3.4.4/spring-boot-starter-validation-3.4.4.jar:/home/warfare/.m2/repository/org/apache/tomcat/embed/tomcat-embed-el/10.1.39/tomcat-embed-el-10.1.39.jar:, java.vm.vendor=Ubuntu, sun.arch.data.model=64, java.vendor.url=https://ubuntu.com/, user.timezone=America/New_York, jakarta.persistence.sharedCache.mode=UNSPECIFIED, org.jboss.logging.provider=slf4j, java.vm.specification.version=17, os.name=Linux, APPLICATION_NAME=farmtrack-backend, jakarta.persistence.nonJtaDataSource=HikariDataSource (HikariPool-1), sun.java.launcher=SUN_STANDARD, user.country=US, sun.boot.library.path=/usr/lib/jvm/java-17-openjdk-amd64/lib, sun.java.command=/home/warfare/farmtrack/farmtrack-backend/target/surefire/surefirebooter-20250326102616294_3.jar /home/warfare/farmtrack/farmtrack-backend/target/surefire 2025-03-26T10-26-16_208-jvmRun1 surefire-20250326102616294_1tmp surefire_0-20250326102616294_2tmp, javax.persistence.nonJtaDataSource=HikariDataSource (HikariPool-1), hibernate.transaction.jta.platform=org.hibernate.engine.transaction.jta.platform.internal.NoJtaPlatform@79982bcc, jdk.debug=release, surefire.test.class.path=/home/warfare/farmtrack/farmtrack-backend/target/test-classes:/home/warfare/farmtrack/farmtrack-backend/target/classes:/home/warfare/.m2/repository/org/springframework/boot/spring-boot-starter-data-jpa/3.4.4/spring-boot-starter-data-jpa-3.4.4.jar:/home/warfare/.m2/repository/org/springframework/boot/spring-boot-starter-jdbc/3.4.4/spring-boot-starter-jdbc-3.4.4.jar:/home/warfare/.m2/repository/com/zaxxer/HikariCP/5.1.0/HikariCP-5.1.0.jar:/home/warfare/.m2/repository/org/springframework/spring-jdbc/6.2.5/spring-jdbc-6.2.5.jar:/home/warfare/.m2/repository/org/hibernate/orm/hibernate-core/6.6.11.Final/hibernate-core-6.6.11.Final.jar:/home/warfare/.m2/repository/jakarta/persistence/jakarta.persistence-api/3.1.0/jakarta.persistence-api-3.1.0.jar:/home/warfare/.m2/repository/jakarta/transaction/jakarta.transaction-api/2.0.1/jakarta.transaction-api-2.0.1.jar:/home/warfare/.m2/repository/org/hibernate/common/hibernate-commons-annotations/7.0.3.Final/hibernate-commons-annotations-7.0.3.Final.jar:/home/warfare/.m2/repository/io/smallrye/jandex/3.2.0/jandex-3.2.0.jar:/home/warfare/.m2/repository/org/glassfish/jaxb/jaxb-runtime/4.0.5/jaxb-runtime-4.0.5.jar:/home/warfare/.m2/repository/org/glassfish/jaxb/jaxb-core/4.0.5/jaxb-core-4.0.5.jar:/home/warfare/.m2/repository/org/eclipse/angus/angus-activation/2.0.2/angus-activation-2.0.2.jar:/home/warfare/.m2/repository/org/glassfish/jaxb/txw2/4.0.5/txw2-4.0.5.jar:/home/warfare/.m2/repository/com/sun/istack/istack-commons-runtime/4.1.2/istack-commons-runtime-4.1.2.jar:/home/warfare/.m2/repository/jakarta/inject/jakarta.inject-api/2.0.1/jakarta.inject-api-2.0.1.jar:/home/warfare/.m2/repository/org/antlr/antlr4-runtime/4.13.0/antlr4-runtime-4.13.0.jar:/home/warfare/.m2/repository/org/springframework/data/spring-data-jpa/3.4.4/spring-data-jpa-3.4.4.jar:/home/warfare/.m2/repository/org/springframework/data/spring-data-commons/3.4.4/spring-data-commons-3.4.4.jar:/home/warfare/.m2/repository/org/springframework/spring-orm/6.2.5/spring-orm-6.2.5.jar:/home/warfare/.m2/repository/org/springframework/spring-context/6.2.5/spring-context-6.2.5.jar:/home/warfare/.m2/repository/org/springframework/spring-tx/6.2.5/spring-tx-6.2.5.jar:/home/warfare/.m2/repository/org/springframework/spring-beans/6.2.5/spring-beans-6.2.5.jar:/home/warfare/.m2/repository/org/slf4j/slf4j-api/2.0.17/slf4j-api-2.0.17.jar:/home/warfare/.m2/repository/org/springframework/spring-aspects/6.2.5/spring-aspects-6.2.5.jar:/home/warfare/.m2/repository/org/aspectj/aspectjweaver/1.9.23/aspectjweaver-1.9.23.jar:/home/warfare/.m2/repository/org/springframework/boot/spring-boot-starter-security/3.4.4/spring-boot-starter-security-3.4.4.jar:/home/warfare/.m2/repository/org/springframework/spring-aop/6.2.5/spring-aop-6.2.5.jar:/home/warfare/.m2/repository/org/springframework/security/spring-security-config/6.4.4/spring-security-config-6.4.4.jar:/home/warfare/.m2/repository/org/springframework/security/spring-security-web/6.4.4/spring-security-web-6.4.4.jar:/home/warfare/.m2/repository/org/springframework/spring-expression/6.2.5/spring-expression-6.2.5.jar:/home/warfare/.m2/repository/org/springframework/boot/spring-boot-starter-web/3.4.4/spring-boot-starter-web-3.4.4.jar:/home/warfare/.m2/repository/org/springframework/boot/spring-boot-starter-json/3.4.4/spring-boot-starter-json-3.4.4.jar:/home/warfare/.m2/repository/com/fasterxml/jackson/datatype/jackson-datatype-jdk8/2.18.3/jackson-datatype-jdk8-2.18.3.jar:/home/warfare/.m2/repository/com/fasterxml/jackson/datatype/jackson-datatype-jsr310/2.18.3/jackson-datatype-jsr310-2.18.3.jar:/home/warfare/.m2/repository/com/fasterxml/jackson/module/jackson-module-parameter-names/2.18.3/jackson-module-parameter-names-2.18.3.jar:/home/warfare/.m2/repository/org/springframework/boot/spring-boot-starter-tomcat/3.4.4/spring-boot-starter-tomcat-3.4.4.jar:/home/warfare/.m2/repository/org/apache/tomcat/embed/tomcat-embed-core/10.1.39/tomcat-embed-core-10.1.39.jar:/home/warfare/.m2/repository/org/apache/tomcat/embed/tomcat-embed-websocket/10.1.39/tomcat-embed-websocket-10.1.39.jar:/home/warfare/.m2/repository/org/springframework/spring-web/6.2.5/spring-web-6.2.5.jar:/home/warfare/.m2/repository/io/micrometer/micrometer-observation/1.14.5/micrometer-observation-1.14.5.jar:/home/warfare/.m2/repository/io/micrometer/micrometer-commons/1.14.5/micrometer-commons-1.14.5.jar:/home/warfare/.m2/repository/org/springframework/spring-webmvc/6.2.5/spring-webmvc-6.2.5.jar:/home/warfare/.m2/repository/org/springframework/boot/spring-boot-starter/3.4.4/spring-boot-starter-3.4.4.jar:/home/warfare/.m2/repository/org/springframework/boot/spring-boot/3.4.4/spring-boot-3.4.4.jar:/home/warfare/.m2/repository/org/springframework/boot/spring-boot-autoconfigure/3.4.4/spring-boot-autoconfigure-3.4.4.jar:/home/warfare/.m2/repository/org/springframework/boot/spring-boot-starter-logging/3.4.4/spring-boot-starter-logging-3.4.4.jar:/home/warfare/.m2/repository/ch/qos/logback/logback-classic/1.5.18/logback-classic-1.5.18.jar:/home/warfare/.m2/repository/ch/qos/logback/logback-core/1.5.18/logback-core-1.5.18.jar:/home/warfare/.m2/repository/org/apache/logging/log4j/log4j-to-slf4j/2.24.3/log4j-to-slf4j-2.24.3.jar:/home/warfare/.m2/repository/org/apache/logging/log4j/log4j-api/2.24.3/log4j-api-2.24.3.jar:/home/warfare/.m2/repository/org/slf4j/jul-to-slf4j/2.0.17/jul-to-slf4j-2.0.17.jar:/home/warfare/.m2/repository/jakarta/annotation/jakarta.annotation-api/2.1.1/jakarta.annotation-api-2.1.1.jar:/home/warfare/.m2/repository/org/springframework/spring-core/6.2.5/spring-core-6.2.5.jar:/home/warfare/.m2/repository/org/springframework/spring-jcl/6.2.5/spring-jcl-6.2.5.jar:/home/warfare/.m2/repository/org/yaml/snakeyaml/2.3/snakeyaml-2.3.jar:/home/warfare/.m2/repository/org/springframework/boot/spring-boot-devtools/3.4.4/spring-boot-devtools-3.4.4.jar:/home/warfare/.m2/repository/org/postgresql/postgresql/42.7.5/postgresql-42.7.5.jar:/home/warfare/.m2/repository/org/checkerframework/checker-qual/3.48.3/checker-qual-3.48.3.jar:/home/warfare/.m2/repository/org/projectlombok/lombok/1.18.36/lombok-1.18.36.jar:/home/warfare/.m2/repository/org/springframework/boot/spring-boot-starter-test/3.4.4/spring-boot-starter-test-3.4.4.jar:/home/warfare/.m2/repository/org/springframework/boot/spring-boot-test/3.4.4/spring-boot-test-3.4.4.jar:/home/warfare/.m2/repository/org/springframework/boot/spring-boot-test-autoconfigure/3.4.4/spring-boot-test-autoconfigure-3.4.4.jar:/home/warfare/.m2/repository/com/jayway/jsonpath/json-path/2.9.0/json-path-2.9.0.jar:/home/warfare/.m2/repository/jakarta/xml/bind/jakarta.xml.bind-api/4.0.2/jakarta.xml.bind-api-4.0.2.jar:/home/warfare/.m2/repository/jakarta/activation/jakarta.activation-api/2.1.3/jakarta.activation-api-2.1.3.jar:/home/warfare/.m2/repository/net/minidev/json-smart/2.5.2/json-smart-2.5.2.jar:/home/warfare/.m2/repository/net/minidev/accessors-smart/2.5.2/accessors-smart-2.5.2.jar:/home/warfare/.m2/repository/org/ow2/asm/asm/9.7.1/asm-9.7.1.jar:/home/warfare/.m2/repository/org/assertj/assertj-core/3.26.3/assertj-core-3.26.3.jar:/home/warfare/.m2/repository/org/awaitility/awaitility/4.2.2/awaitility-4.2.2.jar:/home/warfare/.m2/repository/org/hamcrest/hamcrest/2.2/hamcrest-2.2.jar:/home/warfare/.m2/repository/org/junit/jupiter/junit-jupiter/5.11.4/junit-jupiter-5.11.4.jar:/home/warfare/.m2/repository/org/junit/jupiter/junit-jupiter-params/5.11.4/junit-jupiter-params-5.11.4.jar:/home/warfare/.m2/repository/org/junit/jupiter/junit-jupiter-engine/5.11.4/junit-jupiter-engine-5.11.4.jar:/home/warfare/.m2/repository/org/junit/platform/junit-platform-engine/1.11.4/junit-platform-engine-1.11.4.jar:/home/warfare/.m2/repository/org/skyscreamer/jsonassert/1.5.3/jsonassert-1.5.3.jar:/home/warfare/.m2/repository/com/vaadin/external/google/android-json/0.0.20131108.vaadin1/android-json-0.0.20131108.vaadin1.jar:/home/warfare/.m2/repository/org/springframework/spring-test/6.2.5/spring-test-6.2.5.jar:/home/warfare/.m2/repository/org/xmlunit/xmlunit-core/2.10.0/xmlunit-core-2.10.0.jar:/home/warfare/.m2/repository/org/springframework/security/spring-security-test/6.4.4/spring-security-test-6.4.4.jar:/home/warfare/.m2/repository/org/springframework/security/spring-security-core/6.4.4/spring-security-core-6.4.4.jar:/home/warfare/.m2/repository/org/springframework/security/spring-security-crypto/6.4.4/spring-security-crypto-6.4.4.jar:/home/warfare/.m2/repository/io/jsonwebtoken/jjwt-api/0.11.5/jjwt-api-0.11.5.jar:/home/warfare/.m2/repository/io/jsonwebtoken/jjwt-impl/0.11.5/jjwt-impl-0.11.5.jar:/home/warfare/.m2/repository/io/jsonwebtoken/jjwt-jackson/0.11.5/jjwt-jackson-0.11.5.jar:/home/warfare/.m2/repository/com/fasterxml/jackson/core/jackson-databind/2.18.3/jackson-databind-2.18.3.jar:/home/warfare/.m2/repository/com/fasterxml/jackson/core/jackson-annotations/2.18.3/jackson-annotations-2.18.3.jar:/home/warfare/.m2/repository/com/fasterxml/jackson/core/jackson-core/2.18.3/jackson-core-2.18.3.jar:/home/warfare/.m2/repository/org/springdoc/springdoc-openapi-starter-webmvc-ui/2.3.0/springdoc-openapi-starter-webmvc-ui-2.3.0.jar:/home/warfare/.m2/repository/org/springdoc/springdoc-openapi-starter-webmvc-api/2.3.0/springdoc-openapi-starter-webmvc-api-2.3.0.jar:/home/warfare/.m2/repository/org/springdoc/springdoc-openapi-starter-common/2.3.0/springdoc-openapi-starter-common-2.3.0.jar:/home/warfare/.m2/repository/io/swagger/core/v3/swagger-core-jakarta/2.2.19/swagger-core-jakarta-2.2.19.jar:/home/warfare/.m2/repository/org/apache/commons/commons-lang3/3.17.0/commons-lang3-3.17.0.jar:/home/warfare/.m2/repository/io/swagger/core/v3/swagger-annotations-jakarta/2.2.19/swagger-annotations-jakarta-2.2.19.jar:/home/warfare/.m2/repository/io/swagger/core/v3/swagger-models-jakarta/2.2.19/swagger-models-jakarta-2.2.19.jar:/home/warfare/.m2/repository/com/fasterxml/jackson/dataformat/jackson-dataformat-yaml/2.18.3/jackson-dataformat-yaml-2.18.3.jar:/home/warfare/.m2/repository/org/webjars/swagger-ui/5.10.3/swagger-ui-5.10.3.jar:/home/warfare/.m2/repository/org/junit/jupiter/junit-jupiter-api/5.11.4/junit-jupiter-api-5.11.4.jar:/home/warfare/.m2/repository/org/opentest4j/opentest4j/1.3.0/opentest4j-1.3.0.jar:/home/warfare/.m2/repository/org/junit/platform/junit-platform-commons/1.11.4/junit-platform-commons-1.11.4.jar:/home/warfare/.m2/repository/org/apiguardian/apiguardian-api/1.1.2/apiguardian-api-1.1.2.jar:/home/warfare/.m2/repository/org/mockito/mockito-core/5.14.2/mockito-core-5.14.2.jar:/home/warfare/.m2/repository/net/bytebuddy/byte-buddy/1.15.11/byte-buddy-1.15.11.jar:/home/warfare/.m2/repository/net/bytebuddy/byte-buddy-agent/1.15.11/byte-buddy-agent-1.15.11.jar:/home/warfare/.m2/repository/org/objenesis/objenesis/3.3/objenesis-3.3.jar:/home/warfare/.m2/repository/org/mockito/mockito-junit-jupiter/5.14.2/mockito-junit-jupiter-5.14.2.jar:/home/warfare/.m2/repository/org/hibernate/validator/hibernate-validator/8.0.2.Final/hibernate-validator-8.0.2.Final.jar:/home/warfare/.m2/repository/jakarta/validation/jakarta.validation-api/3.0.2/jakarta.validation-api-3.0.2.jar:/home/warfare/.m2/repository/org/jboss/logging/jboss-logging/3.6.1.Final/jboss-logging-3.6.1.Final.jar:/home/warfare/.m2/repository/com/fasterxml/classmate/1.7.0/classmate-1.7.0.jar:/home/warfare/.m2/repository/org/springframework/boot/spring-boot-starter-validation/3.4.4/spring-boot-starter-validation-3.4.4.jar:/home/warfare/.m2/repository/org/apache/tomcat/embed/tomcat-embed-el/10.1.39/tomcat-embed-el-10.1.39.jar:, sun.cpu.endian=little, hibernate.cdi.extensions=true, user.home=/home/warfare, user.language=en, java.specification.vendor=Oracle Corporation, java.version.date=2025-01-21, java.home=/usr/lib/jvm/java-17-openjdk-amd64, file.separator=/, basedir=/home/warfare/farmtrack/farmtrack-backend, java.vm.compressedOopsMode=Zero based, line.separator=
, hibernate.persistenceUnitName=default, java.specification.name=Java Platform API Specification, java.vm.specification.vendor=Oracle Corporation, FILE_LOG_CHARSET=UTF-8, hibernate.transaction.coordinator_class=class org.hibernate.resource.transaction.backend.jdbc.internal.JdbcResourceLocalTransactionCoordinatorBuilderImpl, java.awt.headless=true, surefire.real.class.path=/home/warfare/farmtrack/farmtrack-backend/target/surefire/surefirebooter-20250326102616294_3.jar, jakarta.persistence.validation.mode=AUTO, hibernate.hbm2ddl.auto=update, sun.management.compiler=HotSpot 64-Bit Tiered Compilers, java.runtime.version=17.0.14+7-Ubuntu-124.04, user.name=warfare, path.separator=:, os.version=6.11.0-19-generic, java.runtime.name=OpenJDK Runtime Environment, file.encoding=UTF-8, java.vm.name=OpenJDK 64-Bit Server VM, hibernate.show_sql=true, localRepository=/home/warfare/.m2/repository, java.vendor.url.bug=https://bugs.launchpad.net/ubuntu/+source/openjdk-17, java.io.tmpdir=/tmp, java.version=17.0.14, hibernate.physical_naming_strategy=org.hibernate.boot.model.naming.CamelCaseToUnderscoresNamingStrategy, user.dir=/home/warfare/farmtrack/farmtrack-backend, os.arch=amd64, java.vm.specification.name=Java Virtual Machine Specification, PID=1288556, CONSOLE_LOG_CHARSET=UTF-8, hibernate.boot.CfgXmlAccessService.key=org.hibernate.boot.registry.StandardServiceRegistryBuilder$1@16b2d182, native.encoding=UTF-8, java.library.path=/usr/java/packages/lib:/usr/lib/x86_64-linux-gnu/jni:/lib/x86_64-linux-gnu:/usr/lib/x86_64-linux-gnu:/usr/lib/jni:/lib:/usr/lib, java.vendor=Ubuntu, java.vm.info=mixed mode, sharing, java.vm.version=17.0.14+7-Ubuntu-124.04, java.specification.maintenance.version=1, sun.io.unicode.encoding=UnicodeLittle, hibernate.archive.scanner=org.hibernate.boot.archive.scan.internal.DisabledScanner, hibernate.connection.datasource=HikariDataSource (HikariPool-1), java.class.version=61.0, LOGGED_APPLICATION_NAME=[farmtrack-backend] }
2025-03-26T10:26:20.889-04:00 DEBUG 1288556 --- [farmtrack-backend] [           main] o.hibernate.internal.SessionFactoryImpl  : Session factory constructed with filter configurations : {}
2025-03-26T10:26:20.893-04:00 DEBUG 1288556 --- [farmtrack-backend] [onnection adder] com.zaxxer.hikari.pool.HikariPool        : HikariPool-1 - Added connection org.postgresql.jdbc.PgConnection@71f877e1
2025-03-26T10:26:20.894-04:00 DEBUG 1288556 --- [farmtrack-backend] [           main] o.h.v.i.xml.config.ValidationXmlParser   : Trying to load META-INF/validation.xml for XML based Validator configuration.
2025-03-26T10:26:20.895-04:00 DEBUG 1288556 --- [farmtrack-backend] [           main] o.h.v.i.xml.config.ResourceLoaderHelper  : Trying to load META-INF/validation.xml via TCCL
2025-03-26T10:26:20.895-04:00 DEBUG 1288556 --- [farmtrack-backend] [           main] o.h.v.i.xml.config.ResourceLoaderHelper  : Trying to load META-INF/validation.xml via Hibernate Validator's class loader
2025-03-26T10:26:20.895-04:00 DEBUG 1288556 --- [farmtrack-backend] [           main] o.h.v.i.xml.config.ValidationXmlParser   : No META-INF/validation.xml found. Using annotation based configuration only.
2025-03-26T10:26:20.895-04:00 DEBUG 1288556 --- [farmtrack-backend] [           main] o.h.v.i.e.resolver.TraversableResolvers  : Found jakarta.persistence.Persistence on classpath containing 'getPersistenceUtil'. Assuming JPA 2 environment. Trying to instantiate JPA aware TraversableResolver
2025-03-26T10:26:20.895-04:00 DEBUG 1288556 --- [farmtrack-backend] [           main] o.h.v.i.e.resolver.TraversableResolvers  : Instantiated JPA aware TraversableResolver of type org.hibernate.validator.internal.engine.resolver.JPATraversableResolver.
2025-03-26T10:26:20.896-04:00 DEBUG 1288556 --- [farmtrack-backend] [           main] .h.v.m.ResourceBundleMessageInterpolator : Loaded expression factory via original TCCL
2025-03-26T10:26:20.897-04:00 DEBUG 1288556 --- [farmtrack-backend] [           main] .i.e.ValidatorFactoryConfigurationHelper : HV000252: Using org.hibernate.validator.internal.engine.DefaultPropertyNodeNameProvider as property node name provider.
2025-03-26T10:26:20.898-04:00 DEBUG 1288556 --- [farmtrack-backend] [           main] .i.e.ValidatorFactoryConfigurationHelper : HV000234: Using org.hibernate.validator.messageinterpolation.ResourceBundleMessageInterpolator as ValidatorFactory-scoped message interpolator.
2025-03-26T10:26:20.898-04:00 DEBUG 1288556 --- [farmtrack-backend] [           main] .i.e.ValidatorFactoryConfigurationHelper : HV000234: Using org.hibernate.validator.internal.engine.resolver.JPATraversableResolver as ValidatorFactory-scoped traversable resolver.
2025-03-26T10:26:20.898-04:00 DEBUG 1288556 --- [farmtrack-backend] [           main] .i.e.ValidatorFactoryConfigurationHelper : HV000234: Using org.hibernate.validator.internal.util.ExecutableParameterNameProvider as ValidatorFactory-scoped parameter name provider.
2025-03-26T10:26:20.898-04:00 DEBUG 1288556 --- [farmtrack-backend] [           main] .i.e.ValidatorFactoryConfigurationHelper : HV000234: Using org.hibernate.validator.internal.engine.DefaultClockProvider as ValidatorFactory-scoped clock provider.
2025-03-26T10:26:20.898-04:00 DEBUG 1288556 --- [farmtrack-backend] [           main] .i.e.ValidatorFactoryConfigurationHelper : HV000234: Using org.hibernate.validator.internal.engine.scripting.DefaultScriptEvaluatorFactory as ValidatorFactory-scoped script evaluator factory.
2025-03-26T10:26:20.899-04:00 DEBUG 1288556 --- [farmtrack-backend] [           main] o.h.boot.internal.ClassLoaderAccessImpl  : Not known whether passed class name [com.ncsu.farmtrackbackend.model.Farm] is safe
2025-03-26T10:26:20.899-04:00 DEBUG 1288556 --- [farmtrack-backend] [           main] o.h.boot.internal.ClassLoaderAccessImpl  : No temp ClassLoader provided; using live ClassLoader for loading potentially unsafe class : com.ncsu.farmtrackbackend.model.Farm
2025-03-26T10:26:20.923-04:00 DEBUG 1288556 --- [farmtrack-backend] [onnection adder] com.zaxxer.hikari.pool.HikariPool        : HikariPool-1 - After adding stats (total=6, active=0, idle=6, waiting=0)
2025-03-26T10:26:20.924-04:00 DEBUG 1288556 --- [farmtrack-backend] [onnection adder] org.postgresql.Driver                    : Connecting with URL: jdbc:postgresql://localhost:5432/farmtrack-db
2025-03-26T10:26:20.924-04:00 DEBUG 1288556 --- [farmtrack-backend] [onnection adder] org.postgresql.jdbc.PgConnection         : PostgreSQL JDBC Driver 42.7.5
2025-03-26T10:26:20.924-04:00 DEBUG 1288556 --- [farmtrack-backend] [onnection adder] org.postgresql.jdbc.PgConnection         :   setDefaultFetchSize = 0
2025-03-26T10:26:20.924-04:00 DEBUG 1288556 --- [farmtrack-backend] [onnection adder] org.postgresql.jdbc.PgConnection         :   setPrepareThreshold = 5
2025-03-26T10:26:20.924-04:00 DEBUG 1288556 --- [farmtrack-backend] [onnection adder] o.p.core.v3.ConnectionFactoryImpl        : Trying to establish a protocol version 3 connection to localhost:5432
2025-03-26T10:26:20.925-04:00 DEBUG 1288556 --- [farmtrack-backend] [onnection adder] o.p.core.v3.ConnectionFactoryImpl        : Receive Buffer Size is 65,536
2025-03-26T10:26:20.925-04:00 DEBUG 1288556 --- [farmtrack-backend] [onnection adder] o.p.core.v3.ConnectionFactoryImpl        : Send Buffer Size is 1,313,280
2025-03-26T10:26:20.926-04:00 DEBUG 1288556 --- [farmtrack-backend] [onnection adder] org.postgresql.ssl.MakeSSL               : converting regular socket connection to ssl
2025-03-26T10:26:20.931-04:00 DEBUG 1288556 --- [farmtrack-backend] [           main] o.h.boot.internal.ClassLoaderAccessImpl  : Not known whether passed class name [com.ncsu.farmtrackbackend.model.Movement] is safe
2025-03-26T10:26:20.931-04:00 DEBUG 1288556 --- [farmtrack-backend] [           main] o.h.boot.internal.ClassLoaderAccessImpl  : No temp ClassLoader provided; using live ClassLoader for loading potentially unsafe class : com.ncsu.farmtrackbackend.model.Movement
2025-03-26T10:26:20.934-04:00 DEBUG 1288556 --- [farmtrack-backend] [onnection adder] jdk.event.security                       : X509Certificate: Alg:SHA256withRSA, Serial:2f:55:70:27:db:f1:77:a7:d4:bf:38:a7:3c:55:b7:32:12:fc:fb:42, Subject:CN=warfare, Issuer:CN=warfare, Key type:RSA, Length:2048, Cert Id:-521178736, Valid from:3/9/25, 7:17 PM, Valid until:3/7/35, 6:17 PM
2025-03-26T10:26:20.934-04:00 DEBUG 1288556 --- [farmtrack-backend] [           main] o.h.boot.internal.ClassLoaderAccessImpl  : Not known whether passed class name [com.ncsu.farmtrackbackend.model.User] is safe
2025-03-26T10:26:20.934-04:00 DEBUG 1288556 --- [farmtrack-backend] [           main] o.h.boot.internal.ClassLoaderAccessImpl  : No temp ClassLoader provided; using live ClassLoader for loading potentially unsafe class : com.ncsu.farmtrackbackend.model.User
2025-03-26T10:26:20.937-04:00 DEBUG 1288556 --- [farmtrack-backend] [           main] .h.s.i.SessionFactoryServiceRegistryImpl : EventListenerRegistry access via ServiceRegistry is deprecated.  Use `sessionFactory.getEventEngine().getListenerRegistry()` instead
2025-03-26T10:26:20.941-04:00 DEBUG 1288556 --- [farmtrack-backend] [onnection adder] jdk.event.security                       :  TLSHandshake: localhost:5432, TLSv1.3, TLS_AES_256_GCM_SHA384, -521178736
2025-03-26T10:26:20.948-04:00 DEBUG 1288556 --- [farmtrack-backend] [onnection adder] com.zaxxer.hikari.pool.HikariPool        : HikariPool-1 - Added connection org.postgresql.jdbc.PgConnection@41a326e9
2025-03-26T10:26:20.972-04:00 DEBUG 1288556 --- [farmtrack-backend] [           main] o.h.q.sqm.function.SqmFunctionRegistry   : Registered SqmFunctionTemplate [NamedSqmFunctionTemplate(max)] under max; prior registration was null
2025-03-26T10:26:20.972-04:00 DEBUG 1288556 --- [farmtrack-backend] [           main] o.h.q.sqm.function.SqmFunctionRegistry   : Registered SqmFunctionTemplate [NamedSqmFunctionTemplate(min)] under min; prior registration was null
2025-03-26T10:26:20.972-04:00 DEBUG 1288556 --- [farmtrack-backend] [           main] o.h.q.sqm.function.SqmFunctionRegistry   : Registered SqmFunctionTemplate [NamedSqmFunctionTemplate(sum)] under sum; prior registration was null
2025-03-26T10:26:20.973-04:00 DEBUG 1288556 --- [farmtrack-backend] [           main] o.h.q.sqm.function.SqmFunctionRegistry   : Registered SqmFunctionTemplate [NamedSqmFunctionTemplate(avg)] under avg; prior registration was null
2025-03-26T10:26:20.974-04:00 DEBUG 1288556 --- [farmtrack-backend] [           main] o.h.q.sqm.function.SqmFunctionRegistry   : Registered SqmFunctionTemplate [org.hibernate.dialect.function.CountFunction@3146f3d7] under count; prior registration was null
2025-03-26T10:26:20.975-04:00 DEBUG 1288556 --- [farmtrack-backend] [           main] o.h.q.sqm.function.SqmFunctionRegistry   : Registered SqmFunctionTemplate [org.hibernate.dialect.function.EveryAnyEmulation@5c40402c] under every; prior registration was null
2025-03-26T10:26:20.975-04:00 DEBUG 1288556 --- [farmtrack-backend] [           main] o.h.q.sqm.function.SqmFunctionRegistry   : Registered SqmFunctionTemplate [org.hibernate.dialect.function.EveryAnyEmulation@198524ec] under any; prior registration was null
2025-03-26T10:26:20.975-04:00 DEBUG 1288556 --- [farmtrack-backend] [           main] o.h.q.sqm.function.SqmFunctionRegistry   : Registered SqmFunctionTemplate [NamedSqmFunctionTemplate(floor)] under floor; prior registration was null
2025-03-26T10:26:20.975-04:00 DEBUG 1288556 --- [farmtrack-backend] [           main] o.h.q.sqm.function.SqmFunctionRegistry   : Registered SqmFunctionTemplate [NamedSqmFunctionTemplate(ceiling)] under ceiling; prior registration was null
2025-03-26T10:26:20.975-04:00 DEBUG 1288556 --- [farmtrack-backend] [           main] o.h.q.sqm.function.SqmFunctionRegistry   : Registered SqmFunctionTemplate [NamedSqmFunctionTemplate(mod)] under mod; prior registration was null
2025-03-26T10:26:20.975-04:00 DEBUG 1288556 --- [farmtrack-backend] [           main] o.h.q.sqm.function.SqmFunctionRegistry   : Registered SqmFunctionTemplate [NamedSqmFunctionTemplate(abs)] under abs; prior registration was null
2025-03-26T10:26:20.975-04:00 DEBUG 1288556 --- [farmtrack-backend] [           main] o.h.q.sqm.function.SqmFunctionRegistry   : Registered SqmFunctionTemplate [NamedSqmFunctionTemplate(sign)] under sign; prior registration was null
2025-03-26T10:26:20.975-04:00 DEBUG 1288556 --- [farmtrack-backend] [           main] o.h.q.sqm.function.SqmFunctionRegistry   : Registered SqmFunctionTemplate [NamedSqmFunctionTemplate(sqrt)] under sqrt; prior registration was null
2025-03-26T10:26:20.975-04:00 DEBUG 1288556 --- [farmtrack-backend] [           main] o.h.q.sqm.function.SqmFunctionRegistry   : Registered SqmFunctionTemplate [NamedSqmFunctionTemplate(ln)] under ln; prior registration was null
2025-03-26T10:26:20.975-04:00 DEBUG 1288556 --- [farmtrack-backend] [           main] o.h.q.sqm.function.SqmFunctionRegistry   : Registered SqmFunctionTemplate [NamedSqmFunctionTemplate(exp)] under exp; prior registration was null
2025-03-26T10:26:20.975-04:00 DEBUG 1288556 --- [farmtrack-backend] [           main] o.h.q.sqm.function.SqmFunctionRegistry   : Registered SqmFunctionTemplate [NamedSqmFunctionTemplate(power)] under power; prior registration was null
2025-03-26T10:26:20.976-04:00 DEBUG 1288556 --- [farmtrack-backend] [           main] o.h.q.sqm.function.SqmFunctionRegistry   : Registered SqmFunctionTemplate [NamedSqmFunctionTemplate(round)] under round; prior registration was null
2025-03-26T10:26:20.976-04:00 DEBUG 1288556 --- [farmtrack-backend] [           main] o.h.q.sqm.function.SqmFunctionRegistry   : Registered SqmFunctionTemplate [NamedSqmFunctionTemplate(sin)] under sin; prior registration was null
2025-03-26T10:26:20.976-04:00 DEBUG 1288556 --- [farmtrack-backend] [           main] o.h.q.sqm.function.SqmFunctionRegistry   : Registered SqmFunctionTemplate [NamedSqmFunctionTemplate(cos)] under cos; prior registration was null
2025-03-26T10:26:20.976-04:00 DEBUG 1288556 --- [farmtrack-backend] [           main] o.h.q.sqm.function.SqmFunctionRegistry   : Registered SqmFunctionTemplate [NamedSqmFunctionTemplate(tan)] under tan; prior registration was null
2025-03-26T10:26:20.976-04:00 DEBUG 1288556 --- [farmtrack-backend] [           main] o.h.q.sqm.function.SqmFunctionRegistry   : Registered SqmFunctionTemplate [NamedSqmFunctionTemplate(asin)] under asin; prior registration was null
2025-03-26T10:26:20.976-04:00 DEBUG 1288556 --- [farmtrack-backend] [           main] o.h.q.sqm.function.SqmFunctionRegistry   : Registered SqmFunctionTemplate [NamedSqmFunctionTemplate(acos)] under acos; prior registration was null
2025-03-26T10:26:20.976-04:00 DEBUG 1288556 --- [farmtrack-backend] [           main] o.h.q.sqm.function.SqmFunctionRegistry   : Registered SqmFunctionTemplate [NamedSqmFunctionTemplate(atan)] under atan; prior registration was null
2025-03-26T10:26:20.976-04:00 DEBUG 1288556 --- [farmtrack-backend] [           main] o.h.q.sqm.function.SqmFunctionRegistry   : Registered SqmFunctionTemplate [NamedSqmFunctionTemplate(atan2)] under atan2; prior registration was null
2025-03-26T10:26:20.977-04:00 DEBUG 1288556 --- [farmtrack-backend] [           main] o.h.q.sqm.function.SqmFunctionRegistry   : Registered SqmFunctionTemplate [org.hibernate.query.sqm.function.PatternBasedSqmFunctionDescriptor@24e31f06] under sinh; prior registration was null
2025-03-26T10:26:20.978-04:00 DEBUG 1288556 --- [farmtrack-backend] [           main] o.h.q.sqm.function.SqmFunctionRegistry   : Registered SqmFunctionTemplate [org.hibernate.query.sqm.function.PatternBasedSqmFunctionDescriptor@5d260494] under cosh; prior registration was null
2025-03-26T10:26:20.978-04:00 DEBUG 1288556 --- [farmtrack-backend] [           main] o.h.q.sqm.function.SqmFunctionRegistry   : Registered SqmFunctionTemplate [org.hibernate.query.sqm.function.PatternBasedSqmFunctionDescriptor@d43f205] under tanh; prior registration was null
2025-03-26T10:26:20.978-04:00 DEBUG 1288556 --- [farmtrack-backend] [           main] o.h.q.sqm.function.SqmFunctionRegistry   : Registered SqmFunctionTemplate [org.hibernate.query.sqm.function.PatternBasedSqmFunctionDescriptor@2da0770] under pi; prior registration was null
2025-03-26T10:26:20.978-04:00 DEBUG 1288556 --- [farmtrack-backend] [           main] o.h.q.sqm.function.SqmFunctionRegistry   : Registered SqmFunctionTemplate [org.hibernate.query.sqm.function.PatternBasedSqmFunctionDescriptor@3efd3302] under log; prior registration was null
2025-03-26T10:26:20.978-04:00 DEBUG 1288556 --- [farmtrack-backend] [           main] o.h.q.sqm.function.SqmFunctionRegistry   : Registered SqmFunctionTemplate [NamedSqmFunctionTemplate(coalesce)] under coalesce; prior registration was null
2025-03-26T10:26:20.978-04:00 DEBUG 1288556 --- [farmtrack-backend] [           main] o.h.q.sqm.function.SqmFunctionRegistry   : Registered SqmFunctionTemplate [NamedSqmFunctionTemplate(nullif)] under nullif; prior registration was null
2025-03-26T10:26:20.978-04:00 DEBUG 1288556 --- [farmtrack-backend] [           main] o.h.q.sqm.function.SqmFunctionRegistry   : Registered SqmFunctionTemplate [NamedSqmFunctionTemplate(left)] under left; prior registration was null
2025-03-26T10:26:20.978-04:00 DEBUG 1288556 --- [farmtrack-backend] [           main] o.h.q.sqm.function.SqmFunctionRegistry   : Registered SqmFunctionTemplate [NamedSqmFunctionTemplate(right)] under right; prior registration was null
2025-03-26T10:26:20.978-04:00 DEBUG 1288556 --- [farmtrack-backend] [           main] o.h.q.sqm.function.SqmFunctionRegistry   : Registered SqmFunctionTemplate [NamedSqmFunctionTemplate(replace)] under replace; prior registration was null
2025-03-26T10:26:20.978-04:00 DEBUG 1288556 --- [farmtrack-backend] [onnection adder] com.zaxxer.hikari.pool.HikariPool        : HikariPool-1 - After adding stats (total=7, active=0, idle=7, waiting=0)
2025-03-26T10:26:20.978-04:00 DEBUG 1288556 --- [farmtrack-backend] [           main] o.h.q.sqm.function.SqmFunctionRegistry   : Registered SqmFunctionTemplate [NamedSqmFunctionTemplate(concat)] under concat; prior registration was null
2025-03-26T10:26:20.978-04:00 DEBUG 1288556 --- [farmtrack-backend] [           main] o.h.q.sqm.function.SqmFunctionRegistry   : Registered SqmFunctionTemplate [NamedSqmFunctionTemplate(lower)] under lower; prior registration was null
2025-03-26T10:26:20.978-04:00 DEBUG 1288556 --- [farmtrack-backend] [           main] o.h.q.sqm.function.SqmFunctionRegistry   : Registered SqmFunctionTemplate [NamedSqmFunctionTemplate(upper)] under upper; prior registration was null
2025-03-26T10:26:20.979-04:00 DEBUG 1288556 --- [farmtrack-backend] [           main] o.h.q.sqm.function.SqmFunctionRegistry   : Registered SqmFunctionTemplate [NamedSqmFunctionTemplate(substring)] under substring; prior registration was null
2025-03-26T10:26:20.979-04:00 DEBUG 1288556 --- [farmtrack-backend] [           main] o.h.q.sqm.function.SqmFunctionRegistry   : Registered SqmFunctionTemplate [NamedSqmFunctionTemplate(locate)] under locate; prior registration was null
2025-03-26T10:26:20.979-04:00 DEBUG 1288556 --- [farmtrack-backend] [           main] o.h.q.sqm.function.SqmFunctionRegistry   : Registered SqmFunctionTemplate [NamedSqmFunctionTemplate(character_length)] under character_length; prior registration was null
2025-03-26T10:26:20.979-04:00 DEBUG 1288556 --- [farmtrack-backend] [           main] o.h.q.sqm.function.SqmFunctionRegistry   : Registering alternate key : length -> character_length
2025-03-26T10:26:20.979-04:00 DEBUG 1288556 --- [farmtrack-backend] [onnection adder] org.postgresql.Driver                    : Connecting with URL: jdbc:postgresql://localhost:5432/farmtrack-db
2025-03-26T10:26:20.979-04:00 DEBUG 1288556 --- [farmtrack-backend] [onnection adder] org.postgresql.jdbc.PgConnection         : PostgreSQL JDBC Driver 42.7.5
2025-03-26T10:26:20.979-04:00 DEBUG 1288556 --- [farmtrack-backend] [onnection adder] org.postgresql.jdbc.PgConnection         :   setDefaultFetchSize = 0
2025-03-26T10:26:20.979-04:00 DEBUG 1288556 --- [farmtrack-backend] [onnection adder] org.postgresql.jdbc.PgConnection         :   setPrepareThreshold = 5
2025-03-26T10:26:20.979-04:00 DEBUG 1288556 --- [farmtrack-backend] [onnection adder] o.p.core.v3.ConnectionFactoryImpl        : Trying to establish a protocol version 3 connection to localhost:5432
2025-03-26T10:26:20.980-04:00 DEBUG 1288556 --- [farmtrack-backend] [           main] o.h.q.sqm.function.SqmFunctionRegistry   : Registered SqmFunctionTemplate [org.hibernate.dialect.function.LocatePositionEmulation@647b3fd3] under position; prior registration was null
2025-03-26T10:26:20.980-04:00 DEBUG 1288556 --- [farmtrack-backend] [onnection adder] o.p.core.v3.ConnectionFactoryImpl        : Receive Buffer Size is 65,536
2025-03-26T10:26:20.980-04:00 DEBUG 1288556 --- [farmtrack-backend] [onnection adder] o.p.core.v3.ConnectionFactoryImpl        : Send Buffer Size is 1,313,280
2025-03-26T10:26:20.981-04:00 DEBUG 1288556 --- [farmtrack-backend] [onnection adder] org.postgresql.ssl.MakeSSL               : converting regular socket connection to ssl
2025-03-26T10:26:20.981-04:00 DEBUG 1288556 --- [farmtrack-backend] [           main] o.h.q.sqm.function.SqmFunctionRegistry   : Registered SqmFunctionTemplate [org.hibernate.dialect.function.InsertSubstringOverlayEmulation@4c5c0306] under overlay; prior registration was null
2025-03-26T10:26:20.982-04:00 DEBUG 1288556 --- [farmtrack-backend] [           main] o.h.q.sqm.function.SqmFunctionRegistry   : Registered SqmFunctionTemplate [org.hibernate.dialect.function.TrimFunction@7388486e] under trim; prior registration was null
2025-03-26T10:26:20.989-04:00 DEBUG 1288556 --- [farmtrack-backend] [           main] o.h.q.sqm.function.SqmFunctionRegistry   : Registered SqmFunctionTemplate [org.hibernate.dialect.function.CastFunction@147c4523] under cast; prior registration was null
2025-03-26T10:26:20.989-04:00 DEBUG 1288556 --- [farmtrack-backend] [           main] o.h.q.sqm.function.SqmFunctionRegistry   : Registered SqmFunctionTemplate [org.hibernate.query.sqm.function.PatternBasedSqmFunctionDescriptor@551725e4] under collate; prior registration was null
2025-03-26T10:26:20.990-04:00 DEBUG 1288556 --- [farmtrack-backend] [           main] o.h.q.sqm.function.SqmFunctionRegistry   : Registered SqmFunctionTemplate [org.hibernate.dialect.function.ExtractFunction@46c19350] under extract; prior registration was null
2025-03-26T10:26:20.990-04:00 DEBUG 1288556 --- [farmtrack-backend] [           main] o.h.q.sqm.function.SqmFunctionRegistry   : Registered SqmFunctionTemplate [NamedSqmFunctionTemplate(least)] under least; prior registration was null
2025-03-26T10:26:20.990-04:00 DEBUG 1288556 --- [farmtrack-backend] [           main] o.h.q.sqm.function.SqmFunctionRegistry   : Registered SqmFunctionTemplate [NamedSqmFunctionTemplate(greatest)] under greatest; prior registration was null
2025-03-26T10:26:20.990-04:00 DEBUG 1288556 --- [farmtrack-backend] [           main] o.h.q.sqm.function.SqmFunctionRegistry   : Registered SqmFunctionTemplate [org.hibernate.dialect.function.CoalesceIfnullEmulation@7f08c343] under ifnull; prior registration was null
2025-03-26T10:26:20.990-04:00 DEBUG 1288556 --- [farmtrack-backend] [           main] o.h.q.sqm.function.SqmFunctionRegistry   : Registered SqmFunctionTemplate [NamedSqmFunctionTemplate(lpad)] under lpad; prior registration was null
2025-03-26T10:26:20.990-04:00 DEBUG 1288556 --- [farmtrack-backend] [           main] o.h.q.sqm.function.SqmFunctionRegistry   : Registered SqmFunctionTemplate [NamedSqmFunctionTemplate(rpad)] under rpad; prior registration was null
2025-03-26T10:26:20.991-04:00 DEBUG 1288556 --- [farmtrack-backend] [           main] o.h.q.sqm.function.SqmFunctionRegistry   : Registered SqmFunctionTemplate [org.hibernate.dialect.function.LpadRpadPadEmulation@2e488e45] under pad; prior registration was null
2025-03-26T10:26:20.991-04:00 DEBUG 1288556 --- [farmtrack-backend] [           main] o.h.q.sqm.function.SqmFunctionRegistry   : Registered SqmFunctionTemplate [org.hibernate.dialect.function.CastStrEmulation@7f3a92fd] under str; prior registration was null
2025-03-26T10:26:20.993-04:00 DEBUG 1288556 --- [farmtrack-backend] [           main] o.h.q.sqm.function.SqmFunctionRegistry   : Registered SqmFunctionTemplate [org.hibernate.dialect.function.FormatFunction@2ad80cf6] under format; prior registration was null
2025-03-26T10:26:20.993-04:00 DEBUG 1288556 --- [farmtrack-backend] [           main] o.h.q.sqm.function.SqmFunctionRegistry   : Registered SqmFunctionTemplate [org.hibernate.dialect.function.TimestampaddFunction@ab2e887] under timestampadd; prior registration was null
2025-03-26T10:26:20.994-04:00 DEBUG 1288556 --- [farmtrack-backend] [           main] o.h.q.sqm.function.SqmFunctionRegistry   : Registered SqmFunctionTemplate [org.hibernate.dialect.function.TimestampdiffFunction@14745c3c] under timestampdiff; prior registration was null
2025-03-26T10:26:20.994-04:00 DEBUG 1288556 --- [farmtrack-backend] [           main] o.h.q.sqm.function.SqmFunctionRegistry   : Registering alternate key : dateadd -> timestampadd
2025-03-26T10:26:20.994-04:00 DEBUG 1288556 --- [farmtrack-backend] [           main] o.h.q.sqm.function.SqmFunctionRegistry   : Registering alternate key : datediff -> timestampdiff
2025-03-26T10:26:20.994-04:00 DEBUG 1288556 --- [farmtrack-backend] [           main] o.h.q.sqm.function.SqmFunctionRegistry   : Registered SqmFunctionTemplate [org.hibernate.dialect.function.CurrentFunction@8942ece] under current_date; prior registration was null
2025-03-26T10:26:20.994-04:00 DEBUG 1288556 --- [farmtrack-backend] [           main] o.h.q.sqm.function.SqmFunctionRegistry   : Registered SqmFunctionTemplate [org.hibernate.dialect.function.CurrentFunction@3a89226e] under current_time; prior registration was null
2025-03-26T10:26:20.994-04:00 DEBUG 1288556 --- [farmtrack-backend] [           main] o.h.q.sqm.function.SqmFunctionRegistry   : Registered SqmFunctionTemplate [org.hibernate.dialect.function.CurrentFunction@15254569] under current_timestamp; prior registration was null
2025-03-26T10:26:20.994-04:00 DEBUG 1288556 --- [farmtrack-backend] [           main] o.h.q.sqm.function.SqmFunctionRegistry   : Registering alternate key : current date -> current_date
2025-03-26T10:26:20.994-04:00 DEBUG 1288556 --- [farmtrack-backend] [           main] o.h.q.sqm.function.SqmFunctionRegistry   : Registering alternate key : current time -> current_time
2025-03-26T10:26:20.994-04:00 DEBUG 1288556 --- [farmtrack-backend] [           main] o.h.q.sqm.function.SqmFunctionRegistry   : Registering alternate key : current timestamp -> current_timestamp
2025-03-26T10:26:20.994-04:00 DEBUG 1288556 --- [farmtrack-backend] [           main] o.h.q.sqm.function.SqmFunctionRegistry   : Registered SqmFunctionTemplate [org.hibernate.dialect.function.CurrentFunction@1390a415] under local_date; prior registration was null
2025-03-26T10:26:20.994-04:00 DEBUG 1288556 --- [farmtrack-backend] [           main] o.h.q.sqm.function.SqmFunctionRegistry   : Registered SqmFunctionTemplate [org.hibernate.dialect.function.CurrentFunction@3a5b1af7] under local_time; prior registration was null
2025-03-26T10:26:20.995-04:00 DEBUG 1288556 --- [farmtrack-backend] [           main] o.h.q.sqm.function.SqmFunctionRegistry   : Registered SqmFunctionTemplate [org.hibernate.dialect.function.CurrentFunction@4932d580] under local_datetime; prior registration was null
2025-03-26T10:26:20.995-04:00 DEBUG 1288556 --- [farmtrack-backend] [           main] o.h.q.sqm.function.SqmFunctionRegistry   : Registered SqmFunctionTemplate [org.hibernate.dialect.function.CurrentFunction@7603cfc2] under offset_datetime; prior registration was null
2025-03-26T10:26:20.995-04:00 DEBUG 1288556 --- [farmtrack-backend] [           main] o.h.q.sqm.function.SqmFunctionRegistry   : Registering alternate key : local date -> local_date
2025-03-26T10:26:20.995-04:00 DEBUG 1288556 --- [farmtrack-backend] [           main] o.h.q.sqm.function.SqmFunctionRegistry   : Registering alternate key : local time -> local_time
2025-03-26T10:26:20.995-04:00 DEBUG 1288556 --- [farmtrack-backend] [           main] o.h.q.sqm.function.SqmFunctionRegistry   : Registering alternate key : local datetime -> local_datetime
2025-03-26T10:26:20.995-04:00 DEBUG 1288556 --- [farmtrack-backend] [           main] o.h.q.sqm.function.SqmFunctionRegistry   : Registering alternate key : offset datetime -> offset_datetime
2025-03-26T10:26:20.995-04:00 DEBUG 1288556 --- [farmtrack-backend] [           main] o.h.q.sqm.function.SqmFunctionRegistry   : Registered SqmFunctionTemplate [org.hibernate.dialect.function.CurrentFunction@60256d1b] under instant; prior registration was null
2025-03-26T10:26:20.995-04:00 DEBUG 1288556 --- [farmtrack-backend] [           main] o.h.q.sqm.function.SqmFunctionRegistry   : Registering alternate key : current_instant -> instant
2025-03-26T10:26:20.995-04:00 DEBUG 1288556 --- [farmtrack-backend] [           main] o.h.q.sqm.function.SqmFunctionRegistry   : Registered SqmFunctionTemplate [org.hibernate.dialect.function.SqlFunction@7e1953f7] under sql; prior registration was null
2025-03-26T10:26:20.995-04:00 DEBUG 1288556 --- [farmtrack-backend] [           main] o.h.q.sqm.function.SqmFunctionRegistry   : Registered SqmFunctionTemplate [NamedSqmFunctionTemplate(cot)] under cot; prior registration was null
2025-03-26T10:26:20.995-04:00 DEBUG 1288556 --- [farmtrack-backend] [           main] o.h.q.sqm.function.SqmFunctionRegistry   : Registered SqmFunctionTemplate [NamedSqmFunctionTemplate(radians)] under radians; prior registration was null
2025-03-26T10:26:20.995-04:00 DEBUG 1288556 --- [farmtrack-backend] [           main] o.h.q.sqm.function.SqmFunctionRegistry   : Registered SqmFunctionTemplate [NamedSqmFunctionTemplate(degrees)] under degrees; prior registration was null
2025-03-26T10:26:20.995-04:00 DEBUG 1288556 --- [farmtrack-backend] [           main] o.h.q.sqm.function.SqmFunctionRegistry   : Registered SqmFunctionTemplate [NamedSqmFunctionTemplate(log)] under log; prior registration was org.hibernate.query.sqm.function.PatternBasedSqmFunctionDescriptor@3efd3302
2025-03-26T10:26:20.995-04:00 DEBUG 1288556 --- [farmtrack-backend] [           main] o.h.q.sqm.function.SqmFunctionRegistry   : Registered SqmFunctionTemplate [org.hibernate.query.sqm.function.PatternBasedSqmFunctionDescriptor@26f07261] under mod; prior registration was NamedSqmFunctionTemplate(mod)
2025-03-26T10:26:20.995-04:00 DEBUG 1288556 --- [farmtrack-backend] [           main] o.h.q.sqm.function.SqmFunctionRegistry   : Registered SqmFunctionTemplate [NamedSqmFunctionTemplate(log10)] under log10; prior registration was null
2025-03-26T10:26:20.995-04:00 DEBUG 1288556 --- [farmtrack-backend] [           main] o.h.q.sqm.function.SqmFunctionRegistry   : Registered SqmFunctionTemplate [NamedSqmFunctionTemplate(tanh)] under tanh; prior registration was org.hibernate.query.sqm.function.PatternBasedSqmFunctionDescriptor@d43f205
2025-03-26T10:26:20.995-04:00 DEBUG 1288556 --- [farmtrack-backend] [           main] o.h.q.sqm.function.SqmFunctionRegistry   : Registered SqmFunctionTemplate [NamedSqmFunctionTemplate(sinh)] under sinh; prior registration was org.hibernate.query.sqm.function.PatternBasedSqmFunctionDescriptor@24e31f06
2025-03-26T10:26:20.995-04:00 DEBUG 1288556 --- [farmtrack-backend] [           main] o.h.q.sqm.function.SqmFunctionRegistry   : Registered SqmFunctionTemplate [NamedSqmFunctionTemplate(cosh)] under cosh; prior registration was org.hibernate.query.sqm.function.PatternBasedSqmFunctionDescriptor@5d260494
2025-03-26T10:26:20.995-04:00 DEBUG 1288556 --- [farmtrack-backend] [           main] o.h.q.sqm.function.SqmFunctionRegistry   : Registered SqmFunctionTemplate [NamedSqmFunctionTemplate(acosh)] under acosh; prior registration was null
2025-03-26T10:26:20.995-04:00 DEBUG 1288556 --- [farmtrack-backend] [           main] o.h.q.sqm.function.SqmFunctionRegistry   : Registered SqmFunctionTemplate [NamedSqmFunctionTemplate(asinh)] under asinh; prior registration was null
2025-03-26T10:26:20.996-04:00 DEBUG 1288556 --- [farmtrack-backend] [           main] o.h.q.sqm.function.SqmFunctionRegistry   : Registered SqmFunctionTemplate [NamedSqmFunctionTemplate(atanh)] under atanh; prior registration was null
2025-03-26T10:26:20.996-04:00 DEBUG 1288556 --- [farmtrack-backend] [           main] o.h.q.sqm.function.SqmFunctionRegistry   : Registered SqmFunctionTemplate [NamedSqmFunctionTemplate(cbrt)] under cbrt; prior registration was null
2025-03-26T10:26:20.996-04:00 DEBUG 1288556 --- [farmtrack-backend] [           main] o.h.q.sqm.function.SqmFunctionRegistry   : Registered SqmFunctionTemplate [NamedSqmFunctionTemplate(pi)] under pi; prior registration was org.hibernate.query.sqm.function.PatternBasedSqmFunctionDescriptor@2da0770
2025-03-26T10:26:20.996-04:00 DEBUG 1288556 --- [farmtrack-backend] [           main] o.h.q.sqm.function.SqmFunctionRegistry   : Registered SqmFunctionTemplate [NamedSqmFunctionTemplate(ltrim)] under ltrim; prior registration was null
2025-03-26T10:26:20.996-04:00 DEBUG 1288556 --- [farmtrack-backend] [           main] o.h.q.sqm.function.SqmFunctionRegistry   : Registered SqmFunctionTemplate [NamedSqmFunctionTemplate(rtrim)] under rtrim; prior registration was null
2025-03-26T10:26:20.996-04:00 DEBUG 1288556 --- [farmtrack-backend] [           main] o.h.q.sqm.function.SqmFunctionRegistry   : Registered SqmFunctionTemplate [NamedSqmFunctionTemplate(repeat)] under repeat; prior registration was null
2025-03-26T10:26:20.996-04:00 DEBUG 1288556 --- [farmtrack-backend] [           main] o.h.q.sqm.function.SqmFunctionRegistry   : Registered SqmFunctionTemplate [NamedSqmFunctionTemplate(md5)] under md5; prior registration was null
2025-03-26T10:26:20.996-04:00 DEBUG 1288556 --- [farmtrack-backend] [           main] o.h.q.sqm.function.SqmFunctionRegistry   : Registered SqmFunctionTemplate [NamedSqmFunctionTemplate(initcap)] under initcap; prior registration was null
2025-03-26T10:26:20.996-04:00 DEBUG 1288556 --- [farmtrack-backend] [           main] o.h.q.sqm.function.SqmFunctionRegistry   : Registered SqmFunctionTemplate [NamedSqmFunctionTemplate(substr)] under substr; prior registration was null
2025-03-26T10:26:20.996-04:00 DEBUG 1288556 --- [farmtrack-backend] [           main] o.h.q.sqm.function.SqmFunctionRegistry   : Registered SqmFunctionTemplate [NamedSqmFunctionTemplate(substr)] under substring; prior registration was NamedSqmFunctionTemplate(substring)
2025-03-26T10:26:20.996-04:00 DEBUG 1288556 --- [farmtrack-backend] [           main] o.h.q.sqm.function.SqmFunctionRegistry   : Registered SqmFunctionTemplate [NamedSqmFunctionTemplate(translate)] under translate; prior registration was null
2025-03-26T10:26:20.996-04:00 DEBUG 1288556 --- [farmtrack-backend] [           main] o.h.q.sqm.function.SqmFunctionRegistry   : Registered SqmFunctionTemplate [NamedSqmFunctionTemplate(to_number)] under to_number; prior registration was null
2025-03-26T10:26:20.996-04:00 DEBUG 1288556 --- [farmtrack-backend] [           main] o.h.q.sqm.function.SqmFunctionRegistry   : Registered SqmFunctionTemplate [NamedSqmFunctionTemplate(to_char)] under to_char; prior registration was null
2025-03-26T10:26:20.996-04:00 DEBUG 1288556 --- [farmtrack-backend] [           main] o.h.q.sqm.function.SqmFunctionRegistry   : Registered SqmFunctionTemplate [NamedSqmFunctionTemplate(to_date)] under to_date; prior registration was null
2025-03-26T10:26:20.996-04:00 DEBUG 1288556 --- [farmtrack-backend] [           main] o.h.q.sqm.function.SqmFunctionRegistry   : Registered SqmFunctionTemplate [NamedSqmFunctionTemplate(to_timestamp)] under to_timestamp; prior registration was null
2025-03-26T10:26:20.996-04:00 DEBUG 1288556 --- [farmtrack-backend] [           main] o.h.q.sqm.function.SqmFunctionRegistry   : Registered SqmFunctionTemplate [org.hibernate.dialect.function.ConcatPipeFunction@72998021] under concat; prior registration was NamedSqmFunctionTemplate(concat)
2025-03-26T10:26:20.997-04:00 DEBUG 1288556 --- [farmtrack-backend] [           main] o.h.q.sqm.function.SqmFunctionRegistry   : Registered SqmFunctionTemplate [NamedSqmFunctionTemplate(localtime)] under localtime; prior registration was null
2025-03-26T10:26:20.997-04:00 DEBUG 1288556 --- [farmtrack-backend] [           main] o.h.q.sqm.function.SqmFunctionRegistry   : Registered SqmFunctionTemplate [NamedSqmFunctionTemplate(localtimestamp)] under localtimestamp; prior registration was null
2025-03-26T10:26:20.997-04:00 DEBUG 1288556 --- [farmtrack-backend] [           main] o.h.q.sqm.function.SqmFunctionRegistry   : Registered SqmFunctionTemplate [NamedSqmFunctionTemplate(localtime)] under local_time; prior registration was org.hibernate.dialect.function.CurrentFunction@3a5b1af7
2025-03-26T10:26:20.997-04:00 DEBUG 1288556 --- [farmtrack-backend] [           main] o.h.q.sqm.function.SqmFunctionRegistry   : Registered SqmFunctionTemplate [NamedSqmFunctionTemplate(localtimestamp)] under local_datetime; prior registration was org.hibernate.dialect.function.CurrentFunction@4932d580
2025-03-26T10:26:20.997-04:00 DEBUG 1288556 --- [farmtrack-backend] [           main] o.h.q.sqm.function.SqmFunctionRegistry   : Registered SqmFunctionTemplate [org.hibernate.dialect.function.LengthFunction@6fa2d0b2] under character_length; prior registration was NamedSqmFunctionTemplate(character_length)
2025-03-26T10:26:20.997-04:00 DEBUG 1288556 --- [farmtrack-backend] [           main] o.h.q.sqm.function.SqmFunctionRegistry   : Registering alternate key : length -> character_length
2025-03-26T10:26:20.997-04:00 DEBUG 1288556 --- [farmtrack-backend] [           main] o.h.q.sqm.function.SqmFunctionRegistry   : Registered SqmFunctionTemplate [org.hibernate.dialect.function.LengthFunction@49c37918] under bit_length; prior registration was null
2025-03-26T10:26:20.997-04:00 DEBUG 1288556 --- [farmtrack-backend] [           main] o.h.q.sqm.function.SqmFunctionRegistry   : Registered SqmFunctionTemplate [org.hibernate.dialect.function.LengthFunction@43de88f3] under octet_length; prior registration was null
2025-03-26T10:26:20.997-04:00 DEBUG 1288556 --- [farmtrack-backend] [           main] o.h.q.sqm.function.SqmFunctionRegistry   : Registered SqmFunctionTemplate [NamedSqmFunctionTemplate(ascii)] under ascii; prior registration was null
2025-03-26T10:26:20.997-04:00 DEBUG 1288556 --- [farmtrack-backend] [           main] o.h.q.sqm.function.SqmFunctionRegistry   : Registered SqmFunctionTemplate [NamedSqmFunctionTemplate(chr)] under chr; prior registration was null
2025-03-26T10:26:20.997-04:00 DEBUG 1288556 --- [farmtrack-backend] [           main] o.h.q.sqm.function.SqmFunctionRegistry   : Registering alternate key : char -> chr
2025-03-26T10:26:20.997-04:00 DEBUG 1288556 --- [farmtrack-backend] [           main] o.h.q.sqm.function.SqmFunctionRegistry   : Registered SqmFunctionTemplate [org.hibernate.query.sqm.function.PatternBasedSqmFunctionDescriptor@347c5721] under position; prior registration was org.hibernate.dialect.function.LocatePositionEmulation@647b3fd3
2025-03-26T10:26:20.997-04:00 DEBUG 1288556 --- [farmtrack-backend] [           main] o.h.q.sqm.function.SqmFunctionRegistry   : Registered SqmFunctionTemplate [org.hibernate.query.sqm.function.PatternBasedSqmFunctionDescriptor@4d22265c] under bitand; prior registration was null
2025-03-26T10:26:20.997-04:00 DEBUG 1288556 --- [farmtrack-backend] [           main] o.h.q.sqm.function.SqmFunctionRegistry   : Registered SqmFunctionTemplate [org.hibernate.query.sqm.function.PatternBasedSqmFunctionDescriptor@1f7b8d59] under bitor; prior registration was null
2025-03-26T10:26:20.997-04:00 DEBUG 1288556 --- [farmtrack-backend] [           main] o.h.q.sqm.function.SqmFunctionRegistry   : Registered SqmFunctionTemplate [org.hibernate.query.sqm.function.PatternBasedSqmFunctionDescriptor@28551755] under bitxor; prior registration was null
2025-03-26T10:26:20.997-04:00 DEBUG 1288556 --- [farmtrack-backend] [           main] o.h.q.sqm.function.SqmFunctionRegistry   : Registered SqmFunctionTemplate [org.hibernate.query.sqm.function.PatternBasedSqmFunctionDescriptor@7ec68821] under bitnot; prior registration was null
2025-03-26T10:26:20.997-04:00 DEBUG 1288556 --- [farmtrack-backend] [           main] o.h.q.sqm.function.SqmFunctionRegistry   : Registered SqmFunctionTemplate [NamedSqmFunctionTemplate(bit_and)] under bit_and; prior registration was null
2025-03-26T10:26:20.998-04:00 DEBUG 1288556 --- [farmtrack-backend] [           main] o.h.q.sqm.function.SqmFunctionRegistry   : Registered SqmFunctionTemplate [NamedSqmFunctionTemplate(bit_or)] under bit_or; prior registration was null
2025-03-26T10:26:20.998-04:00 DEBUG 1288556 --- [farmtrack-backend] [           main] o.h.q.sqm.function.SqmFunctionRegistry   : Registered SqmFunctionTemplate [NamedSqmFunctionTemplate(bool_and)] under bool_and; prior registration was null
2025-03-26T10:26:20.998-04:00 DEBUG 1288556 --- [farmtrack-backend] [           main] o.h.q.sqm.function.SqmFunctionRegistry   : Registering alternate key : every -> bool_and
2025-03-26T10:26:20.998-04:00 DEBUG 1288556 --- [farmtrack-backend] [           main] o.h.q.sqm.function.SqmFunctionRegistry   : Registered SqmFunctionTemplate [NamedSqmFunctionTemplate(bool_or)] under bool_or; prior registration was null
2025-03-26T10:26:20.998-04:00 DEBUG 1288556 --- [farmtrack-backend] [           main] o.h.q.sqm.function.SqmFunctionRegistry   : Registering alternate key : any -> bool_or
2025-03-26T10:26:20.998-04:00 DEBUG 1288556 --- [farmtrack-backend] [           main] o.h.q.sqm.function.SqmFunctionRegistry   : Registered SqmFunctionTemplate [org.hibernate.query.sqm.function.PatternBasedSqmFunctionDescriptor@220a5163] under median; prior registration was null
2025-03-26T10:26:20.998-04:00 DEBUG 1288556 --- [farmtrack-backend] [           main] o.h.q.sqm.function.SqmFunctionRegistry   : Registered SqmFunctionTemplate [NamedSqmFunctionTemplate(stddev)] under stddev; prior registration was null
2025-03-26T10:26:20.998-04:00 DEBUG 1288556 --- [farmtrack-backend] [           main] o.h.q.sqm.function.SqmFunctionRegistry   : Registered SqmFunctionTemplate [NamedSqmFunctionTemplate(stddev_pop)] under stddev_pop; prior registration was null
2025-03-26T10:26:20.998-04:00 DEBUG 1288556 --- [farmtrack-backend] [           main] o.h.q.sqm.function.SqmFunctionRegistry   : Registered SqmFunctionTemplate [NamedSqmFunctionTemplate(stddev_samp)] under stddev_samp; prior registration was null
2025-03-26T10:26:20.998-04:00 DEBUG 1288556 --- [farmtrack-backend] [           main] o.h.q.sqm.function.SqmFunctionRegistry   : Registered SqmFunctionTemplate [NamedSqmFunctionTemplate(variance)] under variance; prior registration was null
2025-03-26T10:26:20.998-04:00 DEBUG 1288556 --- [farmtrack-backend] [           main] o.h.q.sqm.function.SqmFunctionRegistry   : Registered SqmFunctionTemplate [NamedSqmFunctionTemplate(var_pop)] under var_pop; prior registration was null
2025-03-26T10:26:20.998-04:00 DEBUG 1288556 --- [farmtrack-backend] [           main] o.h.q.sqm.function.SqmFunctionRegistry   : Registered SqmFunctionTemplate [NamedSqmFunctionTemplate(var_samp)] under var_samp; prior registration was null
2025-03-26T10:26:20.998-04:00 DEBUG 1288556 --- [farmtrack-backend] [           main] o.h.q.sqm.function.SqmFunctionRegistry   : Registered SqmFunctionTemplate [NamedSqmFunctionTemplate(covar_pop)] under covar_pop; prior registration was null
2025-03-26T10:26:20.998-04:00 DEBUG 1288556 --- [farmtrack-backend] [           main] o.h.q.sqm.function.SqmFunctionRegistry   : Registered SqmFunctionTemplate [NamedSqmFunctionTemplate(covar_samp)] under covar_samp; prior registration was null
2025-03-26T10:26:20.998-04:00 DEBUG 1288556 --- [farmtrack-backend] [           main] o.h.q.sqm.function.SqmFunctionRegistry   : Registered SqmFunctionTemplate [NamedSqmFunctionTemplate(corr)] under corr; prior registration was null
2025-03-26T10:26:20.999-04:00 DEBUG 1288556 --- [farmtrack-backend] [onnection adder] jdk.event.security                       : X509Certificate: Alg:SHA256withRSA, Serial:2f:55:70:27:db:f1:77:a7:d4:bf:38:a7:3c:55:b7:32:12:fc:fb:42, Subject:CN=warfare, Issuer:CN=warfare, Key type:RSA, Length:2048, Cert Id:-521178736, Valid from:3/9/25, 7:17 PM, Valid until:3/7/35, 6:17 PM
2025-03-26T10:26:20.999-04:00 DEBUG 1288556 --- [farmtrack-backend] [           main] o.h.q.sqm.function.SqmFunctionRegistry   : Registered SqmFunctionTemplate [NamedSqmFunctionTemplate(regr_avgx)] under regr_avgx; prior registration was null
2025-03-26T10:26:20.999-04:00 DEBUG 1288556 --- [farmtrack-backend] [           main] o.h.q.sqm.function.SqmFunctionRegistry   : Registered SqmFunctionTemplate [NamedSqmFunctionTemplate(regr_avgy)] under regr_avgy; prior registration was null
2025-03-26T10:26:20.999-04:00 DEBUG 1288556 --- [farmtrack-backend] [           main] o.h.q.sqm.function.SqmFunctionRegistry   : Registered SqmFunctionTemplate [NamedSqmFunctionTemplate(regr_count)] under regr_count; prior registration was null
2025-03-26T10:26:20.999-04:00 DEBUG 1288556 --- [farmtrack-backend] [           main] o.h.q.sqm.function.SqmFunctionRegistry   : Registered SqmFunctionTemplate [NamedSqmFunctionTemplate(regr_intercept)] under regr_intercept; prior registration was null
2025-03-26T10:26:20.999-04:00 DEBUG 1288556 --- [farmtrack-backend] [           main] o.h.q.sqm.function.SqmFunctionRegistry   : Registered SqmFunctionTemplate [NamedSqmFunctionTemplate(regr_r2)] under regr_r2; prior registration was null
2025-03-26T10:26:20.999-04:00 DEBUG 1288556 --- [farmtrack-backend] [           main] o.h.q.sqm.function.SqmFunctionRegistry   : Registered SqmFunctionTemplate [NamedSqmFunctionTemplate(regr_slope)] under regr_slope; prior registration was null
2025-03-26T10:26:20.999-04:00 DEBUG 1288556 --- [farmtrack-backend] [           main] o.h.q.sqm.function.SqmFunctionRegistry   : Registered SqmFunctionTemplate [NamedSqmFunctionTemplate(regr_sxx)] under regr_sxx; prior registration was null
2025-03-26T10:26:20.999-04:00 DEBUG 1288556 --- [farmtrack-backend] [           main] o.h.q.sqm.function.SqmFunctionRegistry   : Registered SqmFunctionTemplate [NamedSqmFunctionTemplate(regr_sxy)] under regr_sxy; prior registration was null
2025-03-26T10:26:20.999-04:00 DEBUG 1288556 --- [farmtrack-backend] [           main] o.h.q.sqm.function.SqmFunctionRegistry   : Registered SqmFunctionTemplate [NamedSqmFunctionTemplate(regr_syy)] under regr_syy; prior registration was null
2025-03-26T10:26:20.999-04:00 DEBUG 1288556 --- [farmtrack-backend] [           main] o.h.q.sqm.function.SqmFunctionRegistry   : Registered SqmFunctionTemplate [org.hibernate.query.sqm.function.PatternBasedSqmFunctionDescriptor@61375dff] under insert; prior registration was null
2025-03-26T10:26:21.000-04:00 DEBUG 1288556 --- [farmtrack-backend] [           main] o.h.q.sqm.function.SqmFunctionRegistry   : Registered SqmFunctionTemplate [org.hibernate.query.sqm.function.MultipatternSqmFunctionDescriptor@2178d296] under overlay; prior registration was org.hibernate.dialect.function.InsertSubstringOverlayEmulation@4c5c0306
2025-03-26T10:26:21.000-04:00 DEBUG 1288556 --- [farmtrack-backend] [           main] o.h.q.sqm.function.SqmFunctionRegistry   : Registered SqmFunctionTemplate [NamedSqmFunctionTemplate(soundex)] under soundex; prior registration was null
2025-03-26T10:26:21.000-04:00 DEBUG 1288556 --- [farmtrack-backend] [           main] o.h.q.sqm.function.SqmFunctionRegistry   : Registered SqmFunctionTemplate [org.hibernate.query.sqm.function.MultipatternSqmFunctionDescriptor@58c80957] under locate; prior registration was NamedSqmFunctionTemplate(locate)
2025-03-26T10:26:21.000-04:00 DEBUG 1288556 --- [farmtrack-backend] [           main] o.h.q.sqm.function.SqmFunctionRegistry   : Registered SqmFunctionTemplate [NamedSqmFunctionTemplate(row_number)] under row_number; prior registration was null
2025-03-26T10:26:21.000-04:00 DEBUG 1288556 --- [farmtrack-backend] [           main] o.h.q.sqm.function.SqmFunctionRegistry   : Registered SqmFunctionTemplate [NamedSqmFunctionTemplate(lag)] under lag; prior registration was null
2025-03-26T10:26:21.000-04:00 DEBUG 1288556 --- [farmtrack-backend] [           main] o.h.q.sqm.function.SqmFunctionRegistry   : Registered SqmFunctionTemplate [NamedSqmFunctionTemplate(lead)] under lead; prior registration was null
2025-03-26T10:26:21.000-04:00 DEBUG 1288556 --- [farmtrack-backend] [           main] o.h.q.sqm.function.SqmFunctionRegistry   : Registered SqmFunctionTemplate [NamedSqmFunctionTemplate(first_value)] under first_value; prior registration was null
2025-03-26T10:26:21.001-04:00 DEBUG 1288556 --- [farmtrack-backend] [           main] o.h.q.sqm.function.SqmFunctionRegistry   : Registered SqmFunctionTemplate [NamedSqmFunctionTemplate(last_value)] under last_value; prior registration was null
2025-03-26T10:26:21.001-04:00 DEBUG 1288556 --- [farmtrack-backend] [           main] o.h.q.sqm.function.SqmFunctionRegistry   : Registered SqmFunctionTemplate [NamedSqmFunctionTemplate(nth_value)] under nth_value; prior registration was null
2025-03-26T10:26:21.001-04:00 DEBUG 1288556 --- [farmtrack-backend] [           main] o.h.q.sqm.function.SqmFunctionRegistry   : Registered SqmFunctionTemplate [org.hibernate.dialect.function.ListaggStringAggEmulation@e581302] under listagg; prior registration was null
2025-03-26T10:26:21.002-04:00 DEBUG 1288556 --- [farmtrack-backend] [onnection adder] jdk.event.security                       :  TLSHandshake: localhost:5432, TLSv1.3, TLS_AES_256_GCM_SHA384, -521178736
2025-03-26T10:26:21.008-04:00 DEBUG 1288556 --- [farmtrack-backend] [           main] o.h.q.sqm.function.SqmFunctionRegistry   : Registered SqmFunctionTemplate [org.hibernate.dialect.function.array.PostgreSQLArrayConstructorFunction@587bf2e1] under array; prior registration was null
2025-03-26T10:26:21.008-04:00 DEBUG 1288556 --- [farmtrack-backend] [           main] o.h.q.sqm.function.SqmFunctionRegistry   : Registered SqmFunctionTemplate [org.hibernate.dialect.function.array.PostgreSQLArrayConstructorFunction@6530a1de] under array_list; prior registration was null
2025-03-26T10:26:21.008-04:00 DEBUG 1288556 --- [farmtrack-backend] [           main] o.h.q.sqm.function.SqmFunctionRegistry   : Registered SqmFunctionTemplate [org.hibernate.dialect.function.array.ArrayAggFunction@242c4a94] under array_agg; prior registration was null
2025-03-26T10:26:21.010-04:00 DEBUG 1288556 --- [farmtrack-backend] [           main] o.h.q.sqm.function.SqmFunctionRegistry   : Registered SqmFunctionTemplate [org.hibernate.dialect.function.array.PostgreSQLArrayPositionFunction@53a3fc8b] under array_position; prior registration was null
2025-03-26T10:26:21.014-04:00 DEBUG 1288556 --- [farmtrack-backend] [           main] o.h.q.sqm.function.SqmFunctionRegistry   : Registered SqmFunctionTemplate [org.hibernate.dialect.function.array.PostgreSQLArrayPositionsFunction@6a4d57b7] under array_positions; prior registration was null
2025-03-26T10:26:21.017-04:00 DEBUG 1288556 --- [farmtrack-backend] [           main] o.h.q.sqm.function.SqmFunctionRegistry   : Registered SqmFunctionTemplate [org.hibernate.dialect.function.array.PostgreSQLArrayPositionsFunction@733345f5] under array_positions_list; prior registration was null
2025-03-26T10:26:21.017-04:00 DEBUG 1288556 --- [farmtrack-backend] [           main] o.h.q.sqm.function.SqmFunctionRegistry   : Registered SqmFunctionTemplate [org.hibernate.query.sqm.function.PatternBasedSqmFunctionDescriptor@5add7380] under array_length; prior registration was null
2025-03-26T10:26:21.018-04:00 DEBUG 1288556 --- [farmtrack-backend] [           main] o.h.q.sqm.function.SqmFunctionRegistry   : Registered SqmFunctionTemplate [org.hibernate.dialect.function.DynamicDispatchFunction@44a0e68f] under length; prior registration was null
2025-03-26T10:26:21.019-04:00 DEBUG 1288556 --- [farmtrack-backend] [           main] o.h.q.sqm.function.SqmFunctionRegistry   : Registered SqmFunctionTemplate [org.hibernate.dialect.function.array.PostgreSQLArrayConcatFunction@52bcfd10] under array_concat; prior registration was null
2025-03-26T10:26:21.019-04:00 DEBUG 1288556 --- [farmtrack-backend] [onnection adder] com.zaxxer.hikari.pool.HikariPool        : HikariPool-1 - Added connection org.postgresql.jdbc.PgConnection@73d60643
2025-03-26T10:26:21.020-04:00 DEBUG 1288556 --- [farmtrack-backend] [           main] o.h.q.sqm.function.SqmFunctionRegistry   : Registered SqmFunctionTemplate [org.hibernate.dialect.function.array.PostgreSQLArrayConcatElementFunction@62878d7c] under array_prepend; prior registration was null
2025-03-26T10:26:21.020-04:00 DEBUG 1288556 --- [farmtrack-backend] [           main] o.h.q.sqm.function.SqmFunctionRegistry   : Registered SqmFunctionTemplate [org.hibernate.dialect.function.array.PostgreSQLArrayConcatElementFunction@4379fe2a] under array_append; prior registration was null
2025-03-26T10:26:21.022-04:00 DEBUG 1288556 --- [farmtrack-backend] [           main] o.h.q.sqm.function.SqmFunctionRegistry   : Registered SqmFunctionTemplate [org.hibernate.dialect.function.array.ArrayContainsOperatorFunction@1399ad68] under array_contains; prior registration was null
2025-03-26T10:26:21.022-04:00 DEBUG 1288556 --- [farmtrack-backend] [           main] o.h.q.sqm.function.SqmFunctionRegistry   : Registered SqmFunctionTemplate [org.hibernate.dialect.function.array.ArrayContainsOperatorFunction@41c83af0] under array_contains_nullable; prior registration was null
2025-03-26T10:26:21.023-04:00 DEBUG 1288556 --- [farmtrack-backend] [           main] o.h.q.sqm.function.SqmFunctionRegistry   : Registered SqmFunctionTemplate [org.hibernate.dialect.function.array.ArrayIncludesOperatorFunction@9ba167e] under array_includes; prior registration was null
2025-03-26T10:26:21.023-04:00 DEBUG 1288556 --- [farmtrack-backend] [           main] o.h.q.sqm.function.SqmFunctionRegistry   : Registered SqmFunctionTemplate [org.hibernate.dialect.function.array.ArrayIncludesOperatorFunction@17873842] under array_includes_nullable; prior registration was null
2025-03-26T10:26:21.024-04:00 DEBUG 1288556 --- [farmtrack-backend] [           main] o.h.q.sqm.function.SqmFunctionRegistry   : Registered SqmFunctionTemplate [org.hibernate.dialect.function.array.ArrayIntersectsOperatorFunction@4844e24b] under array_intersects; prior registration was null
2025-03-26T10:26:21.024-04:00 DEBUG 1288556 --- [farmtrack-backend] [           main] o.h.q.sqm.function.SqmFunctionRegistry   : Registered SqmFunctionTemplate [org.hibernate.dialect.function.array.ArrayIntersectsOperatorFunction@2571bdf4] under array_intersects_nullable; prior registration was null
2025-03-26T10:26:21.024-04:00 DEBUG 1288556 --- [farmtrack-backend] [           main] o.h.q.sqm.function.SqmFunctionRegistry   : Registering alternate key : array_overlaps -> array_intersects
2025-03-26T10:26:21.025-04:00 DEBUG 1288556 --- [farmtrack-backend] [           main] o.h.q.sqm.function.SqmFunctionRegistry   : Registering alternate key : array_overlaps_nullable -> array_intersects_nullable
2025-03-26T10:26:21.025-04:00 DEBUG 1288556 --- [farmtrack-backend] [           main] o.h.q.sqm.function.SqmFunctionRegistry   : Registered SqmFunctionTemplate [org.hibernate.query.sqm.function.PatternBasedSqmFunctionDescriptor@395115ac] under array_get; prior registration was null
2025-03-26T10:26:21.026-04:00 DEBUG 1288556 --- [farmtrack-backend] [           main] o.h.q.sqm.function.SqmFunctionRegistry   : Registered SqmFunctionTemplate [org.hibernate.dialect.function.array.ArraySetUnnestFunction@1c41931a] under array_set; prior registration was null
2025-03-26T10:26:21.026-04:00 DEBUG 1288556 --- [farmtrack-backend] [           main] o.h.q.sqm.function.SqmFunctionRegistry   : Registered SqmFunctionTemplate [NamedSqmFunctionTemplate(array_remove)] under array_remove; prior registration was null
2025-03-26T10:26:21.026-04:00 DEBUG 1288556 --- [farmtrack-backend] [           main] o.h.q.sqm.function.SqmFunctionRegistry   : Registered SqmFunctionTemplate [org.hibernate.dialect.function.array.ArrayRemoveIndexUnnestFunction@2fca9fae] under array_remove_index; prior registration was null
2025-03-26T10:26:21.026-04:00 DEBUG 1288556 --- [farmtrack-backend] [           main] o.h.q.sqm.function.SqmFunctionRegistry   : Registered SqmFunctionTemplate [org.hibernate.query.sqm.function.PatternBasedSqmFunctionDescriptor@1104ad6a] under array_slice; prior registration was null
2025-03-26T10:26:21.026-04:00 DEBUG 1288556 --- [farmtrack-backend] [           main] o.h.q.sqm.function.SqmFunctionRegistry   : Registered SqmFunctionTemplate [NamedSqmFunctionTemplate(array_replace)] under array_replace; prior registration was null
2025-03-26T10:26:21.026-04:00 DEBUG 1288556 --- [farmtrack-backend] [           main] o.h.q.sqm.function.SqmFunctionRegistry   : Registered SqmFunctionTemplate [org.hibernate.query.sqm.function.PatternBasedSqmFunctionDescriptor@54d2887a] under array_trim; prior registration was null
2025-03-26T10:26:21.027-04:00 DEBUG 1288556 --- [farmtrack-backend] [           main] o.h.q.sqm.function.SqmFunctionRegistry   : Registered SqmFunctionTemplate [org.hibernate.dialect.function.array.PostgreSQLArrayFillFunction@1443539] under array_fill; prior registration was null
2025-03-26T10:26:21.027-04:00 DEBUG 1288556 --- [farmtrack-backend] [           main] o.h.q.sqm.function.SqmFunctionRegistry   : Registered SqmFunctionTemplate [org.hibernate.dialect.function.array.PostgreSQLArrayFillFunction@5b160208] under array_fill_list; prior registration was null
2025-03-26T10:26:21.027-04:00 DEBUG 1288556 --- [farmtrack-backend] [           main] o.h.q.sqm.function.SqmFunctionRegistry   : Registered SqmFunctionTemplate [org.hibernate.dialect.function.array.ArrayToStringFunction@5d8112e6] under array_to_string; prior registration was null
2025-03-26T10:26:21.027-04:00 DEBUG 1288556 --- [farmtrack-backend] [           main] o.h.q.sqm.function.SqmFunctionRegistry   : Registered SqmFunctionTemplate [NamedSqmFunctionTemplate(make_date)] under make_date; prior registration was null
2025-03-26T10:26:21.027-04:00 DEBUG 1288556 --- [farmtrack-backend] [           main] o.h.q.sqm.function.SqmFunctionRegistry   : Registered SqmFunctionTemplate [NamedSqmFunctionTemplate(make_time)] under make_time; prior registration was null
2025-03-26T10:26:21.027-04:00 DEBUG 1288556 --- [farmtrack-backend] [           main] o.h.q.sqm.function.SqmFunctionRegistry   : Registered SqmFunctionTemplate [NamedSqmFunctionTemplate(make_timestamp)] under make_timestamp; prior registration was null
2025-03-26T10:26:21.027-04:00 DEBUG 1288556 --- [farmtrack-backend] [           main] o.h.q.sqm.function.SqmFunctionRegistry   : Registered SqmFunctionTemplate [NamedSqmFunctionTemplate(make_timestamptz)] under make_timestamptz; prior registration was null
2025-03-26T10:26:21.028-04:00 DEBUG 1288556 --- [farmtrack-backend] [           main] o.h.q.sqm.function.SqmFunctionRegistry   : Registered SqmFunctionTemplate [org.hibernate.dialect.function.InverseDistributionFunction@522f74a1] under mode; prior registration was null
2025-03-26T10:26:21.028-04:00 DEBUG 1288556 --- [farmtrack-backend] [           main] o.h.q.sqm.function.SqmFunctionRegistry   : Registered SqmFunctionTemplate [org.hibernate.dialect.function.InverseDistributionFunction@59700156] under percentile_cont; prior registration was null
2025-03-26T10:26:21.028-04:00 DEBUG 1288556 --- [farmtrack-backend] [           main] o.h.q.sqm.function.SqmFunctionRegistry   : Registered SqmFunctionTemplate [org.hibernate.dialect.function.InverseDistributionFunction@1e6e29d6] under percentile_disc; prior registration was null
2025-03-26T10:26:21.028-04:00 DEBUG 1288556 --- [farmtrack-backend] [           main] o.h.q.sqm.function.SqmFunctionRegistry   : Registered SqmFunctionTemplate [org.hibernate.dialect.function.HypotheticalSetFunction@6c167296] under rank; prior registration was null
2025-03-26T10:26:21.028-04:00 DEBUG 1288556 --- [farmtrack-backend] [           main] o.h.q.sqm.function.SqmFunctionRegistry   : Registered SqmFunctionTemplate [org.hibernate.dialect.function.HypotheticalSetFunction@506e382b] under dense_rank; prior registration was null
2025-03-26T10:26:21.028-04:00 DEBUG 1288556 --- [farmtrack-backend] [           main] o.h.q.sqm.function.SqmFunctionRegistry   : Registered SqmFunctionTemplate [org.hibernate.dialect.function.HypotheticalSetFunction@5a464be7] under percent_rank; prior registration was null
2025-03-26T10:26:21.028-04:00 DEBUG 1288556 --- [farmtrack-backend] [           main] o.h.q.sqm.function.SqmFunctionRegistry   : Registered SqmFunctionTemplate [org.hibernate.dialect.function.HypotheticalSetFunction@170f0fd6] under cume_dist; prior registration was null
2025-03-26T10:26:21.029-04:00 DEBUG 1288556 --- [farmtrack-backend] [           main] o.h.q.sqm.function.SqmFunctionRegistry   : Registered SqmFunctionTemplate [org.hibernate.dialect.function.PostgreSQLMinMaxFunction@6eb332d1] under min; prior registration was NamedSqmFunctionTemplate(min)
2025-03-26T10:26:21.029-04:00 DEBUG 1288556 --- [farmtrack-backend] [           main] o.h.q.sqm.function.SqmFunctionRegistry   : Registered SqmFunctionTemplate [org.hibernate.dialect.function.PostgreSQLMinMaxFunction@34d0c331] under max; prior registration was NamedSqmFunctionTemplate(max)
2025-03-26T10:26:21.029-04:00 DEBUG 1288556 --- [farmtrack-backend] [           main] o.h.q.sqm.function.SqmFunctionRegistry   : Registered SqmFunctionTemplate [org.hibernate.query.sqm.function.PatternBasedSqmFunctionDescriptor@3958db82] under bitxor; prior registration was org.hibernate.query.sqm.function.PatternBasedSqmFunctionDescriptor@28551755
2025-03-26T10:26:21.030-04:00 DEBUG 1288556 --- [farmtrack-backend] [           main] o.h.q.sqm.function.SqmFunctionRegistry   : Registered SqmFunctionTemplate [org.hibernate.dialect.function.PostgreSQLTruncRoundFunction@6dadcf58] under round; prior registration was NamedSqmFunctionTemplate(round)
2025-03-26T10:26:21.031-04:00 DEBUG 1288556 --- [farmtrack-backend] [           main] o.h.q.sqm.function.SqmFunctionRegistry   : Registered SqmFunctionTemplate [org.hibernate.dialect.function.PostgreSQLTruncFunction@2dc77962] under trunc; prior registration was null
2025-03-26T10:26:21.031-04:00 DEBUG 1288556 --- [farmtrack-backend] [           main] o.h.q.sqm.function.SqmFunctionRegistry   : Registering alternate key : truncate -> trunc
2025-03-26T10:26:21.031-04:00 DEBUG 1288556 --- [farmtrack-backend] [           main] o.h.q.sqm.function.SqmFunctionRegistry   : Registered SqmFunctionTemplate [org.hibernate.query.sqm.function.PatternBasedSqmFunctionDescriptor@32bae609] under date_trunc; prior registration was null
2025-03-26T10:26:21.032-04:00 DEBUG 1288556 --- [farmtrack-backend] [           main] org.hibernate.HQL_FUNCTIONS              : abs(NUMERIC arg)
2025-03-26T10:26:21.032-04:00 DEBUG 1288556 --- [farmtrack-backend] [           main] org.hibernate.HQL_FUNCTIONS              : Double acos(NUMERIC arg)
2025-03-26T10:26:21.032-04:00 DEBUG 1288556 --- [farmtrack-backend] [           main] org.hibernate.HQL_FUNCTIONS              : Double acosh(NUMERIC arg)
2025-03-26T10:26:21.032-04:00 DEBUG 1288556 --- [farmtrack-backend] [           main] org.hibernate.HQL_FUNCTIONS              : Boolean any(BOOLEAN predicate)
2025-03-26T10:26:21.032-04:00 DEBUG 1288556 --- [farmtrack-backend] [           main] org.hibernate.HQL_FUNCTIONS              : array( ... )
2025-03-26T10:26:21.032-04:00 DEBUG 1288556 --- [farmtrack-backend] [           main] org.hibernate.HQL_FUNCTIONS              : array_agg(arg)
2025-03-26T10:26:21.032-04:00 DEBUG 1288556 --- [farmtrack-backend] [           main] org.hibernate.HQL_FUNCTIONS              : array_append( ... )
2025-03-26T10:26:21.032-04:00 DEBUG 1288556 --- [farmtrack-backend] [           main] org.hibernate.HQL_FUNCTIONS              : array_concat( ... )
2025-03-26T10:26:21.032-04:00 DEBUG 1288556 --- [farmtrack-backend] [           main] org.hibernate.HQL_FUNCTIONS              : Boolean array_contains(ARRAY haystackArray, OBJECT needleElementOrArray)
2025-03-26T10:26:21.032-04:00 DEBUG 1288556 --- [farmtrack-backend] [           main] org.hibernate.HQL_FUNCTIONS              : Boolean array_contains_nullable(ARRAY haystackArray, OBJECT needleElementOrArray)
2025-03-26T10:26:21.032-04:00 DEBUG 1288556 --- [farmtrack-backend] [           main] org.hibernate.HQL_FUNCTIONS              : array_fill(OBJECT element, INTEGER elementCount)
2025-03-26T10:26:21.032-04:00 DEBUG 1288556 --- [farmtrack-backend] [           main] org.hibernate.HQL_FUNCTIONS              : array_fill_list(OBJECT element, INTEGER elementCount)
2025-03-26T10:26:21.032-04:00 DEBUG 1288556 --- [farmtrack-backend] [           main] org.hibernate.HQL_FUNCTIONS              : array_get(ARRAY array, INTEGER index)
2025-03-26T10:26:21.032-04:00 DEBUG 1288556 --- [farmtrack-backend] [           main] org.hibernate.HQL_FUNCTIONS              : Boolean array_includes(ARRAY haystackArray, OBJECT needleArray)
2025-03-26T10:26:21.032-04:00 DEBUG 1288556 --- [farmtrack-backend] [           main] org.hibernate.HQL_FUNCTIONS              : Boolean array_includes_nullable(ARRAY haystackArray, OBJECT needleArray)
2025-03-26T10:26:21.032-04:00 DEBUG 1288556 --- [farmtrack-backend] [           main] org.hibernate.HQL_FUNCTIONS              : Boolean array_intersects(ARRAY array0, OBJECT array1)
2025-03-26T10:26:21.032-04:00 DEBUG 1288556 --- [farmtrack-backend] [           main] org.hibernate.HQL_FUNCTIONS              : Boolean array_intersects_nullable(ARRAY array0, OBJECT array1)
2025-03-26T10:26:21.032-04:00 DEBUG 1288556 --- [farmtrack-backend] [           main] org.hibernate.HQL_FUNCTIONS              : Integer array_length(ARRAY array)
2025-03-26T10:26:21.032-04:00 DEBUG 1288556 --- [farmtrack-backend] [           main] org.hibernate.HQL_FUNCTIONS              : array_list( ... )
2025-03-26T10:26:21.032-04:00 DEBUG 1288556 --- [farmtrack-backend] [           main] org.hibernate.HQL_FUNCTIONS              : Boolean array_overlaps(ARRAY array0, OBJECT array1)
2025-03-26T10:26:21.032-04:00 DEBUG 1288556 --- [farmtrack-backend] [           main] org.hibernate.HQL_FUNCTIONS              : Boolean array_overlaps_nullable(ARRAY array0, OBJECT array1)
2025-03-26T10:26:21.032-04:00 DEBUG 1288556 --- [farmtrack-backend] [           main] org.hibernate.HQL_FUNCTIONS              : Integer array_position(ARRAY array, OBJECT element[, INTEGER startPosition])
2025-03-26T10:26:21.032-04:00 DEBUG 1288556 --- [farmtrack-backend] [           main] org.hibernate.HQL_FUNCTIONS              : int[] array_positions(ARRAY array, OBJECT element)
2025-03-26T10:26:21.032-04:00 DEBUG 1288556 --- [farmtrack-backend] [           main] org.hibernate.HQL_FUNCTIONS              : List array_positions_list(ARRAY array, OBJECT element)
2025-03-26T10:26:21.032-04:00 DEBUG 1288556 --- [farmtrack-backend] [           main] org.hibernate.HQL_FUNCTIONS              : array_prepend( ... )
2025-03-26T10:26:21.032-04:00 DEBUG 1288556 --- [farmtrack-backend] [           main] org.hibernate.HQL_FUNCTIONS              : array_remove( ... )
2025-03-26T10:26:21.033-04:00 DEBUG 1288556 --- [farmtrack-backend] [           main] org.hibernate.HQL_FUNCTIONS              : array_remove_index( ... )
2025-03-26T10:26:21.033-04:00 DEBUG 1288556 --- [farmtrack-backend] [           main] org.hibernate.HQL_FUNCTIONS              : array_replace(ARRAY array, OBJECT old, OBJECT new)
2025-03-26T10:26:21.033-04:00 DEBUG 1288556 --- [farmtrack-backend] [           main] org.hibernate.HQL_FUNCTIONS              : array_set( ... )
2025-03-26T10:26:21.033-04:00 DEBUG 1288556 --- [farmtrack-backend] [           main] org.hibernate.HQL_FUNCTIONS              : array_slice(ARRAY array, INTEGER start, INTEGER end)
2025-03-26T10:26:21.033-04:00 DEBUG 1288556 --- [farmtrack-backend] [           main] org.hibernate.HQL_FUNCTIONS              : String array_to_string( ... )
2025-03-26T10:26:21.033-04:00 DEBUG 1288556 --- [farmtrack-backend] [           main] org.hibernate.HQL_FUNCTIONS              : array_trim(ARRAY array, INTEGER elementsToRemove)
2025-03-26T10:26:21.033-04:00 DEBUG 1288556 --- [farmtrack-backend] [           main] org.hibernate.HQL_FUNCTIONS              : Integer ascii(STRING arg)
2025-03-26T10:26:21.033-04:00 DEBUG 1288556 --- [farmtrack-backend] [           main] org.hibernate.HQL_FUNCTIONS              : Double asin(NUMERIC arg)
2025-03-26T10:26:21.033-04:00 DEBUG 1288556 --- [farmtrack-backend] [           main] org.hibernate.HQL_FUNCTIONS              : Double asinh(NUMERIC arg)
2025-03-26T10:26:21.033-04:00 DEBUG 1288556 --- [farmtrack-backend] [           main] org.hibernate.HQL_FUNCTIONS              : Double atan(NUMERIC arg)
2025-03-26T10:26:21.033-04:00 DEBUG 1288556 --- [farmtrack-backend] [           main] org.hibernate.HQL_FUNCTIONS              : Double atan2(NUMERIC arg0, NUMERIC arg1)
2025-03-26T10:26:21.033-04:00 DEBUG 1288556 --- [farmtrack-backend] [           main] org.hibernate.HQL_FUNCTIONS              : Double atanh(NUMERIC arg)
2025-03-26T10:26:21.033-04:00 DEBUG 1288556 --- [farmtrack-backend] [           main] org.hibernate.HQL_FUNCTIONS              : avg(arg)
2025-03-26T10:26:21.033-04:00 DEBUG 1288556 --- [farmtrack-backend] [           main] org.hibernate.HQL_FUNCTIONS              : bit_and(arg)
2025-03-26T10:26:21.033-04:00 DEBUG 1288556 --- [farmtrack-backend] [           main] org.hibernate.HQL_FUNCTIONS              : Integer bit_length(STRING_OR_CLOB arg)
2025-03-26T10:26:21.033-04:00 DEBUG 1288556 --- [farmtrack-backend] [           main] org.hibernate.HQL_FUNCTIONS              : bit_or(arg)
2025-03-26T10:26:21.033-04:00 DEBUG 1288556 --- [farmtrack-backend] [           main] org.hibernate.HQL_FUNCTIONS              : bitand(arg0, arg1)
2025-03-26T10:26:21.033-04:00 DEBUG 1288556 --- [farmtrack-backend] [           main] org.hibernate.HQL_FUNCTIONS              : bitnot(arg)
2025-03-26T10:26:21.033-04:00 DEBUG 1288556 --- [farmtrack-backend] [           main] org.hibernate.HQL_FUNCTIONS              : bitor(arg0, arg1)
2025-03-26T10:26:21.033-04:00 DEBUG 1288556 --- [farmtrack-backend] [           main] org.hibernate.HQL_FUNCTIONS              : bitxor(arg0, arg1)
2025-03-26T10:26:21.033-04:00 DEBUG 1288556 --- [farmtrack-backend] [           main] org.hibernate.HQL_FUNCTIONS              : Boolean bool_and(BOOLEAN predicate)
2025-03-26T10:26:21.033-04:00 DEBUG 1288556 --- [farmtrack-backend] [           main] org.hibernate.HQL_FUNCTIONS              : Boolean bool_or(BOOLEAN predicate)
2025-03-26T10:26:21.033-04:00 DEBUG 1288556 --- [farmtrack-backend] [           main] org.hibernate.HQL_FUNCTIONS              : cast(arg as Type)
2025-03-26T10:26:21.033-04:00 DEBUG 1288556 --- [farmtrack-backend] [           main] org.hibernate.HQL_FUNCTIONS              : Double cbrt(NUMERIC arg)
2025-03-26T10:26:21.033-04:00 DEBUG 1288556 --- [farmtrack-backend] [           main] org.hibernate.HQL_FUNCTIONS              : ceiling(NUMERIC arg)
2025-03-26T10:26:21.033-04:00 DEBUG 1288556 --- [farmtrack-backend] [           main] org.hibernate.HQL_FUNCTIONS              : Character char(INTEGER arg)
2025-03-26T10:26:21.033-04:00 DEBUG 1288556 --- [farmtrack-backend] [           main] org.hibernate.HQL_FUNCTIONS              : Integer character_length(STRING_OR_CLOB arg)
2025-03-26T10:26:21.033-04:00 DEBUG 1288556 --- [farmtrack-backend] [           main] org.hibernate.HQL_FUNCTIONS              : Character chr(INTEGER arg)
2025-03-26T10:26:21.033-04:00 DEBUG 1288556 --- [farmtrack-backend] [           main] org.hibernate.HQL_FUNCTIONS              : coalesce(arg0[, arg1[, ...]])
2025-03-26T10:26:21.033-04:00 DEBUG 1288556 --- [farmtrack-backend] [           main] org.hibernate.HQL_FUNCTIONS              : String collate(STRING string as COLLATION collation)
2025-03-26T10:26:21.033-04:00 DEBUG 1288556 --- [farmtrack-backend] [           main] org.hibernate.HQL_FUNCTIONS              : (STRING string0[, STRING string1[, ...]])
2025-03-26T10:26:21.033-04:00 DEBUG 1288556 --- [farmtrack-backend] [           main] org.hibernate.HQL_FUNCTIONS              : Double corr(NUMERIC arg0, NUMERIC arg1)
2025-03-26T10:26:21.033-04:00 DEBUG 1288556 --- [farmtrack-backend] [           main] org.hibernate.HQL_FUNCTIONS              : Double cos(NUMERIC arg)
2025-03-26T10:26:21.033-04:00 DEBUG 1288556 --- [farmtrack-backend] [           main] org.hibernate.HQL_FUNCTIONS              : Double cosh(NUMERIC arg)
2025-03-26T10:26:21.033-04:00 DEBUG 1288556 --- [farmtrack-backend] [           main] org.hibernate.HQL_FUNCTIONS              : Double cot(NUMERIC arg)
2025-03-26T10:26:21.033-04:00 DEBUG 1288556 --- [farmtrack-backend] [           main] org.hibernate.HQL_FUNCTIONS              : Long count([distinct ]{arg|*})
2025-03-26T10:26:21.033-04:00 DEBUG 1288556 --- [farmtrack-backend] [           main] org.hibernate.HQL_FUNCTIONS              : Double covar_pop(NUMERIC arg0, NUMERIC arg1)
2025-03-26T10:26:21.034-04:00 DEBUG 1288556 --- [farmtrack-backend] [           main] org.hibernate.HQL_FUNCTIONS              : Double covar_samp(NUMERIC arg0, NUMERIC arg1)
2025-03-26T10:26:21.034-04:00 DEBUG 1288556 --- [farmtrack-backend] [           main] org.hibernate.HQL_FUNCTIONS              : Double cume_dist([arg0[, ...]])
2025-03-26T10:26:21.034-04:00 DEBUG 1288556 --- [farmtrack-backend] [           main] org.hibernate.HQL_FUNCTIONS              : Date current date
2025-03-26T10:26:21.034-04:00 DEBUG 1288556 --- [farmtrack-backend] [           main] org.hibernate.HQL_FUNCTIONS              : Time current time
2025-03-26T10:26:21.034-04:00 DEBUG 1288556 --- [farmtrack-backend] [           main] org.hibernate.HQL_FUNCTIONS              : Timestamp current timestamp
2025-03-26T10:26:21.034-04:00 DEBUG 1288556 --- [farmtrack-backend] [           main] org.hibernate.HQL_FUNCTIONS              : Date current_date
2025-03-26T10:26:21.034-04:00 DEBUG 1288556 --- [farmtrack-backend] [           main] org.hibernate.HQL_FUNCTIONS              : Instant current_instant
2025-03-26T10:26:21.034-04:00 DEBUG 1288556 --- [farmtrack-backend] [           main] org.hibernate.HQL_FUNCTIONS              : Time current_time
2025-03-26T10:26:21.034-04:00 DEBUG 1288556 --- [farmtrack-backend] [           main] org.hibernate.HQL_FUNCTIONS              : Timestamp current_timestamp
2025-03-26T10:26:21.034-04:00 DEBUG 1288556 --- [farmtrack-backend] [           main] org.hibernate.HQL_FUNCTIONS              : date_trunc(STRING field, TEMPORAL datetime)
2025-03-26T10:26:21.034-04:00 DEBUG 1288556 --- [farmtrack-backend] [           main] org.hibernate.HQL_FUNCTIONS              : dateadd(TEMPORAL_UNIT field, INTEGER magnitude, TEMPORAL datetime)
2025-03-26T10:26:21.034-04:00 DEBUG 1288556 --- [farmtrack-backend] [           main] org.hibernate.HQL_FUNCTIONS              : Long|Double datediff(TEMPORAL_UNIT field, TEMPORAL start, TEMPORAL end)
2025-03-26T10:26:21.034-04:00 DEBUG 1288556 --- [farmtrack-backend] [           main] org.hibernate.HQL_FUNCTIONS              : Double degrees(NUMERIC arg)
2025-03-26T10:26:21.034-04:00 DEBUG 1288556 --- [farmtrack-backend] [           main] org.hibernate.HQL_FUNCTIONS              : Long dense_rank([arg0[, ...]])
2025-03-26T10:26:21.034-04:00 DEBUG 1288556 --- [farmtrack-backend] [           main] org.hibernate.HQL_FUNCTIONS              : Boolean every(BOOLEAN predicate)
2025-03-26T10:26:21.034-04:00 DEBUG 1288556 --- [farmtrack-backend] [           main] org.hibernate.HQL_FUNCTIONS              : Double exp(NUMERIC arg)
2025-03-26T10:26:21.034-04:00 DEBUG 1288556 --- [farmtrack-backend] [           main] org.hibernate.HQL_FUNCTIONS              : extract(TEMPORAL_UNIT field from TEMPORAL arg)
2025-03-26T10:26:21.034-04:00 DEBUG 1288556 --- [farmtrack-backend] [           main] org.hibernate.HQL_FUNCTIONS              : first_valueANY value
2025-03-26T10:26:21.034-04:00 DEBUG 1288556 --- [farmtrack-backend] [           main] org.hibernate.HQL_FUNCTIONS              : floor(NUMERIC arg)
2025-03-26T10:26:21.034-04:00 DEBUG 1288556 --- [farmtrack-backend] [           main] org.hibernate.HQL_FUNCTIONS              : String format(TEMPORAL datetime as STRING pattern)
2025-03-26T10:26:21.034-04:00 DEBUG 1288556 --- [farmtrack-backend] [           main] org.hibernate.HQL_FUNCTIONS              : greatest(COMPARABLE arg0, COMPARABLE arg1[, arg2[, ...]])
2025-03-26T10:26:21.034-04:00 DEBUG 1288556 --- [farmtrack-backend] [           main] org.hibernate.HQL_FUNCTIONS              : ifnull(arg0, arg1)
2025-03-26T10:26:21.034-04:00 DEBUG 1288556 --- [farmtrack-backend] [           main] org.hibernate.HQL_FUNCTIONS              : String initcap(arg)
2025-03-26T10:26:21.034-04:00 DEBUG 1288556 --- [farmtrack-backend] [           main] org.hibernate.HQL_FUNCTIONS              : String insert(STRING string, INTEGER start, INTEGER length, STRING replacement)
2025-03-26T10:26:21.034-04:00 DEBUG 1288556 --- [farmtrack-backend] [           main] org.hibernate.HQL_FUNCTIONS              : Instant instant
2025-03-26T10:26:21.034-04:00 DEBUG 1288556 --- [farmtrack-backend] [           main] org.hibernate.HQL_FUNCTIONS              : lagANY value[, INTEGER offset[, ANY default]]
2025-03-26T10:26:21.034-04:00 DEBUG 1288556 --- [farmtrack-backend] [           main] org.hibernate.HQL_FUNCTIONS              : last_valueANY value
2025-03-26T10:26:21.034-04:00 DEBUG 1288556 --- [farmtrack-backend] [           main] org.hibernate.HQL_FUNCTIONS              : leadANY value[, INTEGER offset[, ANY default]]
2025-03-26T10:26:21.034-04:00 DEBUG 1288556 --- [farmtrack-backend] [           main] org.hibernate.HQL_FUNCTIONS              : least(COMPARABLE arg0, COMPARABLE arg1[, arg2[, ...]])
2025-03-26T10:26:21.034-04:00 DEBUG 1288556 --- [farmtrack-backend] [           main] org.hibernate.HQL_FUNCTIONS              : String left(STRING string, INTEGER length)
2025-03-26T10:26:21.034-04:00 DEBUG 1288556 --- [farmtrack-backend] [           main] org.hibernate.HQL_FUNCTIONS              : length
2025-03-26T10:26:21.034-04:00 DEBUG 1288556 --- [farmtrack-backend] [           main] org.hibernate.HQL_FUNCTIONS              : String listagg(STRING arg0, STRING arg1)
2025-03-26T10:26:21.034-04:00 DEBUG 1288556 --- [farmtrack-backend] [           main] org.hibernate.HQL_FUNCTIONS              : Double ln(NUMERIC arg)
2025-03-26T10:26:21.034-04:00 DEBUG 1288556 --- [farmtrack-backend] [           main] org.hibernate.HQL_FUNCTIONS              : LocalDate local date
2025-03-26T10:26:21.034-04:00 DEBUG 1288556 --- [farmtrack-backend] [           main] org.hibernate.HQL_FUNCTIONS              : LocalDateTime local datetime
2025-03-26T10:26:21.034-04:00 DEBUG 1288556 --- [farmtrack-backend] [           main] org.hibernate.HQL_FUNCTIONS              : LocalTime local time
2025-03-26T10:26:21.034-04:00 DEBUG 1288556 --- [farmtrack-backend] [           main] org.hibernate.HQL_FUNCTIONS              : LocalDate local_date
2025-03-26T10:26:21.034-04:00 DEBUG 1288556 --- [farmtrack-backend] [           main] org.hibernate.HQL_FUNCTIONS              : LocalDateTime local_datetime
2025-03-26T10:26:21.034-04:00 DEBUG 1288556 --- [farmtrack-backend] [           main] org.hibernate.HQL_FUNCTIONS              : LocalTime local_time
2025-03-26T10:26:21.034-04:00 DEBUG 1288556 --- [farmtrack-backend] [           main] org.hibernate.HQL_FUNCTIONS              : Time localtime
2025-03-26T10:26:21.034-04:00 DEBUG 1288556 --- [farmtrack-backend] [           main] org.hibernate.HQL_FUNCTIONS              : Timestamp localtimestamp
2025-03-26T10:26:21.035-04:00 DEBUG 1288556 --- [farmtrack-backend] [           main] org.hibernate.HQL_FUNCTIONS              : Integer locate(STRING pattern, STRING string[, INTEGER start])
2025-03-26T10:26:21.035-04:00 DEBUG 1288556 --- [farmtrack-backend] [           main] org.hibernate.HQL_FUNCTIONS              : Double log(NUMERIC arg0[, NUMERIC arg1])
2025-03-26T10:26:21.035-04:00 DEBUG 1288556 --- [farmtrack-backend] [           main] org.hibernate.HQL_FUNCTIONS              : Double log10(NUMERIC arg)
2025-03-26T10:26:21.035-04:00 DEBUG 1288556 --- [farmtrack-backend] [           main] org.hibernate.HQL_FUNCTIONS              : String lower(STRING string)
2025-03-26T10:26:21.035-04:00 DEBUG 1288556 --- [farmtrack-backend] [           main] org.hibernate.HQL_FUNCTIONS              : String lpad(STRING string, INTEGER length[, STRING padding])
2025-03-26T10:26:21.035-04:00 DEBUG 1288556 --- [farmtrack-backend] [           main] org.hibernate.HQL_FUNCTIONS              : String ltrim(STRING string[, STRING characters])
2025-03-26T10:26:21.035-04:00 DEBUG 1288556 --- [farmtrack-backend] [           main] org.hibernate.HQL_FUNCTIONS              : Date make_date(INTEGER arg0, INTEGER arg1, INTEGER arg2)
2025-03-26T10:26:21.035-04:00 DEBUG 1288556 --- [farmtrack-backend] [           main] org.hibernate.HQL_FUNCTIONS              : Time make_time(INTEGER arg0, INTEGER arg1, INTEGER arg2)
2025-03-26T10:26:21.035-04:00 DEBUG 1288556 --- [farmtrack-backend] [           main] org.hibernate.HQL_FUNCTIONS              : Timestamp make_timestamp(INTEGER arg0, INTEGER arg1, INTEGER arg2, INTEGER arg3, INTEGER arg4, INTEGER arg5)
2025-03-26T10:26:21.035-04:00 DEBUG 1288556 --- [farmtrack-backend] [           main] org.hibernate.HQL_FUNCTIONS              : Timestamp make_timestamptz(INTEGER arg0, INTEGER arg1, INTEGER arg2, INTEGER arg3, INTEGER arg4, INTEGER arg5[, INTEGER arg6])
2025-03-26T10:26:21.035-04:00 DEBUG 1288556 --- [farmtrack-backend] [           main] org.hibernate.HQL_FUNCTIONS              : max(COMPARABLE arg)
2025-03-26T10:26:21.035-04:00 DEBUG 1288556 --- [farmtrack-backend] [           main] org.hibernate.HQL_FUNCTIONS              : String md5(arg)
2025-03-26T10:26:21.035-04:00 DEBUG 1288556 --- [farmtrack-backend] [           main] org.hibernate.HQL_FUNCTIONS              : Double median(NUMERIC arg)
2025-03-26T10:26:21.035-04:00 DEBUG 1288556 --- [farmtrack-backend] [           main] org.hibernate.HQL_FUNCTIONS              : min(COMPARABLE arg)
2025-03-26T10:26:21.035-04:00 DEBUG 1288556 --- [farmtrack-backend] [           main] org.hibernate.HQL_FUNCTIONS              : Integer mod(INTEGER arg0, INTEGER arg1)
2025-03-26T10:26:21.035-04:00 DEBUG 1288556 --- [farmtrack-backend] [           main] org.hibernate.HQL_FUNCTIONS              : mode()
2025-03-26T10:26:21.035-04:00 DEBUG 1288556 --- [farmtrack-backend] [           main] org.hibernate.HQL_FUNCTIONS              : nth_valueANY value, INTEGER nth
2025-03-26T10:26:21.035-04:00 DEBUG 1288556 --- [farmtrack-backend] [           main] org.hibernate.HQL_FUNCTIONS              : nullif(arg0, arg1)
2025-03-26T10:26:21.035-04:00 DEBUG 1288556 --- [farmtrack-backend] [           main] org.hibernate.HQL_FUNCTIONS              : Integer octet_length(STRING_OR_CLOB arg)
2025-03-26T10:26:21.035-04:00 DEBUG 1288556 --- [farmtrack-backend] [           main] org.hibernate.HQL_FUNCTIONS              : OffsetDateTime offset datetime
2025-03-26T10:26:21.035-04:00 DEBUG 1288556 --- [farmtrack-backend] [           main] org.hibernate.HQL_FUNCTIONS              : OffsetDateTime offset_datetime
2025-03-26T10:26:21.035-04:00 DEBUG 1288556 --- [farmtrack-backend] [           main] org.hibernate.HQL_FUNCTIONS              : String overlay(string placing replacement from start[ for length])
2025-03-26T10:26:21.035-04:00 DEBUG 1288556 --- [farmtrack-backend] [           main] org.hibernate.HQL_FUNCTIONS              : String pad(STRING string with INTEGER length {leading|trailing}[ STRING character])
2025-03-26T10:26:21.035-04:00 DEBUG 1288556 --- [farmtrack-backend] [           main] org.hibernate.HQL_FUNCTIONS              : Double percent_rank([arg0[, ...]])
2025-03-26T10:26:21.035-04:00 DEBUG 1288556 --- [farmtrack-backend] [           main] org.hibernate.HQL_FUNCTIONS              : percentile_cont(NUMERIC arg)
2025-03-26T10:26:21.035-04:00 DEBUG 1288556 --- [farmtrack-backend] [           main] org.hibernate.HQL_FUNCTIONS              : percentile_disc(NUMERIC arg)
2025-03-26T10:26:21.035-04:00 DEBUG 1288556 --- [farmtrack-backend] [           main] org.hibernate.HQL_FUNCTIONS              : Double pi
2025-03-26T10:26:21.035-04:00 DEBUG 1288556 --- [farmtrack-backend] [           main] org.hibernate.HQL_FUNCTIONS              : Integer position(STRING pattern in STRING string)
2025-03-26T10:26:21.035-04:00 DEBUG 1288556 --- [farmtrack-backend] [           main] org.hibernate.HQL_FUNCTIONS              : Double power(NUMERIC arg0, NUMERIC arg1)
2025-03-26T10:26:21.035-04:00 DEBUG 1288556 --- [farmtrack-backend] [           main] org.hibernate.HQL_FUNCTIONS              : Double radians(NUMERIC arg)
2025-03-26T10:26:21.035-04:00 DEBUG 1288556 --- [farmtrack-backend] [           main] org.hibernate.HQL_FUNCTIONS              : Long rank([arg0[, ...]])
2025-03-26T10:26:21.035-04:00 DEBUG 1288556 --- [farmtrack-backend] [           main] org.hibernate.HQL_FUNCTIONS              : Double regr_avgx(NUMERIC arg0, NUMERIC arg1)
2025-03-26T10:26:21.035-04:00 DEBUG 1288556 --- [farmtrack-backend] [           main] org.hibernate.HQL_FUNCTIONS              : Double regr_avgy(NUMERIC arg0, NUMERIC arg1)
2025-03-26T10:26:21.035-04:00 DEBUG 1288556 --- [farmtrack-backend] [           main] org.hibernate.HQL_FUNCTIONS              : Double regr_count(NUMERIC arg0, NUMERIC arg1)
2025-03-26T10:26:21.035-04:00 DEBUG 1288556 --- [farmtrack-backend] [           main] org.hibernate.HQL_FUNCTIONS              : Double regr_intercept(NUMERIC arg0, NUMERIC arg1)
2025-03-26T10:26:21.035-04:00 DEBUG 1288556 --- [farmtrack-backend] [           main] org.hibernate.HQL_FUNCTIONS              : Double regr_r2(NUMERIC arg0, NUMERIC arg1)
2025-03-26T10:26:21.035-04:00 DEBUG 1288556 --- [farmtrack-backend] [           main] org.hibernate.HQL_FUNCTIONS              : Double regr_slope(NUMERIC arg0, NUMERIC arg1)
2025-03-26T10:26:21.035-04:00 DEBUG 1288556 --- [farmtrack-backend] [           main] org.hibernate.HQL_FUNCTIONS              : Double regr_sxx(NUMERIC arg0, NUMERIC arg1)
2025-03-26T10:26:21.036-04:00 DEBUG 1288556 --- [farmtrack-backend] [           main] org.hibernate.HQL_FUNCTIONS              : Double regr_sxy(NUMERIC arg0, NUMERIC arg1)
2025-03-26T10:26:21.036-04:00 DEBUG 1288556 --- [farmtrack-backend] [           main] org.hibernate.HQL_FUNCTIONS              : Double regr_syy(NUMERIC arg0, NUMERIC arg1)
2025-03-26T10:26:21.036-04:00 DEBUG 1288556 --- [farmtrack-backend] [           main] org.hibernate.HQL_FUNCTIONS              : String repeat(STRING string, INTEGER times)
2025-03-26T10:26:21.036-04:00 DEBUG 1288556 --- [farmtrack-backend] [           main] org.hibernate.HQL_FUNCTIONS              : String replace(STRING string, STRING pattern, STRING replacement)
2025-03-26T10:26:21.036-04:00 DEBUG 1288556 --- [farmtrack-backend] [           main] org.hibernate.HQL_FUNCTIONS              : String right(STRING string, INTEGER length)
2025-03-26T10:26:21.036-04:00 DEBUG 1288556 --- [farmtrack-backend] [           main] org.hibernate.HQL_FUNCTIONS              : round(NUMERIC number[, INTEGER places])
2025-03-26T10:26:21.036-04:00 DEBUG 1288556 --- [farmtrack-backend] [           main] org.hibernate.HQL_FUNCTIONS              : Long row_number()
2025-03-26T10:26:21.036-04:00 DEBUG 1288556 --- [farmtrack-backend] [           main] org.hibernate.HQL_FUNCTIONS              : String rpad(STRING string, INTEGER length[, STRING padding])
2025-03-26T10:26:21.036-04:00 DEBUG 1288556 --- [farmtrack-backend] [           main] org.hibernate.HQL_FUNCTIONS              : String rtrim(STRING string[, STRING characters])
2025-03-26T10:26:21.036-04:00 DEBUG 1288556 --- [farmtrack-backend] [           main] org.hibernate.HQL_FUNCTIONS              : Integer sign(NUMERIC arg)
2025-03-26T10:26:21.036-04:00 DEBUG 1288556 --- [farmtrack-backend] [           main] org.hibernate.HQL_FUNCTIONS              : Double sin(NUMERIC arg)
2025-03-26T10:26:21.036-04:00 DEBUG 1288556 --- [farmtrack-backend] [           main] org.hibernate.HQL_FUNCTIONS              : Double sinh(NUMERIC arg)
2025-03-26T10:26:21.036-04:00 DEBUG 1288556 --- [farmtrack-backend] [           main] org.hibernate.HQL_FUNCTIONS              : String soundex(arg)
2025-03-26T10:26:21.036-04:00 DEBUG 1288556 --- [farmtrack-backend] [           main] org.hibernate.HQL_FUNCTIONS              : Object sql
2025-03-26T10:26:21.036-04:00 DEBUG 1288556 --- [farmtrack-backend] [           main] org.hibernate.HQL_FUNCTIONS              : Double sqrt(NUMERIC arg)
2025-03-26T10:26:21.036-04:00 DEBUG 1288556 --- [farmtrack-backend] [           main] org.hibernate.HQL_FUNCTIONS              : Double stddev(NUMERIC arg)
2025-03-26T10:26:21.036-04:00 DEBUG 1288556 --- [farmtrack-backend] [           main] org.hibernate.HQL_FUNCTIONS              : Double stddev_pop(NUMERIC arg)
2025-03-26T10:26:21.036-04:00 DEBUG 1288556 --- [farmtrack-backend] [           main] org.hibernate.HQL_FUNCTIONS              : Double stddev_samp(NUMERIC arg)
2025-03-26T10:26:21.036-04:00 DEBUG 1288556 --- [farmtrack-backend] [           main] org.hibernate.HQL_FUNCTIONS              : String str(arg)
2025-03-26T10:26:21.036-04:00 DEBUG 1288556 --- [farmtrack-backend] [           main] org.hibernate.HQL_FUNCTIONS              : String substr(STRING string, INTEGER start[, INTEGER length])
2025-03-26T10:26:21.036-04:00 DEBUG 1288556 --- [farmtrack-backend] [           main] org.hibernate.HQL_FUNCTIONS              : String substring(STRING string{ from|,} INTEGER start[{ for|,} INTEGER length])
2025-03-26T10:26:21.036-04:00 DEBUG 1288556 --- [farmtrack-backend] [           main] org.hibernate.HQL_FUNCTIONS              : sum(arg)
2025-03-26T10:26:21.036-04:00 DEBUG 1288556 --- [farmtrack-backend] [           main] org.hibernate.HQL_FUNCTIONS              : Double tan(NUMERIC arg)
2025-03-26T10:26:21.036-04:00 DEBUG 1288556 --- [farmtrack-backend] [           main] org.hibernate.HQL_FUNCTIONS              : Double tanh(NUMERIC arg)
2025-03-26T10:26:21.036-04:00 DEBUG 1288556 --- [farmtrack-backend] [           main] org.hibernate.HQL_FUNCTIONS              : timestampadd(TEMPORAL_UNIT field, INTEGER magnitude, TEMPORAL datetime)
2025-03-26T10:26:21.036-04:00 DEBUG 1288556 --- [farmtrack-backend] [           main] org.hibernate.HQL_FUNCTIONS              : Long|Double timestampdiff(TEMPORAL_UNIT field, TEMPORAL start, TEMPORAL end)
2025-03-26T10:26:21.036-04:00 DEBUG 1288556 --- [farmtrack-backend] [           main] org.hibernate.HQL_FUNCTIONS              : String to_char(ANY arg0[, STRING arg1, STRING arg2])
2025-03-26T10:26:21.036-04:00 DEBUG 1288556 --- [farmtrack-backend] [           main] org.hibernate.HQL_FUNCTIONS              : Date to_date(STRING arg0[, STRING arg1, STRING arg2])
2025-03-26T10:26:21.036-04:00 DEBUG 1288556 --- [farmtrack-backend] [           main] org.hibernate.HQL_FUNCTIONS              : Double to_number(STRING arg0[, STRING arg1, STRING arg2])
2025-03-26T10:26:21.036-04:00 DEBUG 1288556 --- [farmtrack-backend] [           main] org.hibernate.HQL_FUNCTIONS              : Timestamp to_timestamp(STRING arg0[, STRING arg1, STRING arg2])
2025-03-26T10:26:21.036-04:00 DEBUG 1288556 --- [farmtrack-backend] [           main] org.hibernate.HQL_FUNCTIONS              : String translate(STRING arg0, STRING arg1, STRING arg2)
2025-03-26T10:26:21.036-04:00 DEBUG 1288556 --- [farmtrack-backend] [           main] org.hibernate.HQL_FUNCTIONS              : String trim([[{leading|trailing|both} ][STRING arg0 ]from] STRING arg1)
2025-03-26T10:26:21.036-04:00 DEBUG 1288556 --- [farmtrack-backend] [           main] org.hibernate.HQL_FUNCTIONS              : trunc( ... )
2025-03-26T10:26:21.036-04:00 DEBUG 1288556 --- [farmtrack-backend] [           main] org.hibernate.HQL_FUNCTIONS              : truncate( ... )
2025-03-26T10:26:21.036-04:00 DEBUG 1288556 --- [farmtrack-backend] [           main] org.hibernate.HQL_FUNCTIONS              : String upper(STRING string)
2025-03-26T10:26:21.036-04:00 DEBUG 1288556 --- [farmtrack-backend] [           main] org.hibernate.HQL_FUNCTIONS              : Double var_pop(NUMERIC arg)
2025-03-26T10:26:21.036-04:00 DEBUG 1288556 --- [farmtrack-backend] [           main] org.hibernate.HQL_FUNCTIONS              : Double var_samp(NUMERIC arg)
2025-03-26T10:26:21.036-04:00 DEBUG 1288556 --- [farmtrack-backend] [           main] org.hibernate.HQL_FUNCTIONS              : Double variance(NUMERIC arg)
2025-03-26T10:26:21.041-04:00 DEBUG 1288556 --- [farmtrack-backend] [           main] org.hibernate.orm.query.plan.cache       : Starting QueryInterpretationCache(2048)
2025-03-26T10:26:21.050-04:00 DEBUG 1288556 --- [farmtrack-backend] [onnection adder] com.zaxxer.hikari.pool.HikariPool        : HikariPool-1 - After adding stats (total=8, active=0, idle=8, waiting=0)
2025-03-26T10:26:21.050-04:00 DEBUG 1288556 --- [farmtrack-backend] [onnection adder] org.postgresql.Driver                    : Connecting with URL: jdbc:postgresql://localhost:5432/farmtrack-db
2025-03-26T10:26:21.050-04:00 DEBUG 1288556 --- [farmtrack-backend] [onnection adder] org.postgresql.jdbc.PgConnection         : PostgreSQL JDBC Driver 42.7.5
2025-03-26T10:26:21.050-04:00 DEBUG 1288556 --- [farmtrack-backend] [onnection adder] org.postgresql.jdbc.PgConnection         :   setDefaultFetchSize = 0
2025-03-26T10:26:21.050-04:00 DEBUG 1288556 --- [farmtrack-backend] [onnection adder] org.postgresql.jdbc.PgConnection         :   setPrepareThreshold = 5
2025-03-26T10:26:21.050-04:00 DEBUG 1288556 --- [farmtrack-backend] [onnection adder] o.p.core.v3.ConnectionFactoryImpl        : Trying to establish a protocol version 3 connection to localhost:5432
2025-03-26T10:26:21.051-04:00 DEBUG 1288556 --- [farmtrack-backend] [onnection adder] o.p.core.v3.ConnectionFactoryImpl        : Receive Buffer Size is 65,536
2025-03-26T10:26:21.051-04:00 DEBUG 1288556 --- [farmtrack-backend] [onnection adder] o.p.core.v3.ConnectionFactoryImpl        : Send Buffer Size is 1,313,280
2025-03-26T10:26:21.052-04:00 DEBUG 1288556 --- [farmtrack-backend] [onnection adder] org.postgresql.ssl.MakeSSL               : converting regular socket connection to ssl
2025-03-26T10:26:21.063-04:00 DEBUG 1288556 --- [farmtrack-backend] [onnection adder] jdk.event.security                       : X509Certificate: Alg:SHA256withRSA, Serial:2f:55:70:27:db:f1:77:a7:d4:bf:38:a7:3c:55:b7:32:12:fc:fb:42, Subject:CN=warfare, Issuer:CN=warfare, Key type:RSA, Length:2048, Cert Id:-521178736, Valid from:3/9/25, 7:17 PM, Valid until:3/7/35, 6:17 PM
2025-03-26T10:26:21.068-04:00 DEBUG 1288556 --- [farmtrack-backend] [onnection adder] jdk.event.security                       :  TLSHandshake: localhost:5432, TLSv1.3, TLS_AES_256_GCM_SHA384, -521178736
2025-03-26T10:26:21.076-04:00 DEBUG 1288556 --- [farmtrack-backend] [onnection adder] com.zaxxer.hikari.pool.HikariPool        : HikariPool-1 - Added connection org.postgresql.jdbc.PgConnection@3a7f28f0
2025-03-26T10:26:21.105-04:00 DEBUG 1288556 --- [farmtrack-backend] [           main] .h.s.i.SessionFactoryServiceRegistryImpl : EventListenerRegistry access via ServiceRegistry is deprecated.  Use `sessionFactory.getEventEngine().getListenerRegistry()` instead
2025-03-26T10:26:21.106-04:00 DEBUG 1288556 --- [farmtrack-backend] [onnection adder] com.zaxxer.hikari.pool.HikariPool        : HikariPool-1 - After adding stats (total=9, active=0, idle=9, waiting=0)
2025-03-26T10:26:21.106-04:00 DEBUG 1288556 --- [farmtrack-backend] [           main] h.e.i.EntityCopyObserverFactoryInitiator : Configured EntityCopyObserver strategy: disallow
2025-03-26T10:26:21.107-04:00 DEBUG 1288556 --- [farmtrack-backend] [onnection adder] org.postgresql.Driver                    : Connecting with URL: jdbc:postgresql://localhost:5432/farmtrack-db
2025-03-26T10:26:21.107-04:00 DEBUG 1288556 --- [farmtrack-backend] [onnection adder] org.postgresql.jdbc.PgConnection         : PostgreSQL JDBC Driver 42.7.5
2025-03-26T10:26:21.107-04:00 DEBUG 1288556 --- [farmtrack-backend] [onnection adder] org.postgresql.jdbc.PgConnection         :   setDefaultFetchSize = 0
2025-03-26T10:26:21.108-04:00 DEBUG 1288556 --- [farmtrack-backend] [onnection adder] org.postgresql.jdbc.PgConnection         :   setPrepareThreshold = 5
2025-03-26T10:26:21.109-04:00 DEBUG 1288556 --- [farmtrack-backend] [onnection adder] o.p.core.v3.ConnectionFactoryImpl        : Trying to establish a protocol version 3 connection to localhost:5432
2025-03-26T10:26:21.111-04:00 DEBUG 1288556 --- [farmtrack-backend] [onnection adder] o.p.core.v3.ConnectionFactoryImpl        : Receive Buffer Size is 65,536
2025-03-26T10:26:21.112-04:00 DEBUG 1288556 --- [farmtrack-backend] [onnection adder] o.p.core.v3.ConnectionFactoryImpl        : Send Buffer Size is 1,313,280
2025-03-26T10:26:21.112-04:00 DEBUG 1288556 --- [farmtrack-backend] [onnection adder] org.postgresql.ssl.MakeSSL               : converting regular socket connection to ssl
2025-03-26T10:26:21.122-04:00 DEBUG 1288556 --- [farmtrack-backend] [onnection adder] jdk.event.security                       : X509Certificate: Alg:SHA256withRSA, Serial:2f:55:70:27:db:f1:77:a7:d4:bf:38:a7:3c:55:b7:32:12:fc:fb:42, Subject:CN=warfare, Issuer:CN=warfare, Key type:RSA, Length:2048, Cert Id:-521178736, Valid from:3/9/25, 7:17 PM, Valid until:3/7/35, 6:17 PM
2025-03-26T10:26:21.125-04:00 DEBUG 1288556 --- [farmtrack-backend] [onnection adder] jdk.event.security                       :  TLSHandshake: localhost:5432, TLSv1.3, TLS_AES_256_GCM_SHA384, -521178736
2025-03-26T10:26:21.134-04:00 DEBUG 1288556 --- [farmtrack-backend] [onnection adder] com.zaxxer.hikari.pool.HikariPool        : HikariPool-1 - Added connection org.postgresql.jdbc.PgConnection@1e8388fc
2025-03-26T10:26:21.165-04:00 DEBUG 1288556 --- [farmtrack-backend] [onnection adder] com.zaxxer.hikari.pool.HikariPool        : HikariPool-1 - After adding stats (total=10, active=0, idle=10, waiting=0)
2025-03-26T10:26:21.175-04:00 DEBUG 1288556 --- [farmtrack-backend] [           main] o.h.boot.internal.ClassLoaderAccessImpl  : Not known whether passed class name [com.ncsu.farmtrackbackend.model.Farm] is safe
2025-03-26T10:26:21.175-04:00 DEBUG 1288556 --- [farmtrack-backend] [           main] o.h.boot.internal.ClassLoaderAccessImpl  : No temp ClassLoader provided; using live ClassLoader for loading potentially unsafe class : com.ncsu.farmtrackbackend.model.Farm
2025-03-26T10:26:21.206-04:00 DEBUG 1288556 --- [farmtrack-backend] [           main] o.h.b.i.bytebuddy.BytecodeProviderImpl   : HHH000513: Unable to create the ReflectionOptimizer for [com.ncsu.farmtrackbackend.model.Farm]: private accessor [totalAnimal]
2025-03-26T10:26:21.224-04:00 DEBUG 1288556 --- [farmtrack-backend] [           main] org.hibernate.ormbytecode.interceptor    : To-one property `com.ncsu.farmtrackbackend.model.Movement#destinationFarm` was mapped with LAZY + NO_PROXY but the class was not enhanced
2025-03-26T10:26:21.224-04:00 DEBUG 1288556 --- [farmtrack-backend] [           main] org.hibernate.ormbytecode.interceptor    : To-one property `com.ncsu.farmtrackbackend.model.Movement#destinationFarm` was mapped with LAZY + NO_PROXY but the class was not enhanced
2025-03-26T10:26:21.224-04:00 DEBUG 1288556 --- [farmtrack-backend] [           main] org.hibernate.ormbytecode.interceptor    : To-one property `com.ncsu.farmtrackbackend.model.Movement#originFarm` was mapped with LAZY + NO_PROXY but the class was not enhanced
2025-03-26T10:26:21.224-04:00 DEBUG 1288556 --- [farmtrack-backend] [           main] org.hibernate.ormbytecode.interceptor    : To-one property `com.ncsu.farmtrackbackend.model.Movement#originFarm` was mapped with LAZY + NO_PROXY but the class was not enhanced
2025-03-26T10:26:21.224-04:00 DEBUG 1288556 --- [farmtrack-backend] [           main] o.h.boot.internal.ClassLoaderAccessImpl  : Not known whether passed class name [com.ncsu.farmtrackbackend.model.Movement] is safe
2025-03-26T10:26:21.224-04:00 DEBUG 1288556 --- [farmtrack-backend] [           main] o.h.boot.internal.ClassLoaderAccessImpl  : No temp ClassLoader provided; using live ClassLoader for loading potentially unsafe class : com.ncsu.farmtrackbackend.model.Movement
2025-03-26T10:26:21.235-04:00 DEBUG 1288556 --- [farmtrack-backend] [           main] o.h.b.i.bytebuddy.BytecodeProviderImpl   : HHH000513: Unable to create the ReflectionOptimizer for [com.ncsu.farmtrackbackend.model.Movement]: private accessor [destinationFarm]
2025-03-26T10:26:21.236-04:00 DEBUG 1288556 --- [farmtrack-backend] [           main] org.hibernate.ormbytecode.interceptor    : To-one property `com.ncsu.farmtrackbackend.model.Movement#destinationFarm` was mapped with LAZY + NO_PROXY but the class was not enhanced
2025-03-26T10:26:21.236-04:00 DEBUG 1288556 --- [farmtrack-backend] [           main] org.hibernate.ormbytecode.interceptor    : To-one property `com.ncsu.farmtrackbackend.model.Movement#originFarm` was mapped with LAZY + NO_PROXY but the class was not enhanced
2025-03-26T10:26:21.237-04:00 DEBUG 1288556 --- [farmtrack-backend] [           main] o.h.boot.internal.ClassLoaderAccessImpl  : Not known whether passed class name [com.ncsu.farmtrackbackend.model.User] is safe
2025-03-26T10:26:21.237-04:00 DEBUG 1288556 --- [farmtrack-backend] [           main] o.h.boot.internal.ClassLoaderAccessImpl  : No temp ClassLoader provided; using live ClassLoader for loading potentially unsafe class : com.ncsu.farmtrackbackend.model.User
2025-03-26T10:26:21.252-04:00 DEBUG 1288556 --- [farmtrack-backend] [           main] o.h.b.i.bytebuddy.BytecodeProviderImpl   : HHH000513: Unable to create the ReflectionOptimizer for [com.ncsu.farmtrackbackend.model.User]: private accessor [password]
2025-03-26T10:26:21.272-04:00 DEBUG 1288556 --- [farmtrack-backend] [           main] o.hibernate.orm.model.mapping.creation   : Starting post-init callbacks
2025-03-26T10:26:21.272-04:00 DEBUG 1288556 --- [farmtrack-backend] [           main] o.hibernate.orm.model.mapping.creation   : Starting PostInitCallbackEntry : Entity(com.ncsu.farmtrackbackend.model.Farm) `staticFetchableList` generator
2025-03-26T10:26:21.273-04:00 DEBUG 1288556 --- [farmtrack-backend] [           main] o.hibernate.orm.model.mapping.creation   : Starting PostInitCallbackEntry : To-one key - NavigableRole[com.ncsu.farmtrackbackend.model.Movement.destinationFarm]
2025-03-26T10:26:21.276-04:00 DEBUG 1288556 --- [farmtrack-backend] [           main] o.hibernate.orm.model.mapping.creation   : Starting PostInitCallbackEntry : To-one key - NavigableRole[com.ncsu.farmtrackbackend.model.Movement.originFarm]
2025-03-26T10:26:21.277-04:00 DEBUG 1288556 --- [farmtrack-backend] [           main] o.hibernate.orm.model.mapping.creation   : Starting PostInitCallbackEntry : Entity(com.ncsu.farmtrackbackend.model.Movement) `staticFetchableList` generator
2025-03-26T10:26:21.277-04:00 DEBUG 1288556 --- [farmtrack-backend] [           main] o.hibernate.orm.model.mapping.creation   : Starting PostInitCallbackEntry : Entity(com.ncsu.farmtrackbackend.model.User) `staticFetchableList` generator
2025-03-26T10:26:21.360-04:00 DEBUG 1288556 --- [farmtrack-backend] [           main] org.hibernate.orm.sql.ast.create         : Created new SQL alias : f1_0
2025-03-26T10:26:21.362-04:00 DEBUG 1288556 --- [farmtrack-backend] [           main] org.hibernate.orm.sql.ast.create         : Registration of TableGroup [StandardTableGroup(com.ncsu.farmtrackbackend.model.Farm)] with identifierForTableGroup [com.ncsu.farmtrackbackend.model.Farm] for NavigablePath [com.ncsu.farmtrackbackend.model.Farm] 
2025-03-26T10:26:21.376-04:00 DEBUG 1288556 --- [farmtrack-backend] [           main] org.hibernate.orm.results.graph.AST      : DomainResult Graph:
 \-EntityResultImpl [com.ncsu.farmtrackbackend.model.Farm]
 |  \-BasicFetch [com.ncsu.farmtrackbackend.model.Farm.totalAnimal]

2025-03-26T10:26:21.380-04:00 DEBUG 1288556 --- [farmtrack-backend] [           main] org.hibernate.orm.sql.ast.tree           : SQL AST Tree:
    SelectStatement {
      FromClause {
        StandardTableGroup (f1 : com.ncsu.farmtrackbackend.model.Farm) {
          primaryTableReference : farm as f1_0
        }
      }
    }

2025-03-26T10:26:21.392-04:00 DEBUG 1288556 --- [farmtrack-backend] [           main] o.h.p.entity.AbstractEntityPersister     : Static SQL for entity: com.ncsu.farmtrackbackend.model.Farm
2025-03-26T10:26:21.392-04:00 DEBUG 1288556 --- [farmtrack-backend] [           main] o.h.p.entity.AbstractEntityPersister     :  Version select: select premiseid from farm where premiseid=?
2025-03-26T10:26:21.392-04:00 DEBUG 1288556 --- [farmtrack-backend] [           main] o.h.p.entity.AbstractEntityPersister     :  Insert (0): insert into farm (total_animal,premiseid) values (?,?)
2025-03-26T10:26:21.392-04:00 DEBUG 1288556 --- [farmtrack-backend] [           main] o.h.p.entity.AbstractEntityPersister     :  Update (0): update farm set total_animal=? where premiseid=?
2025-03-26T10:26:21.392-04:00 DEBUG 1288556 --- [farmtrack-backend] [           main] o.h.p.entity.AbstractEntityPersister     :  Delete (0): delete from farm where premiseid=?
2025-03-26T10:26:21.392-04:00 DEBUG 1288556 --- [farmtrack-backend] [           main] org.hibernate.orm.sql.ast.create         : Created new SQL alias : m1_0
2025-03-26T10:26:21.392-04:00 DEBUG 1288556 --- [farmtrack-backend] [           main] org.hibernate.orm.sql.ast.create         : Registration of TableGroup [StandardTableGroup(com.ncsu.farmtrackbackend.model.Movement)] with identifierForTableGroup [com.ncsu.farmtrackbackend.model.Movement] for NavigablePath [com.ncsu.farmtrackbackend.model.Movement] 
2025-03-26T10:26:21.398-04:00 DEBUG 1288556 --- [farmtrack-backend] [           main] org.hibernate.orm.sql.ast.create         : Registration of TableGroup [org.hibernate.sql.ast.tree.from.LazyTableGroup@6c9e7af2] with identifierForTableGroup [com.ncsu.farmtrackbackend.model.Movement.destinationFarm] for NavigablePath [com.ncsu.farmtrackbackend.model.Movement.destinationFarm] 
2025-03-26T10:26:21.400-04:00 DEBUG 1288556 --- [farmtrack-backend] [           main] org.hibernate.orm.sql.ast.create         : Created new SQL alias : df1_0
2025-03-26T10:26:21.401-04:00 DEBUG 1288556 --- [farmtrack-backend] [           main] org.hibernate.orm.sql.ast.create         : Registration of TableGroup [org.hibernate.sql.ast.tree.from.LazyTableGroup@506654fa] with identifierForTableGroup [com.ncsu.farmtrackbackend.model.Movement.originFarm] for NavigablePath [com.ncsu.farmtrackbackend.model.Movement.originFarm] 
2025-03-26T10:26:21.401-04:00 DEBUG 1288556 --- [farmtrack-backend] [           main] org.hibernate.orm.sql.ast.create         : Created new SQL alias : of1_0
2025-03-26T10:26:21.402-04:00 DEBUG 1288556 --- [farmtrack-backend] [           main] org.hibernate.orm.results.graph.AST      : DomainResult Graph:
 \-EntityResultImpl [com.ncsu.farmtrackbackend.model.Movement]
 |  +-EntityFetchJoinedImpl [com.ncsu.farmtrackbackend.model.Movement.destinationFarm]
 |  |  \-BasicFetch [com.ncsu.farmtrackbackend.model.Movement.destinationFarm.totalAnimal]
 |  +-BasicFetch [com.ncsu.farmtrackbackend.model.Movement.numItemsMoved]
 |  \-EntityFetchJoinedImpl [com.ncsu.farmtrackbackend.model.Movement.originFarm]
 |  |  \-BasicFetch [com.ncsu.farmtrackbackend.model.Movement.originFarm.totalAnimal]

2025-03-26T10:26:21.403-04:00 DEBUG 1288556 --- [farmtrack-backend] [           main] org.hibernate.orm.sql.ast.tree           : SQL AST Tree:
    SelectStatement {
      FromClause {
        StandardTableGroup (m1 : com.ncsu.farmtrackbackend.model.Movement) {
          primaryTableReference : movement as m1_0
          TableGroupJoins {
            left  join LazyTableGroup (df1 : com.ncsu.farmtrackbackend.model.Movement.destinationFarm) {
              primaryTableReference : farm as df1_0
            }
            left  join LazyTableGroup (of1 : com.ncsu.farmtrackbackend.model.Movement.originFarm) {
              primaryTableReference : farm as of1_0
            }
          }
        }
      }
    }

2025-03-26T10:26:21.405-04:00 DEBUG 1288556 --- [farmtrack-backend] [           main] o.h.p.entity.AbstractEntityPersister     : Static SQL for entity: com.ncsu.farmtrackbackend.model.Movement
2025-03-26T10:26:21.405-04:00 DEBUG 1288556 --- [farmtrack-backend] [           main] o.h.p.entity.AbstractEntityPersister     :  Version select: select movement_id from movement where movement_id=?
2025-03-26T10:26:21.405-04:00 DEBUG 1288556 --- [farmtrack-backend] [           main] o.h.p.entity.AbstractEntityPersister     :  Insert (0): insert into movement (new_destinationpremid,new_numitemsmoved,new_originpremid) values (?,?,?)
2025-03-26T10:26:21.405-04:00 DEBUG 1288556 --- [farmtrack-backend] [           main] o.h.p.entity.AbstractEntityPersister     :  Update (0): update movement set new_destinationpremid=?,new_numitemsmoved=?,new_originpremid=? where movement_id=?
2025-03-26T10:26:21.405-04:00 DEBUG 1288556 --- [farmtrack-backend] [           main] o.h.p.entity.AbstractEntityPersister     :  Delete (0): delete from movement where movement_id=?
2025-03-26T10:26:21.405-04:00 DEBUG 1288556 --- [farmtrack-backend] [           main] org.hibernate.orm.sql.ast.create         : Created new SQL alias : u1_0
2025-03-26T10:26:21.405-04:00 DEBUG 1288556 --- [farmtrack-backend] [           main] org.hibernate.orm.sql.ast.create         : Registration of TableGroup [StandardTableGroup(com.ncsu.farmtrackbackend.model.User)] with identifierForTableGroup [com.ncsu.farmtrackbackend.model.User] for NavigablePath [com.ncsu.farmtrackbackend.model.User] 
2025-03-26T10:26:21.406-04:00 DEBUG 1288556 --- [farmtrack-backend] [           main] org.hibernate.orm.results.graph.AST      : DomainResult Graph:
 \-EntityResultImpl [com.ncsu.farmtrackbackend.model.User]
 |  +-BasicFetch [com.ncsu.farmtrackbackend.model.User.password]
 |  +-BasicFetch [com.ncsu.farmtrackbackend.model.User.role]
 |  \-BasicFetch [com.ncsu.farmtrackbackend.model.User.username]

2025-03-26T10:26:21.406-04:00 DEBUG 1288556 --- [farmtrack-backend] [           main] org.hibernate.orm.sql.ast.tree           : SQL AST Tree:
    SelectStatement {
      FromClause {
        StandardTableGroup (u1 : com.ncsu.farmtrackbackend.model.User) {
          primaryTableReference : users as u1_0
        }
      }
    }

2025-03-26T10:26:21.406-04:00 DEBUG 1288556 --- [farmtrack-backend] [           main] o.h.p.entity.AbstractEntityPersister     : Static SQL for entity: com.ncsu.farmtrackbackend.model.User
2025-03-26T10:26:21.406-04:00 DEBUG 1288556 --- [farmtrack-backend] [           main] o.h.p.entity.AbstractEntityPersister     :  Version select: select id from users where id=?
2025-03-26T10:26:21.406-04:00 DEBUG 1288556 --- [farmtrack-backend] [           main] o.h.p.entity.AbstractEntityPersister     :  Insert (0): insert into users (password,role,username) values (?,?,?)
2025-03-26T10:26:21.406-04:00 DEBUG 1288556 --- [farmtrack-backend] [           main] o.h.p.entity.AbstractEntityPersister     :  Update (0): update users set password=?,role=?,username=? where id=?
2025-03-26T10:26:21.406-04:00 DEBUG 1288556 --- [farmtrack-backend] [           main] o.h.p.entity.AbstractEntityPersister     :  Delete (0): delete from users where id=?
2025-03-26T10:26:21.429-04:00  INFO 1288556 --- [farmtrack-backend] [           main] o.h.e.t.j.p.i.JtaPlatformInitiator       : HHH000489: No JTA platform available (set 'hibernate.transaction.jta.platform' to enable JTA platform integration)
2025-03-26T10:26:21.429-04:00 DEBUG 1288556 --- [farmtrack-backend] [           main] o.h.type.spi.TypeConfiguration$Scope     : Scoping TypeConfiguration [org.hibernate.type.spi.TypeConfiguration@7bad18f5] to SessionFactoryImplementor [org.hibernate.internal.SessionFactoryImpl@5620470a]
2025-03-26T10:26:21.430-04:00 DEBUG 1288556 --- [farmtrack-backend] [           main] o.h.query.named.NamedObjectRepository    : Checking 0 named HQL queries
2025-03-26T10:26:21.430-04:00 DEBUG 1288556 --- [farmtrack-backend] [           main] o.h.query.named.NamedObjectRepository    : Checking 0 named SQL queries
2025-03-26T10:26:21.505-04:00 DEBUG 1288556 --- [farmtrack-backend] [           main] org.hibernate.mapping.Table              : No alter strings for table : farm
2025-03-26T10:26:21.505-04:00 DEBUG 1288556 --- [farmtrack-backend] [           main] org.hibernate.mapping.Table              : No alter strings for table : movement
2025-03-26T10:26:21.505-04:00 DEBUG 1288556 --- [farmtrack-backend] [           main] org.hibernate.mapping.Table              : No alter strings for table : users
2025-03-26T10:26:21.610-04:00 DEBUG 1288556 --- [farmtrack-backend] [           main] o.h.internal.SessionFactoryRegistry      : Initializing SessionFactoryRegistry : org.hibernate.internal.SessionFactoryRegistry@10efb806
2025-03-26T10:26:21.610-04:00 DEBUG 1288556 --- [farmtrack-backend] [           main] o.h.internal.SessionFactoryRegistry      : Registering SessionFactory: 46af2d24-fbb3-46ae-a2d8-313aad8a551e (<unnamed>)
2025-03-26T10:26:21.610-04:00 DEBUG 1288556 --- [farmtrack-backend] [           main] o.h.internal.SessionFactoryRegistry      : Not binding SessionFactory to JNDI, no JNDI name configured
2025-03-26T10:26:21.610-04:00 DEBUG 1288556 --- [farmtrack-backend] [           main] o.hibernate.internal.SessionFactoryImpl  : Instantiated SessionFactory
2025-03-26T10:26:21.610-04:00  INFO 1288556 --- [farmtrack-backend] [           main] j.LocalContainerEntityManagerFactoryBean : Initialized JPA EntityManagerFactory for persistence unit 'default'
2025-03-26T10:26:21.618-04:00 DEBUG 1288556 --- [farmtrack-backend] [           main] o.s.b.f.s.DefaultListableBeanFactory     : Creating shared instance of singleton bean 'farmtrackApplication'
2025-03-26T10:26:21.619-04:00 DEBUG 1288556 --- [farmtrack-backend] [           main] o.s.b.f.s.DefaultListableBeanFactory     : Creating shared instance of singleton bean 'corsConfig'
2025-03-26T10:26:21.621-04:00 DEBUG 1288556 --- [farmtrack-backend] [           main] o.s.b.f.s.DefaultListableBeanFactory     : Creating shared instance of singleton bean 'openAPIConfig'
2025-03-26T10:26:21.622-04:00 DEBUG 1288556 --- [farmtrack-backend] [           main] o.s.b.f.s.DefaultListableBeanFactory     : Creating shared instance of singleton bean 'passwordConfig'
2025-03-26T10:26:21.623-04:00 DEBUG 1288556 --- [farmtrack-backend] [           main] o.s.b.f.s.DefaultListableBeanFactory     : Creating shared instance of singleton bean 'securityConfig'
2025-03-26T10:26:21.625-04:00 DEBUG 1288556 --- [farmtrack-backend] [           main] o.s.b.f.s.DefaultListableBeanFactory     : Creating shared instance of singleton bean 'jwtAuthenticationEntryPoint'
2025-03-26T10:26:21.626-04:00 DEBUG 1288556 --- [farmtrack-backend] [           main] o.s.b.f.s.DefaultListableBeanFactory     : Creating shared instance of singleton bean 'jwtRequestFilter'
2025-03-26T10:26:21.627-04:00 DEBUG 1288556 --- [farmtrack-backend] [           main] o.s.b.f.s.DefaultListableBeanFactory     : Creating shared instance of singleton bean 'userService'
2025-03-26T10:26:21.627-04:00 DEBUG 1288556 --- [farmtrack-backend] [           main] o.s.b.f.s.DefaultListableBeanFactory     : Creating shared instance of singleton bean 'userRepository'
2025-03-26T10:26:21.634-04:00 DEBUG 1288556 --- [farmtrack-backend] [           main] o.s.b.f.s.DefaultListableBeanFactory     : Creating shared instance of singleton bean 'jpa.named-queries#1'
2025-03-26T10:26:21.637-04:00 DEBUG 1288556 --- [farmtrack-backend] [           main] o.s.b.f.s.DefaultListableBeanFactory     : Creating shared instance of singleton bean 'jpa.UserRepository.fragments#0'
2025-03-26T10:26:21.646-04:00 DEBUG 1288556 --- [farmtrack-backend] [           main] o.s.b.f.s.DefaultListableBeanFactory     : Creating shared instance of singleton bean 'jpaSharedEM_entityManagerFactory'
2025-03-26T10:26:21.684-04:00 DEBUG 1288556 --- [farmtrack-backend] [           main] o.s.b.f.s.DefaultListableBeanFactory     : Creating shared instance of singleton bean 'jpaMappingContext'
2025-03-26T10:26:21.685-04:00 DEBUG 1288556 --- [farmtrack-backend] [           main] .c.JpaMetamodelMappingContextFactoryBean : Initializing JpaMetamodelMappingContext…
2025-03-26T10:26:21.698-04:00 DEBUG 1288556 --- [farmtrack-backend] [           main] .c.JpaMetamodelMappingContextFactoryBean : Finished initializing JpaMetamodelMappingContext
2025-03-26T10:26:21.722-04:00 DEBUG 1288556 --- [farmtrack-backend] [           main] tor$SharedEntityManagerInvocationHandler : Creating new EntityManager for shared EntityManager invocation
2025-03-26T10:26:21.746-04:00 DEBUG 1288556 --- [farmtrack-backend] [           main] o.h.stat.internal.StatisticsInitiator    : Statistics initialized [enabled=false]
2025-03-26T10:26:21.751-04:00 DEBUG 1288556 --- [farmtrack-backend] [           main] tor$SharedEntityManagerInvocationHandler : Creating new EntityManager for shared EntityManager invocation
2025-03-26T10:26:21.794-04:00 DEBUG 1288556 --- [farmtrack-backend] [           main] o.s.d.r.c.s.RepositoryFactorySupport     : Initializing repository instance for com.ncsu.farmtrackbackend.repository.UserRepository…
2025-03-26T10:26:21.804-04:00 DEBUG 1288556 --- [farmtrack-backend] [           main] tor$SharedEntityManagerInvocationHandler : Creating new EntityManager for shared EntityManager invocation
2025-03-26T10:26:21.839-04:00 DEBUG 1288556 --- [farmtrack-backend] [           main] o.s.d.jpa.repository.query.NamedQuery    : Looking up named query 'User.existsByUsername'
2025-03-26T10:26:21.841-04:00 DEBUG 1288556 --- [farmtrack-backend] [           main] cResourceLocalTransactionCoordinatorImpl : JDBC transaction marked for rollback-only (exception provided for stack trace)

java.lang.Exception: exception just for purpose of providing stack trace
	at org.hibernate.resource.transaction.backend.jdbc.internal.JdbcResourceLocalTransactionCoordinatorImpl$TransactionDriverControlImpl.markRollbackOnly(JdbcResourceLocalTransactionCoordinatorImpl.java:309) ~[hibernate-core-6.6.11.Final.jar:6.6.11.Final]
	at org.hibernate.internal.AbstractSharedSessionContract.buildNamedQuery(AbstractSharedSessionContract.java:1141) ~[hibernate-core-6.6.11.Final.jar:6.6.11.Final]
	at org.hibernate.internal.AbstractSharedSessionContract.createNamedQuery(AbstractSharedSessionContract.java:1019) ~[hibernate-core-6.6.11.Final.jar:6.6.11.Final]
	at org.hibernate.internal.AbstractSharedSessionContract.createNamedQuery(AbstractSharedSessionContract.java:143) ~[hibernate-core-6.6.11.Final.jar:6.6.11.Final]
	at java.base/jdk.internal.reflect.NativeMethodAccessorImpl.invoke0(Native Method) ~[na:na]
	at java.base/jdk.internal.reflect.NativeMethodAccessorImpl.invoke(NativeMethodAccessorImpl.java:77) ~[na:na]
	at java.base/jdk.internal.reflect.DelegatingMethodAccessorImpl.invoke(DelegatingMethodAccessorImpl.java:43) ~[na:na]
	at java.base/java.lang.reflect.Method.invoke(Method.java:569) ~[na:na]
	at org.springframework.orm.jpa.ExtendedEntityManagerCreator$ExtendedEntityManagerInvocationHandler.invoke(ExtendedEntityManagerCreator.java:364) ~[spring-orm-6.2.5.jar:6.2.5]
	at jdk.proxy2/jdk.proxy2.$Proxy161.createNamedQuery(Unknown Source) ~[na:na]
	at org.springframework.data.jpa.repository.query.NamedQuery.hasNamedQuery(NamedQuery.java:114) ~[spring-data-jpa-3.4.4.jar:3.4.4]
	at org.springframework.data.jpa.repository.query.NamedQuery.lookupFrom(NamedQuery.java:140) ~[spring-data-jpa-3.4.4.jar:3.4.4]
	at org.springframework.data.jpa.repository.query.JpaQueryLookupStrategy$DeclaredQueryLookupStrategy.resolveQuery(JpaQueryLookupStrategy.java:184) ~[spring-data-jpa-3.4.4.jar:3.4.4]
	at org.springframework.data.jpa.repository.query.JpaQueryLookupStrategy$CreateIfNotFoundQueryLookupStrategy.resolveQuery(JpaQueryLookupStrategy.java:256) ~[spring-data-jpa-3.4.4.jar:3.4.4]
	at org.springframework.data.jpa.repository.query.JpaQueryLookupStrategy$AbstractQueryLookupStrategy.resolveQuery(JpaQueryLookupStrategy.java:99) ~[spring-data-jpa-3.4.4.jar:3.4.4]
	at org.springframework.data.repository.core.support.QueryExecutorMethodInterceptor.lookupQuery(QueryExecutorMethodInterceptor.java:116) ~[spring-data-commons-3.4.4.jar:3.4.4]
	at org.springframework.data.repository.core.support.QueryExecutorMethodInterceptor.mapMethodsToQuery(QueryExecutorMethodInterceptor.java:104) ~[spring-data-commons-3.4.4.jar:3.4.4]
	at org.springframework.data.repository.core.support.QueryExecutorMethodInterceptor.lambda$new$0(QueryExecutorMethodInterceptor.java:92) ~[spring-data-commons-3.4.4.jar:3.4.4]
	at java.base/java.util.Optional.map(Optional.java:260) ~[na:na]
	at org.springframework.data.repository.core.support.QueryExecutorMethodInterceptor.<init>(QueryExecutorMethodInterceptor.java:92) ~[spring-data-commons-3.4.4.jar:3.4.4]
	at org.springframework.data.repository.core.support.RepositoryFactorySupport.getRepository(RepositoryFactorySupport.java:431) ~[spring-data-commons-3.4.4.jar:3.4.4]
	at org.springframework.data.repository.core.support.RepositoryFactoryBeanSupport.lambda$afterPropertiesSet$4(RepositoryFactoryBeanSupport.java:350) ~[spring-data-commons-3.4.4.jar:3.4.4]
	at org.springframework.data.util.Lazy.getNullable(Lazy.java:135) ~[spring-data-commons-3.4.4.jar:3.4.4]
	at org.springframework.data.util.Lazy.get(Lazy.java:113) ~[spring-data-commons-3.4.4.jar:3.4.4]
	at org.springframework.data.repository.core.support.RepositoryFactoryBeanSupport.afterPropertiesSet(RepositoryFactoryBeanSupport.java:356) ~[spring-data-commons-3.4.4.jar:3.4.4]
	at org.springframework.data.jpa.repository.support.JpaRepositoryFactoryBean.afterPropertiesSet(JpaRepositoryFactoryBean.java:132) ~[spring-data-jpa-3.4.4.jar:3.4.4]
	at org.springframework.beans.factory.support.AbstractAutowireCapableBeanFactory.invokeInitMethods(AbstractAutowireCapableBeanFactory.java:1859) ~[spring-beans-6.2.5.jar:6.2.5]
	at org.springframework.beans.factory.support.AbstractAutowireCapableBeanFactory.initializeBean(AbstractAutowireCapableBeanFactory.java:1808) ~[spring-beans-6.2.5.jar:6.2.5]
	at org.springframework.beans.factory.support.AbstractAutowireCapableBeanFactory.doCreateBean(AbstractAutowireCapableBeanFactory.java:601) ~[spring-beans-6.2.5.jar:6.2.5]
	at org.springframework.beans.factory.support.AbstractAutowireCapableBeanFactory.createBean(AbstractAutowireCapableBeanFactory.java:523) ~[spring-beans-6.2.5.jar:6.2.5]
	at org.springframework.beans.factory.support.AbstractBeanFactory.lambda$doGetBean$0(AbstractBeanFactory.java:339) ~[spring-beans-6.2.5.jar:6.2.5]
	at org.springframework.beans.factory.support.DefaultSingletonBeanRegistry.getSingleton(DefaultSingletonBeanRegistry.java:347) ~[spring-beans-6.2.5.jar:6.2.5]
	at org.springframework.beans.factory.support.AbstractBeanFactory.doGetBean(AbstractBeanFactory.java:337) ~[spring-beans-6.2.5.jar:6.2.5]
	at org.springframework.beans.factory.support.AbstractBeanFactory.getBean(AbstractBeanFactory.java:202) ~[spring-beans-6.2.5.jar:6.2.5]
	at org.springframework.beans.factory.support.DefaultListableBeanFactory.doResolveDependency(DefaultListableBeanFactory.java:1609) ~[spring-beans-6.2.5.jar:6.2.5]
	at org.springframework.beans.factory.support.DefaultListableBeanFactory.resolveDependency(DefaultListableBeanFactory.java:1555) ~[spring-beans-6.2.5.jar:6.2.5]
	at org.springframework.beans.factory.annotation.AutowiredAnnotationBeanPostProcessor$AutowiredFieldElement.resolveFieldValue(AutowiredAnnotationBeanPostProcessor.java:785) ~[spring-beans-6.2.5.jar:6.2.5]
	at org.springframework.beans.factory.annotation.AutowiredAnnotationBeanPostProcessor$AutowiredFieldElement.inject(AutowiredAnnotationBeanPostProcessor.java:768) ~[spring-beans-6.2.5.jar:6.2.5]
	at org.springframework.beans.factory.annotation.InjectionMetadata.inject(InjectionMetadata.java:146) ~[spring-beans-6.2.5.jar:6.2.5]
	at org.springframework.beans.factory.annotation.AutowiredAnnotationBeanPostProcessor.postProcessProperties(AutowiredAnnotationBeanPostProcessor.java:509) ~[spring-beans-6.2.5.jar:6.2.5]
	at org.springframework.beans.factory.support.AbstractAutowireCapableBeanFactory.populateBean(AbstractAutowireCapableBeanFactory.java:1445) ~[spring-beans-6.2.5.jar:6.2.5]
	at org.springframework.beans.factory.support.AbstractAutowireCapableBeanFactory.doCreateBean(AbstractAutowireCapableBeanFactory.java:600) ~[spring-beans-6.2.5.jar:6.2.5]
	at org.springframework.beans.factory.support.AbstractAutowireCapableBeanFactory.createBean(AbstractAutowireCapableBeanFactory.java:523) ~[spring-beans-6.2.5.jar:6.2.5]
	at org.springframework.beans.factory.support.AbstractBeanFactory.lambda$doGetBean$0(AbstractBeanFactory.java:339) ~[spring-beans-6.2.5.jar:6.2.5]
	at org.springframework.beans.factory.support.DefaultSingletonBeanRegistry.getSingleton(DefaultSingletonBeanRegistry.java:347) ~[spring-beans-6.2.5.jar:6.2.5]
	at org.springframework.beans.factory.support.AbstractBeanFactory.doGetBean(AbstractBeanFactory.java:337) ~[spring-beans-6.2.5.jar:6.2.5]
	at org.springframework.beans.factory.support.AbstractBeanFactory.getBean(AbstractBeanFactory.java:202) ~[spring-beans-6.2.5.jar:6.2.5]
	at org.springframework.beans.factory.support.DefaultListableBeanFactory.doResolveDependency(DefaultListableBeanFactory.java:1609) ~[spring-beans-6.2.5.jar:6.2.5]
	at org.springframework.beans.factory.support.DefaultListableBeanFactory.resolveDependency(DefaultListableBeanFactory.java:1555) ~[spring-beans-6.2.5.jar:6.2.5]
	at org.springframework.beans.factory.annotation.AutowiredAnnotationBeanPostProcessor$AutowiredFieldElement.resolveFieldValue(AutowiredAnnotationBeanPostProcessor.java:785) ~[spring-beans-6.2.5.jar:6.2.5]
	at org.springframework.beans.factory.annotation.AutowiredAnnotationBeanPostProcessor$AutowiredFieldElement.inject(AutowiredAnnotationBeanPostProcessor.java:768) ~[spring-beans-6.2.5.jar:6.2.5]
	at org.springframework.beans.factory.annotation.InjectionMetadata.inject(InjectionMetadata.java:146) ~[spring-beans-6.2.5.jar:6.2.5]
	at org.springframework.beans.factory.annotation.AutowiredAnnotationBeanPostProcessor.postProcessProperties(AutowiredAnnotationBeanPostProcessor.java:509) ~[spring-beans-6.2.5.jar:6.2.5]
	at org.springframework.beans.factory.support.AbstractAutowireCapableBeanFactory.populateBean(AbstractAutowireCapableBeanFactory.java:1445) ~[spring-beans-6.2.5.jar:6.2.5]
	at org.springframework.beans.factory.support.AbstractAutowireCapableBeanFactory.doCreateBean(AbstractAutowireCapableBeanFactory.java:600) ~[spring-beans-6.2.5.jar:6.2.5]
	at org.springframework.beans.factory.support.AbstractAutowireCapableBeanFactory.createBean(AbstractAutowireCapableBeanFactory.java:523) ~[spring-beans-6.2.5.jar:6.2.5]
	at org.springframework.beans.factory.support.AbstractBeanFactory.lambda$doGetBean$0(AbstractBeanFactory.java:339) ~[spring-beans-6.2.5.jar:6.2.5]
	at org.springframework.beans.factory.support.DefaultSingletonBeanRegistry.getSingleton(DefaultSingletonBeanRegistry.java:347) ~[spring-beans-6.2.5.jar:6.2.5]
	at org.springframework.beans.factory.support.AbstractBeanFactory.doGetBean(AbstractBeanFactory.java:337) ~[spring-beans-6.2.5.jar:6.2.5]
	at org.springframework.beans.factory.support.AbstractBeanFactory.getBean(AbstractBeanFactory.java:202) ~[spring-beans-6.2.5.jar:6.2.5]
	at org.springframework.beans.factory.support.DefaultListableBeanFactory.doResolveDependency(DefaultListableBeanFactory.java:1609) ~[spring-beans-6.2.5.jar:6.2.5]
	at org.springframework.beans.factory.support.DefaultListableBeanFactory.resolveDependency(DefaultListableBeanFactory.java:1555) ~[spring-beans-6.2.5.jar:6.2.5]
	at org.springframework.beans.factory.annotation.AutowiredAnnotationBeanPostProcessor$AutowiredFieldElement.resolveFieldValue(AutowiredAnnotationBeanPostProcessor.java:785) ~[spring-beans-6.2.5.jar:6.2.5]
	at org.springframework.beans.factory.annotation.AutowiredAnnotationBeanPostProcessor$AutowiredFieldElement.inject(AutowiredAnnotationBeanPostProcessor.java:768) ~[spring-beans-6.2.5.jar:6.2.5]
	at org.springframework.beans.factory.annotation.InjectionMetadata.inject(InjectionMetadata.java:146) ~[spring-beans-6.2.5.jar:6.2.5]
	at org.springframework.beans.factory.annotation.AutowiredAnnotationBeanPostProcessor.postProcessProperties(AutowiredAnnotationBeanPostProcessor.java:509) ~[spring-beans-6.2.5.jar:6.2.5]
	at org.springframework.beans.factory.support.AbstractAutowireCapableBeanFactory.populateBean(AbstractAutowireCapableBeanFactory.java:1445) ~[spring-beans-6.2.5.jar:6.2.5]
	at org.springframework.beans.factory.support.AbstractAutowireCapableBeanFactory.doCreateBean(AbstractAutowireCapableBeanFactory.java:600) ~[spring-beans-6.2.5.jar:6.2.5]
	at org.springframework.beans.factory.support.AbstractAutowireCapableBeanFactory.createBean(AbstractAutowireCapableBeanFactory.java:523) ~[spring-beans-6.2.5.jar:6.2.5]
	at org.springframework.beans.factory.support.AbstractBeanFactory.lambda$doGetBean$0(AbstractBeanFactory.java:339) ~[spring-beans-6.2.5.jar:6.2.5]
	at org.springframework.beans.factory.support.DefaultSingletonBeanRegistry.getSingleton(DefaultSingletonBeanRegistry.java:347) ~[spring-beans-6.2.5.jar:6.2.5]
	at org.springframework.beans.factory.support.AbstractBeanFactory.doGetBean(AbstractBeanFactory.java:337) ~[spring-beans-6.2.5.jar:6.2.5]
	at org.springframework.beans.factory.support.AbstractBeanFactory.getBean(AbstractBeanFactory.java:202) ~[spring-beans-6.2.5.jar:6.2.5]
	at org.springframework.beans.factory.support.DefaultListableBeanFactory.instantiateSingleton(DefaultListableBeanFactory.java:1155) ~[spring-beans-6.2.5.jar:6.2.5]
	at org.springframework.beans.factory.support.DefaultListableBeanFactory.preInstantiateSingleton(DefaultListableBeanFactory.java:1121) ~[spring-beans-6.2.5.jar:6.2.5]
	at org.springframework.beans.factory.support.DefaultListableBeanFactory.preInstantiateSingletons(DefaultListableBeanFactory.java:1056) ~[spring-beans-6.2.5.jar:6.2.5]
	at org.springframework.context.support.AbstractApplicationContext.finishBeanFactoryInitialization(AbstractApplicationContext.java:987) ~[spring-context-6.2.5.jar:6.2.5]
	at org.springframework.context.support.AbstractApplicationContext.refresh(AbstractApplicationContext.java:627) ~[spring-context-6.2.5.jar:6.2.5]
	at org.springframework.boot.SpringApplication.refresh(SpringApplication.java:752) ~[spring-boot-3.4.4.jar:3.4.4]
	at org.springframework.boot.SpringApplication.refreshContext(SpringApplication.java:439) ~[spring-boot-3.4.4.jar:3.4.4]
	at org.springframework.boot.SpringApplication.run(SpringApplication.java:318) ~[spring-boot-3.4.4.jar:3.4.4]
	at org.springframework.boot.test.context.SpringBootContextLoader.lambda$loadContext$3(SpringBootContextLoader.java:144) ~[spring-boot-test-3.4.4.jar:3.4.4]
	at org.springframework.util.function.ThrowingSupplier.get(ThrowingSupplier.java:58) ~[spring-core-6.2.5.jar:6.2.5]
	at org.springframework.util.function.ThrowingSupplier.get(ThrowingSupplier.java:46) ~[spring-core-6.2.5.jar:6.2.5]
	at org.springframework.boot.SpringApplication.withHook(SpringApplication.java:1461) ~[spring-boot-3.4.4.jar:3.4.4]
	at org.springframework.boot.test.context.SpringBootContextLoader$ContextLoaderHook.run(SpringBootContextLoader.java:563) ~[spring-boot-test-3.4.4.jar:3.4.4]
	at org.springframework.boot.test.context.SpringBootContextLoader.loadContext(SpringBootContextLoader.java:144) ~[spring-boot-test-3.4.4.jar:3.4.4]
	at org.springframework.boot.test.context.SpringBootContextLoader.loadContext(SpringBootContextLoader.java:110) ~[spring-boot-test-3.4.4.jar:3.4.4]
	at org.springframework.test.context.cache.DefaultCacheAwareContextLoaderDelegate.loadContextInternal(DefaultCacheAwareContextLoaderDelegate.java:225) ~[spring-test-6.2.5.jar:6.2.5]
	at org.springframework.test.context.cache.DefaultCacheAwareContextLoaderDelegate.loadContext(DefaultCacheAwareContextLoaderDelegate.java:152) ~[spring-test-6.2.5.jar:6.2.5]
	at org.springframework.test.context.support.DefaultTestContext.getApplicationContext(DefaultTestContext.java:130) ~[spring-test-6.2.5.jar:6.2.5]
	at org.springframework.test.context.web.ServletTestExecutionListener.setUpRequestContextIfNecessary(ServletTestExecutionListener.java:200) ~[spring-test-6.2.5.jar:6.2.5]
	at org.springframework.test.context.web.ServletTestExecutionListener.prepareTestInstance(ServletTestExecutionListener.java:139) ~[spring-test-6.2.5.jar:6.2.5]
	at org.springframework.test.context.TestContextManager.prepareTestInstance(TestContextManager.java:260) ~[spring-test-6.2.5.jar:6.2.5]
	at org.springframework.test.context.junit.jupiter.SpringExtension.postProcessTestInstance(SpringExtension.java:160) ~[spring-test-6.2.5.jar:6.2.5]
	at org.junit.jupiter.engine.descriptor.ClassBasedTestDescriptor.lambda$invokeTestInstancePostProcessors$11(ClassBasedTestDescriptor.java:378) ~[junit-jupiter-engine-5.11.4.jar:5.11.4]
	at org.junit.jupiter.engine.descriptor.ClassBasedTestDescriptor.executeAndMaskThrowable(ClassBasedTestDescriptor.java:383) ~[junit-jupiter-engine-5.11.4.jar:5.11.4]
	at org.junit.jupiter.engine.descriptor.ClassBasedTestDescriptor.lambda$invokeTestInstancePostProcessors$12(ClassBasedTestDescriptor.java:378) ~[junit-jupiter-engine-5.11.4.jar:5.11.4]
	at java.base/java.util.stream.ForEachOps$ForEachOp$OfRef.accept(ForEachOps.java:183) ~[na:na]
	at java.base/java.util.stream.ReferencePipeline$3$1.accept(ReferencePipeline.java:197) ~[na:na]
	at java.base/java.util.stream.ReferencePipeline$2$1.accept(ReferencePipeline.java:179) ~[na:na]
	at java.base/java.util.stream.ReferencePipeline$3$1.accept(ReferencePipeline.java:197) ~[na:na]
	at java.base/java.util.ArrayList$ArrayListSpliterator.forEachRemaining(ArrayList.java:1625) ~[na:na]
	at java.base/java.util.stream.AbstractPipeline.copyInto(AbstractPipeline.java:509) ~[na:na]
	at java.base/java.util.stream.AbstractPipeline.wrapAndCopyInto(AbstractPipeline.java:499) ~[na:na]
	at java.base/java.util.stream.ForEachOps$ForEachOp.evaluateSequential(ForEachOps.java:150) ~[na:na]
	at java.base/java.util.stream.ForEachOps$ForEachOp$OfRef.evaluateSequential(ForEachOps.java:173) ~[na:na]
	at java.base/java.util.stream.AbstractPipeline.evaluate(AbstractPipeline.java:234) ~[na:na]
	at java.base/java.util.stream.ReferencePipeline.forEach(ReferencePipeline.java:596) ~[na:na]
	at org.junit.jupiter.engine.descriptor.ClassBasedTestDescriptor.invokeTestInstancePostProcessors(ClassBasedTestDescriptor.java:377) ~[junit-jupiter-engine-5.11.4.jar:5.11.4]
	at org.junit.jupiter.engine.descriptor.ClassBasedTestDescriptor.lambda$instantiateAndPostProcessTestInstance$7(ClassBasedTestDescriptor.java:290) ~[junit-jupiter-engine-5.11.4.jar:5.11.4]
	at org.junit.platform.engine.support.hierarchical.ThrowableCollector.execute(ThrowableCollector.java:73) ~[junit-platform-engine-1.11.4.jar:1.11.4]
	at org.junit.jupiter.engine.descriptor.ClassBasedTestDescriptor.instantiateAndPostProcessTestInstance(ClassBasedTestDescriptor.java:289) ~[junit-jupiter-engine-5.11.4.jar:5.11.4]
	at org.junit.jupiter.engine.descriptor.ClassBasedTestDescriptor.lambda$testInstancesProvider$5(ClassBasedTestDescriptor.java:279) ~[junit-jupiter-engine-5.11.4.jar:5.11.4]
	at java.base/java.util.Optional.orElseGet(Optional.java:364) ~[na:na]
	at org.junit.jupiter.engine.descriptor.ClassBasedTestDescriptor.lambda$testInstancesProvider$6(ClassBasedTestDescriptor.java:278) ~[junit-jupiter-engine-5.11.4.jar:5.11.4]
	at org.junit.jupiter.engine.execution.TestInstancesProvider.getTestInstances(TestInstancesProvider.java:31) ~[junit-jupiter-engine-5.11.4.jar:5.11.4]
	at org.junit.jupiter.engine.descriptor.TestMethodTestDescriptor.lambda$prepare$1(TestMethodTestDescriptor.java:105) ~[junit-jupiter-engine-5.11.4.jar:5.11.4]
	at org.junit.platform.engine.support.hierarchical.ThrowableCollector.execute(ThrowableCollector.java:73) ~[junit-platform-engine-1.11.4.jar:1.11.4]
	at org.junit.jupiter.engine.descriptor.TestMethodTestDescriptor.prepare(TestMethodTestDescriptor.java:104) ~[junit-jupiter-engine-5.11.4.jar:5.11.4]
	at org.junit.jupiter.engine.descriptor.TestMethodTestDescriptor.prepare(TestMethodTestDescriptor.java:68) ~[junit-jupiter-engine-5.11.4.jar:5.11.4]
	at org.junit.platform.engine.support.hierarchical.NodeTestTask.lambda$prepare$2(NodeTestTask.java:128) ~[junit-platform-engine-1.11.4.jar:1.11.4]
	at org.junit.platform.engine.support.hierarchical.ThrowableCollector.execute(ThrowableCollector.java:73) ~[junit-platform-engine-1.11.4.jar:1.11.4]
	at org.junit.platform.engine.support.hierarchical.NodeTestTask.prepare(NodeTestTask.java:128) ~[junit-platform-engine-1.11.4.jar:1.11.4]
	at org.junit.platform.engine.support.hierarchical.NodeTestTask.execute(NodeTestTask.java:95) ~[junit-platform-engine-1.11.4.jar:1.11.4]
	at java.base/java.util.ArrayList.forEach(ArrayList.java:1511) ~[na:na]
	at org.junit.platform.engine.support.hierarchical.SameThreadHierarchicalTestExecutorService.invokeAll(SameThreadHierarchicalTestExecutorService.java:41) ~[junit-platform-engine-1.11.4.jar:1.11.4]
	at org.junit.platform.engine.support.hierarchical.NodeTestTask.lambda$executeRecursively$6(NodeTestTask.java:160) ~[junit-platform-engine-1.11.4.jar:1.11.4]
	at org.junit.platform.engine.support.hierarchical.ThrowableCollector.execute(ThrowableCollector.java:73) ~[junit-platform-engine-1.11.4.jar:1.11.4]
	at org.junit.platform.engine.support.hierarchical.NodeTestTask.lambda$executeRecursively$8(NodeTestTask.java:146) ~[junit-platform-engine-1.11.4.jar:1.11.4]
	at org.junit.platform.engine.support.hierarchical.Node.around(Node.java:137) ~[junit-platform-engine-1.11.4.jar:1.11.4]
	at org.junit.platform.engine.support.hierarchical.NodeTestTask.lambda$executeRecursively$9(NodeTestTask.java:144) ~[junit-platform-engine-1.11.4.jar:1.11.4]
	at org.junit.platform.engine.support.hierarchical.ThrowableCollector.execute(ThrowableCollector.java:73) ~[junit-platform-engine-1.11.4.jar:1.11.4]
	at org.junit.platform.engine.support.hierarchical.NodeTestTask.executeRecursively(NodeTestTask.java:143) ~[junit-platform-engine-1.11.4.jar:1.11.4]
	at org.junit.platform.engine.support.hierarchical.NodeTestTask.execute(NodeTestTask.java:100) ~[junit-platform-engine-1.11.4.jar:1.11.4]
	at java.base/java.util.ArrayList.forEach(ArrayList.java:1511) ~[na:na]
	at org.junit.platform.engine.support.hierarchical.SameThreadHierarchicalTestExecutorService.invokeAll(SameThreadHierarchicalTestExecutorService.java:41) ~[junit-platform-engine-1.11.4.jar:1.11.4]
	at org.junit.platform.engine.support.hierarchical.NodeTestTask.lambda$executeRecursively$6(NodeTestTask.java:160) ~[junit-platform-engine-1.11.4.jar:1.11.4]
	at org.junit.platform.engine.support.hierarchical.ThrowableCollector.execute(ThrowableCollector.java:73) ~[junit-platform-engine-1.11.4.jar:1.11.4]
	at org.junit.platform.engine.support.hierarchical.NodeTestTask.lambda$executeRecursively$8(NodeTestTask.java:146) ~[junit-platform-engine-1.11.4.jar:1.11.4]
	at org.junit.platform.engine.support.hierarchical.Node.around(Node.java:137) ~[junit-platform-engine-1.11.4.jar:1.11.4]
	at org.junit.platform.engine.support.hierarchical.NodeTestTask.lambda$executeRecursively$9(NodeTestTask.java:144) ~[junit-platform-engine-1.11.4.jar:1.11.4]
	at org.junit.platform.engine.support.hierarchical.ThrowableCollector.execute(ThrowableCollector.java:73) ~[junit-platform-engine-1.11.4.jar:1.11.4]
	at org.junit.platform.engine.support.hierarchical.NodeTestTask.executeRecursively(NodeTestTask.java:143) ~[junit-platform-engine-1.11.4.jar:1.11.4]
	at org.junit.platform.engine.support.hierarchical.NodeTestTask.execute(NodeTestTask.java:100) ~[junit-platform-engine-1.11.4.jar:1.11.4]
	at org.junit.platform.engine.support.hierarchical.SameThreadHierarchicalTestExecutorService.submit(SameThreadHierarchicalTestExecutorService.java:35) ~[junit-platform-engine-1.11.4.jar:1.11.4]
	at org.junit.platform.engine.support.hierarchical.HierarchicalTestExecutor.execute(HierarchicalTestExecutor.java:57) ~[junit-platform-engine-1.11.4.jar:1.11.4]
	at org.junit.platform.engine.support.hierarchical.HierarchicalTestEngine.execute(HierarchicalTestEngine.java:54) ~[junit-platform-engine-1.11.4.jar:1.11.4]
	at org.junit.platform.launcher.core.EngineExecutionOrchestrator.execute(EngineExecutionOrchestrator.java:198) ~[junit-platform-launcher-1.11.4.jar:1.11.4]
	at org.junit.platform.launcher.core.EngineExecutionOrchestrator.execute(EngineExecutionOrchestrator.java:169) ~[junit-platform-launcher-1.11.4.jar:1.11.4]
	at org.junit.platform.launcher.core.EngineExecutionOrchestrator.execute(EngineExecutionOrchestrator.java:93) ~[junit-platform-launcher-1.11.4.jar:1.11.4]
	at org.junit.platform.launcher.core.EngineExecutionOrchestrator.lambda$execute$0(EngineExecutionOrchestrator.java:58) ~[junit-platform-launcher-1.11.4.jar:1.11.4]
	at org.junit.platform.launcher.core.EngineExecutionOrchestrator.withInterceptedStreams(EngineExecutionOrchestrator.java:141) ~[junit-platform-launcher-1.11.4.jar:1.11.4]
	at org.junit.platform.launcher.core.EngineExecutionOrchestrator.execute(EngineExecutionOrchestrator.java:57) ~[junit-platform-launcher-1.11.4.jar:1.11.4]
	at org.junit.platform.launcher.core.DefaultLauncher.execute(DefaultLauncher.java:103) ~[junit-platform-launcher-1.11.4.jar:1.11.4]
	at org.junit.platform.launcher.core.DefaultLauncher.execute(DefaultLauncher.java:85) ~[junit-platform-launcher-1.11.4.jar:1.11.4]
	at org.junit.platform.launcher.core.DelegatingLauncher.execute(DelegatingLauncher.java:47) ~[junit-platform-launcher-1.11.4.jar:1.11.4]
	at org.apache.maven.surefire.junitplatform.LazyLauncher.execute(LazyLauncher.java:56) ~[surefire-junit-platform-3.5.2.jar:3.5.2]
	at org.apache.maven.surefire.junitplatform.JUnitPlatformProvider.execute(JUnitPlatformProvider.java:184) ~[surefire-junit-platform-3.5.2.jar:3.5.2]
	at org.apache.maven.surefire.junitplatform.JUnitPlatformProvider.invokeAllTests(JUnitPlatformProvider.java:148) ~[surefire-junit-platform-3.5.2.jar:3.5.2]
	at org.apache.maven.surefire.junitplatform.JUnitPlatformProvider.invoke(JUnitPlatformProvider.java:122) ~[surefire-junit-platform-3.5.2.jar:3.5.2]
	at org.apache.maven.surefire.booter.ForkedBooter.runSuitesInProcess(ForkedBooter.java:385) ~[surefire-booter-3.5.2.jar:3.5.2]
	at org.apache.maven.surefire.booter.ForkedBooter.execute(ForkedBooter.java:162) ~[surefire-booter-3.5.2.jar:3.5.2]
	at org.apache.maven.surefire.booter.ForkedBooter.run(ForkedBooter.java:507) ~[surefire-booter-3.5.2.jar:3.5.2]
	at org.apache.maven.surefire.booter.ForkedBooter.main(ForkedBooter.java:495) ~[surefire-booter-3.5.2.jar:3.5.2]

2025-03-26T10:26:21.847-04:00 DEBUG 1288556 --- [farmtrack-backend] [           main] o.s.d.jpa.repository.query.NamedQuery    : Did not find named query User.existsByUsername
2025-03-26T10:26:21.849-04:00 DEBUG 1288556 --- [farmtrack-backend] [           main] tor$SharedEntityManagerInvocationHandler : Creating new EntityManager for shared EntityManager invocation
2025-03-26T10:26:21.898-04:00 DEBUG 1288556 --- [farmtrack-backend] [           main] o.s.d.jpa.repository.query.NamedQuery    : Looking up named query 'User.findByUsername'
2025-03-26T10:26:21.899-04:00 DEBUG 1288556 --- [farmtrack-backend] [           main] cResourceLocalTransactionCoordinatorImpl : JDBC transaction marked for rollback-only (exception provided for stack trace)

java.lang.Exception: exception just for purpose of providing stack trace
	at org.hibernate.resource.transaction.backend.jdbc.internal.JdbcResourceLocalTransactionCoordinatorImpl$TransactionDriverControlImpl.markRollbackOnly(JdbcResourceLocalTransactionCoordinatorImpl.java:309) ~[hibernate-core-6.6.11.Final.jar:6.6.11.Final]
	at org.hibernate.internal.AbstractSharedSessionContract.buildNamedQuery(AbstractSharedSessionContract.java:1141) ~[hibernate-core-6.6.11.Final.jar:6.6.11.Final]
	at org.hibernate.internal.AbstractSharedSessionContract.createNamedQuery(AbstractSharedSessionContract.java:1019) ~[hibernate-core-6.6.11.Final.jar:6.6.11.Final]
	at org.hibernate.internal.AbstractSharedSessionContract.createNamedQuery(AbstractSharedSessionContract.java:143) ~[hibernate-core-6.6.11.Final.jar:6.6.11.Final]
	at java.base/jdk.internal.reflect.NativeMethodAccessorImpl.invoke0(Native Method) ~[na:na]
	at java.base/jdk.internal.reflect.NativeMethodAccessorImpl.invoke(NativeMethodAccessorImpl.java:77) ~[na:na]
	at java.base/jdk.internal.reflect.DelegatingMethodAccessorImpl.invoke(DelegatingMethodAccessorImpl.java:43) ~[na:na]
	at java.base/java.lang.reflect.Method.invoke(Method.java:569) ~[na:na]
	at org.springframework.orm.jpa.ExtendedEntityManagerCreator$ExtendedEntityManagerInvocationHandler.invoke(ExtendedEntityManagerCreator.java:364) ~[spring-orm-6.2.5.jar:6.2.5]
	at jdk.proxy2/jdk.proxy2.$Proxy161.createNamedQuery(Unknown Source) ~[na:na]
	at org.springframework.data.jpa.repository.query.NamedQuery.hasNamedQuery(NamedQuery.java:114) ~[spring-data-jpa-3.4.4.jar:3.4.4]
	at org.springframework.data.jpa.repository.query.NamedQuery.lookupFrom(NamedQuery.java:140) ~[spring-data-jpa-3.4.4.jar:3.4.4]
	at org.springframework.data.jpa.repository.query.JpaQueryLookupStrategy$DeclaredQueryLookupStrategy.resolveQuery(JpaQueryLookupStrategy.java:184) ~[spring-data-jpa-3.4.4.jar:3.4.4]
	at org.springframework.data.jpa.repository.query.JpaQueryLookupStrategy$CreateIfNotFoundQueryLookupStrategy.resolveQuery(JpaQueryLookupStrategy.java:256) ~[spring-data-jpa-3.4.4.jar:3.4.4]
	at org.springframework.data.jpa.repository.query.JpaQueryLookupStrategy$AbstractQueryLookupStrategy.resolveQuery(JpaQueryLookupStrategy.java:99) ~[spring-data-jpa-3.4.4.jar:3.4.4]
	at org.springframework.data.repository.core.support.QueryExecutorMethodInterceptor.lookupQuery(QueryExecutorMethodInterceptor.java:116) ~[spring-data-commons-3.4.4.jar:3.4.4]
	at org.springframework.data.repository.core.support.QueryExecutorMethodInterceptor.mapMethodsToQuery(QueryExecutorMethodInterceptor.java:104) ~[spring-data-commons-3.4.4.jar:3.4.4]
	at org.springframework.data.repository.core.support.QueryExecutorMethodInterceptor.lambda$new$0(QueryExecutorMethodInterceptor.java:92) ~[spring-data-commons-3.4.4.jar:3.4.4]
	at java.base/java.util.Optional.map(Optional.java:260) ~[na:na]
	at org.springframework.data.repository.core.support.QueryExecutorMethodInterceptor.<init>(QueryExecutorMethodInterceptor.java:92) ~[spring-data-commons-3.4.4.jar:3.4.4]
	at org.springframework.data.repository.core.support.RepositoryFactorySupport.getRepository(RepositoryFactorySupport.java:431) ~[spring-data-commons-3.4.4.jar:3.4.4]
	at org.springframework.data.repository.core.support.RepositoryFactoryBeanSupport.lambda$afterPropertiesSet$4(RepositoryFactoryBeanSupport.java:350) ~[spring-data-commons-3.4.4.jar:3.4.4]
	at org.springframework.data.util.Lazy.getNullable(Lazy.java:135) ~[spring-data-commons-3.4.4.jar:3.4.4]
	at org.springframework.data.util.Lazy.get(Lazy.java:113) ~[spring-data-commons-3.4.4.jar:3.4.4]
	at org.springframework.data.repository.core.support.RepositoryFactoryBeanSupport.afterPropertiesSet(RepositoryFactoryBeanSupport.java:356) ~[spring-data-commons-3.4.4.jar:3.4.4]
	at org.springframework.data.jpa.repository.support.JpaRepositoryFactoryBean.afterPropertiesSet(JpaRepositoryFactoryBean.java:132) ~[spring-data-jpa-3.4.4.jar:3.4.4]
	at org.springframework.beans.factory.support.AbstractAutowireCapableBeanFactory.invokeInitMethods(AbstractAutowireCapableBeanFactory.java:1859) ~[spring-beans-6.2.5.jar:6.2.5]
	at org.springframework.beans.factory.support.AbstractAutowireCapableBeanFactory.initializeBean(AbstractAutowireCapableBeanFactory.java:1808) ~[spring-beans-6.2.5.jar:6.2.5]
	at org.springframework.beans.factory.support.AbstractAutowireCapableBeanFactory.doCreateBean(AbstractAutowireCapableBeanFactory.java:601) ~[spring-beans-6.2.5.jar:6.2.5]
	at org.springframework.beans.factory.support.AbstractAutowireCapableBeanFactory.createBean(AbstractAutowireCapableBeanFactory.java:523) ~[spring-beans-6.2.5.jar:6.2.5]
	at org.springframework.beans.factory.support.AbstractBeanFactory.lambda$doGetBean$0(AbstractBeanFactory.java:339) ~[spring-beans-6.2.5.jar:6.2.5]
	at org.springframework.beans.factory.support.DefaultSingletonBeanRegistry.getSingleton(DefaultSingletonBeanRegistry.java:347) ~[spring-beans-6.2.5.jar:6.2.5]
	at org.springframework.beans.factory.support.AbstractBeanFactory.doGetBean(AbstractBeanFactory.java:337) ~[spring-beans-6.2.5.jar:6.2.5]
	at org.springframework.beans.factory.support.AbstractBeanFactory.getBean(AbstractBeanFactory.java:202) ~[spring-beans-6.2.5.jar:6.2.5]
	at org.springframework.beans.factory.support.DefaultListableBeanFactory.doResolveDependency(DefaultListableBeanFactory.java:1609) ~[spring-beans-6.2.5.jar:6.2.5]
	at org.springframework.beans.factory.support.DefaultListableBeanFactory.resolveDependency(DefaultListableBeanFactory.java:1555) ~[spring-beans-6.2.5.jar:6.2.5]
	at org.springframework.beans.factory.annotation.AutowiredAnnotationBeanPostProcessor$AutowiredFieldElement.resolveFieldValue(AutowiredAnnotationBeanPostProcessor.java:785) ~[spring-beans-6.2.5.jar:6.2.5]
	at org.springframework.beans.factory.annotation.AutowiredAnnotationBeanPostProcessor$AutowiredFieldElement.inject(AutowiredAnnotationBeanPostProcessor.java:768) ~[spring-beans-6.2.5.jar:6.2.5]
	at org.springframework.beans.factory.annotation.InjectionMetadata.inject(InjectionMetadata.java:146) ~[spring-beans-6.2.5.jar:6.2.5]
	at org.springframework.beans.factory.annotation.AutowiredAnnotationBeanPostProcessor.postProcessProperties(AutowiredAnnotationBeanPostProcessor.java:509) ~[spring-beans-6.2.5.jar:6.2.5]
	at org.springframework.beans.factory.support.AbstractAutowireCapableBeanFactory.populateBean(AbstractAutowireCapableBeanFactory.java:1445) ~[spring-beans-6.2.5.jar:6.2.5]
	at org.springframework.beans.factory.support.AbstractAutowireCapableBeanFactory.doCreateBean(AbstractAutowireCapableBeanFactory.java:600) ~[spring-beans-6.2.5.jar:6.2.5]
	at org.springframework.beans.factory.support.AbstractAutowireCapableBeanFactory.createBean(AbstractAutowireCapableBeanFactory.java:523) ~[spring-beans-6.2.5.jar:6.2.5]
	at org.springframework.beans.factory.support.AbstractBeanFactory.lambda$doGetBean$0(AbstractBeanFactory.java:339) ~[spring-beans-6.2.5.jar:6.2.5]
	at org.springframework.beans.factory.support.DefaultSingletonBeanRegistry.getSingleton(DefaultSingletonBeanRegistry.java:347) ~[spring-beans-6.2.5.jar:6.2.5]
	at org.springframework.beans.factory.support.AbstractBeanFactory.doGetBean(AbstractBeanFactory.java:337) ~[spring-beans-6.2.5.jar:6.2.5]
	at org.springframework.beans.factory.support.AbstractBeanFactory.getBean(AbstractBeanFactory.java:202) ~[spring-beans-6.2.5.jar:6.2.5]
	at org.springframework.beans.factory.support.DefaultListableBeanFactory.doResolveDependency(DefaultListableBeanFactory.java:1609) ~[spring-beans-6.2.5.jar:6.2.5]
	at org.springframework.beans.factory.support.DefaultListableBeanFactory.resolveDependency(DefaultListableBeanFactory.java:1555) ~[spring-beans-6.2.5.jar:6.2.5]
	at org.springframework.beans.factory.annotation.AutowiredAnnotationBeanPostProcessor$AutowiredFieldElement.resolveFieldValue(AutowiredAnnotationBeanPostProcessor.java:785) ~[spring-beans-6.2.5.jar:6.2.5]
	at org.springframework.beans.factory.annotation.AutowiredAnnotationBeanPostProcessor$AutowiredFieldElement.inject(AutowiredAnnotationBeanPostProcessor.java:768) ~[spring-beans-6.2.5.jar:6.2.5]
	at org.springframework.beans.factory.annotation.InjectionMetadata.inject(InjectionMetadata.java:146) ~[spring-beans-6.2.5.jar:6.2.5]
	at org.springframework.beans.factory.annotation.AutowiredAnnotationBeanPostProcessor.postProcessProperties(AutowiredAnnotationBeanPostProcessor.java:509) ~[spring-beans-6.2.5.jar:6.2.5]
	at org.springframework.beans.factory.support.AbstractAutowireCapableBeanFactory.populateBean(AbstractAutowireCapableBeanFactory.java:1445) ~[spring-beans-6.2.5.jar:6.2.5]
	at org.springframework.beans.factory.support.AbstractAutowireCapableBeanFactory.doCreateBean(AbstractAutowireCapableBeanFactory.java:600) ~[spring-beans-6.2.5.jar:6.2.5]
	at org.springframework.beans.factory.support.AbstractAutowireCapableBeanFactory.createBean(AbstractAutowireCapableBeanFactory.java:523) ~[spring-beans-6.2.5.jar:6.2.5]
	at org.springframework.beans.factory.support.AbstractBeanFactory.lambda$doGetBean$0(AbstractBeanFactory.java:339) ~[spring-beans-6.2.5.jar:6.2.5]
	at org.springframework.beans.factory.support.DefaultSingletonBeanRegistry.getSingleton(DefaultSingletonBeanRegistry.java:347) ~[spring-beans-6.2.5.jar:6.2.5]
	at org.springframework.beans.factory.support.AbstractBeanFactory.doGetBean(AbstractBeanFactory.java:337) ~[spring-beans-6.2.5.jar:6.2.5]
	at org.springframework.beans.factory.support.AbstractBeanFactory.getBean(AbstractBeanFactory.java:202) ~[spring-beans-6.2.5.jar:6.2.5]
	at org.springframework.beans.factory.support.DefaultListableBeanFactory.doResolveDependency(DefaultListableBeanFactory.java:1609) ~[spring-beans-6.2.5.jar:6.2.5]
	at org.springframework.beans.factory.support.DefaultListableBeanFactory.resolveDependency(DefaultListableBeanFactory.java:1555) ~[spring-beans-6.2.5.jar:6.2.5]
	at org.springframework.beans.factory.annotation.AutowiredAnnotationBeanPostProcessor$AutowiredFieldElement.resolveFieldValue(AutowiredAnnotationBeanPostProcessor.java:785) ~[spring-beans-6.2.5.jar:6.2.5]
	at org.springframework.beans.factory.annotation.AutowiredAnnotationBeanPostProcessor$AutowiredFieldElement.inject(AutowiredAnnotationBeanPostProcessor.java:768) ~[spring-beans-6.2.5.jar:6.2.5]
	at org.springframework.beans.factory.annotation.InjectionMetadata.inject(InjectionMetadata.java:146) ~[spring-beans-6.2.5.jar:6.2.5]
	at org.springframework.beans.factory.annotation.AutowiredAnnotationBeanPostProcessor.postProcessProperties(AutowiredAnnotationBeanPostProcessor.java:509) ~[spring-beans-6.2.5.jar:6.2.5]
	at org.springframework.beans.factory.support.AbstractAutowireCapableBeanFactory.populateBean(AbstractAutowireCapableBeanFactory.java:1445) ~[spring-beans-6.2.5.jar:6.2.5]
	at org.springframework.beans.factory.support.AbstractAutowireCapableBeanFactory.doCreateBean(AbstractAutowireCapableBeanFactory.java:600) ~[spring-beans-6.2.5.jar:6.2.5]
	at org.springframework.beans.factory.support.AbstractAutowireCapableBeanFactory.createBean(AbstractAutowireCapableBeanFactory.java:523) ~[spring-beans-6.2.5.jar:6.2.5]
	at org.springframework.beans.factory.support.AbstractBeanFactory.lambda$doGetBean$0(AbstractBeanFactory.java:339) ~[spring-beans-6.2.5.jar:6.2.5]
	at org.springframework.beans.factory.support.DefaultSingletonBeanRegistry.getSingleton(DefaultSingletonBeanRegistry.java:347) ~[spring-beans-6.2.5.jar:6.2.5]
	at org.springframework.beans.factory.support.AbstractBeanFactory.doGetBean(AbstractBeanFactory.java:337) ~[spring-beans-6.2.5.jar:6.2.5]
	at org.springframework.beans.factory.support.AbstractBeanFactory.getBean(AbstractBeanFactory.java:202) ~[spring-beans-6.2.5.jar:6.2.5]
	at org.springframework.beans.factory.support.DefaultListableBeanFactory.instantiateSingleton(DefaultListableBeanFactory.java:1155) ~[spring-beans-6.2.5.jar:6.2.5]
	at org.springframework.beans.factory.support.DefaultListableBeanFactory.preInstantiateSingleton(DefaultListableBeanFactory.java:1121) ~[spring-beans-6.2.5.jar:6.2.5]
	at org.springframework.beans.factory.support.DefaultListableBeanFactory.preInstantiateSingletons(DefaultListableBeanFactory.java:1056) ~[spring-beans-6.2.5.jar:6.2.5]
	at org.springframework.context.support.AbstractApplicationContext.finishBeanFactoryInitialization(AbstractApplicationContext.java:987) ~[spring-context-6.2.5.jar:6.2.5]
	at org.springframework.context.support.AbstractApplicationContext.refresh(AbstractApplicationContext.java:627) ~[spring-context-6.2.5.jar:6.2.5]
	at org.springframework.boot.SpringApplication.refresh(SpringApplication.java:752) ~[spring-boot-3.4.4.jar:3.4.4]
	at org.springframework.boot.SpringApplication.refreshContext(SpringApplication.java:439) ~[spring-boot-3.4.4.jar:3.4.4]
	at org.springframework.boot.SpringApplication.run(SpringApplication.java:318) ~[spring-boot-3.4.4.jar:3.4.4]
	at org.springframework.boot.test.context.SpringBootContextLoader.lambda$loadContext$3(SpringBootContextLoader.java:144) ~[spring-boot-test-3.4.4.jar:3.4.4]
	at org.springframework.util.function.ThrowingSupplier.get(ThrowingSupplier.java:58) ~[spring-core-6.2.5.jar:6.2.5]
	at org.springframework.util.function.ThrowingSupplier.get(ThrowingSupplier.java:46) ~[spring-core-6.2.5.jar:6.2.5]
	at org.springframework.boot.SpringApplication.withHook(SpringApplication.java:1461) ~[spring-boot-3.4.4.jar:3.4.4]
	at org.springframework.boot.test.context.SpringBootContextLoader$ContextLoaderHook.run(SpringBootContextLoader.java:563) ~[spring-boot-test-3.4.4.jar:3.4.4]
	at org.springframework.boot.test.context.SpringBootContextLoader.loadContext(SpringBootContextLoader.java:144) ~[spring-boot-test-3.4.4.jar:3.4.4]
	at org.springframework.boot.test.context.SpringBootContextLoader.loadContext(SpringBootContextLoader.java:110) ~[spring-boot-test-3.4.4.jar:3.4.4]
	at org.springframework.test.context.cache.DefaultCacheAwareContextLoaderDelegate.loadContextInternal(DefaultCacheAwareContextLoaderDelegate.java:225) ~[spring-test-6.2.5.jar:6.2.5]
	at org.springframework.test.context.cache.DefaultCacheAwareContextLoaderDelegate.loadContext(DefaultCacheAwareContextLoaderDelegate.java:152) ~[spring-test-6.2.5.jar:6.2.5]
	at org.springframework.test.context.support.DefaultTestContext.getApplicationContext(DefaultTestContext.java:130) ~[spring-test-6.2.5.jar:6.2.5]
	at org.springframework.test.context.web.ServletTestExecutionListener.setUpRequestContextIfNecessary(ServletTestExecutionListener.java:200) ~[spring-test-6.2.5.jar:6.2.5]
	at org.springframework.test.context.web.ServletTestExecutionListener.prepareTestInstance(ServletTestExecutionListener.java:139) ~[spring-test-6.2.5.jar:6.2.5]
	at org.springframework.test.context.TestContextManager.prepareTestInstance(TestContextManager.java:260) ~[spring-test-6.2.5.jar:6.2.5]
	at org.springframework.test.context.junit.jupiter.SpringExtension.postProcessTestInstance(SpringExtension.java:160) ~[spring-test-6.2.5.jar:6.2.5]
	at org.junit.jupiter.engine.descriptor.ClassBasedTestDescriptor.lambda$invokeTestInstancePostProcessors$11(ClassBasedTestDescriptor.java:378) ~[junit-jupiter-engine-5.11.4.jar:5.11.4]
	at org.junit.jupiter.engine.descriptor.ClassBasedTestDescriptor.executeAndMaskThrowable(ClassBasedTestDescriptor.java:383) ~[junit-jupiter-engine-5.11.4.jar:5.11.4]
	at org.junit.jupiter.engine.descriptor.ClassBasedTestDescriptor.lambda$invokeTestInstancePostProcessors$12(ClassBasedTestDescriptor.java:378) ~[junit-jupiter-engine-5.11.4.jar:5.11.4]
	at java.base/java.util.stream.ForEachOps$ForEachOp$OfRef.accept(ForEachOps.java:183) ~[na:na]
	at java.base/java.util.stream.ReferencePipeline$3$1.accept(ReferencePipeline.java:197) ~[na:na]
	at java.base/java.util.stream.ReferencePipeline$2$1.accept(ReferencePipeline.java:179) ~[na:na]
	at java.base/java.util.stream.ReferencePipeline$3$1.accept(ReferencePipeline.java:197) ~[na:na]
	at java.base/java.util.ArrayList$ArrayListSpliterator.forEachRemaining(ArrayList.java:1625) ~[na:na]
	at java.base/java.util.stream.AbstractPipeline.copyInto(AbstractPipeline.java:509) ~[na:na]
	at java.base/java.util.stream.AbstractPipeline.wrapAndCopyInto(AbstractPipeline.java:499) ~[na:na]
	at java.base/java.util.stream.ForEachOps$ForEachOp.evaluateSequential(ForEachOps.java:150) ~[na:na]
	at java.base/java.util.stream.ForEachOps$ForEachOp$OfRef.evaluateSequential(ForEachOps.java:173) ~[na:na]
	at java.base/java.util.stream.AbstractPipeline.evaluate(AbstractPipeline.java:234) ~[na:na]
	at java.base/java.util.stream.ReferencePipeline.forEach(ReferencePipeline.java:596) ~[na:na]
	at org.junit.jupiter.engine.descriptor.ClassBasedTestDescriptor.invokeTestInstancePostProcessors(ClassBasedTestDescriptor.java:377) ~[junit-jupiter-engine-5.11.4.jar:5.11.4]
	at org.junit.jupiter.engine.descriptor.ClassBasedTestDescriptor.lambda$instantiateAndPostProcessTestInstance$7(ClassBasedTestDescriptor.java:290) ~[junit-jupiter-engine-5.11.4.jar:5.11.4]
	at org.junit.platform.engine.support.hierarchical.ThrowableCollector.execute(ThrowableCollector.java:73) ~[junit-platform-engine-1.11.4.jar:1.11.4]
	at org.junit.jupiter.engine.descriptor.ClassBasedTestDescriptor.instantiateAndPostProcessTestInstance(ClassBasedTestDescriptor.java:289) ~[junit-jupiter-engine-5.11.4.jar:5.11.4]
	at org.junit.jupiter.engine.descriptor.ClassBasedTestDescriptor.lambda$testInstancesProvider$5(ClassBasedTestDescriptor.java:279) ~[junit-jupiter-engine-5.11.4.jar:5.11.4]
	at java.base/java.util.Optional.orElseGet(Optional.java:364) ~[na:na]
	at org.junit.jupiter.engine.descriptor.ClassBasedTestDescriptor.lambda$testInstancesProvider$6(ClassBasedTestDescriptor.java:278) ~[junit-jupiter-engine-5.11.4.jar:5.11.4]
	at org.junit.jupiter.engine.execution.TestInstancesProvider.getTestInstances(TestInstancesProvider.java:31) ~[junit-jupiter-engine-5.11.4.jar:5.11.4]
	at org.junit.jupiter.engine.descriptor.TestMethodTestDescriptor.lambda$prepare$1(TestMethodTestDescriptor.java:105) ~[junit-jupiter-engine-5.11.4.jar:5.11.4]
	at org.junit.platform.engine.support.hierarchical.ThrowableCollector.execute(ThrowableCollector.java:73) ~[junit-platform-engine-1.11.4.jar:1.11.4]
	at org.junit.jupiter.engine.descriptor.TestMethodTestDescriptor.prepare(TestMethodTestDescriptor.java:104) ~[junit-jupiter-engine-5.11.4.jar:5.11.4]
	at org.junit.jupiter.engine.descriptor.TestMethodTestDescriptor.prepare(TestMethodTestDescriptor.java:68) ~[junit-jupiter-engine-5.11.4.jar:5.11.4]
	at org.junit.platform.engine.support.hierarchical.NodeTestTask.lambda$prepare$2(NodeTestTask.java:128) ~[junit-platform-engine-1.11.4.jar:1.11.4]
	at org.junit.platform.engine.support.hierarchical.ThrowableCollector.execute(ThrowableCollector.java:73) ~[junit-platform-engine-1.11.4.jar:1.11.4]
	at org.junit.platform.engine.support.hierarchical.NodeTestTask.prepare(NodeTestTask.java:128) ~[junit-platform-engine-1.11.4.jar:1.11.4]
	at org.junit.platform.engine.support.hierarchical.NodeTestTask.execute(NodeTestTask.java:95) ~[junit-platform-engine-1.11.4.jar:1.11.4]
	at java.base/java.util.ArrayList.forEach(ArrayList.java:1511) ~[na:na]
	at org.junit.platform.engine.support.hierarchical.SameThreadHierarchicalTestExecutorService.invokeAll(SameThreadHierarchicalTestExecutorService.java:41) ~[junit-platform-engine-1.11.4.jar:1.11.4]
	at org.junit.platform.engine.support.hierarchical.NodeTestTask.lambda$executeRecursively$6(NodeTestTask.java:160) ~[junit-platform-engine-1.11.4.jar:1.11.4]
	at org.junit.platform.engine.support.hierarchical.ThrowableCollector.execute(ThrowableCollector.java:73) ~[junit-platform-engine-1.11.4.jar:1.11.4]
	at org.junit.platform.engine.support.hierarchical.NodeTestTask.lambda$executeRecursively$8(NodeTestTask.java:146) ~[junit-platform-engine-1.11.4.jar:1.11.4]
	at org.junit.platform.engine.support.hierarchical.Node.around(Node.java:137) ~[junit-platform-engine-1.11.4.jar:1.11.4]
	at org.junit.platform.engine.support.hierarchical.NodeTestTask.lambda$executeRecursively$9(NodeTestTask.java:144) ~[junit-platform-engine-1.11.4.jar:1.11.4]
	at org.junit.platform.engine.support.hierarchical.ThrowableCollector.execute(ThrowableCollector.java:73) ~[junit-platform-engine-1.11.4.jar:1.11.4]
	at org.junit.platform.engine.support.hierarchical.NodeTestTask.executeRecursively(NodeTestTask.java:143) ~[junit-platform-engine-1.11.4.jar:1.11.4]
	at org.junit.platform.engine.support.hierarchical.NodeTestTask.execute(NodeTestTask.java:100) ~[junit-platform-engine-1.11.4.jar:1.11.4]
	at java.base/java.util.ArrayList.forEach(ArrayList.java:1511) ~[na:na]
	at org.junit.platform.engine.support.hierarchical.SameThreadHierarchicalTestExecutorService.invokeAll(SameThreadHierarchicalTestExecutorService.java:41) ~[junit-platform-engine-1.11.4.jar:1.11.4]
	at org.junit.platform.engine.support.hierarchical.NodeTestTask.lambda$executeRecursively$6(NodeTestTask.java:160) ~[junit-platform-engine-1.11.4.jar:1.11.4]
	at org.junit.platform.engine.support.hierarchical.ThrowableCollector.execute(ThrowableCollector.java:73) ~[junit-platform-engine-1.11.4.jar:1.11.4]
	at org.junit.platform.engine.support.hierarchical.NodeTestTask.lambda$executeRecursively$8(NodeTestTask.java:146) ~[junit-platform-engine-1.11.4.jar:1.11.4]
	at org.junit.platform.engine.support.hierarchical.Node.around(Node.java:137) ~[junit-platform-engine-1.11.4.jar:1.11.4]
	at org.junit.platform.engine.support.hierarchical.NodeTestTask.lambda$executeRecursively$9(NodeTestTask.java:144) ~[junit-platform-engine-1.11.4.jar:1.11.4]
	at org.junit.platform.engine.support.hierarchical.ThrowableCollector.execute(ThrowableCollector.java:73) ~[junit-platform-engine-1.11.4.jar:1.11.4]
	at org.junit.platform.engine.support.hierarchical.NodeTestTask.executeRecursively(NodeTestTask.java:143) ~[junit-platform-engine-1.11.4.jar:1.11.4]
	at org.junit.platform.engine.support.hierarchical.NodeTestTask.execute(NodeTestTask.java:100) ~[junit-platform-engine-1.11.4.jar:1.11.4]
	at org.junit.platform.engine.support.hierarchical.SameThreadHierarchicalTestExecutorService.submit(SameThreadHierarchicalTestExecutorService.java:35) ~[junit-platform-engine-1.11.4.jar:1.11.4]
	at org.junit.platform.engine.support.hierarchical.HierarchicalTestExecutor.execute(HierarchicalTestExecutor.java:57) ~[junit-platform-engine-1.11.4.jar:1.11.4]
	at org.junit.platform.engine.support.hierarchical.HierarchicalTestEngine.execute(HierarchicalTestEngine.java:54) ~[junit-platform-engine-1.11.4.jar:1.11.4]
	at org.junit.platform.launcher.core.EngineExecutionOrchestrator.execute(EngineExecutionOrchestrator.java:198) ~[junit-platform-launcher-1.11.4.jar:1.11.4]
	at org.junit.platform.launcher.core.EngineExecutionOrchestrator.execute(EngineExecutionOrchestrator.java:169) ~[junit-platform-launcher-1.11.4.jar:1.11.4]
	at org.junit.platform.launcher.core.EngineExecutionOrchestrator.execute(EngineExecutionOrchestrator.java:93) ~[junit-platform-launcher-1.11.4.jar:1.11.4]
	at org.junit.platform.launcher.core.EngineExecutionOrchestrator.lambda$execute$0(EngineExecutionOrchestrator.java:58) ~[junit-platform-launcher-1.11.4.jar:1.11.4]
	at org.junit.platform.launcher.core.EngineExecutionOrchestrator.withInterceptedStreams(EngineExecutionOrchestrator.java:141) ~[junit-platform-launcher-1.11.4.jar:1.11.4]
	at org.junit.platform.launcher.core.EngineExecutionOrchestrator.execute(EngineExecutionOrchestrator.java:57) ~[junit-platform-launcher-1.11.4.jar:1.11.4]
	at org.junit.platform.launcher.core.DefaultLauncher.execute(DefaultLauncher.java:103) ~[junit-platform-launcher-1.11.4.jar:1.11.4]
	at org.junit.platform.launcher.core.DefaultLauncher.execute(DefaultLauncher.java:85) ~[junit-platform-launcher-1.11.4.jar:1.11.4]
	at org.junit.platform.launcher.core.DelegatingLauncher.execute(DelegatingLauncher.java:47) ~[junit-platform-launcher-1.11.4.jar:1.11.4]
	at org.apache.maven.surefire.junitplatform.LazyLauncher.execute(LazyLauncher.java:56) ~[surefire-junit-platform-3.5.2.jar:3.5.2]
	at org.apache.maven.surefire.junitplatform.JUnitPlatformProvider.execute(JUnitPlatformProvider.java:184) ~[surefire-junit-platform-3.5.2.jar:3.5.2]
	at org.apache.maven.surefire.junitplatform.JUnitPlatformProvider.invokeAllTests(JUnitPlatformProvider.java:148) ~[surefire-junit-platform-3.5.2.jar:3.5.2]
	at org.apache.maven.surefire.junitplatform.JUnitPlatformProvider.invoke(JUnitPlatformProvider.java:122) ~[surefire-junit-platform-3.5.2.jar:3.5.2]
	at org.apache.maven.surefire.booter.ForkedBooter.runSuitesInProcess(ForkedBooter.java:385) ~[surefire-booter-3.5.2.jar:3.5.2]
	at org.apache.maven.surefire.booter.ForkedBooter.execute(ForkedBooter.java:162) ~[surefire-booter-3.5.2.jar:3.5.2]
	at org.apache.maven.surefire.booter.ForkedBooter.run(ForkedBooter.java:507) ~[surefire-booter-3.5.2.jar:3.5.2]
	at org.apache.maven.surefire.booter.ForkedBooter.main(ForkedBooter.java:495) ~[surefire-booter-3.5.2.jar:3.5.2]

2025-03-26T10:26:21.900-04:00 DEBUG 1288556 --- [farmtrack-backend] [           main] o.s.d.jpa.repository.query.NamedQuery    : Did not find named query User.findByUsername
2025-03-26T10:26:21.900-04:00 DEBUG 1288556 --- [farmtrack-backend] [           main] tor$SharedEntityManagerInvocationHandler : Creating new EntityManager for shared EntityManager invocation
2025-03-26T10:26:21.904-04:00 DEBUG 1288556 --- [farmtrack-backend] [           main] o.s.d.r.c.s.RepositoryFactorySupport     : Finished creation of repository instance for com.ncsu.farmtrackbackend.repository.UserRepository.
2025-03-26T10:26:21.912-04:00 DEBUG 1288556 --- [farmtrack-backend] [           main] o.s.b.f.s.DefaultListableBeanFactory     : Creating shared instance of singleton bean 'passwordEncoder'
2025-03-26T10:26:21.914-04:00 DEBUG 1288556 --- [farmtrack-backend] [           main] o.s.b.f.s.DefaultListableBeanFactory     : Creating shared instance of singleton bean 'jwtTokenUtil'
2025-03-26T10:26:21.916-04:00 DEBUG 1288556 --- [farmtrack-backend] [           main] o.s.c.e.PropertySourcesPropertyResolver  : Found key 'jwt.secret' in PropertySource 'environmentProperties' with value of type String
2025-03-26T10:26:21.917-04:00 DEBUG 1288556 --- [farmtrack-backend] [           main] o.s.c.e.PropertySourcesPropertyResolver  : Found key 'jwt.validity' in PropertySource 'environmentProperties' with value of type String
2025-03-26T10:26:21.922-04:00 DEBUG 1288556 --- [farmtrack-backend] [           main] o.s.b.f.s.DefaultListableBeanFactory     : Creating shared instance of singleton bean 'authController'
2025-03-26T10:26:21.927-04:00 DEBUG 1288556 --- [farmtrack-backend] [           main] o.s.b.f.s.DefaultListableBeanFactory     : Creating shared instance of singleton bean 'authenticationManager'
2025-03-26T10:26:21.927-04:00 DEBUG 1288556 --- [farmtrack-backend] [           main] o.s.b.f.s.DefaultListableBeanFactory     : Creating shared instance of singleton bean 'org.springframework.security.config.annotation.authentication.configuration.AuthenticationConfiguration'
2025-03-26T10:26:21.929-04:00 DEBUG 1288556 --- [farmtrack-backend] [           main] o.s.b.f.s.DefaultListableBeanFactory     : Creating shared instance of singleton bean 'enableGlobalAuthenticationAutowiredConfigurer'
2025-03-26T10:26:21.929-04:00 DEBUG 1288556 --- [farmtrack-backend] [           main] o.s.b.f.s.DefaultListableBeanFactory     : Autowiring by type from bean name 'enableGlobalAuthenticationAutowiredConfigurer' via factory method to bean named 'org.springframework.web.context.support.GenericWebApplicationContext@62b790a5'
2025-03-26T10:26:21.931-04:00 DEBUG 1288556 --- [farmtrack-backend] [           main] o.s.b.f.s.DefaultListableBeanFactory     : Creating shared instance of singleton bean 'initializeUserDetailsBeanManagerConfigurer'
2025-03-26T10:26:21.931-04:00 DEBUG 1288556 --- [farmtrack-backend] [           main] o.s.b.f.s.DefaultListableBeanFactory     : Autowiring by type from bean name 'initializeUserDetailsBeanManagerConfigurer' via factory method to bean named 'org.springframework.web.context.support.GenericWebApplicationContext@62b790a5'
2025-03-26T10:26:21.932-04:00 DEBUG 1288556 --- [farmtrack-backend] [           main] o.s.b.f.s.DefaultListableBeanFactory     : Creating shared instance of singleton bean 'initializeAuthenticationProviderBeanManagerConfigurer'
2025-03-26T10:26:21.932-04:00 DEBUG 1288556 --- [farmtrack-backend] [           main] o.s.b.f.s.DefaultListableBeanFactory     : Autowiring by type from bean name 'initializeAuthenticationProviderBeanManagerConfigurer' via factory method to bean named 'org.springframework.web.context.support.GenericWebApplicationContext@62b790a5'
2025-03-26T10:26:21.933-04:00 DEBUG 1288556 --- [farmtrack-backend] [           main] o.s.b.f.s.DefaultListableBeanFactory     : Creating shared instance of singleton bean 'objectPostProcessor'
2025-03-26T10:26:21.934-04:00 DEBUG 1288556 --- [farmtrack-backend] [           main] o.s.b.f.s.DefaultListableBeanFactory     : Creating shared instance of singleton bean 'org.springframework.security.config.annotation.configuration.ObjectPostProcessorConfiguration'
2025-03-26T10:26:21.934-04:00 DEBUG 1288556 --- [farmtrack-backend] [           main] o.s.b.f.s.DefaultListableBeanFactory     : Autowiring by type from bean name 'objectPostProcessor' via factory method to bean named 'org.springframework.beans.factory.support.DefaultListableBeanFactory@4eaa375c'
2025-03-26T10:26:21.936-04:00 DEBUG 1288556 --- [farmtrack-backend] [           main] o.s.b.f.s.DefaultListableBeanFactory     : Autowiring by type from bean name 'authenticationManager' via factory method to bean named 'org.springframework.security.config.annotation.authentication.configuration.AuthenticationConfiguration'
2025-03-26T10:26:21.937-04:00 DEBUG 1288556 --- [farmtrack-backend] [           main] o.s.b.f.s.DefaultListableBeanFactory     : Creating shared instance of singleton bean 'authenticationManagerBuilder'
2025-03-26T10:26:21.937-04:00 DEBUG 1288556 --- [farmtrack-backend] [           main] o.s.b.f.s.DefaultListableBeanFactory     : Autowiring by type from bean name 'authenticationManagerBuilder' via factory method to bean named 'objectPostProcessor'
2025-03-26T10:26:21.937-04:00 DEBUG 1288556 --- [farmtrack-backend] [           main] o.s.b.f.s.DefaultListableBeanFactory     : Autowiring by type from bean name 'authenticationManagerBuilder' via factory method to bean named 'org.springframework.web.context.support.GenericWebApplicationContext@62b790a5'
2025-03-26T10:26:21.938-04:00 DEBUG 1288556 --- [farmtrack-backend] [           main] o.s.b.f.s.DefaultListableBeanFactory     : Creating shared instance of singleton bean 'authenticationEventPublisher'
2025-03-26T10:26:21.938-04:00 DEBUG 1288556 --- [farmtrack-backend] [           main] o.s.b.f.s.DefaultListableBeanFactory     : Creating shared instance of singleton bean 'org.springframework.boot.autoconfigure.security.servlet.SecurityAutoConfiguration'
2025-03-26T10:26:21.939-04:00 DEBUG 1288556 --- [farmtrack-backend] [           main] o.s.b.f.s.DefaultListableBeanFactory     : Autowiring by type from bean name 'authenticationEventPublisher' via factory method to bean named 'org.springframework.web.context.support.GenericWebApplicationContext@62b790a5'
2025-03-26T10:26:21.957-04:00  INFO 1288556 --- [farmtrack-backend] [           main] r$InitializeUserDetailsManagerConfigurer : Global AuthenticationManager configured with UserDetailsService bean with name userService
2025-03-26T10:26:21.970-04:00 DEBUG 1288556 --- [farmtrack-backend] [           main] o.s.b.f.s.DefaultListableBeanFactory     : Creating shared instance of singleton bean 'farmController'
2025-03-26T10:26:21.973-04:00 DEBUG 1288556 --- [farmtrack-backend] [           main] o.s.b.f.s.DefaultListableBeanFactory     : Creating shared instance of singleton bean 'farmService'
2025-03-26T10:26:21.974-04:00 DEBUG 1288556 --- [farmtrack-backend] [           main] o.s.b.f.s.DefaultListableBeanFactory     : Creating shared instance of singleton bean 'farmRepository'
2025-03-26T10:26:21.975-04:00 DEBUG 1288556 --- [farmtrack-backend] [           main] o.s.b.f.s.DefaultListableBeanFactory     : Creating shared instance of singleton bean 'jpa.named-queries#2'
2025-03-26T10:26:21.977-04:00 DEBUG 1288556 --- [farmtrack-backend] [           main] o.s.b.f.s.DefaultListableBeanFactory     : Creating shared instance of singleton bean 'jpa.FarmRepository.fragments#0'
2025-03-26T10:26:21.979-04:00 DEBUG 1288556 --- [farmtrack-backend] [           main] tor$SharedEntityManagerInvocationHandler : Creating new EntityManager for shared EntityManager invocation
2025-03-26T10:26:21.981-04:00 DEBUG 1288556 --- [farmtrack-backend] [           main] o.s.d.r.c.s.RepositoryFactorySupport     : Initializing repository instance for com.ncsu.farmtrackbackend.repository.FarmRepository…
2025-03-26T10:26:21.982-04:00 DEBUG 1288556 --- [farmtrack-backend] [           main] tor$SharedEntityManagerInvocationHandler : Creating new EntityManager for shared EntityManager invocation
2025-03-26T10:26:21.986-04:00 DEBUG 1288556 --- [farmtrack-backend] [           main] o.s.d.r.c.s.RepositoryFactorySupport     : Finished creation of repository instance for com.ncsu.farmtrackbackend.repository.FarmRepository.
2025-03-26T10:26:21.991-04:00 DEBUG 1288556 --- [farmtrack-backend] [           main] o.s.b.f.s.DefaultListableBeanFactory     : Creating shared instance of singleton bean 'movementRepository'
2025-03-26T10:26:21.992-04:00 DEBUG 1288556 --- [farmtrack-backend] [           main] o.s.b.f.s.DefaultListableBeanFactory     : Creating shared instance of singleton bean 'jpa.named-queries#0'
2025-03-26T10:26:21.993-04:00 DEBUG 1288556 --- [farmtrack-backend] [           main] o.s.b.f.s.DefaultListableBeanFactory     : Creating shared instance of singleton bean 'jpa.MovementRepository.fragments#0'
2025-03-26T10:26:21.996-04:00 DEBUG 1288556 --- [farmtrack-backend] [           main] tor$SharedEntityManagerInvocationHandler : Creating new EntityManager for shared EntityManager invocation
2025-03-26T10:26:22.001-04:00 DEBUG 1288556 --- [farmtrack-backend] [           main] o.s.d.r.c.s.RepositoryFactorySupport     : Initializing repository instance for com.ncsu.farmtrackbackend.repository.MovementRepository…
2025-03-26T10:26:22.001-04:00 DEBUG 1288556 --- [farmtrack-backend] [           main] tor$SharedEntityManagerInvocationHandler : Creating new EntityManager for shared EntityManager invocation
2025-03-26T10:26:22.004-04:00 DEBUG 1288556 --- [farmtrack-backend] [           main] o.s.d.jpa.repository.query.NamedQuery    : Looking up named query 'Movement.findByOriginFarm_PremiseIdOrDestinationFarm_PremiseId'
2025-03-26T10:26:22.004-04:00 DEBUG 1288556 --- [farmtrack-backend] [           main] cResourceLocalTransactionCoordinatorImpl : JDBC transaction marked for rollback-only (exception provided for stack trace)

java.lang.Exception: exception just for purpose of providing stack trace
	at org.hibernate.resource.transaction.backend.jdbc.internal.JdbcResourceLocalTransactionCoordinatorImpl$TransactionDriverControlImpl.markRollbackOnly(JdbcResourceLocalTransactionCoordinatorImpl.java:309) ~[hibernate-core-6.6.11.Final.jar:6.6.11.Final]
	at org.hibernate.internal.AbstractSharedSessionContract.buildNamedQuery(AbstractSharedSessionContract.java:1141) ~[hibernate-core-6.6.11.Final.jar:6.6.11.Final]
	at org.hibernate.internal.AbstractSharedSessionContract.createNamedQuery(AbstractSharedSessionContract.java:1019) ~[hibernate-core-6.6.11.Final.jar:6.6.11.Final]
	at org.hibernate.internal.AbstractSharedSessionContract.createNamedQuery(AbstractSharedSessionContract.java:143) ~[hibernate-core-6.6.11.Final.jar:6.6.11.Final]
	at java.base/jdk.internal.reflect.NativeMethodAccessorImpl.invoke0(Native Method) ~[na:na]
	at java.base/jdk.internal.reflect.NativeMethodAccessorImpl.invoke(NativeMethodAccessorImpl.java:77) ~[na:na]
	at java.base/jdk.internal.reflect.DelegatingMethodAccessorImpl.invoke(DelegatingMethodAccessorImpl.java:43) ~[na:na]
	at java.base/java.lang.reflect.Method.invoke(Method.java:569) ~[na:na]
	at org.springframework.orm.jpa.ExtendedEntityManagerCreator$ExtendedEntityManagerInvocationHandler.invoke(ExtendedEntityManagerCreator.java:364) ~[spring-orm-6.2.5.jar:6.2.5]
	at jdk.proxy2/jdk.proxy2.$Proxy161.createNamedQuery(Unknown Source) ~[na:na]
	at org.springframework.data.jpa.repository.query.NamedQuery.hasNamedQuery(NamedQuery.java:114) ~[spring-data-jpa-3.4.4.jar:3.4.4]
	at org.springframework.data.jpa.repository.query.NamedQuery.lookupFrom(NamedQuery.java:140) ~[spring-data-jpa-3.4.4.jar:3.4.4]
	at org.springframework.data.jpa.repository.query.JpaQueryLookupStrategy$DeclaredQueryLookupStrategy.resolveQuery(JpaQueryLookupStrategy.java:184) ~[spring-data-jpa-3.4.4.jar:3.4.4]
	at org.springframework.data.jpa.repository.query.JpaQueryLookupStrategy$CreateIfNotFoundQueryLookupStrategy.resolveQuery(JpaQueryLookupStrategy.java:256) ~[spring-data-jpa-3.4.4.jar:3.4.4]
	at org.springframework.data.jpa.repository.query.JpaQueryLookupStrategy$AbstractQueryLookupStrategy.resolveQuery(JpaQueryLookupStrategy.java:99) ~[spring-data-jpa-3.4.4.jar:3.4.4]
	at org.springframework.data.repository.core.support.QueryExecutorMethodInterceptor.lookupQuery(QueryExecutorMethodInterceptor.java:116) ~[spring-data-commons-3.4.4.jar:3.4.4]
	at org.springframework.data.repository.core.support.QueryExecutorMethodInterceptor.mapMethodsToQuery(QueryExecutorMethodInterceptor.java:104) ~[spring-data-commons-3.4.4.jar:3.4.4]
	at org.springframework.data.repository.core.support.QueryExecutorMethodInterceptor.lambda$new$0(QueryExecutorMethodInterceptor.java:92) ~[spring-data-commons-3.4.4.jar:3.4.4]
	at java.base/java.util.Optional.map(Optional.java:260) ~[na:na]
	at org.springframework.data.repository.core.support.QueryExecutorMethodInterceptor.<init>(QueryExecutorMethodInterceptor.java:92) ~[spring-data-commons-3.4.4.jar:3.4.4]
	at org.springframework.data.repository.core.support.RepositoryFactorySupport.getRepository(RepositoryFactorySupport.java:431) ~[spring-data-commons-3.4.4.jar:3.4.4]
	at org.springframework.data.repository.core.support.RepositoryFactoryBeanSupport.lambda$afterPropertiesSet$4(RepositoryFactoryBeanSupport.java:350) ~[spring-data-commons-3.4.4.jar:3.4.4]
	at org.springframework.data.util.Lazy.getNullable(Lazy.java:135) ~[spring-data-commons-3.4.4.jar:3.4.4]
	at org.springframework.data.util.Lazy.get(Lazy.java:113) ~[spring-data-commons-3.4.4.jar:3.4.4]
	at org.springframework.data.repository.core.support.RepositoryFactoryBeanSupport.afterPropertiesSet(RepositoryFactoryBeanSupport.java:356) ~[spring-data-commons-3.4.4.jar:3.4.4]
	at org.springframework.data.jpa.repository.support.JpaRepositoryFactoryBean.afterPropertiesSet(JpaRepositoryFactoryBean.java:132) ~[spring-data-jpa-3.4.4.jar:3.4.4]
	at org.springframework.beans.factory.support.AbstractAutowireCapableBeanFactory.invokeInitMethods(AbstractAutowireCapableBeanFactory.java:1859) ~[spring-beans-6.2.5.jar:6.2.5]
	at org.springframework.beans.factory.support.AbstractAutowireCapableBeanFactory.initializeBean(AbstractAutowireCapableBeanFactory.java:1808) ~[spring-beans-6.2.5.jar:6.2.5]
	at org.springframework.beans.factory.support.AbstractAutowireCapableBeanFactory.doCreateBean(AbstractAutowireCapableBeanFactory.java:601) ~[spring-beans-6.2.5.jar:6.2.5]
	at org.springframework.beans.factory.support.AbstractAutowireCapableBeanFactory.createBean(AbstractAutowireCapableBeanFactory.java:523) ~[spring-beans-6.2.5.jar:6.2.5]
	at org.springframework.beans.factory.support.AbstractBeanFactory.lambda$doGetBean$0(AbstractBeanFactory.java:339) ~[spring-beans-6.2.5.jar:6.2.5]
	at org.springframework.beans.factory.support.DefaultSingletonBeanRegistry.getSingleton(DefaultSingletonBeanRegistry.java:347) ~[spring-beans-6.2.5.jar:6.2.5]
	at org.springframework.beans.factory.support.AbstractBeanFactory.doGetBean(AbstractBeanFactory.java:337) ~[spring-beans-6.2.5.jar:6.2.5]
	at org.springframework.beans.factory.support.AbstractBeanFactory.getBean(AbstractBeanFactory.java:202) ~[spring-beans-6.2.5.jar:6.2.5]
	at org.springframework.beans.factory.support.DefaultListableBeanFactory.doResolveDependency(DefaultListableBeanFactory.java:1609) ~[spring-beans-6.2.5.jar:6.2.5]
	at org.springframework.beans.factory.support.DefaultListableBeanFactory.resolveDependency(DefaultListableBeanFactory.java:1555) ~[spring-beans-6.2.5.jar:6.2.5]
	at org.springframework.beans.factory.annotation.AutowiredAnnotationBeanPostProcessor$AutowiredFieldElement.resolveFieldValue(AutowiredAnnotationBeanPostProcessor.java:785) ~[spring-beans-6.2.5.jar:6.2.5]
	at org.springframework.beans.factory.annotation.AutowiredAnnotationBeanPostProcessor$AutowiredFieldElement.inject(AutowiredAnnotationBeanPostProcessor.java:768) ~[spring-beans-6.2.5.jar:6.2.5]
	at org.springframework.beans.factory.annotation.InjectionMetadata.inject(InjectionMetadata.java:146) ~[spring-beans-6.2.5.jar:6.2.5]
	at org.springframework.beans.factory.annotation.AutowiredAnnotationBeanPostProcessor.postProcessProperties(AutowiredAnnotationBeanPostProcessor.java:509) ~[spring-beans-6.2.5.jar:6.2.5]
	at org.springframework.beans.factory.support.AbstractAutowireCapableBeanFactory.populateBean(AbstractAutowireCapableBeanFactory.java:1445) ~[spring-beans-6.2.5.jar:6.2.5]
	at org.springframework.beans.factory.support.AbstractAutowireCapableBeanFactory.doCreateBean(AbstractAutowireCapableBeanFactory.java:600) ~[spring-beans-6.2.5.jar:6.2.5]
	at org.springframework.beans.factory.support.AbstractAutowireCapableBeanFactory.createBean(AbstractAutowireCapableBeanFactory.java:523) ~[spring-beans-6.2.5.jar:6.2.5]
	at org.springframework.beans.factory.support.AbstractBeanFactory.lambda$doGetBean$0(AbstractBeanFactory.java:339) ~[spring-beans-6.2.5.jar:6.2.5]
	at org.springframework.beans.factory.support.DefaultSingletonBeanRegistry.getSingleton(DefaultSingletonBeanRegistry.java:347) ~[spring-beans-6.2.5.jar:6.2.5]
	at org.springframework.beans.factory.support.AbstractBeanFactory.doGetBean(AbstractBeanFactory.java:337) ~[spring-beans-6.2.5.jar:6.2.5]
	at org.springframework.beans.factory.support.AbstractBeanFactory.getBean(AbstractBeanFactory.java:202) ~[spring-beans-6.2.5.jar:6.2.5]
	at org.springframework.beans.factory.support.DefaultListableBeanFactory.doResolveDependency(DefaultListableBeanFactory.java:1609) ~[spring-beans-6.2.5.jar:6.2.5]
	at org.springframework.beans.factory.support.DefaultListableBeanFactory.resolveDependency(DefaultListableBeanFactory.java:1555) ~[spring-beans-6.2.5.jar:6.2.5]
	at org.springframework.beans.factory.annotation.AutowiredAnnotationBeanPostProcessor$AutowiredFieldElement.resolveFieldValue(AutowiredAnnotationBeanPostProcessor.java:785) ~[spring-beans-6.2.5.jar:6.2.5]
	at org.springframework.beans.factory.annotation.AutowiredAnnotationBeanPostProcessor$AutowiredFieldElement.inject(AutowiredAnnotationBeanPostProcessor.java:768) ~[spring-beans-6.2.5.jar:6.2.5]
	at org.springframework.beans.factory.annotation.InjectionMetadata.inject(InjectionMetadata.java:146) ~[spring-beans-6.2.5.jar:6.2.5]
	at org.springframework.beans.factory.annotation.AutowiredAnnotationBeanPostProcessor.postProcessProperties(AutowiredAnnotationBeanPostProcessor.java:509) ~[spring-beans-6.2.5.jar:6.2.5]
	at org.springframework.beans.factory.support.AbstractAutowireCapableBeanFactory.populateBean(AbstractAutowireCapableBeanFactory.java:1445) ~[spring-beans-6.2.5.jar:6.2.5]
	at org.springframework.beans.factory.support.AbstractAutowireCapableBeanFactory.doCreateBean(AbstractAutowireCapableBeanFactory.java:600) ~[spring-beans-6.2.5.jar:6.2.5]
	at org.springframework.beans.factory.support.AbstractAutowireCapableBeanFactory.createBean(AbstractAutowireCapableBeanFactory.java:523) ~[spring-beans-6.2.5.jar:6.2.5]
	at org.springframework.beans.factory.support.AbstractBeanFactory.lambda$doGetBean$0(AbstractBeanFactory.java:339) ~[spring-beans-6.2.5.jar:6.2.5]
	at org.springframework.beans.factory.support.DefaultSingletonBeanRegistry.getSingleton(DefaultSingletonBeanRegistry.java:347) ~[spring-beans-6.2.5.jar:6.2.5]
	at org.springframework.beans.factory.support.AbstractBeanFactory.doGetBean(AbstractBeanFactory.java:337) ~[spring-beans-6.2.5.jar:6.2.5]
	at org.springframework.beans.factory.support.AbstractBeanFactory.getBean(AbstractBeanFactory.java:202) ~[spring-beans-6.2.5.jar:6.2.5]
	at org.springframework.beans.factory.support.DefaultListableBeanFactory.instantiateSingleton(DefaultListableBeanFactory.java:1155) ~[spring-beans-6.2.5.jar:6.2.5]
	at org.springframework.beans.factory.support.DefaultListableBeanFactory.preInstantiateSingleton(DefaultListableBeanFactory.java:1121) ~[spring-beans-6.2.5.jar:6.2.5]
	at org.springframework.beans.factory.support.DefaultListableBeanFactory.preInstantiateSingletons(DefaultListableBeanFactory.java:1056) ~[spring-beans-6.2.5.jar:6.2.5]
	at org.springframework.context.support.AbstractApplicationContext.finishBeanFactoryInitialization(AbstractApplicationContext.java:987) ~[spring-context-6.2.5.jar:6.2.5]
	at org.springframework.context.support.AbstractApplicationContext.refresh(AbstractApplicationContext.java:627) ~[spring-context-6.2.5.jar:6.2.5]
	at org.springframework.boot.SpringApplication.refresh(SpringApplication.java:752) ~[spring-boot-3.4.4.jar:3.4.4]
	at org.springframework.boot.SpringApplication.refreshContext(SpringApplication.java:439) ~[spring-boot-3.4.4.jar:3.4.4]
	at org.springframework.boot.SpringApplication.run(SpringApplication.java:318) ~[spring-boot-3.4.4.jar:3.4.4]
	at org.springframework.boot.test.context.SpringBootContextLoader.lambda$loadContext$3(SpringBootContextLoader.java:144) ~[spring-boot-test-3.4.4.jar:3.4.4]
	at org.springframework.util.function.ThrowingSupplier.get(ThrowingSupplier.java:58) ~[spring-core-6.2.5.jar:6.2.5]
	at org.springframework.util.function.ThrowingSupplier.get(ThrowingSupplier.java:46) ~[spring-core-6.2.5.jar:6.2.5]
	at org.springframework.boot.SpringApplication.withHook(SpringApplication.java:1461) ~[spring-boot-3.4.4.jar:3.4.4]
	at org.springframework.boot.test.context.SpringBootContextLoader$ContextLoaderHook.run(SpringBootContextLoader.java:563) ~[spring-boot-test-3.4.4.jar:3.4.4]
	at org.springframework.boot.test.context.SpringBootContextLoader.loadContext(SpringBootContextLoader.java:144) ~[spring-boot-test-3.4.4.jar:3.4.4]
	at org.springframework.boot.test.context.SpringBootContextLoader.loadContext(SpringBootContextLoader.java:110) ~[spring-boot-test-3.4.4.jar:3.4.4]
	at org.springframework.test.context.cache.DefaultCacheAwareContextLoaderDelegate.loadContextInternal(DefaultCacheAwareContextLoaderDelegate.java:225) ~[spring-test-6.2.5.jar:6.2.5]
	at org.springframework.test.context.cache.DefaultCacheAwareContextLoaderDelegate.loadContext(DefaultCacheAwareContextLoaderDelegate.java:152) ~[spring-test-6.2.5.jar:6.2.5]
	at org.springframework.test.context.support.DefaultTestContext.getApplicationContext(DefaultTestContext.java:130) ~[spring-test-6.2.5.jar:6.2.5]
	at org.springframework.test.context.web.ServletTestExecutionListener.setUpRequestContextIfNecessary(ServletTestExecutionListener.java:200) ~[spring-test-6.2.5.jar:6.2.5]
	at org.springframework.test.context.web.ServletTestExecutionListener.prepareTestInstance(ServletTestExecutionListener.java:139) ~[spring-test-6.2.5.jar:6.2.5]
	at org.springframework.test.context.TestContextManager.prepareTestInstance(TestContextManager.java:260) ~[spring-test-6.2.5.jar:6.2.5]
	at org.springframework.test.context.junit.jupiter.SpringExtension.postProcessTestInstance(SpringExtension.java:160) ~[spring-test-6.2.5.jar:6.2.5]
	at org.junit.jupiter.engine.descriptor.ClassBasedTestDescriptor.lambda$invokeTestInstancePostProcessors$11(ClassBasedTestDescriptor.java:378) ~[junit-jupiter-engine-5.11.4.jar:5.11.4]
	at org.junit.jupiter.engine.descriptor.ClassBasedTestDescriptor.executeAndMaskThrowable(ClassBasedTestDescriptor.java:383) ~[junit-jupiter-engine-5.11.4.jar:5.11.4]
	at org.junit.jupiter.engine.descriptor.ClassBasedTestDescriptor.lambda$invokeTestInstancePostProcessors$12(ClassBasedTestDescriptor.java:378) ~[junit-jupiter-engine-5.11.4.jar:5.11.4]
	at java.base/java.util.stream.ForEachOps$ForEachOp$OfRef.accept(ForEachOps.java:183) ~[na:na]
	at java.base/java.util.stream.ReferencePipeline$3$1.accept(ReferencePipeline.java:197) ~[na:na]
	at java.base/java.util.stream.ReferencePipeline$2$1.accept(ReferencePipeline.java:179) ~[na:na]
	at java.base/java.util.stream.ReferencePipeline$3$1.accept(ReferencePipeline.java:197) ~[na:na]
	at java.base/java.util.ArrayList$ArrayListSpliterator.forEachRemaining(ArrayList.java:1625) ~[na:na]
	at java.base/java.util.stream.AbstractPipeline.copyInto(AbstractPipeline.java:509) ~[na:na]
	at java.base/java.util.stream.AbstractPipeline.wrapAndCopyInto(AbstractPipeline.java:499) ~[na:na]
	at java.base/java.util.stream.ForEachOps$ForEachOp.evaluateSequential(ForEachOps.java:150) ~[na:na]
	at java.base/java.util.stream.ForEachOps$ForEachOp$OfRef.evaluateSequential(ForEachOps.java:173) ~[na:na]
	at java.base/java.util.stream.AbstractPipeline.evaluate(AbstractPipeline.java:234) ~[na:na]
	at java.base/java.util.stream.ReferencePipeline.forEach(ReferencePipeline.java:596) ~[na:na]
	at org.junit.jupiter.engine.descriptor.ClassBasedTestDescriptor.invokeTestInstancePostProcessors(ClassBasedTestDescriptor.java:377) ~[junit-jupiter-engine-5.11.4.jar:5.11.4]
	at org.junit.jupiter.engine.descriptor.ClassBasedTestDescriptor.lambda$instantiateAndPostProcessTestInstance$7(ClassBasedTestDescriptor.java:290) ~[junit-jupiter-engine-5.11.4.jar:5.11.4]
	at org.junit.platform.engine.support.hierarchical.ThrowableCollector.execute(ThrowableCollector.java:73) ~[junit-platform-engine-1.11.4.jar:1.11.4]
	at org.junit.jupiter.engine.descriptor.ClassBasedTestDescriptor.instantiateAndPostProcessTestInstance(ClassBasedTestDescriptor.java:289) ~[junit-jupiter-engine-5.11.4.jar:5.11.4]
	at org.junit.jupiter.engine.descriptor.ClassBasedTestDescriptor.lambda$testInstancesProvider$5(ClassBasedTestDescriptor.java:279) ~[junit-jupiter-engine-5.11.4.jar:5.11.4]
	at java.base/java.util.Optional.orElseGet(Optional.java:364) ~[na:na]
	at org.junit.jupiter.engine.descriptor.ClassBasedTestDescriptor.lambda$testInstancesProvider$6(ClassBasedTestDescriptor.java:278) ~[junit-jupiter-engine-5.11.4.jar:5.11.4]
	at org.junit.jupiter.engine.execution.TestInstancesProvider.getTestInstances(TestInstancesProvider.java:31) ~[junit-jupiter-engine-5.11.4.jar:5.11.4]
	at org.junit.jupiter.engine.descriptor.TestMethodTestDescriptor.lambda$prepare$1(TestMethodTestDescriptor.java:105) ~[junit-jupiter-engine-5.11.4.jar:5.11.4]
	at org.junit.platform.engine.support.hierarchical.ThrowableCollector.execute(ThrowableCollector.java:73) ~[junit-platform-engine-1.11.4.jar:1.11.4]
	at org.junit.jupiter.engine.descriptor.TestMethodTestDescriptor.prepare(TestMethodTestDescriptor.java:104) ~[junit-jupiter-engine-5.11.4.jar:5.11.4]
	at org.junit.jupiter.engine.descriptor.TestMethodTestDescriptor.prepare(TestMethodTestDescriptor.java:68) ~[junit-jupiter-engine-5.11.4.jar:5.11.4]
	at org.junit.platform.engine.support.hierarchical.NodeTestTask.lambda$prepare$2(NodeTestTask.java:128) ~[junit-platform-engine-1.11.4.jar:1.11.4]
	at org.junit.platform.engine.support.hierarchical.ThrowableCollector.execute(ThrowableCollector.java:73) ~[junit-platform-engine-1.11.4.jar:1.11.4]
	at org.junit.platform.engine.support.hierarchical.NodeTestTask.prepare(NodeTestTask.java:128) ~[junit-platform-engine-1.11.4.jar:1.11.4]
	at org.junit.platform.engine.support.hierarchical.NodeTestTask.execute(NodeTestTask.java:95) ~[junit-platform-engine-1.11.4.jar:1.11.4]
	at java.base/java.util.ArrayList.forEach(ArrayList.java:1511) ~[na:na]
	at org.junit.platform.engine.support.hierarchical.SameThreadHierarchicalTestExecutorService.invokeAll(SameThreadHierarchicalTestExecutorService.java:41) ~[junit-platform-engine-1.11.4.jar:1.11.4]
	at org.junit.platform.engine.support.hierarchical.NodeTestTask.lambda$executeRecursively$6(NodeTestTask.java:160) ~[junit-platform-engine-1.11.4.jar:1.11.4]
	at org.junit.platform.engine.support.hierarchical.ThrowableCollector.execute(ThrowableCollector.java:73) ~[junit-platform-engine-1.11.4.jar:1.11.4]
	at org.junit.platform.engine.support.hierarchical.NodeTestTask.lambda$executeRecursively$8(NodeTestTask.java:146) ~[junit-platform-engine-1.11.4.jar:1.11.4]
	at org.junit.platform.engine.support.hierarchical.Node.around(Node.java:137) ~[junit-platform-engine-1.11.4.jar:1.11.4]
	at org.junit.platform.engine.support.hierarchical.NodeTestTask.lambda$executeRecursively$9(NodeTestTask.java:144) ~[junit-platform-engine-1.11.4.jar:1.11.4]
	at org.junit.platform.engine.support.hierarchical.ThrowableCollector.execute(ThrowableCollector.java:73) ~[junit-platform-engine-1.11.4.jar:1.11.4]
	at org.junit.platform.engine.support.hierarchical.NodeTestTask.executeRecursively(NodeTestTask.java:143) ~[junit-platform-engine-1.11.4.jar:1.11.4]
	at org.junit.platform.engine.support.hierarchical.NodeTestTask.execute(NodeTestTask.java:100) ~[junit-platform-engine-1.11.4.jar:1.11.4]
	at java.base/java.util.ArrayList.forEach(ArrayList.java:1511) ~[na:na]
	at org.junit.platform.engine.support.hierarchical.SameThreadHierarchicalTestExecutorService.invokeAll(SameThreadHierarchicalTestExecutorService.java:41) ~[junit-platform-engine-1.11.4.jar:1.11.4]
	at org.junit.platform.engine.support.hierarchical.NodeTestTask.lambda$executeRecursively$6(NodeTestTask.java:160) ~[junit-platform-engine-1.11.4.jar:1.11.4]
	at org.junit.platform.engine.support.hierarchical.ThrowableCollector.execute(ThrowableCollector.java:73) ~[junit-platform-engine-1.11.4.jar:1.11.4]
	at org.junit.platform.engine.support.hierarchical.NodeTestTask.lambda$executeRecursively$8(NodeTestTask.java:146) ~[junit-platform-engine-1.11.4.jar:1.11.4]
	at org.junit.platform.engine.support.hierarchical.Node.around(Node.java:137) ~[junit-platform-engine-1.11.4.jar:1.11.4]
	at org.junit.platform.engine.support.hierarchical.NodeTestTask.lambda$executeRecursively$9(NodeTestTask.java:144) ~[junit-platform-engine-1.11.4.jar:1.11.4]
	at org.junit.platform.engine.support.hierarchical.ThrowableCollector.execute(ThrowableCollector.java:73) ~[junit-platform-engine-1.11.4.jar:1.11.4]
	at org.junit.platform.engine.support.hierarchical.NodeTestTask.executeRecursively(NodeTestTask.java:143) ~[junit-platform-engine-1.11.4.jar:1.11.4]
	at org.junit.platform.engine.support.hierarchical.NodeTestTask.execute(NodeTestTask.java:100) ~[junit-platform-engine-1.11.4.jar:1.11.4]
	at org.junit.platform.engine.support.hierarchical.SameThreadHierarchicalTestExecutorService.submit(SameThreadHierarchicalTestExecutorService.java:35) ~[junit-platform-engine-1.11.4.jar:1.11.4]
	at org.junit.platform.engine.support.hierarchical.HierarchicalTestExecutor.execute(HierarchicalTestExecutor.java:57) ~[junit-platform-engine-1.11.4.jar:1.11.4]
	at org.junit.platform.engine.support.hierarchical.HierarchicalTestEngine.execute(HierarchicalTestEngine.java:54) ~[junit-platform-engine-1.11.4.jar:1.11.4]
	at org.junit.platform.launcher.core.EngineExecutionOrchestrator.execute(EngineExecutionOrchestrator.java:198) ~[junit-platform-launcher-1.11.4.jar:1.11.4]
	at org.junit.platform.launcher.core.EngineExecutionOrchestrator.execute(EngineExecutionOrchestrator.java:169) ~[junit-platform-launcher-1.11.4.jar:1.11.4]
	at org.junit.platform.launcher.core.EngineExecutionOrchestrator.execute(EngineExecutionOrchestrator.java:93) ~[junit-platform-launcher-1.11.4.jar:1.11.4]
	at org.junit.platform.launcher.core.EngineExecutionOrchestrator.lambda$execute$0(EngineExecutionOrchestrator.java:58) ~[junit-platform-launcher-1.11.4.jar:1.11.4]
	at org.junit.platform.launcher.core.EngineExecutionOrchestrator.withInterceptedStreams(EngineExecutionOrchestrator.java:141) ~[junit-platform-launcher-1.11.4.jar:1.11.4]
	at org.junit.platform.launcher.core.EngineExecutionOrchestrator.execute(EngineExecutionOrchestrator.java:57) ~[junit-platform-launcher-1.11.4.jar:1.11.4]
	at org.junit.platform.launcher.core.DefaultLauncher.execute(DefaultLauncher.java:103) ~[junit-platform-launcher-1.11.4.jar:1.11.4]
	at org.junit.platform.launcher.core.DefaultLauncher.execute(DefaultLauncher.java:85) ~[junit-platform-launcher-1.11.4.jar:1.11.4]
	at org.junit.platform.launcher.core.DelegatingLauncher.execute(DelegatingLauncher.java:47) ~[junit-platform-launcher-1.11.4.jar:1.11.4]
	at org.apache.maven.surefire.junitplatform.LazyLauncher.execute(LazyLauncher.java:56) ~[surefire-junit-platform-3.5.2.jar:3.5.2]
	at org.apache.maven.surefire.junitplatform.JUnitPlatformProvider.execute(JUnitPlatformProvider.java:184) ~[surefire-junit-platform-3.5.2.jar:3.5.2]
	at org.apache.maven.surefire.junitplatform.JUnitPlatformProvider.invokeAllTests(JUnitPlatformProvider.java:148) ~[surefire-junit-platform-3.5.2.jar:3.5.2]
	at org.apache.maven.surefire.junitplatform.JUnitPlatformProvider.invoke(JUnitPlatformProvider.java:122) ~[surefire-junit-platform-3.5.2.jar:3.5.2]
	at org.apache.maven.surefire.booter.ForkedBooter.runSuitesInProcess(ForkedBooter.java:385) ~[surefire-booter-3.5.2.jar:3.5.2]
	at org.apache.maven.surefire.booter.ForkedBooter.execute(ForkedBooter.java:162) ~[surefire-booter-3.5.2.jar:3.5.2]
	at org.apache.maven.surefire.booter.ForkedBooter.run(ForkedBooter.java:507) ~[surefire-booter-3.5.2.jar:3.5.2]
	at org.apache.maven.surefire.booter.ForkedBooter.main(ForkedBooter.java:495) ~[surefire-booter-3.5.2.jar:3.5.2]

2025-03-26T10:26:22.005-04:00 DEBUG 1288556 --- [farmtrack-backend] [           main] o.s.d.jpa.repository.query.NamedQuery    : Did not find named query Movement.findByOriginFarm_PremiseIdOrDestinationFarm_PremiseId
2025-03-26T10:26:22.006-04:00 DEBUG 1288556 --- [farmtrack-backend] [           main] tor$SharedEntityManagerInvocationHandler : Creating new EntityManager for shared EntityManager invocation
2025-03-26T10:26:22.012-04:00 DEBUG 1288556 --- [farmtrack-backend] [           main] o.s.d.r.c.s.RepositoryFactorySupport     : Finished creation of repository instance for com.ncsu.farmtrackbackend.repository.MovementRepository.
2025-03-26T10:26:22.021-04:00 DEBUG 1288556 --- [farmtrack-backend] [           main] o.s.b.f.s.DefaultListableBeanFactory     : Creating shared instance of singleton bean 'movementController'
2025-03-26T10:26:22.022-04:00 DEBUG 1288556 --- [farmtrack-backend] [           main] o.s.b.f.s.DefaultListableBeanFactory     : Creating shared instance of singleton bean 'movementService'
2025-03-26T10:26:22.025-04:00 DEBUG 1288556 --- [farmtrack-backend] [           main] o.s.b.f.s.DefaultListableBeanFactory     : Creating shared instance of singleton bean 'userController'
2025-03-26T10:26:22.055-04:00 DEBUG 1288556 --- [farmtrack-backend] [           main] o.s.b.f.s.DefaultListableBeanFactory     : Creating shared instance of singleton bean 'defaultAdminInitializer'
2025-03-26T10:26:22.056-04:00 DEBUG 1288556 --- [farmtrack-backend] [           main] o.s.b.f.s.DefaultListableBeanFactory     : Creating shared instance of singleton bean 'corsFilter'
2025-03-26T10:26:22.068-04:00 DEBUG 1288556 --- [farmtrack-backend] [           main] o.s.b.f.s.DefaultListableBeanFactory     : Creating shared instance of singleton bean 'customOpenAPI'
2025-03-26T10:26:22.076-04:00 DEBUG 1288556 --- [farmtrack-backend] [           main] o.s.b.f.s.DefaultListableBeanFactory     : Creating shared instance of singleton bean 'org.springframework.security.config.annotation.web.configuration.WebSecurityConfiguration'
2025-03-26T10:26:22.079-04:00 DEBUG 1288556 --- [farmtrack-backend] [           main] o.s.b.f.s.DefaultListableBeanFactory     : Creating shared instance of singleton bean 'org.springframework.security.config.annotation.web.configuration.HttpSecurityConfiguration'
2025-03-26T10:26:22.083-04:00 DEBUG 1288556 --- [farmtrack-backend] [           main] o.s.b.f.s.DefaultListableBeanFactory     : Creating shared instance of singleton bean 'mvcContentNegotiationManager'
2025-03-26T10:26:22.083-04:00 DEBUG 1288556 --- [farmtrack-backend] [           main] o.s.b.f.s.DefaultListableBeanFactory     : Creating shared instance of singleton bean 'org.springframework.boot.autoconfigure.web.servlet.WebMvcAutoConfiguration$EnableWebMvcConfiguration'
2025-03-26T10:26:22.084-04:00 DEBUG 1288556 --- [farmtrack-backend] [           main] o.s.b.f.s.DefaultListableBeanFactory     : Creating shared instance of singleton bean 'spring.mvc-org.springframework.boot.autoconfigure.web.servlet.WebMvcProperties'
2025-03-26T10:26:22.091-04:00 DEBUG 1288556 --- [farmtrack-backend] [           main] o.s.b.f.s.DefaultListableBeanFactory     : Creating shared instance of singleton bean 'spring.web-org.springframework.boot.autoconfigure.web.WebProperties'
2025-03-26T10:26:22.098-04:00 DEBUG 1288556 --- [farmtrack-backend] [           main] o.s.b.f.s.DefaultListableBeanFactory     : Autowiring by type from bean name 'org.springframework.boot.autoconfigure.web.servlet.WebMvcAutoConfiguration$EnableWebMvcConfiguration' via constructor to bean named 'spring.mvc-org.springframework.boot.autoconfigure.web.servlet.WebMvcProperties'
2025-03-26T10:26:22.098-04:00 DEBUG 1288556 --- [farmtrack-backend] [           main] o.s.b.f.s.DefaultListableBeanFactory     : Autowiring by type from bean name 'org.springframework.boot.autoconfigure.web.servlet.WebMvcAutoConfiguration$EnableWebMvcConfiguration' via constructor to bean named 'spring.web-org.springframework.boot.autoconfigure.web.WebProperties'
2025-03-26T10:26:22.098-04:00 DEBUG 1288556 --- [farmtrack-backend] [           main] o.s.b.f.s.DefaultListableBeanFactory     : Autowiring by type from bean name 'org.springframework.boot.autoconfigure.web.servlet.WebMvcAutoConfiguration$EnableWebMvcConfiguration' via constructor to bean named 'org.springframework.beans.factory.support.DefaultListableBeanFactory@4eaa375c'
2025-03-26T10:26:22.102-04:00 DEBUG 1288556 --- [farmtrack-backend] [           main] o.s.b.f.s.DefaultListableBeanFactory     : Creating shared instance of singleton bean 'org.springframework.security.config.annotation.web.configuration.WebMvcSecurityConfiguration'
2025-03-26T10:26:22.105-04:00 DEBUG 1288556 --- [farmtrack-backend] [           main] o.s.b.f.s.DefaultListableBeanFactory     : Creating shared instance of singleton bean 'org.springframework.boot.autoconfigure.web.servlet.WebMvcAutoConfiguration$WebMvcAutoConfigurationAdapter'
2025-03-26T10:26:22.106-04:00 DEBUG 1288556 --- [farmtrack-backend] [           main] o.s.b.f.s.DefaultListableBeanFactory     : Autowiring by type from bean name 'org.springframework.boot.autoconfigure.web.servlet.WebMvcAutoConfiguration$WebMvcAutoConfigurationAdapter' via constructor to bean named 'spring.web-org.springframework.boot.autoconfigure.web.WebProperties'
2025-03-26T10:26:22.106-04:00 DEBUG 1288556 --- [farmtrack-backend] [           main] o.s.b.f.s.DefaultListableBeanFactory     : Autowiring by type from bean name 'org.springframework.boot.autoconfigure.web.servlet.WebMvcAutoConfiguration$WebMvcAutoConfigurationAdapter' via constructor to bean named 'spring.mvc-org.springframework.boot.autoconfigure.web.servlet.WebMvcProperties'
2025-03-26T10:26:22.106-04:00 DEBUG 1288556 --- [farmtrack-backend] [           main] o.s.b.f.s.DefaultListableBeanFactory     : Autowiring by type from bean name 'org.springframework.boot.autoconfigure.web.servlet.WebMvcAutoConfiguration$WebMvcAutoConfigurationAdapter' via constructor to bean named 'org.springframework.beans.factory.support.DefaultListableBeanFactory@4eaa375c'
2025-03-26T10:26:22.114-04:00 DEBUG 1288556 --- [farmtrack-backend] [           main] o.s.b.f.s.DefaultListableBeanFactory     : Creating shared instance of singleton bean 'swaggerWebMvcConfigurer'
2025-03-26T10:26:22.114-04:00 DEBUG 1288556 --- [farmtrack-backend] [           main] o.s.b.f.s.DefaultListableBeanFactory     : Creating shared instance of singleton bean 'org.springdoc.webmvc.ui.SwaggerConfig'
2025-03-26T10:26:22.116-04:00 DEBUG 1288556 --- [farmtrack-backend] [           main] o.s.b.f.s.DefaultListableBeanFactory     : Creating shared instance of singleton bean 'org.springdoc.core.properties.SwaggerUiConfigParameters'
2025-03-26T10:26:22.117-04:00 DEBUG 1288556 --- [farmtrack-backend] [           main] o.s.b.f.s.DefaultListableBeanFactory     : Creating shared instance of singleton bean 'org.springdoc.core.properties.SwaggerUiConfigProperties'
2025-03-26T10:26:22.135-04:00 DEBUG 1288556 --- [farmtrack-backend] [           main] o.s.b.f.s.DefaultListableBeanFactory     : Autowiring by type from bean name 'org.springdoc.core.properties.SwaggerUiConfigParameters' via constructor to bean named 'org.springdoc.core.properties.SwaggerUiConfigProperties'
2025-03-26T10:26:22.142-04:00 DEBUG 1288556 --- [farmtrack-backend] [           main] o.s.b.f.s.DefaultListableBeanFactory     : Creating shared instance of singleton bean 'indexPageTransformer'
2025-03-26T10:26:22.142-04:00 DEBUG 1288556 --- [farmtrack-backend] [           main] o.s.b.f.s.DefaultListableBeanFactory     : Creating shared instance of singleton bean 'org.springdoc.core.properties.SwaggerUiOAuthProperties'
2025-03-26T10:26:22.148-04:00 DEBUG 1288556 --- [farmtrack-backend] [           main] o.s.b.f.s.DefaultListableBeanFactory     : Creating shared instance of singleton bean 'swaggerWelcome'
2025-03-26T10:26:22.148-04:00 DEBUG 1288556 --- [farmtrack-backend] [           main] o.s.b.f.s.DefaultListableBeanFactory     : Creating shared instance of singleton bean 'org.springdoc.core.properties.SpringDocConfigProperties'
2025-03-26T10:26:22.168-04:00 DEBUG 1288556 --- [farmtrack-backend] [           main] o.s.b.f.s.DefaultListableBeanFactory     : Creating shared instance of singleton bean 'springWebProvider'
2025-03-26T10:26:22.168-04:00 DEBUG 1288556 --- [farmtrack-backend] [           main] o.s.b.f.s.DefaultListableBeanFactory     : Creating shared instance of singleton bean 'org.springdoc.webmvc.core.configuration.SpringDocWebMvcConfiguration'
2025-03-26T10:26:22.175-04:00 DEBUG 1288556 --- [farmtrack-backend] [           main] o.s.b.f.s.DefaultListableBeanFactory     : Autowiring by type from bean name 'swaggerWelcome' via factory method to bean named 'org.springdoc.core.properties.SwaggerUiConfigProperties'
2025-03-26T10:26:22.175-04:00 DEBUG 1288556 --- [farmtrack-backend] [           main] o.s.b.f.s.DefaultListableBeanFactory     : Autowiring by type from bean name 'swaggerWelcome' via factory method to bean named 'org.springdoc.core.properties.SpringDocConfigProperties'
2025-03-26T10:26:22.175-04:00 DEBUG 1288556 --- [farmtrack-backend] [           main] o.s.b.f.s.DefaultListableBeanFactory     : Autowiring by type from bean name 'swaggerWelcome' via factory method to bean named 'org.springdoc.core.properties.SwaggerUiConfigParameters'
2025-03-26T10:26:22.175-04:00 DEBUG 1288556 --- [farmtrack-backend] [           main] o.s.b.f.s.DefaultListableBeanFactory     : Autowiring by type from bean name 'swaggerWelcome' via factory method to bean named 'springWebProvider'
2025-03-26T10:26:22.180-04:00 DEBUG 1288556 --- [farmtrack-backend] [           main] o.s.b.f.s.DefaultListableBeanFactory     : Creating shared instance of singleton bean 'springdocObjectMapperProvider'
2025-03-26T10:26:22.180-04:00 DEBUG 1288556 --- [farmtrack-backend] [           main] o.s.b.f.s.DefaultListableBeanFactory     : Creating shared instance of singleton bean 'org.springdoc.core.configuration.SpringDocConfiguration'
2025-03-26T10:26:22.185-04:00 DEBUG 1288556 --- [farmtrack-backend] [           main] o.s.b.f.s.DefaultListableBeanFactory     : Autowiring by type from bean name 'springdocObjectMapperProvider' via factory method to bean named 'org.springdoc.core.properties.SpringDocConfigProperties'
2025-03-26T10:26:22.204-04:00 DEBUG 1288556 --- [farmtrack-backend] [           main] o.s.b.f.s.DefaultListableBeanFactory     : Autowiring by type from bean name 'indexPageTransformer' via factory method to bean named 'org.springdoc.core.properties.SwaggerUiConfigProperties'
2025-03-26T10:26:22.204-04:00 DEBUG 1288556 --- [farmtrack-backend] [           main] o.s.b.f.s.DefaultListableBeanFactory     : Autowiring by type from bean name 'indexPageTransformer' via factory method to bean named 'org.springdoc.core.properties.SwaggerUiOAuthProperties'
2025-03-26T10:26:22.204-04:00 DEBUG 1288556 --- [farmtrack-backend] [           main] o.s.b.f.s.DefaultListableBeanFactory     : Autowiring by type from bean name 'indexPageTransformer' via factory method to bean named 'org.springdoc.core.properties.SwaggerUiConfigParameters'
2025-03-26T10:26:22.204-04:00 DEBUG 1288556 --- [farmtrack-backend] [           main] o.s.b.f.s.DefaultListableBeanFactory     : Autowiring by type from bean name 'indexPageTransformer' via factory method to bean named 'swaggerWelcome'
2025-03-26T10:26:22.204-04:00 DEBUG 1288556 --- [farmtrack-backend] [           main] o.s.b.f.s.DefaultListableBeanFactory     : Autowiring by type from bean name 'indexPageTransformer' via factory method to bean named 'springdocObjectMapperProvider'
2025-03-26T10:26:22.208-04:00 DEBUG 1288556 --- [farmtrack-backend] [           main] o.s.b.f.s.DefaultListableBeanFactory     : Creating shared instance of singleton bean 'swaggerResourceResolver'
2025-03-26T10:26:22.208-04:00 DEBUG 1288556 --- [farmtrack-backend] [           main] o.s.b.f.s.DefaultListableBeanFactory     : Autowiring by type from bean name 'swaggerResourceResolver' via factory method to bean named 'org.springdoc.core.properties.SwaggerUiConfigProperties'
2025-03-26T10:26:22.209-04:00 DEBUG 1288556 --- [farmtrack-backend] [           main] o.s.b.f.s.DefaultListableBeanFactory     : Autowiring by type from bean name 'swaggerWebMvcConfigurer' via factory method to bean named 'org.springdoc.core.properties.SwaggerUiConfigParameters'
2025-03-26T10:26:22.210-04:00 DEBUG 1288556 --- [farmtrack-backend] [           main] o.s.b.f.s.DefaultListableBeanFactory     : Autowiring by type from bean name 'swaggerWebMvcConfigurer' via factory method to bean named 'indexPageTransformer'
2025-03-26T10:26:22.210-04:00 DEBUG 1288556 --- [farmtrack-backend] [           main] o.s.b.f.s.DefaultListableBeanFactory     : Autowiring by type from bean name 'swaggerWebMvcConfigurer' via factory method to bean named 'swaggerResourceResolver'
2025-03-26T10:26:22.212-04:00 DEBUG 1288556 --- [farmtrack-backend] [           main] o.s.b.f.s.DefaultListableBeanFactory     : Creating shared instance of singleton bean 'openEntityManagerInViewInterceptorConfigurer'
2025-03-26T10:26:22.212-04:00 DEBUG 1288556 --- [farmtrack-backend] [           main] o.s.b.f.s.DefaultListableBeanFactory     : Creating shared instance of singleton bean 'org.springframework.boot.autoconfigure.orm.jpa.JpaBaseConfiguration$JpaWebConfiguration'
2025-03-26T10:26:22.213-04:00 DEBUG 1288556 --- [farmtrack-backend] [           main] o.s.b.f.s.DefaultListableBeanFactory     : Autowiring by type from bean name 'org.springframework.boot.autoconfigure.orm.jpa.JpaBaseConfiguration$JpaWebConfiguration' via constructor to bean named 'spring.jpa-org.springframework.boot.autoconfigure.orm.jpa.JpaProperties'
2025-03-26T10:26:22.214-04:00 DEBUG 1288556 --- [farmtrack-backend] [           main] o.s.b.f.s.DefaultListableBeanFactory     : Creating shared instance of singleton bean 'openEntityManagerInViewInterceptor'
2025-03-26T10:26:22.214-04:00  WARN 1288556 --- [farmtrack-backend] [           main] JpaBaseConfiguration$JpaWebConfiguration : spring.jpa.open-in-view is enabled by default. Therefore, database queries may be performed during view rendering. Explicitly configure spring.jpa.open-in-view to disable this warning
2025-03-26T10:26:22.218-04:00 DEBUG 1288556 --- [farmtrack-backend] [           main] o.s.b.f.s.DefaultListableBeanFactory     : Autowiring by type from bean name 'openEntityManagerInViewInterceptorConfigurer' via factory method to bean named 'openEntityManagerInViewInterceptor'
2025-03-26T10:26:22.220-04:00 DEBUG 1288556 --- [farmtrack-backend] [           main] o.s.b.f.s.DefaultListableBeanFactory     : Creating shared instance of singleton bean 'org.springframework.data.web.config.SpringDataWebConfiguration'
2025-03-26T10:26:22.221-04:00 DEBUG 1288556 --- [farmtrack-backend] [           main] o.s.b.f.s.DefaultListableBeanFactory     : Autowiring by type from bean name 'org.springframework.data.web.config.SpringDataWebConfiguration' via constructor to bean named 'org.springframework.web.context.support.GenericWebApplicationContext@62b790a5'
2025-03-26T10:26:22.282-04:00 DEBUG 1288556 --- [farmtrack-backend] [           main] o.s.b.f.s.DefaultListableBeanFactory     : Creating shared instance of singleton bean 'filterChainDecoratorPostProcessor'
2025-03-26T10:26:22.284-04:00 DEBUG 1288556 --- [farmtrack-backend] [           main] o.s.b.f.s.DefaultListableBeanFactory     : Creating shared instance of singleton bean 'mvcHandlerMappingIntrospectorRequestTransformer'
2025-03-26T10:26:22.284-04:00 DEBUG 1288556 --- [farmtrack-backend] [           main] o.s.b.f.s.DefaultListableBeanFactory     : Creating shared instance of singleton bean 'mvcHandlerMappingIntrospector'
2025-03-26T10:26:22.288-04:00 DEBUG 1288556 --- [farmtrack-backend] [           main] o.s.b.f.s.DefaultListableBeanFactory     : Creating shared instance of singleton bean 'welcomePageHandlerMapping'
2025-03-26T10:26:22.288-04:00 DEBUG 1288556 --- [farmtrack-backend] [           main] o.s.b.f.s.DefaultListableBeanFactory     : Creating shared instance of singleton bean 'mvcConversionService'
2025-03-26T10:26:22.296-04:00 DEBUG 1288556 --- [farmtrack-backend] [           main] o.s.b.f.s.DefaultListableBeanFactory     : Creating shared instance of singleton bean 'mvcResourceUrlProvider'
2025-03-26T10:26:22.298-04:00 DEBUG 1288556 --- [farmtrack-backend] [           main] o.s.b.f.s.DefaultListableBeanFactory     : Autowiring by type from bean name 'welcomePageHandlerMapping' via factory method to bean named 'org.springframework.web.context.support.GenericWebApplicationContext@62b790a5'
2025-03-26T10:26:22.298-04:00 DEBUG 1288556 --- [farmtrack-backend] [           main] o.s.b.f.s.DefaultListableBeanFactory     : Autowiring by type from bean name 'welcomePageHandlerMapping' via factory method to bean named 'mvcConversionService'
2025-03-26T10:26:22.298-04:00 DEBUG 1288556 --- [farmtrack-backend] [           main] o.s.b.f.s.DefaultListableBeanFactory     : Autowiring by type from bean name 'welcomePageHandlerMapping' via factory method to bean named 'mvcResourceUrlProvider'
2025-03-26T10:26:22.309-04:00 DEBUG 1288556 --- [farmtrack-backend] [           main] o.s.b.f.s.DefaultListableBeanFactory     : Creating shared instance of singleton bean 'welcomePageNotAcceptableHandlerMapping'
2025-03-26T10:26:22.309-04:00 DEBUG 1288556 --- [farmtrack-backend] [           main] o.s.b.f.s.DefaultListableBeanFactory     : Autowiring by type from bean name 'welcomePageNotAcceptableHandlerMapping' via factory method to bean named 'org.springframework.web.context.support.GenericWebApplicationContext@62b790a5'
2025-03-26T10:26:22.309-04:00 DEBUG 1288556 --- [farmtrack-backend] [           main] o.s.b.f.s.DefaultListableBeanFactory     : Autowiring by type from bean name 'welcomePageNotAcceptableHandlerMapping' via factory method to bean named 'mvcConversionService'
2025-03-26T10:26:22.309-04:00 DEBUG 1288556 --- [farmtrack-backend] [           main] o.s.b.f.s.DefaultListableBeanFactory     : Autowiring by type from bean name 'welcomePageNotAcceptableHandlerMapping' via factory method to bean named 'mvcResourceUrlProvider'
2025-03-26T10:26:22.314-04:00 DEBUG 1288556 --- [farmtrack-backend] [           main] o.s.b.f.s.DefaultListableBeanFactory     : Creating shared instance of singleton bean 'requestMappingHandlerMapping'
2025-03-26T10:26:22.315-04:00 DEBUG 1288556 --- [farmtrack-backend] [           main] o.s.b.f.s.DefaultListableBeanFactory     : Autowiring by type from bean name 'requestMappingHandlerMapping' via factory method to bean named 'mvcContentNegotiationManager'
2025-03-26T10:26:22.316-04:00 DEBUG 1288556 --- [farmtrack-backend] [           main] o.s.b.f.s.DefaultListableBeanFactory     : Autowiring by type from bean name 'requestMappingHandlerMapping' via factory method to bean named 'mvcConversionService'
2025-03-26T10:26:22.316-04:00 DEBUG 1288556 --- [farmtrack-backend] [           main] o.s.b.f.s.DefaultListableBeanFactory     : Autowiring by type from bean name 'requestMappingHandlerMapping' via factory method to bean named 'mvcResourceUrlProvider'
2025-03-26T10:26:22.334-04:00 DEBUG 1288556 --- [farmtrack-backend] [           main] _.s.web.servlet.HandlerMapping.Mappings  : 
	c.n.r.c.AuthController:
	{POST [/api/auth/login]}: createAuthenticationToken(JwtRequest)
	{POST [/api/auth/register]}: registerUser(User)
2025-03-26T10:26:22.340-04:00 DEBUG 1288556 --- [farmtrack-backend] [           main] _.s.web.servlet.HandlerMapping.Mappings  : 
	c.n.r.c.FarmController:
	{GET [/api/farms]}: getAllFarms()
	{GET [/api/farms/{premiseId}]}: getFarmById(String)
	{POST [/api/farms]}: createFarm(Farm)
	{PUT [/api/farms/{premiseId}]}: updateFarm(String,Farm)
	{DELETE [/api/farms/{premiseId}]}: deleteFarm(String)
	{GET [/api/farms/{premiseId}/has-movements]}: hasMovements(String)
2025-03-26T10:26:22.345-04:00 DEBUG 1288556 --- [farmtrack-backend] [           main] _.s.web.servlet.HandlerMapping.Mappings  : 
	c.n.r.c.MovementController:
	{GET [/api/movements]}: getAllMovements()
	{GET [/api/movements/{movementId}]}: getMovementById(Long)
	{POST [/api/movements]}: createMovement(Movement)
	{PUT [/api/movements/{movementId}]}: updateMovement(Long,Movement)
	{DELETE [/api/movements/{movementId}]}: deleteMovement(Long)
2025-03-26T10:26:22.349-04:00 DEBUG 1288556 --- [farmtrack-backend] [           main] _.s.web.servlet.HandlerMapping.Mappings  : 
	c.n.r.c.UserController:
	{POST [/api/users]}: createUser(User)
	{DELETE [/api/users/{id}]}: deleteUser(Long)
	{GET [/api/users]}: getAllUsers()
	{GET [/api/users/{id}]}: getUserById(Long)
2025-03-26T10:26:22.356-04:00 DEBUG 1288556 --- [farmtrack-backend] [           main] _.s.web.servlet.HandlerMapping.Mappings  : 
	o.s.b.a.w.s.e.BasicErrorController:
	{ [/error]}: error(HttpServletRequest)
	{ [/error], produces [text/html]}: errorHtml(HttpServletRequest,HttpServletResponse)
2025-03-26T10:26:22.362-04:00 DEBUG 1288556 --- [farmtrack-backend] [           main] o.s.c.e.PropertySourcesPropertyResolver  : Found key 'springdoc.api-docs.path' in PropertySource 'environmentProperties' with value of type String
2025-03-26T10:26:22.363-04:00 DEBUG 1288556 --- [farmtrack-backend] [           main] o.s.c.e.PropertySourcesPropertyResolver  : Found key 'springdoc.api-docs.path' in PropertySource 'environmentProperties' with value of type String
2025-03-26T10:26:22.364-04:00 DEBUG 1288556 --- [farmtrack-backend] [           main] o.s.c.e.PropertySourcesPropertyResolver  : Found key 'springdoc.api-docs.path' in PropertySource 'environmentProperties' with value of type String
2025-03-26T10:26:22.364-04:00 DEBUG 1288556 --- [farmtrack-backend] [           main] o.s.c.e.PropertySourcesPropertyResolver  : Found key 'springdoc.api-docs.path' in PropertySource 'environmentProperties' with value of type String
2025-03-26T10:26:22.366-04:00 DEBUG 1288556 --- [farmtrack-backend] [           main] _.s.web.servlet.HandlerMapping.Mappings  : 
	o.s.w.a.OpenApiWebMvcResource:
	{GET [/v3/api-docs], produces [application/json]}: openapiJson(HttpServletRequest,String,Locale)
	{GET [/v3/api-docs.yaml], produces [application/vnd.oai.openapi]}: openapiYaml(HttpServletRequest,String,Locale)
2025-03-26T10:26:22.367-04:00 DEBUG 1288556 --- [farmtrack-backend] [           main] o.s.c.e.PropertySourcesPropertyResolver  : Found key 'springdoc.swagger-ui.path' in PropertySource 'environmentProperties' with value of type String
2025-03-26T10:26:22.368-04:00 DEBUG 1288556 --- [farmtrack-backend] [           main] o.s.c.e.PropertySourcesPropertyResolver  : Found key 'springdoc.swagger-ui.path' in PropertySource 'environmentProperties' with value of type String
2025-03-26T10:26:22.368-04:00 DEBUG 1288556 --- [farmtrack-backend] [           main] _.s.web.servlet.HandlerMapping.Mappings  : 
	o.s.w.u.SwaggerWelcomeWebMvc:
	{GET [/swagger-ui.html]}: redirectToUi(HttpServletRequest)
2025-03-26T10:26:22.369-04:00 DEBUG 1288556 --- [farmtrack-backend] [           main] o.s.c.e.PropertySourcesPropertyResolver  : Found key 'springdoc.api-docs.path' in PropertySource 'environmentProperties' with value of type String
2025-03-26T10:26:22.369-04:00 DEBUG 1288556 --- [farmtrack-backend] [           main] _.s.web.servlet.HandlerMapping.Mappings  : 
	o.s.w.u.SwaggerConfigResource:
	{GET [/v3/api-docs/swagger-config], produces [application/json]}: openapiJson(HttpServletRequest)
2025-03-26T10:26:22.371-04:00 DEBUG 1288556 --- [farmtrack-backend] [           main] s.w.s.m.m.a.RequestMappingHandlerMapping : 23 mappings in 'requestMappingHandlerMapping'
2025-03-26T10:26:22.380-04:00 DEBUG 1288556 --- [farmtrack-backend] [           main] o.s.b.f.s.DefaultListableBeanFactory     : Creating shared instance of singleton bean 'viewControllerHandlerMapping'
2025-03-26T10:26:22.381-04:00 DEBUG 1288556 --- [farmtrack-backend] [           main] o.s.b.f.s.DefaultListableBeanFactory     : Autowiring by type from bean name 'viewControllerHandlerMapping' via factory method to bean named 'mvcConversionService'
2025-03-26T10:26:22.381-04:00 DEBUG 1288556 --- [farmtrack-backend] [           main] o.s.b.f.s.DefaultListableBeanFactory     : Autowiring by type from bean name 'viewControllerHandlerMapping' via factory method to bean named 'mvcResourceUrlProvider'
2025-03-26T10:26:22.382-04:00 DEBUG 1288556 --- [farmtrack-backend] [           main] o.s.b.f.s.DefaultListableBeanFactory     : Creating shared instance of singleton bean 'beanNameHandlerMapping'
2025-03-26T10:26:22.383-04:00 DEBUG 1288556 --- [farmtrack-backend] [           main] o.s.b.f.s.DefaultListableBeanFactory     : Autowiring by type from bean name 'beanNameHandlerMapping' via factory method to bean named 'mvcConversionService'
2025-03-26T10:26:22.383-04:00 DEBUG 1288556 --- [farmtrack-backend] [           main] o.s.b.f.s.DefaultListableBeanFactory     : Autowiring by type from bean name 'beanNameHandlerMapping' via factory method to bean named 'mvcResourceUrlProvider'
2025-03-26T10:26:22.386-04:00 DEBUG 1288556 --- [farmtrack-backend] [           main] _.s.web.servlet.HandlerMapping.Mappings  : 'beanNameHandlerMapping' {}
2025-03-26T10:26:22.390-04:00 DEBUG 1288556 --- [farmtrack-backend] [           main] o.s.b.f.s.DefaultListableBeanFactory     : Creating shared instance of singleton bean 'routerFunctionMapping'
2025-03-26T10:26:22.391-04:00 DEBUG 1288556 --- [farmtrack-backend] [           main] o.s.b.f.s.DefaultListableBeanFactory     : Autowiring by type from bean name 'routerFunctionMapping' via factory method to bean named 'mvcConversionService'
2025-03-26T10:26:22.391-04:00 DEBUG 1288556 --- [farmtrack-backend] [           main] o.s.b.f.s.DefaultListableBeanFactory     : Autowiring by type from bean name 'routerFunctionMapping' via factory method to bean named 'mvcResourceUrlProvider'
2025-03-26T10:26:22.394-04:00 DEBUG 1288556 --- [farmtrack-backend] [           main] o.s.b.f.s.DefaultListableBeanFactory     : Creating shared instance of singleton bean 'messageConverters'
2025-03-26T10:26:22.394-04:00 DEBUG 1288556 --- [farmtrack-backend] [           main] o.s.b.f.s.DefaultListableBeanFactory     : Creating shared instance of singleton bean 'org.springframework.boot.autoconfigure.http.HttpMessageConvertersAutoConfiguration'
2025-03-26T10:26:22.397-04:00 DEBUG 1288556 --- [farmtrack-backend] [           main] o.s.b.f.s.DefaultListableBeanFactory     : Creating shared instance of singleton bean 'stringHttpMessageConverter'
2025-03-26T10:26:22.397-04:00 DEBUG 1288556 --- [farmtrack-backend] [           main] o.s.b.f.s.DefaultListableBeanFactory     : Creating shared instance of singleton bean 'org.springframework.boot.autoconfigure.http.HttpMessageConvertersAutoConfiguration$StringHttpMessageConverterConfiguration'
2025-03-26T10:26:22.398-04:00 DEBUG 1288556 --- [farmtrack-backend] [           main] o.s.b.f.s.DefaultListableBeanFactory     : Autowiring by type from bean name 'stringHttpMessageConverter' via factory method to bean named 'environment'
2025-03-26T10:26:22.403-04:00 DEBUG 1288556 --- [farmtrack-backend] [           main] o.s.b.f.s.DefaultListableBeanFactory     : Creating shared instance of singleton bean 'mappingJackson2HttpMessageConverter'
2025-03-26T10:26:22.403-04:00 DEBUG 1288556 --- [farmtrack-backend] [           main] o.s.b.f.s.DefaultListableBeanFactory     : Creating shared instance of singleton bean 'org.springframework.boot.autoconfigure.http.JacksonHttpMessageConvertersConfiguration$MappingJackson2HttpMessageConverterConfiguration'
2025-03-26T10:26:22.404-04:00 DEBUG 1288556 --- [farmtrack-backend] [           main] o.s.b.f.s.DefaultListableBeanFactory     : Creating shared instance of singleton bean 'jacksonObjectMapper'
2025-03-26T10:26:22.404-04:00 DEBUG 1288556 --- [farmtrack-backend] [           main] o.s.b.f.s.DefaultListableBeanFactory     : Creating shared instance of singleton bean 'org.springframework.boot.autoconfigure.jackson.JacksonAutoConfiguration$JacksonObjectMapperConfiguration'
2025-03-26T10:26:22.405-04:00 DEBUG 1288556 --- [farmtrack-backend] [           main] o.s.b.f.s.DefaultListableBeanFactory     : Creating shared instance of singleton bean 'org.springframework.boot.autoconfigure.jackson.JacksonAutoConfiguration$JacksonObjectMapperBuilderConfiguration'
2025-03-26T10:26:22.406-04:00 DEBUG 1288556 --- [farmtrack-backend] [           main] o.s.b.f.s.DefaultListableBeanFactory     : Creating shared instance of singleton bean 'standardJacksonObjectMapperBuilderCustomizer'
2025-03-26T10:26:22.406-04:00 DEBUG 1288556 --- [farmtrack-backend] [           main] o.s.b.f.s.DefaultListableBeanFactory     : Creating shared instance of singleton bean 'org.springframework.boot.autoconfigure.jackson.JacksonAutoConfiguration$Jackson2ObjectMapperBuilderCustomizerConfiguration'
2025-03-26T10:26:22.407-04:00 DEBUG 1288556 --- [farmtrack-backend] [           main] o.s.b.f.s.DefaultListableBeanFactory     : Creating shared instance of singleton bean 'spring.jackson-org.springframework.boot.autoconfigure.jackson.JacksonProperties'
2025-03-26T10:26:22.411-04:00 DEBUG 1288556 --- [farmtrack-backend] [           main] o.s.b.f.s.DefaultListableBeanFactory     : Autowiring by type from bean name 'standardJacksonObjectMapperBuilderCustomizer' via factory method to bean named 'spring.jackson-org.springframework.boot.autoconfigure.jackson.JacksonProperties'
2025-03-26T10:26:22.412-04:00 DEBUG 1288556 --- [farmtrack-backend] [           main] o.s.b.f.s.DefaultListableBeanFactory     : Creating shared instance of singleton bean 'parameterNamesModule'
2025-03-26T10:26:22.412-04:00 DEBUG 1288556 --- [farmtrack-backend] [           main] o.s.b.f.s.DefaultListableBeanFactory     : Creating shared instance of singleton bean 'org.springframework.boot.autoconfigure.jackson.JacksonAutoConfiguration$ParameterNamesModuleConfiguration'
2025-03-26T10:26:22.416-04:00 DEBUG 1288556 --- [farmtrack-backend] [           main] o.s.b.f.s.DefaultListableBeanFactory     : Creating shared instance of singleton bean 'jsonMixinModule'
2025-03-26T10:26:22.416-04:00 DEBUG 1288556 --- [farmtrack-backend] [           main] o.s.b.f.s.DefaultListableBeanFactory     : Creating shared instance of singleton bean 'org.springframework.boot.autoconfigure.jackson.JacksonAutoConfiguration$JacksonMixinConfiguration'
2025-03-26T10:26:22.417-04:00 DEBUG 1288556 --- [farmtrack-backend] [           main] o.s.b.f.s.DefaultListableBeanFactory     : Creating shared instance of singleton bean 'jsonMixinModuleEntries'
2025-03-26T10:26:22.417-04:00 DEBUG 1288556 --- [farmtrack-backend] [           main] o.s.b.f.s.DefaultListableBeanFactory     : Autowiring by type from bean name 'jsonMixinModuleEntries' via factory method to bean named 'org.springframework.web.context.support.GenericWebApplicationContext@62b790a5'
2025-03-26T10:26:22.421-04:00 DEBUG 1288556 --- [farmtrack-backend] [           main] o.s.b.f.s.DefaultListableBeanFactory     : Autowiring by type from bean name 'jsonMixinModule' via factory method to bean named 'org.springframework.web.context.support.GenericWebApplicationContext@62b790a5'
2025-03-26T10:26:22.421-04:00 DEBUG 1288556 --- [farmtrack-backend] [           main] o.s.b.f.s.DefaultListableBeanFactory     : Autowiring by type from bean name 'jsonMixinModule' via factory method to bean named 'jsonMixinModuleEntries'
2025-03-26T10:26:22.423-04:00 DEBUG 1288556 --- [farmtrack-backend] [           main] o.s.b.f.s.DefaultListableBeanFactory     : Creating shared instance of singleton bean 'jsonComponentModule'
2025-03-26T10:26:22.424-04:00 DEBUG 1288556 --- [farmtrack-backend] [           main] o.s.b.f.s.DefaultListableBeanFactory     : Creating shared instance of singleton bean 'org.springframework.boot.autoconfigure.jackson.JacksonAutoConfiguration'
2025-03-26T10:26:22.430-04:00 DEBUG 1288556 --- [farmtrack-backend] [           main] o.s.b.f.s.DefaultListableBeanFactory     : Creating shared instance of singleton bean 'jacksonGeoModule'
2025-03-26T10:26:22.430-04:00 DEBUG 1288556 --- [farmtrack-backend] [           main] o.s.b.f.s.DefaultListableBeanFactory     : Creating shared instance of singleton bean 'org.springframework.data.web.config.SpringDataJacksonConfiguration'
2025-03-26T10:26:22.431-04:00 DEBUG 1288556 --- [farmtrack-backend] [           main] o.s.b.f.s.DefaultListableBeanFactory     : Creating shared instance of singleton bean 'springDataWebSettings'
2025-03-26T10:26:22.431-04:00 DEBUG 1288556 --- [farmtrack-backend] [           main] o.s.b.f.s.DefaultListableBeanFactory     : Creating shared instance of singleton bean 'org.springframework.boot.autoconfigure.data.web.SpringDataWebAutoConfiguration'
2025-03-26T10:26:22.431-04:00 DEBUG 1288556 --- [farmtrack-backend] [           main] o.s.b.f.s.DefaultListableBeanFactory     : Creating shared instance of singleton bean 'spring.data.web-org.springframework.boot.autoconfigure.data.web.SpringDataWebProperties'
2025-03-26T10:26:22.433-04:00 DEBUG 1288556 --- [farmtrack-backend] [           main] o.s.b.f.s.DefaultListableBeanFactory     : Autowiring by type from bean name 'org.springframework.boot.autoconfigure.data.web.SpringDataWebAutoConfiguration' via constructor to bean named 'spring.data.web-org.springframework.boot.autoconfigure.data.web.SpringDataWebProperties'
2025-03-26T10:26:22.438-04:00 DEBUG 1288556 --- [farmtrack-backend] [           main] o.s.b.f.s.DefaultListableBeanFactory     : Creating shared instance of singleton bean 'pageModule'
2025-03-26T10:26:22.441-04:00 DEBUG 1288556 --- [farmtrack-backend] [           main] o.s.b.f.s.DefaultListableBeanFactory     : Autowiring by type from bean name 'jacksonObjectMapperBuilder' via factory method to bean named 'org.springframework.web.context.support.GenericWebApplicationContext@62b790a5'
2025-03-26T10:26:22.442-04:00 DEBUG 1288556 --- [farmtrack-backend] [           main] o.s.b.f.s.DefaultListableBeanFactory     : Autowiring by type from bean name 'jacksonObjectMapperBuilder' via factory method to bean named 'standardJacksonObjectMapperBuilderCustomizer'
2025-03-26T10:26:22.444-04:00 DEBUG 1288556 --- [farmtrack-backend] [           main] o.s.b.f.s.DefaultListableBeanFactory     : Autowiring by type from bean name 'jacksonObjectMapper' via factory method to bean named 'jacksonObjectMapperBuilder'
2025-03-26T10:26:22.462-04:00 DEBUG 1288556 --- [farmtrack-backend] [           main] o.s.b.f.s.DefaultListableBeanFactory     : Autowiring by type from bean name 'mappingJackson2HttpMessageConverter' via factory method to bean named 'jacksonObjectMapper'
2025-03-26T10:26:22.504-04:00 DEBUG 1288556 --- [farmtrack-backend] [           main] o.s.b.f.s.DefaultListableBeanFactory     : Creating shared instance of singleton bean 'resourceHandlerMapping'
2025-03-26T10:26:22.505-04:00 DEBUG 1288556 --- [farmtrack-backend] [           main] o.s.b.f.s.DefaultListableBeanFactory     : Autowiring by type from bean name 'resourceHandlerMapping' via factory method to bean named 'mvcContentNegotiationManager'
2025-03-26T10:26:22.505-04:00 DEBUG 1288556 --- [farmtrack-backend] [           main] o.s.b.f.s.DefaultListableBeanFactory     : Autowiring by type from bean name 'resourceHandlerMapping' via factory method to bean named 'mvcConversionService'
2025-03-26T10:26:22.505-04:00 DEBUG 1288556 --- [farmtrack-backend] [           main] o.s.b.f.s.DefaultListableBeanFactory     : Autowiring by type from bean name 'resourceHandlerMapping' via factory method to bean named 'mvcResourceUrlProvider'
2025-03-26T10:26:22.519-04:00 DEBUG 1288556 --- [farmtrack-backend] [           main] _.s.web.servlet.HandlerMapping.Mappings  : 'resourceHandlerMapping' {/webjars/**=ResourceHttpRequestHandler [classpath [META-INF/resources/webjars/]], /**=ResourceHttpRequestHandler [classpath [META-INF/resources/], classpath [resources/], classpath [static/], classpath [public/], ServletContext [/]], /swagger-ui*/*swagger-initializer.js=ResourceHttpRequestHandler [classpath [META-INF/resources/webjars/]], /swagger-ui*/**=ResourceHttpRequestHandler [classpath [META-INF/resources/webjars/]]}
2025-03-26T10:26:22.522-04:00 DEBUG 1288556 --- [farmtrack-backend] [           main] o.s.b.f.s.DefaultListableBeanFactory     : Creating shared instance of singleton bean 'defaultServletHandlerMapping'
2025-03-26T10:26:22.530-04:00 DEBUG 1288556 --- [farmtrack-backend] [           main] o.s.b.f.s.DefaultListableBeanFactory     : Creating shared instance of singleton bean 'filterChain'
2025-03-26T10:26:22.530-04:00 DEBUG 1288556 --- [farmtrack-backend] [           main] o.s.b.f.s.DefaultListableBeanFactory     : Autowiring by type from bean name 'filterChain' via factory method to bean named 'org.springframework.security.config.annotation.web.configuration.HttpSecurityConfiguration.httpSecurity'
2025-03-26T10:26:22.531-04:00 DEBUG 1288556 --- [farmtrack-backend] [           main] o.s.b.f.s.DefaultListableBeanFactory     : Creating shared instance of singleton bean 'corsConfigurationSource'
2025-03-26T10:26:22.537-04:00 DEBUG 1288556 --- [farmtrack-backend] [           main] o.s.b.f.s.DefaultListableBeanFactory     : Creating shared instance of singleton bean 'webAuthorizationManagerPostProcessor'
2025-03-26T10:26:22.556-04:00 DEBUG 1288556 --- [farmtrack-backend] [           main] o.s.b.f.s.DefaultListableBeanFactory     : Creating shared instance of singleton bean 'authenticationManagerPostProcessor'
2025-03-26T10:26:22.581-04:00 DEBUG 1288556 --- [farmtrack-backend] [           main] o.s.s.web.DefaultSecurityFilterChain     : Will secure any request with filters: DisableEncodeUrlFilter, WebAsyncManagerIntegrationFilter, SecurityContextHolderFilter, HeaderWriterFilter, CorsFilter, LogoutFilter, JwtRequestFilter, RequestCacheAwareFilter, SecurityContextHolderAwareRequestFilter, AnonymousAuthenticationFilter, SessionManagementFilter, ExceptionTranslationFilter, AuthorizationFilter
2025-03-26T10:26:22.584-04:00 DEBUG 1288556 --- [farmtrack-backend] [           main] o.s.b.f.s.DefaultListableBeanFactory     : Creating shared instance of singleton bean 'delegatingApplicationListener'
2025-03-26T10:26:22.585-04:00 DEBUG 1288556 --- [farmtrack-backend] [           main] o.s.b.f.s.DefaultListableBeanFactory     : Creating shared instance of singleton bean 'springSecurityFilterChain'
2025-03-26T10:26:22.599-04:00 DEBUG 1288556 --- [farmtrack-backend] [           main] o.s.b.f.s.DefaultListableBeanFactory     : Creating shared instance of singleton bean 'webSecurityExpressionHandler'
2025-03-26T10:26:22.600-04:00 DEBUG 1288556 --- [farmtrack-backend] [           main] o.s.b.f.s.DefaultListableBeanFactory     : Creating shared instance of singleton bean 'privilegeEvaluator'
2025-03-26T10:26:22.601-04:00 DEBUG 1288556 --- [farmtrack-backend] [           main] o.s.b.f.s.DefaultListableBeanFactory     : Creating shared instance of singleton bean 'requestDataValueProcessor'
2025-03-26T10:26:22.602-04:00 DEBUG 1288556 --- [farmtrack-backend] [           main] o.s.b.f.s.DefaultListableBeanFactory     : Creating shared instance of singleton bean 'org.springframework.security.config.annotation.web.configuration.ObservationConfiguration'
2025-03-26T10:26:22.603-04:00 DEBUG 1288556 --- [farmtrack-backend] [           main] o.s.b.f.s.DefaultListableBeanFactory     : Creating shared instance of singleton bean '_prePostMethodSecurityConfiguration'
2025-03-26T10:26:22.604-04:00 DEBUG 1288556 --- [farmtrack-backend] [           main] o.s.b.f.s.DefaultListableBeanFactory     : Creating shared instance of singleton bean 'methodAuthorizationManagerPostProcessor'
2025-03-26T10:26:22.606-04:00 DEBUG 1288556 --- [farmtrack-backend] [           main] o.s.b.f.s.DefaultListableBeanFactory     : Creating shared instance of singleton bean 'methodResultAuthorizationManagerPostProcessor'
2025-03-26T10:26:22.610-04:00 DEBUG 1288556 --- [farmtrack-backend] [           main] o.s.b.f.s.DefaultListableBeanFactory     : Creating shared instance of singleton bean 'prePostAuthorizeExpressionHintsRegistrar'
2025-03-26T10:26:22.611-04:00 DEBUG 1288556 --- [farmtrack-backend] [           main] o.s.b.f.s.DefaultListableBeanFactory     : Creating shared instance of singleton bean 'org.springframework.security.config.annotation.method.configuration.AuthorizationProxyConfiguration'
2025-03-26T10:26:22.612-04:00 DEBUG 1288556 --- [farmtrack-backend] [           main] o.s.b.f.s.DefaultListableBeanFactory     : Creating shared instance of singleton bean 'authorizeReturnObjectHintsRegistrar'
2025-03-26T10:26:22.613-04:00 DEBUG 1288556 --- [farmtrack-backend] [           main] o.s.b.f.s.DefaultListableBeanFactory     : Autowiring by type from bean name 'authorizeReturnObjectHintsRegistrar' via factory method to bean named 'authorizationProxyFactory'
2025-03-26T10:26:22.614-04:00 DEBUG 1288556 --- [farmtrack-backend] [           main] o.s.b.f.s.DefaultListableBeanFactory     : Creating shared instance of singleton bean 'org.springframework.security.config.annotation.method.configuration.MethodObservationConfiguration'
2025-03-26T10:26:22.615-04:00 DEBUG 1288556 --- [farmtrack-backend] [           main] o.s.b.f.s.DefaultListableBeanFactory     : Creating shared instance of singleton bean 'org.springframework.data.jpa.util.JpaMetamodelCacheCleanup'
2025-03-26T10:26:22.615-04:00 DEBUG 1288556 --- [farmtrack-backend] [           main] o.s.b.f.s.DefaultListableBeanFactory     : Creating shared instance of singleton bean 'org.springframework.data.jpa.repository.support.JpaEvaluationContextExtension'
2025-03-26T10:26:22.616-04:00 DEBUG 1288556 --- [farmtrack-backend] [           main] o.s.b.f.s.DefaultListableBeanFactory     : Creating shared instance of singleton bean 'data-jpa.repository-aot-processor#0'
2025-03-26T10:26:22.620-04:00 DEBUG 1288556 --- [farmtrack-backend] [           main] o.s.b.f.s.DefaultListableBeanFactory     : Creating shared instance of singleton bean 'org.springframework.boot.autoconfigure.context.PropertyPlaceholderAutoConfiguration'
2025-03-26T10:26:22.621-04:00 DEBUG 1288556 --- [farmtrack-backend] [           main] o.s.b.f.s.DefaultListableBeanFactory     : Creating shared instance of singleton bean 'org.springframework.boot.autoconfigure.ssl.SslAutoConfiguration'
2025-03-26T10:26:22.621-04:00 DEBUG 1288556 --- [farmtrack-backend] [           main] o.s.b.f.s.DefaultListableBeanFactory     : Creating shared instance of singleton bean 'spring.ssl-org.springframework.boot.autoconfigure.ssl.SslProperties'
2025-03-26T10:26:22.623-04:00 DEBUG 1288556 --- [farmtrack-backend] [           main] o.s.b.f.s.DefaultListableBeanFactory     : Autowiring by type from bean name 'org.springframework.boot.autoconfigure.ssl.SslAutoConfiguration' via constructor to bean named 'org.springframework.web.context.support.GenericWebApplicationContext@62b790a5'
2025-03-26T10:26:22.623-04:00 DEBUG 1288556 --- [farmtrack-backend] [           main] o.s.b.f.s.DefaultListableBeanFactory     : Autowiring by type from bean name 'org.springframework.boot.autoconfigure.ssl.SslAutoConfiguration' via constructor to bean named 'spring.ssl-org.springframework.boot.autoconfigure.ssl.SslProperties'
2025-03-26T10:26:22.624-04:00 DEBUG 1288556 --- [farmtrack-backend] [           main] o.s.b.f.s.DefaultListableBeanFactory     : Creating shared instance of singleton bean 'fileWatcher'
2025-03-26T10:26:22.625-04:00 DEBUG 1288556 --- [farmtrack-backend] [           main] o.s.b.f.s.DefaultListableBeanFactory     : Creating shared instance of singleton bean 'sslPropertiesSslBundleRegistrar'
2025-03-26T10:26:22.626-04:00 DEBUG 1288556 --- [farmtrack-backend] [           main] o.s.b.f.s.DefaultListableBeanFactory     : Autowiring by type from bean name 'sslPropertiesSslBundleRegistrar' via factory method to bean named 'fileWatcher'
2025-03-26T10:26:22.627-04:00 DEBUG 1288556 --- [farmtrack-backend] [           main] o.s.b.f.s.DefaultListableBeanFactory     : Creating shared instance of singleton bean 'sslBundleRegistry'
2025-03-26T10:26:22.631-04:00 DEBUG 1288556 --- [farmtrack-backend] [           main] o.s.b.f.s.DefaultListableBeanFactory     : Creating shared instance of singleton bean 'org.springframework.boot.autoconfigure.websocket.servlet.WebSocketServletAutoConfiguration$TomcatWebSocketConfiguration'
2025-03-26T10:26:22.632-04:00 DEBUG 1288556 --- [farmtrack-backend] [           main] o.s.b.f.s.DefaultListableBeanFactory     : Creating shared instance of singleton bean 'websocketServletWebServerCustomizer'
2025-03-26T10:26:22.634-04:00 DEBUG 1288556 --- [farmtrack-backend] [           main] o.s.b.f.s.DefaultListableBeanFactory     : Creating shared instance of singleton bean 'org.springframework.boot.autoconfigure.websocket.servlet.WebSocketServletAutoConfiguration'
2025-03-26T10:26:22.634-04:00 DEBUG 1288556 --- [farmtrack-backend] [           main] o.s.b.f.s.DefaultListableBeanFactory     : Creating shared instance of singleton bean 'org.springframework.boot.autoconfigure.web.servlet.ServletWebServerFactoryConfiguration$EmbeddedTomcat'
2025-03-26T10:26:22.635-04:00 DEBUG 1288556 --- [farmtrack-backend] [           main] o.s.b.f.s.DefaultListableBeanFactory     : Creating shared instance of singleton bean 'tomcatServletWebServerFactory'
2025-03-26T10:26:22.654-04:00 DEBUG 1288556 --- [farmtrack-backend] [           main] o.s.b.f.s.DefaultListableBeanFactory     : Creating shared instance of singleton bean 'servletWebServerFactoryCustomizer'
2025-03-26T10:26:22.654-04:00 DEBUG 1288556 --- [farmtrack-backend] [           main] o.s.b.f.s.DefaultListableBeanFactory     : Creating shared instance of singleton bean 'org.springframework.boot.autoconfigure.web.servlet.ServletWebServerFactoryAutoConfiguration'
2025-03-26T10:26:22.655-04:00 DEBUG 1288556 --- [farmtrack-backend] [           main] o.s.b.f.s.DefaultListableBeanFactory     : Creating shared instance of singleton bean 'server-org.springframework.boot.autoconfigure.web.ServerProperties'
2025-03-26T10:26:22.664-04:00 DEBUG 1288556 --- [farmtrack-backend] [           main] o.s.b.f.s.DefaultListableBeanFactory     : Autowiring by type from bean name 'servletWebServerFactoryCustomizer' via factory method to bean named 'server-org.springframework.boot.autoconfigure.web.ServerProperties'
2025-03-26T10:26:22.666-04:00 DEBUG 1288556 --- [farmtrack-backend] [           main] o.s.b.f.s.DefaultListableBeanFactory     : Creating shared instance of singleton bean 'tomcatServletWebServerFactoryCustomizer'
2025-03-26T10:26:22.667-04:00 DEBUG 1288556 --- [farmtrack-backend] [           main] o.s.b.f.s.DefaultListableBeanFactory     : Autowiring by type from bean name 'tomcatServletWebServerFactoryCustomizer' via factory method to bean named 'server-org.springframework.boot.autoconfigure.web.ServerProperties'
2025-03-26T10:26:22.668-04:00 DEBUG 1288556 --- [farmtrack-backend] [           main] o.s.b.f.s.DefaultListableBeanFactory     : Creating shared instance of singleton bean 'localeCharsetMappingsCustomizer'
2025-03-26T10:26:22.668-04:00 DEBUG 1288556 --- [farmtrack-backend] [           main] o.s.b.f.s.DefaultListableBeanFactory     : Creating shared instance of singleton bean 'org.springframework.boot.autoconfigure.web.servlet.HttpEncodingAutoConfiguration'
2025-03-26T10:26:22.668-04:00 DEBUG 1288556 --- [farmtrack-backend] [           main] o.s.b.f.s.DefaultListableBeanFactory     : Autowiring by type from bean name 'org.springframework.boot.autoconfigure.web.servlet.HttpEncodingAutoConfiguration' via constructor to bean named 'server-org.springframework.boot.autoconfigure.web.ServerProperties'
2025-03-26T10:26:22.686-04:00 DEBUG 1288556 --- [farmtrack-backend] [           main] o.a.catalina.core.AprLifecycleListener   : The Apache Tomcat Native library could not be found using names [tcnative-2, libtcnative-2, tcnative-1, libtcnative-1] on the java.library.path [/usr/java/packages/lib:/usr/lib/x86_64-linux-gnu/jni:/lib/x86_64-linux-gnu:/usr/lib/x86_64-linux-gnu:/usr/lib/jni:/lib:/usr/lib]. The errors reported were [Can't load library: /home/warfare/farmtrack/farmtrack-backend/bin/libtcnative-2.so, Can't load library: /home/warfare/farmtrack/farmtrack-backend/bin/liblibtcnative-2.so, Can't load library: /home/warfare/farmtrack/farmtrack-backend/bin/libtcnative-1.so, Can't load library: /home/warfare/farmtrack/farmtrack-backend/bin/liblibtcnative-1.so, no tcnative-2 in java.library.path: /usr/java/packages/lib:/usr/lib/x86_64-linux-gnu/jni:/lib/x86_64-linux-gnu:/usr/lib/x86_64-linux-gnu:/usr/lib/jni:/lib:/usr/lib, no libtcnative-2 in java.library.path: /usr/java/packages/lib:/usr/lib/x86_64-linux-gnu/jni:/lib/x86_64-linux-gnu:/usr/lib/x86_64-linux-gnu:/usr/lib/jni:/lib:/usr/lib, no tcnative-1 in java.library.path: /usr/java/packages/lib:/usr/lib/x86_64-linux-gnu/jni:/lib/x86_64-linux-gnu:/usr/lib/x86_64-linux-gnu:/usr/lib/jni:/lib:/usr/lib, no libtcnative-1 in java.library.path: /usr/java/packages/lib:/usr/lib/x86_64-linux-gnu/jni:/lib/x86_64-linux-gnu:/usr/lib/x86_64-linux-gnu:/usr/lib/jni:/lib:/usr/lib]

org.apache.tomcat.jni.LibraryNotFoundError: Can't load library: /home/warfare/farmtrack/farmtrack-backend/bin/libtcnative-2.so, Can't load library: /home/warfare/farmtrack/farmtrack-backend/bin/liblibtcnative-2.so, Can't load library: /home/warfare/farmtrack/farmtrack-backend/bin/libtcnative-1.so, Can't load library: /home/warfare/farmtrack/farmtrack-backend/bin/liblibtcnative-1.so, no tcnative-2 in java.library.path: /usr/java/packages/lib:/usr/lib/x86_64-linux-gnu/jni:/lib/x86_64-linux-gnu:/usr/lib/x86_64-linux-gnu:/usr/lib/jni:/lib:/usr/lib, no libtcnative-2 in java.library.path: /usr/java/packages/lib:/usr/lib/x86_64-linux-gnu/jni:/lib/x86_64-linux-gnu:/usr/lib/x86_64-linux-gnu:/usr/lib/jni:/lib:/usr/lib, no tcnative-1 in java.library.path: /usr/java/packages/lib:/usr/lib/x86_64-linux-gnu/jni:/lib/x86_64-linux-gnu:/usr/lib/x86_64-linux-gnu:/usr/lib/jni:/lib:/usr/lib, no libtcnative-1 in java.library.path: /usr/java/packages/lib:/usr/lib/x86_64-linux-gnu/jni:/lib/x86_64-linux-gnu:/usr/lib/x86_64-linux-gnu:/usr/lib/jni:/lib:/usr/lib
	at org.apache.tomcat.jni.Library.<init>(Library.java:91) ~[tomcat-embed-core-10.1.39.jar:10.1.39]
	at org.apache.tomcat.jni.Library.initialize(Library.java:147) ~[tomcat-embed-core-10.1.39.jar:10.1.39]
	at org.apache.catalina.core.AprLifecycleListener.init(AprLifecycleListener.java:211) ~[tomcat-embed-core-10.1.39.jar:10.1.39]
	at org.apache.catalina.core.AprLifecycleListener.isAprAvailable(AprLifecycleListener.java:113) ~[tomcat-embed-core-10.1.39.jar:10.1.39]
	at org.springframework.boot.autoconfigure.web.servlet.TomcatServletWebServerFactoryCustomizer.isAprAvailable(TomcatServletWebServerFactoryCustomizer.java:90) ~[spring-boot-autoconfigure-3.4.4.jar:3.4.4]
	at org.springframework.boot.autoconfigure.web.servlet.TomcatServletWebServerFactoryCustomizer.getUseApr(TomcatServletWebServerFactoryCustomizer.java:81) ~[spring-boot-autoconfigure-3.4.4.jar:3.4.4]
	at org.springframework.boot.autoconfigure.web.servlet.TomcatServletWebServerFactoryCustomizer.customize(TomcatServletWebServerFactoryCustomizer.java:63) ~[spring-boot-autoconfigure-3.4.4.jar:3.4.4]
	at org.springframework.boot.autoconfigure.web.servlet.TomcatServletWebServerFactoryCustomizer.customize(TomcatServletWebServerFactoryCustomizer.java:38) ~[spring-boot-autoconfigure-3.4.4.jar:3.4.4]
	at org.springframework.boot.web.server.WebServerFactoryCustomizerBeanPostProcessor.lambda$postProcessBeforeInitialization$0(WebServerFactoryCustomizerBeanPostProcessor.java:72) ~[spring-boot-3.4.4.jar:3.4.4]
	at org.springframework.boot.util.LambdaSafe$Callbacks.lambda$invoke$0(LambdaSafe.java:287) ~[spring-boot-3.4.4.jar:3.4.4]
	at org.springframework.boot.util.LambdaSafe$LambdaSafeCallback.invoke(LambdaSafe.java:159) ~[spring-boot-3.4.4.jar:3.4.4]
	at org.springframework.boot.util.LambdaSafe$Callbacks.lambda$invoke$1(LambdaSafe.java:286) ~[spring-boot-3.4.4.jar:3.4.4]
	at java.base/java.util.ArrayList.forEach(ArrayList.java:1511) ~[na:na]
	at java.base/java.util.Collections$UnmodifiableCollection.forEach(Collections.java:1092) ~[na:na]
	at org.springframework.boot.util.LambdaSafe$Callbacks.invoke(LambdaSafe.java:286) ~[spring-boot-3.4.4.jar:3.4.4]
	at org.springframework.boot.web.server.WebServerFactoryCustomizerBeanPostProcessor.postProcessBeforeInitialization(WebServerFactoryCustomizerBeanPostProcessor.java:72) ~[spring-boot-3.4.4.jar:3.4.4]
	at org.springframework.boot.web.server.WebServerFactoryCustomizerBeanPostProcessor.postProcessBeforeInitialization(WebServerFactoryCustomizerBeanPostProcessor.java:58) ~[spring-boot-3.4.4.jar:3.4.4]
	at org.springframework.beans.factory.support.AbstractAutowireCapableBeanFactory.applyBeanPostProcessorsBeforeInitialization(AbstractAutowireCapableBeanFactory.java:423) ~[spring-beans-6.2.5.jar:6.2.5]
	at org.springframework.beans.factory.support.AbstractAutowireCapableBeanFactory.initializeBean(AbstractAutowireCapableBeanFactory.java:1804) ~[spring-beans-6.2.5.jar:6.2.5]
	at org.springframework.beans.factory.support.AbstractAutowireCapableBeanFactory.doCreateBean(AbstractAutowireCapableBeanFactory.java:601) ~[spring-beans-6.2.5.jar:6.2.5]
	at org.springframework.beans.factory.support.AbstractAutowireCapableBeanFactory.createBean(AbstractAutowireCapableBeanFactory.java:523) ~[spring-beans-6.2.5.jar:6.2.5]
	at org.springframework.beans.factory.support.AbstractBeanFactory.lambda$doGetBean$0(AbstractBeanFactory.java:339) ~[spring-beans-6.2.5.jar:6.2.5]
	at org.springframework.beans.factory.support.DefaultSingletonBeanRegistry.getSingleton(DefaultSingletonBeanRegistry.java:347) ~[spring-beans-6.2.5.jar:6.2.5]
	at org.springframework.beans.factory.support.AbstractBeanFactory.doGetBean(AbstractBeanFactory.java:337) ~[spring-beans-6.2.5.jar:6.2.5]
	at org.springframework.beans.factory.support.AbstractBeanFactory.getBean(AbstractBeanFactory.java:202) ~[spring-beans-6.2.5.jar:6.2.5]
	at org.springframework.beans.factory.support.DefaultListableBeanFactory.instantiateSingleton(DefaultListableBeanFactory.java:1155) ~[spring-beans-6.2.5.jar:6.2.5]
	at org.springframework.beans.factory.support.DefaultListableBeanFactory.preInstantiateSingleton(DefaultListableBeanFactory.java:1121) ~[spring-beans-6.2.5.jar:6.2.5]
	at org.springframework.beans.factory.support.DefaultListableBeanFactory.preInstantiateSingletons(DefaultListableBeanFactory.java:1056) ~[spring-beans-6.2.5.jar:6.2.5]
	at org.springframework.context.support.AbstractApplicationContext.finishBeanFactoryInitialization(AbstractApplicationContext.java:987) ~[spring-context-6.2.5.jar:6.2.5]
	at org.springframework.context.support.AbstractApplicationContext.refresh(AbstractApplicationContext.java:627) ~[spring-context-6.2.5.jar:6.2.5]
	at org.springframework.boot.SpringApplication.refresh(SpringApplication.java:752) ~[spring-boot-3.4.4.jar:3.4.4]
	at org.springframework.boot.SpringApplication.refreshContext(SpringApplication.java:439) ~[spring-boot-3.4.4.jar:3.4.4]
	at org.springframework.boot.SpringApplication.run(SpringApplication.java:318) ~[spring-boot-3.4.4.jar:3.4.4]
	at org.springframework.boot.test.context.SpringBootContextLoader.lambda$loadContext$3(SpringBootContextLoader.java:144) ~[spring-boot-test-3.4.4.jar:3.4.4]
	at org.springframework.util.function.ThrowingSupplier.get(ThrowingSupplier.java:58) ~[spring-core-6.2.5.jar:6.2.5]
	at org.springframework.util.function.ThrowingSupplier.get(ThrowingSupplier.java:46) ~[spring-core-6.2.5.jar:6.2.5]
	at org.springframework.boot.SpringApplication.withHook(SpringApplication.java:1461) ~[spring-boot-3.4.4.jar:3.4.4]
	at org.springframework.boot.test.context.SpringBootContextLoader$ContextLoaderHook.run(SpringBootContextLoader.java:563) ~[spring-boot-test-3.4.4.jar:3.4.4]
	at org.springframework.boot.test.context.SpringBootContextLoader.loadContext(SpringBootContextLoader.java:144) ~[spring-boot-test-3.4.4.jar:3.4.4]
	at org.springframework.boot.test.context.SpringBootContextLoader.loadContext(SpringBootContextLoader.java:110) ~[spring-boot-test-3.4.4.jar:3.4.4]
	at org.springframework.test.context.cache.DefaultCacheAwareContextLoaderDelegate.loadContextInternal(DefaultCacheAwareContextLoaderDelegate.java:225) ~[spring-test-6.2.5.jar:6.2.5]
	at org.springframework.test.context.cache.DefaultCacheAwareContextLoaderDelegate.loadContext(DefaultCacheAwareContextLoaderDelegate.java:152) ~[spring-test-6.2.5.jar:6.2.5]
	at org.springframework.test.context.support.DefaultTestContext.getApplicationContext(DefaultTestContext.java:130) ~[spring-test-6.2.5.jar:6.2.5]
	at org.springframework.test.context.web.ServletTestExecutionListener.setUpRequestContextIfNecessary(ServletTestExecutionListener.java:200) ~[spring-test-6.2.5.jar:6.2.5]
	at org.springframework.test.context.web.ServletTestExecutionListener.prepareTestInstance(ServletTestExecutionListener.java:139) ~[spring-test-6.2.5.jar:6.2.5]
	at org.springframework.test.context.TestContextManager.prepareTestInstance(TestContextManager.java:260) ~[spring-test-6.2.5.jar:6.2.5]
	at org.springframework.test.context.junit.jupiter.SpringExtension.postProcessTestInstance(SpringExtension.java:160) ~[spring-test-6.2.5.jar:6.2.5]
	at org.junit.jupiter.engine.descriptor.ClassBasedTestDescriptor.lambda$invokeTestInstancePostProcessors$11(ClassBasedTestDescriptor.java:378) ~[junit-jupiter-engine-5.11.4.jar:5.11.4]
	at org.junit.jupiter.engine.descriptor.ClassBasedTestDescriptor.executeAndMaskThrowable(ClassBasedTestDescriptor.java:383) ~[junit-jupiter-engine-5.11.4.jar:5.11.4]
	at org.junit.jupiter.engine.descriptor.ClassBasedTestDescriptor.lambda$invokeTestInstancePostProcessors$12(ClassBasedTestDescriptor.java:378) ~[junit-jupiter-engine-5.11.4.jar:5.11.4]
	at java.base/java.util.stream.ForEachOps$ForEachOp$OfRef.accept(ForEachOps.java:183) ~[na:na]
	at java.base/java.util.stream.ReferencePipeline$3$1.accept(ReferencePipeline.java:197) ~[na:na]
	at java.base/java.util.stream.ReferencePipeline$2$1.accept(ReferencePipeline.java:179) ~[na:na]
	at java.base/java.util.stream.ReferencePipeline$3$1.accept(ReferencePipeline.java:197) ~[na:na]
	at java.base/java.util.ArrayList$ArrayListSpliterator.forEachRemaining(ArrayList.java:1625) ~[na:na]
	at java.base/java.util.stream.AbstractPipeline.copyInto(AbstractPipeline.java:509) ~[na:na]
	at java.base/java.util.stream.AbstractPipeline.wrapAndCopyInto(AbstractPipeline.java:499) ~[na:na]
	at java.base/java.util.stream.ForEachOps$ForEachOp.evaluateSequential(ForEachOps.java:150) ~[na:na]
	at java.base/java.util.stream.ForEachOps$ForEachOp$OfRef.evaluateSequential(ForEachOps.java:173) ~[na:na]
	at java.base/java.util.stream.AbstractPipeline.evaluate(AbstractPipeline.java:234) ~[na:na]
	at java.base/java.util.stream.ReferencePipeline.forEach(ReferencePipeline.java:596) ~[na:na]
	at org.junit.jupiter.engine.descriptor.ClassBasedTestDescriptor.invokeTestInstancePostProcessors(ClassBasedTestDescriptor.java:377) ~[junit-jupiter-engine-5.11.4.jar:5.11.4]
	at org.junit.jupiter.engine.descriptor.ClassBasedTestDescriptor.lambda$instantiateAndPostProcessTestInstance$7(ClassBasedTestDescriptor.java:290) ~[junit-jupiter-engine-5.11.4.jar:5.11.4]
	at org.junit.platform.engine.support.hierarchical.ThrowableCollector.execute(ThrowableCollector.java:73) ~[junit-platform-engine-1.11.4.jar:1.11.4]
	at org.junit.jupiter.engine.descriptor.ClassBasedTestDescriptor.instantiateAndPostProcessTestInstance(ClassBasedTestDescriptor.java:289) ~[junit-jupiter-engine-5.11.4.jar:5.11.4]
	at org.junit.jupiter.engine.descriptor.ClassBasedTestDescriptor.lambda$testInstancesProvider$5(ClassBasedTestDescriptor.java:279) ~[junit-jupiter-engine-5.11.4.jar:5.11.4]
	at java.base/java.util.Optional.orElseGet(Optional.java:364) ~[na:na]
	at org.junit.jupiter.engine.descriptor.ClassBasedTestDescriptor.lambda$testInstancesProvider$6(ClassBasedTestDescriptor.java:278) ~[junit-jupiter-engine-5.11.4.jar:5.11.4]
	at org.junit.jupiter.engine.execution.TestInstancesProvider.getTestInstances(TestInstancesProvider.java:31) ~[junit-jupiter-engine-5.11.4.jar:5.11.4]
	at org.junit.jupiter.engine.descriptor.TestMethodTestDescriptor.lambda$prepare$1(TestMethodTestDescriptor.java:105) ~[junit-jupiter-engine-5.11.4.jar:5.11.4]
	at org.junit.platform.engine.support.hierarchical.ThrowableCollector.execute(ThrowableCollector.java:73) ~[junit-platform-engine-1.11.4.jar:1.11.4]
	at org.junit.jupiter.engine.descriptor.TestMethodTestDescriptor.prepare(TestMethodTestDescriptor.java:104) ~[junit-jupiter-engine-5.11.4.jar:5.11.4]
	at org.junit.jupiter.engine.descriptor.TestMethodTestDescriptor.prepare(TestMethodTestDescriptor.java:68) ~[junit-jupiter-engine-5.11.4.jar:5.11.4]
	at org.junit.platform.engine.support.hierarchical.NodeTestTask.lambda$prepare$2(NodeTestTask.java:128) ~[junit-platform-engine-1.11.4.jar:1.11.4]
	at org.junit.platform.engine.support.hierarchical.ThrowableCollector.execute(ThrowableCollector.java:73) ~[junit-platform-engine-1.11.4.jar:1.11.4]
	at org.junit.platform.engine.support.hierarchical.NodeTestTask.prepare(NodeTestTask.java:128) ~[junit-platform-engine-1.11.4.jar:1.11.4]
	at org.junit.platform.engine.support.hierarchical.NodeTestTask.execute(NodeTestTask.java:95) ~[junit-platform-engine-1.11.4.jar:1.11.4]
	at java.base/java.util.ArrayList.forEach(ArrayList.java:1511) ~[na:na]
	at org.junit.platform.engine.support.hierarchical.SameThreadHierarchicalTestExecutorService.invokeAll(SameThreadHierarchicalTestExecutorService.java:41) ~[junit-platform-engine-1.11.4.jar:1.11.4]
	at org.junit.platform.engine.support.hierarchical.NodeTestTask.lambda$executeRecursively$6(NodeTestTask.java:160) ~[junit-platform-engine-1.11.4.jar:1.11.4]
	at org.junit.platform.engine.support.hierarchical.ThrowableCollector.execute(ThrowableCollector.java:73) ~[junit-platform-engine-1.11.4.jar:1.11.4]
	at org.junit.platform.engine.support.hierarchical.NodeTestTask.lambda$executeRecursively$8(NodeTestTask.java:146) ~[junit-platform-engine-1.11.4.jar:1.11.4]
	at org.junit.platform.engine.support.hierarchical.Node.around(Node.java:137) ~[junit-platform-engine-1.11.4.jar:1.11.4]
	at org.junit.platform.engine.support.hierarchical.NodeTestTask.lambda$executeRecursively$9(NodeTestTask.java:144) ~[junit-platform-engine-1.11.4.jar:1.11.4]
	at org.junit.platform.engine.support.hierarchical.ThrowableCollector.execute(ThrowableCollector.java:73) ~[junit-platform-engine-1.11.4.jar:1.11.4]
	at org.junit.platform.engine.support.hierarchical.NodeTestTask.executeRecursively(NodeTestTask.java:143) ~[junit-platform-engine-1.11.4.jar:1.11.4]
	at org.junit.platform.engine.support.hierarchical.NodeTestTask.execute(NodeTestTask.java:100) ~[junit-platform-engine-1.11.4.jar:1.11.4]
	at java.base/java.util.ArrayList.forEach(ArrayList.java:1511) ~[na:na]
	at org.junit.platform.engine.support.hierarchical.SameThreadHierarchicalTestExecutorService.invokeAll(SameThreadHierarchicalTestExecutorService.java:41) ~[junit-platform-engine-1.11.4.jar:1.11.4]
	at org.junit.platform.engine.support.hierarchical.NodeTestTask.lambda$executeRecursively$6(NodeTestTask.java:160) ~[junit-platform-engine-1.11.4.jar:1.11.4]
	at org.junit.platform.engine.support.hierarchical.ThrowableCollector.execute(ThrowableCollector.java:73) ~[junit-platform-engine-1.11.4.jar:1.11.4]
	at org.junit.platform.engine.support.hierarchical.NodeTestTask.lambda$executeRecursively$8(NodeTestTask.java:146) ~[junit-platform-engine-1.11.4.jar:1.11.4]
	at org.junit.platform.engine.support.hierarchical.Node.around(Node.java:137) ~[junit-platform-engine-1.11.4.jar:1.11.4]
	at org.junit.platform.engine.support.hierarchical.NodeTestTask.lambda$executeRecursively$9(NodeTestTask.java:144) ~[junit-platform-engine-1.11.4.jar:1.11.4]
	at org.junit.platform.engine.support.hierarchical.ThrowableCollector.execute(ThrowableCollector.java:73) ~[junit-platform-engine-1.11.4.jar:1.11.4]
	at org.junit.platform.engine.support.hierarchical.NodeTestTask.executeRecursively(NodeTestTask.java:143) ~[junit-platform-engine-1.11.4.jar:1.11.4]
	at org.junit.platform.engine.support.hierarchical.NodeTestTask.execute(NodeTestTask.java:100) ~[junit-platform-engine-1.11.4.jar:1.11.4]
	at org.junit.platform.engine.support.hierarchical.SameThreadHierarchicalTestExecutorService.submit(SameThreadHierarchicalTestExecutorService.java:35) ~[junit-platform-engine-1.11.4.jar:1.11.4]
	at org.junit.platform.engine.support.hierarchical.HierarchicalTestExecutor.execute(HierarchicalTestExecutor.java:57) ~[junit-platform-engine-1.11.4.jar:1.11.4]
	at org.junit.platform.engine.support.hierarchical.HierarchicalTestEngine.execute(HierarchicalTestEngine.java:54) ~[junit-platform-engine-1.11.4.jar:1.11.4]
	at org.junit.platform.launcher.core.EngineExecutionOrchestrator.execute(EngineExecutionOrchestrator.java:198) ~[junit-platform-launcher-1.11.4.jar:1.11.4]
	at org.junit.platform.launcher.core.EngineExecutionOrchestrator.execute(EngineExecutionOrchestrator.java:169) ~[junit-platform-launcher-1.11.4.jar:1.11.4]
	at org.junit.platform.launcher.core.EngineExecutionOrchestrator.execute(EngineExecutionOrchestrator.java:93) ~[junit-platform-launcher-1.11.4.jar:1.11.4]
	at org.junit.platform.launcher.core.EngineExecutionOrchestrator.lambda$execute$0(EngineExecutionOrchestrator.java:58) ~[junit-platform-launcher-1.11.4.jar:1.11.4]
	at org.junit.platform.launcher.core.EngineExecutionOrchestrator.withInterceptedStreams(EngineExecutionOrchestrator.java:141) ~[junit-platform-launcher-1.11.4.jar:1.11.4]
	at org.junit.platform.launcher.core.EngineExecutionOrchestrator.execute(EngineExecutionOrchestrator.java:57) ~[junit-platform-launcher-1.11.4.jar:1.11.4]
	at org.junit.platform.launcher.core.DefaultLauncher.execute(DefaultLauncher.java:103) ~[junit-platform-launcher-1.11.4.jar:1.11.4]
	at org.junit.platform.launcher.core.DefaultLauncher.execute(DefaultLauncher.java:85) ~[junit-platform-launcher-1.11.4.jar:1.11.4]
	at org.junit.platform.launcher.core.DelegatingLauncher.execute(DelegatingLauncher.java:47) ~[junit-platform-launcher-1.11.4.jar:1.11.4]
	at org.apache.maven.surefire.junitplatform.LazyLauncher.execute(LazyLauncher.java:56) ~[surefire-junit-platform-3.5.2.jar:3.5.2]
	at org.apache.maven.surefire.junitplatform.JUnitPlatformProvider.execute(JUnitPlatformProvider.java:184) ~[surefire-junit-platform-3.5.2.jar:3.5.2]
	at org.apache.maven.surefire.junitplatform.JUnitPlatformProvider.invokeAllTests(JUnitPlatformProvider.java:148) ~[surefire-junit-platform-3.5.2.jar:3.5.2]
	at org.apache.maven.surefire.junitplatform.JUnitPlatformProvider.invoke(JUnitPlatformProvider.java:122) ~[surefire-junit-platform-3.5.2.jar:3.5.2]
	at org.apache.maven.surefire.booter.ForkedBooter.runSuitesInProcess(ForkedBooter.java:385) ~[surefire-booter-3.5.2.jar:3.5.2]
	at org.apache.maven.surefire.booter.ForkedBooter.execute(ForkedBooter.java:162) ~[surefire-booter-3.5.2.jar:3.5.2]
	at org.apache.maven.surefire.booter.ForkedBooter.run(ForkedBooter.java:507) ~[surefire-booter-3.5.2.jar:3.5.2]
	at org.apache.maven.surefire.booter.ForkedBooter.main(ForkedBooter.java:495) ~[surefire-booter-3.5.2.jar:3.5.2]

2025-03-26T10:26:22.687-04:00 DEBUG 1288556 --- [farmtrack-backend] [           main] o.s.b.f.s.DefaultListableBeanFactory     : Creating shared instance of singleton bean 'errorPageCustomizer'
2025-03-26T10:26:22.688-04:00 DEBUG 1288556 --- [farmtrack-backend] [           main] o.s.b.f.s.DefaultListableBeanFactory     : Creating shared instance of singleton bean 'org.springframework.boot.autoconfigure.web.servlet.error.ErrorMvcAutoConfiguration'
2025-03-26T10:26:22.688-04:00 DEBUG 1288556 --- [farmtrack-backend] [           main] o.s.b.f.s.DefaultListableBeanFactory     : Autowiring by type from bean name 'org.springframework.boot.autoconfigure.web.servlet.error.ErrorMvcAutoConfiguration' via constructor to bean named 'server-org.springframework.boot.autoconfigure.web.ServerProperties'
2025-03-26T10:26:22.689-04:00 DEBUG 1288556 --- [farmtrack-backend] [           main] o.s.b.f.s.DefaultListableBeanFactory     : Creating shared instance of singleton bean 'dispatcherServletRegistration'
2025-03-26T10:26:22.689-04:00 DEBUG 1288556 --- [farmtrack-backend] [           main] o.s.b.f.s.DefaultListableBeanFactory     : Creating shared instance of singleton bean 'org.springframework.boot.autoconfigure.web.servlet.DispatcherServletAutoConfiguration$DispatcherServletRegistrationConfiguration'
2025-03-26T10:26:22.690-04:00 DEBUG 1288556 --- [farmtrack-backend] [           main] o.s.b.f.s.DefaultListableBeanFactory     : Creating shared instance of singleton bean 'dispatcherServlet'
2025-03-26T10:26:22.690-04:00 DEBUG 1288556 --- [farmtrack-backend] [           main] o.s.b.f.s.DefaultListableBeanFactory     : Creating shared instance of singleton bean 'org.springframework.boot.autoconfigure.web.servlet.DispatcherServletAutoConfiguration$DispatcherServletConfiguration'
2025-03-26T10:26:22.691-04:00 DEBUG 1288556 --- [farmtrack-backend] [           main] o.s.b.f.s.DefaultListableBeanFactory     : Autowiring by type from bean name 'dispatcherServlet' via factory method to bean named 'spring.mvc-org.springframework.boot.autoconfigure.web.servlet.WebMvcProperties'
2025-03-26T10:26:22.711-04:00 DEBUG 1288556 --- [farmtrack-backend] [           main] o.s.b.f.s.DefaultListableBeanFactory     : Autowiring by type from bean name 'dispatcherServletRegistration' via factory method to bean named 'dispatcherServlet'
2025-03-26T10:26:22.711-04:00 DEBUG 1288556 --- [farmtrack-backend] [           main] o.s.b.f.s.DefaultListableBeanFactory     : Autowiring by type from bean name 'dispatcherServletRegistration' via factory method to bean named 'spring.mvc-org.springframework.boot.autoconfigure.web.servlet.WebMvcProperties'
2025-03-26T10:26:22.713-04:00 DEBUG 1288556 --- [farmtrack-backend] [           main] o.s.b.f.s.DefaultListableBeanFactory     : Creating shared instance of singleton bean 'multipartConfigElement'
2025-03-26T10:26:22.713-04:00 DEBUG 1288556 --- [farmtrack-backend] [           main] o.s.b.f.s.DefaultListableBeanFactory     : Creating shared instance of singleton bean 'org.springframework.boot.autoconfigure.web.servlet.MultipartAutoConfiguration'
2025-03-26T10:26:22.714-04:00 DEBUG 1288556 --- [farmtrack-backend] [           main] o.s.b.f.s.DefaultListableBeanFactory     : Creating shared instance of singleton bean 'spring.servlet.multipart-org.springframework.boot.autoconfigure.web.servlet.MultipartProperties'
2025-03-26T10:26:22.717-04:00 DEBUG 1288556 --- [farmtrack-backend] [           main] o.s.b.f.s.DefaultListableBeanFactory     : Autowiring by type from bean name 'org.springframework.boot.autoconfigure.web.servlet.MultipartAutoConfiguration' via constructor to bean named 'spring.servlet.multipart-org.springframework.boot.autoconfigure.web.servlet.MultipartProperties'
2025-03-26T10:26:22.721-04:00 DEBUG 1288556 --- [farmtrack-backend] [           main] o.s.b.f.s.DefaultListableBeanFactory     : Autowiring by type from bean name 'errorPageCustomizer' via factory method to bean named 'dispatcherServletRegistration'
2025-03-26T10:26:22.725-04:00 DEBUG 1288556 --- [farmtrack-backend] [           main] o.s.b.f.s.DefaultListableBeanFactory     : Creating shared instance of singleton bean 'org.springframework.boot.autoconfigure.web.servlet.DispatcherServletAutoConfiguration'
2025-03-26T10:26:22.726-04:00 DEBUG 1288556 --- [farmtrack-backend] [           main] o.s.b.f.s.DefaultListableBeanFactory     : Creating shared instance of singleton bean 'org.springframework.boot.autoconfigure.task.TaskExecutorConfigurations$ThreadPoolTaskExecutorBuilderConfiguration'
2025-03-26T10:26:22.726-04:00 DEBUG 1288556 --- [farmtrack-backend] [           main] o.s.b.f.s.DefaultListableBeanFactory     : Creating shared instance of singleton bean 'threadPoolTaskExecutorBuilder'
2025-03-26T10:26:22.727-04:00 DEBUG 1288556 --- [farmtrack-backend] [           main] o.s.b.f.s.DefaultListableBeanFactory     : Creating shared instance of singleton bean 'spring.task.execution-org.springframework.boot.autoconfigure.task.TaskExecutionProperties'
2025-03-26T10:26:22.729-04:00 DEBUG 1288556 --- [farmtrack-backend] [           main] o.s.b.f.s.DefaultListableBeanFactory     : Autowiring by type from bean name 'threadPoolTaskExecutorBuilder' via factory method to bean named 'spring.task.execution-org.springframework.boot.autoconfigure.task.TaskExecutionProperties'
2025-03-26T10:26:22.731-04:00 DEBUG 1288556 --- [farmtrack-backend] [           main] o.s.b.f.s.DefaultListableBeanFactory     : Creating shared instance of singleton bean 'org.springframework.boot.autoconfigure.task.TaskExecutorConfigurations$SimpleAsyncTaskExecutorBuilderConfiguration'
2025-03-26T10:26:22.731-04:00 DEBUG 1288556 --- [farmtrack-backend] [           main] o.s.b.f.s.DefaultListableBeanFactory     : Autowiring by type from bean name 'org.springframework.boot.autoconfigure.task.TaskExecutorConfigurations$SimpleAsyncTaskExecutorBuilderConfiguration' via constructor to bean named 'spring.task.execution-org.springframework.boot.autoconfigure.task.TaskExecutionProperties'
2025-03-26T10:26:22.732-04:00 DEBUG 1288556 --- [farmtrack-backend] [           main] o.s.b.f.s.DefaultListableBeanFactory     : Creating shared instance of singleton bean 'simpleAsyncTaskExecutorBuilder'
2025-03-26T10:26:22.734-04:00 DEBUG 1288556 --- [farmtrack-backend] [           main] o.s.b.f.s.DefaultListableBeanFactory     : Creating shared instance of singleton bean 'org.springframework.boot.autoconfigure.task.TaskExecutorConfigurations$TaskExecutorConfiguration'
2025-03-26T10:26:22.734-04:00 DEBUG 1288556 --- [farmtrack-backend] [           main] o.s.b.f.s.DefaultListableBeanFactory     : Creating shared instance of singleton bean 'org.springframework.boot.autoconfigure.task.TaskExecutionAutoConfiguration'
2025-03-26T10:26:22.735-04:00 DEBUG 1288556 --- [farmtrack-backend] [           main] o.s.b.f.s.DefaultListableBeanFactory     : Creating shared instance of singleton bean 'org.springframework.boot.autoconfigure.validation.ValidationAutoConfiguration'
2025-03-26T10:26:22.735-04:00 DEBUG 1288556 --- [farmtrack-backend] [           main] o.s.b.f.s.DefaultListableBeanFactory     : Creating shared instance of singleton bean 'defaultValidator'
2025-03-26T10:26:22.736-04:00 DEBUG 1288556 --- [farmtrack-backend] [           main] o.s.b.f.s.DefaultListableBeanFactory     : Autowiring by type from bean name 'defaultValidator' via factory method to bean named 'org.springframework.web.context.support.GenericWebApplicationContext@62b790a5'
2025-03-26T10:26:22.738-04:00 DEBUG 1288556 --- [farmtrack-backend] [           main] .h.v.m.ResourceBundleMessageInterpolator : Loaded expression factory via original TCCL
2025-03-26T10:26:22.739-04:00 DEBUG 1288556 --- [farmtrack-backend] [           main] o.h.v.i.e.AbstractConfigurationImpl      : Setting custom MessageInterpolator of type org.springframework.validation.beanvalidation.LocaleContextMessageInterpolator
2025-03-26T10:26:22.740-04:00 DEBUG 1288556 --- [farmtrack-backend] [           main] o.h.v.i.e.AbstractConfigurationImpl      : Setting custom ConstraintValidatorFactory of type org.springframework.validation.beanvalidation.SpringConstraintValidatorFactory
2025-03-26T10:26:22.741-04:00 DEBUG 1288556 --- [farmtrack-backend] [           main] o.h.v.i.xml.config.ValidationXmlParser   : Trying to load META-INF/validation.xml for XML based Validator configuration.
2025-03-26T10:26:22.741-04:00 DEBUG 1288556 --- [farmtrack-backend] [           main] o.h.v.i.xml.config.ResourceLoaderHelper  : Trying to load META-INF/validation.xml via user class loader
2025-03-26T10:26:22.741-04:00 DEBUG 1288556 --- [farmtrack-backend] [           main] o.h.v.i.xml.config.ResourceLoaderHelper  : Trying to load META-INF/validation.xml via TCCL
2025-03-26T10:26:22.741-04:00 DEBUG 1288556 --- [farmtrack-backend] [           main] o.h.v.i.xml.config.ResourceLoaderHelper  : Trying to load META-INF/validation.xml via Hibernate Validator's class loader
2025-03-26T10:26:22.741-04:00 DEBUG 1288556 --- [farmtrack-backend] [           main] o.h.v.i.xml.config.ValidationXmlParser   : No META-INF/validation.xml found. Using annotation based configuration only.
2025-03-26T10:26:22.741-04:00 DEBUG 1288556 --- [farmtrack-backend] [           main] o.h.v.i.e.resolver.TraversableResolvers  : Found jakarta.persistence.Persistence on classpath containing 'getPersistenceUtil'. Assuming JPA 2 environment. Trying to instantiate JPA aware TraversableResolver
2025-03-26T10:26:22.741-04:00 DEBUG 1288556 --- [farmtrack-backend] [           main] o.h.v.i.e.resolver.TraversableResolvers  : Instantiated JPA aware TraversableResolver of type org.hibernate.validator.internal.engine.resolver.JPATraversableResolver.
2025-03-26T10:26:22.742-04:00 DEBUG 1288556 --- [farmtrack-backend] [           main] .i.e.ValidatorFactoryConfigurationHelper : HV000252: Using org.hibernate.validator.internal.engine.DefaultPropertyNodeNameProvider as property node name provider.
2025-03-26T10:26:22.743-04:00 DEBUG 1288556 --- [farmtrack-backend] [           main] .i.e.ValidatorFactoryConfigurationHelper : HV000234: Using org.springframework.validation.beanvalidation.LocaleContextMessageInterpolator as ValidatorFactory-scoped message interpolator.
2025-03-26T10:26:22.743-04:00 DEBUG 1288556 --- [farmtrack-backend] [           main] .i.e.ValidatorFactoryConfigurationHelper : HV000234: Using org.hibernate.validator.internal.engine.resolver.JPATraversableResolver as ValidatorFactory-scoped traversable resolver.
2025-03-26T10:26:22.743-04:00 DEBUG 1288556 --- [farmtrack-backend] [           main] .i.e.ValidatorFactoryConfigurationHelper : HV000234: Using org.hibernate.validator.internal.util.ExecutableParameterNameProvider as ValidatorFactory-scoped parameter name provider.
2025-03-26T10:26:22.743-04:00 DEBUG 1288556 --- [farmtrack-backend] [           main] .i.e.ValidatorFactoryConfigurationHelper : HV000234: Using org.hibernate.validator.internal.engine.DefaultClockProvider as ValidatorFactory-scoped clock provider.
2025-03-26T10:26:22.743-04:00 DEBUG 1288556 --- [farmtrack-backend] [           main] .i.e.ValidatorFactoryConfigurationHelper : HV000234: Using org.hibernate.validator.internal.engine.scripting.DefaultScriptEvaluatorFactory as ValidatorFactory-scoped script evaluator factory.
2025-03-26T10:26:22.745-04:00 DEBUG 1288556 --- [farmtrack-backend] [           main] o.s.b.f.s.DefaultListableBeanFactory     : Creating shared instance of singleton bean 'org.springframework.boot.autoconfigure.web.servlet.error.ErrorMvcAutoConfiguration$WhitelabelErrorViewConfiguration'
2025-03-26T10:26:22.746-04:00 DEBUG 1288556 --- [farmtrack-backend] [           main] o.s.b.f.s.DefaultListableBeanFactory     : Creating shared instance of singleton bean 'error'
2025-03-26T10:26:22.747-04:00 DEBUG 1288556 --- [farmtrack-backend] [           main] o.s.b.f.s.DefaultListableBeanFactory     : Creating shared instance of singleton bean 'beanNameViewResolver'
2025-03-26T10:26:22.748-04:00 DEBUG 1288556 --- [farmtrack-backend] [           main] o.s.b.f.s.DefaultListableBeanFactory     : Creating shared instance of singleton bean 'org.springframework.boot.autoconfigure.web.servlet.error.ErrorMvcAutoConfiguration$DefaultErrorViewResolverConfiguration'
2025-03-26T10:26:22.748-04:00 DEBUG 1288556 --- [farmtrack-backend] [           main] o.s.b.f.s.DefaultListableBeanFactory     : Autowiring by type from bean name 'org.springframework.boot.autoconfigure.web.servlet.error.ErrorMvcAutoConfiguration$DefaultErrorViewResolverConfiguration' via constructor to bean named 'org.springframework.web.context.support.GenericWebApplicationContext@62b790a5'
2025-03-26T10:26:22.748-04:00 DEBUG 1288556 --- [farmtrack-backend] [           main] o.s.b.f.s.DefaultListableBeanFactory     : Autowiring by type from bean name 'org.springframework.boot.autoconfigure.web.servlet.error.ErrorMvcAutoConfiguration$DefaultErrorViewResolverConfiguration' via constructor to bean named 'spring.web-org.springframework.boot.autoconfigure.web.WebProperties'
2025-03-26T10:26:22.748-04:00 DEBUG 1288556 --- [farmtrack-backend] [           main] o.s.b.f.s.DefaultListableBeanFactory     : Creating shared instance of singleton bean 'conventionErrorViewResolver'
2025-03-26T10:26:22.749-04:00 DEBUG 1288556 --- [farmtrack-backend] [           main] o.s.b.f.s.DefaultListableBeanFactory     : Creating shared instance of singleton bean 'errorAttributes'
2025-03-26T10:26:22.750-04:00 DEBUG 1288556 --- [farmtrack-backend] [           main] o.s.b.f.s.DefaultListableBeanFactory     : Creating shared instance of singleton bean 'basicErrorController'
2025-03-26T10:26:22.751-04:00 DEBUG 1288556 --- [farmtrack-backend] [           main] o.s.b.f.s.DefaultListableBeanFactory     : Autowiring by type from bean name 'basicErrorController' via factory method to bean named 'errorAttributes'
2025-03-26T10:26:22.752-04:00 DEBUG 1288556 --- [farmtrack-backend] [           main] o.s.b.f.s.DefaultListableBeanFactory     : Creating shared instance of singleton bean 'localeResolver'
2025-03-26T10:26:22.753-04:00 DEBUG 1288556 --- [farmtrack-backend] [           main] o.s.b.f.s.DefaultListableBeanFactory     : Creating shared instance of singleton bean 'themeResolver'
2025-03-26T10:26:22.755-04:00 DEBUG 1288556 --- [farmtrack-backend] [           main] o.s.b.f.s.DefaultListableBeanFactory     : Creating shared instance of singleton bean 'flashMapManager'
2025-03-26T10:26:22.757-04:00 DEBUG 1288556 --- [farmtrack-backend] [           main] o.s.b.f.s.DefaultListableBeanFactory     : Creating shared instance of singleton bean 'viewNameTranslator'
2025-03-26T10:26:22.759-04:00 DEBUG 1288556 --- [farmtrack-backend] [           main] o.s.b.f.s.DefaultListableBeanFactory     : Creating shared instance of singleton bean 'mvcValidator'
2025-03-26T10:26:22.760-04:00 DEBUG 1288556 --- [farmtrack-backend] [           main] o.s.b.f.s.DefaultListableBeanFactory     : Creating shared instance of singleton bean 'mvcPatternParser'
2025-03-26T10:26:22.761-04:00 DEBUG 1288556 --- [farmtrack-backend] [           main] o.s.b.f.s.DefaultListableBeanFactory     : Creating shared instance of singleton bean 'mvcUrlPathHelper'
2025-03-26T10:26:22.762-04:00 DEBUG 1288556 --- [farmtrack-backend] [           main] o.s.b.f.s.DefaultListableBeanFactory     : Creating shared instance of singleton bean 'mvcPathMatcher'
2025-03-26T10:26:22.763-04:00 DEBUG 1288556 --- [farmtrack-backend] [           main] o.s.b.f.s.DefaultListableBeanFactory     : Creating shared instance of singleton bean 'requestMappingHandlerAdapter'
2025-03-26T10:26:22.763-04:00 DEBUG 1288556 --- [farmtrack-backend] [           main] o.s.b.f.s.DefaultListableBeanFactory     : Autowiring by type from bean name 'requestMappingHandlerAdapter' via factory method to bean named 'mvcContentNegotiationManager'
2025-03-26T10:26:22.763-04:00 DEBUG 1288556 --- [farmtrack-backend] [           main] o.s.b.f.s.DefaultListableBeanFactory     : Autowiring by type from bean name 'requestMappingHandlerAdapter' via factory method to bean named 'mvcConversionService'
2025-03-26T10:26:22.763-04:00 DEBUG 1288556 --- [farmtrack-backend] [           main] o.s.b.f.s.DefaultListableBeanFactory     : Autowiring by type from bean name 'requestMappingHandlerAdapter' via factory method to bean named 'mvcValidator'
2025-03-26T10:26:22.770-04:00 DEBUG 1288556 --- [farmtrack-backend] [           main] o.s.b.f.s.DefaultListableBeanFactory     : Creating shared instance of singleton bean 'sortResolver'
2025-03-26T10:26:22.771-04:00 DEBUG 1288556 --- [farmtrack-backend] [           main] o.s.b.f.s.DefaultListableBeanFactory     : Creating shared instance of singleton bean 'sortCustomizer'
2025-03-26T10:26:22.773-04:00 DEBUG 1288556 --- [farmtrack-backend] [           main] o.s.b.f.s.DefaultListableBeanFactory     : Creating shared instance of singleton bean 'pageableResolver'
2025-03-26T10:26:22.775-04:00 DEBUG 1288556 --- [farmtrack-backend] [           main] o.s.b.f.s.DefaultListableBeanFactory     : Creating shared instance of singleton bean 'pageableCustomizer'
2025-03-26T10:26:22.778-04:00 DEBUG 1288556 --- [farmtrack-backend] [           main] o.s.b.f.s.DefaultListableBeanFactory     : Creating shared instance of singleton bean 'applicationTaskExecutor'
2025-03-26T10:26:22.778-04:00 DEBUG 1288556 --- [farmtrack-backend] [           main] o.s.b.f.s.DefaultListableBeanFactory     : Autowiring by type from bean name 'applicationTaskExecutor' via factory method to bean named 'threadPoolTaskExecutorBuilder'
2025-03-26T10:26:22.783-04:00 DEBUG 1288556 --- [farmtrack-backend] [           main] o.s.s.concurrent.ThreadPoolTaskExecutor  : Initializing ExecutorService 'applicationTaskExecutor'
2025-03-26T10:26:22.795-04:00 DEBUG 1288556 --- [farmtrack-backend] [           main] s.w.s.m.m.a.RequestMappingHandlerAdapter : ControllerAdvice beans: 0 @ModelAttribute, 0 @InitBinder, 1 RequestBodyAdvice, 1 ResponseBodyAdvice
2025-03-26T10:26:22.810-04:00 DEBUG 1288556 --- [farmtrack-backend] [           main] o.s.b.f.s.DefaultListableBeanFactory     : Creating shared instance of singleton bean 'mvcViewResolver'
2025-03-26T10:26:22.810-04:00 DEBUG 1288556 --- [farmtrack-backend] [           main] o.s.b.f.s.DefaultListableBeanFactory     : Autowiring by type from bean name 'mvcViewResolver' via factory method to bean named 'mvcContentNegotiationManager'
2025-03-26T10:26:22.812-04:00 DEBUG 1288556 --- [farmtrack-backend] [           main] o.s.b.f.s.DefaultListableBeanFactory     : Creating shared instance of singleton bean 'defaultViewResolver'
2025-03-26T10:26:22.818-04:00 DEBUG 1288556 --- [farmtrack-backend] [           main] o.s.b.f.s.DefaultListableBeanFactory     : Creating shared instance of singleton bean 'viewResolver'
2025-03-26T10:26:22.818-04:00 DEBUG 1288556 --- [farmtrack-backend] [           main] o.s.b.f.s.DefaultListableBeanFactory     : Autowiring by type from bean name 'viewResolver' via factory method to bean named 'org.springframework.beans.factory.support.DefaultListableBeanFactory@4eaa375c'
2025-03-26T10:26:22.820-04:00 DEBUG 1288556 --- [farmtrack-backend] [           main] o.s.b.f.s.DefaultListableBeanFactory     : Creating shared instance of singleton bean 'viewResolver'
2025-03-26T10:26:22.828-04:00 DEBUG 1288556 --- [farmtrack-backend] [           main] o.s.b.f.s.DefaultListableBeanFactory     : Creating shared instance of singleton bean 'handlerFunctionAdapter'
2025-03-26T10:26:22.829-04:00 DEBUG 1288556 --- [farmtrack-backend] [           main] o.s.b.f.s.DefaultListableBeanFactory     : Creating shared instance of singleton bean 'mvcUriComponentsContributor'
2025-03-26T10:26:22.830-04:00 DEBUG 1288556 --- [farmtrack-backend] [           main] o.s.b.f.s.DefaultListableBeanFactory     : Autowiring by type from bean name 'mvcUriComponentsContributor' via factory method to bean named 'mvcConversionService'
2025-03-26T10:26:22.830-04:00 DEBUG 1288556 --- [farmtrack-backend] [           main] o.s.b.f.s.DefaultListableBeanFactory     : Autowiring by type from bean name 'mvcUriComponentsContributor' via factory method to bean named 'requestMappingHandlerAdapter'
2025-03-26T10:26:22.831-04:00 DEBUG 1288556 --- [farmtrack-backend] [           main] o.s.b.f.s.DefaultListableBeanFactory     : Creating shared instance of singleton bean 'httpRequestHandlerAdapter'
2025-03-26T10:26:22.831-04:00 DEBUG 1288556 --- [farmtrack-backend] [           main] o.s.b.f.s.DefaultListableBeanFactory     : Creating shared instance of singleton bean 'simpleControllerHandlerAdapter'
2025-03-26T10:26:22.832-04:00 DEBUG 1288556 --- [farmtrack-backend] [           main] o.s.b.f.s.DefaultListableBeanFactory     : Creating shared instance of singleton bean 'handlerExceptionResolver'
2025-03-26T10:26:22.832-04:00 DEBUG 1288556 --- [farmtrack-backend] [           main] o.s.b.f.s.DefaultListableBeanFactory     : Autowiring by type from bean name 'handlerExceptionResolver' via factory method to bean named 'mvcContentNegotiationManager'
2025-03-26T10:26:22.838-04:00 DEBUG 1288556 --- [farmtrack-backend] [           main] .m.m.a.ExceptionHandlerExceptionResolver : ControllerAdvice beans: 1 @ExceptionHandler, 1 ResponseBodyAdvice
2025-03-26T10:26:22.840-04:00 DEBUG 1288556 --- [farmtrack-backend] [           main] o.s.b.f.s.DefaultListableBeanFactory     : Creating shared instance of singleton bean 'requestContextFilter'
2025-03-26T10:26:22.842-04:00 DEBUG 1288556 --- [farmtrack-backend] [           main] o.s.b.f.s.DefaultListableBeanFactory     : Creating shared instance of singleton bean 'org.springframework.boot.autoconfigure.web.servlet.WebMvcAutoConfiguration'
2025-03-26T10:26:22.844-04:00 DEBUG 1288556 --- [farmtrack-backend] [           main] o.s.b.f.s.DefaultListableBeanFactory     : Creating shared instance of singleton bean 'formContentFilter'
2025-03-26T10:26:22.846-04:00 DEBUG 1288556 --- [farmtrack-backend] [           main] o.s.b.f.s.DefaultListableBeanFactory     : Creating shared instance of singleton bean 'org.springdoc.core.configuration.SpringDocConfiguration$QuerydslProvider'
2025-03-26T10:26:22.847-04:00 DEBUG 1288556 --- [farmtrack-backend] [           main] o.s.b.f.s.DefaultListableBeanFactory     : Creating shared instance of singleton bean 'queryDslQuerydslPredicateOperationCustomizer'
2025-03-26T10:26:22.848-04:00 DEBUG 1288556 --- [farmtrack-backend] [           main] o.s.b.f.s.DefaultListableBeanFactory     : Autowiring by type from bean name 'queryDslQuerydslPredicateOperationCustomizer' via factory method to bean named 'org.springdoc.core.properties.SpringDocConfigProperties'
2025-03-26T10:26:22.848-04:00 DEBUG 1288556 --- [farmtrack-backend] [           main] o.s.b.f.s.DefaultListableBeanFactory     : Creating shared instance of singleton bean 'org.springdoc.core.configuration.SpringDocConfiguration$OpenApiResourceAdvice'
2025-03-26T10:26:22.849-04:00 DEBUG 1288556 --- [farmtrack-backend] [           main] o.s.b.f.s.DefaultListableBeanFactory     : Autowiring by type from bean name 'org.springdoc.core.configuration.SpringDocConfiguration$OpenApiResourceAdvice' via constructor to bean named 'org.springdoc.core.configuration.SpringDocConfiguration'
2025-03-26T10:26:22.850-04:00 DEBUG 1288556 --- [farmtrack-backend] [           main] o.s.b.f.s.DefaultListableBeanFactory     : Creating shared instance of singleton bean 'org.springdoc.core.configuration.SpringDocConfiguration$SpringDocSpringDataWebPropertiesProvider'
2025-03-26T10:26:22.850-04:00 DEBUG 1288556 --- [farmtrack-backend] [           main] o.s.b.f.s.DefaultListableBeanFactory     : Creating shared instance of singleton bean 'springDataWebPropertiesProvider'
2025-03-26T10:26:22.852-04:00 DEBUG 1288556 --- [farmtrack-backend] [           main] o.s.b.f.s.DefaultListableBeanFactory     : Creating shared instance of singleton bean 'org.springdoc.core.configuration.SpringDocConfiguration$WebConversionServiceConfiguration'
2025-03-26T10:26:22.853-04:00 DEBUG 1288556 --- [farmtrack-backend] [           main] o.s.b.f.s.DefaultListableBeanFactory     : Creating shared instance of singleton bean 'webConversionServiceProvider'
2025-03-26T10:26:22.854-04:00 DEBUG 1288556 --- [farmtrack-backend] [           main] o.s.b.f.s.DefaultListableBeanFactory     : Creating shared instance of singleton bean 'localSpringDocParameterNameDiscoverer'
2025-03-26T10:26:22.855-04:00 DEBUG 1288556 --- [farmtrack-backend] [           main] o.s.b.f.s.DefaultListableBeanFactory     : Creating shared instance of singleton bean 'additionalModelsConverter'
2025-03-26T10:26:22.855-04:00 DEBUG 1288556 --- [farmtrack-backend] [           main] o.s.b.f.s.DefaultListableBeanFactory     : Autowiring by type from bean name 'additionalModelsConverter' via factory method to bean named 'springdocObjectMapperProvider'
2025-03-26T10:26:22.856-04:00 DEBUG 1288556 --- [farmtrack-backend] [           main] o.s.b.f.s.DefaultListableBeanFactory     : Creating shared instance of singleton bean 'fileSupportConverter'
2025-03-26T10:26:22.857-04:00 DEBUG 1288556 --- [farmtrack-backend] [           main] o.s.b.f.s.DefaultListableBeanFactory     : Autowiring by type from bean name 'fileSupportConverter' via factory method to bean named 'springdocObjectMapperProvider'
2025-03-26T10:26:22.858-04:00 DEBUG 1288556 --- [farmtrack-backend] [           main] o.s.b.f.s.DefaultListableBeanFactory     : Creating shared instance of singleton bean 'responseSupportConverter'
2025-03-26T10:26:22.858-04:00 DEBUG 1288556 --- [farmtrack-backend] [           main] o.s.b.f.s.DefaultListableBeanFactory     : Autowiring by type from bean name 'responseSupportConverter' via factory method to bean named 'springdocObjectMapperProvider'
2025-03-26T10:26:22.859-04:00 DEBUG 1288556 --- [farmtrack-backend] [           main] o.s.b.f.s.DefaultListableBeanFactory     : Creating shared instance of singleton bean 'schemaPropertyDeprecatingConverter'
2025-03-26T10:26:22.859-04:00 DEBUG 1288556 --- [farmtrack-backend] [           main] o.s.b.f.s.DefaultListableBeanFactory     : Creating shared instance of singleton bean 'polymorphicModelConverter'
2025-03-26T10:26:22.860-04:00 DEBUG 1288556 --- [farmtrack-backend] [           main] o.s.b.f.s.DefaultListableBeanFactory     : Autowiring by type from bean name 'polymorphicModelConverter' via factory method to bean named 'springdocObjectMapperProvider'
2025-03-26T10:26:22.861-04:00 DEBUG 1288556 --- [farmtrack-backend] [           main] o.s.b.f.s.DefaultListableBeanFactory     : Creating shared instance of singleton bean 'openAPIBuilder'
2025-03-26T10:26:22.862-04:00 DEBUG 1288556 --- [farmtrack-backend] [           main] o.s.b.f.s.DefaultListableBeanFactory     : Creating shared instance of singleton bean 'securityParser'
2025-03-26T10:26:22.862-04:00 DEBUG 1288556 --- [farmtrack-backend] [           main] o.s.b.f.s.DefaultListableBeanFactory     : Creating shared instance of singleton bean 'propertyResolverUtils'
2025-03-26T10:26:22.863-04:00 DEBUG 1288556 --- [farmtrack-backend] [           main] o.s.b.f.s.DefaultListableBeanFactory     : Autowiring by type from bean name 'propertyResolverUtils' via factory method to bean named 'org.springframework.beans.factory.support.DefaultListableBeanFactory@4eaa375c'
2025-03-26T10:26:22.863-04:00 DEBUG 1288556 --- [farmtrack-backend] [           main] o.s.b.f.s.DefaultListableBeanFactory     : Autowiring by type from bean name 'propertyResolverUtils' via factory method to bean named 'messageSource'
2025-03-26T10:26:22.863-04:00 DEBUG 1288556 --- [farmtrack-backend] [           main] o.s.b.f.s.DefaultListableBeanFactory     : Autowiring by type from bean name 'propertyResolverUtils' via factory method to bean named 'org.springdoc.core.properties.SpringDocConfigProperties'
2025-03-26T10:26:22.864-04:00 DEBUG 1288556 --- [farmtrack-backend] [           main] o.s.b.f.s.DefaultListableBeanFactory     : Autowiring by type from bean name 'securityParser' via factory method to bean named 'propertyResolverUtils'
2025-03-26T10:26:22.867-04:00 DEBUG 1288556 --- [farmtrack-backend] [           main] o.s.b.f.s.DefaultListableBeanFactory     : Autowiring by type from bean name 'openAPIBuilder' via factory method to bean named 'securityParser'
2025-03-26T10:26:22.867-04:00 DEBUG 1288556 --- [farmtrack-backend] [           main] o.s.b.f.s.DefaultListableBeanFactory     : Autowiring by type from bean name 'openAPIBuilder' via factory method to bean named 'org.springdoc.core.properties.SpringDocConfigProperties'
2025-03-26T10:26:22.868-04:00 DEBUG 1288556 --- [farmtrack-backend] [           main] o.s.b.f.s.DefaultListableBeanFactory     : Autowiring by type from bean name 'openAPIBuilder' via factory method to bean named 'propertyResolverUtils'
2025-03-26T10:26:22.870-04:00 DEBUG 1288556 --- [farmtrack-backend] [           main] o.s.b.f.s.DefaultListableBeanFactory     : Creating shared instance of singleton bean 'modelConverterRegistrar'
2025-03-26T10:26:22.870-04:00 DEBUG 1288556 --- [farmtrack-backend] [           main] o.s.b.f.s.DefaultListableBeanFactory     : Creating shared instance of singleton bean 'pageableOpenAPIConverter'
2025-03-26T10:26:22.870-04:00 DEBUG 1288556 --- [farmtrack-backend] [           main] o.s.b.f.s.DefaultListableBeanFactory     : Creating shared instance of singleton bean 'org.springdoc.core.configuration.SpringDocPageableConfiguration'
2025-03-26T10:26:22.871-04:00 DEBUG 1288556 --- [farmtrack-backend] [           main] o.s.b.f.s.DefaultListableBeanFactory     : Autowiring by type from bean name 'pageableOpenAPIConverter' via factory method to bean named 'springdocObjectMapperProvider'
2025-03-26T10:26:22.872-04:00 DEBUG 1288556 --- [farmtrack-backend] [           main] o.s.b.f.s.DefaultListableBeanFactory     : Creating shared instance of singleton bean 'sortOpenAPIConverter'
2025-03-26T10:26:22.872-04:00 DEBUG 1288556 --- [farmtrack-backend] [           main] o.s.b.f.s.DefaultListableBeanFactory     : Creating shared instance of singleton bean 'org.springdoc.core.configuration.SpringDocSortConfiguration'
2025-03-26T10:26:22.873-04:00 DEBUG 1288556 --- [farmtrack-backend] [           main] o.s.b.f.s.DefaultListableBeanFactory     : Autowiring by type from bean name 'sortOpenAPIConverter' via factory method to bean named 'springdocObjectMapperProvider'
2025-03-26T10:26:22.874-04:00 DEBUG 1288556 --- [farmtrack-backend] [           main] o.s.b.f.s.DefaultListableBeanFactory     : Autowiring by type from bean name 'modelConverterRegistrar' via factory method to bean named 'org.springdoc.core.properties.SpringDocConfigProperties'
2025-03-26T10:26:22.884-04:00 DEBUG 1288556 --- [farmtrack-backend] [           main] o.s.b.f.s.DefaultListableBeanFactory     : Creating shared instance of singleton bean 'operationBuilder'
2025-03-26T10:26:22.885-04:00 DEBUG 1288556 --- [farmtrack-backend] [           main] o.s.b.f.s.DefaultListableBeanFactory     : Creating shared instance of singleton bean 'parameterBuilder'
2025-03-26T10:26:22.886-04:00 DEBUG 1288556 --- [farmtrack-backend] [           main] o.s.b.f.s.DefaultListableBeanFactory     : Creating shared instance of singleton bean 'delegatingMethodParameterCustomizer'
2025-03-26T10:26:22.891-04:00 DEBUG 1288556 --- [farmtrack-backend] [           main] o.s.b.f.s.DefaultListableBeanFactory     : Autowiring by type from bean name 'parameterBuilder' via factory method to bean named 'propertyResolverUtils'
2025-03-26T10:26:22.891-04:00 DEBUG 1288556 --- [farmtrack-backend] [           main] o.s.b.f.s.DefaultListableBeanFactory     : Autowiring by type from bean name 'parameterBuilder' via factory method to bean named 'springdocObjectMapperProvider'
2025-03-26T10:26:22.894-04:00 DEBUG 1288556 --- [farmtrack-backend] [           main] o.s.b.f.s.DefaultListableBeanFactory     : Creating shared instance of singleton bean 'requestBodyBuilder'
2025-03-26T10:26:22.895-04:00 DEBUG 1288556 --- [farmtrack-backend] [           main] o.s.b.f.s.DefaultListableBeanFactory     : Autowiring by type from bean name 'requestBodyBuilder' via factory method to bean named 'parameterBuilder'
2025-03-26T10:26:22.897-04:00 DEBUG 1288556 --- [farmtrack-backend] [           main] o.s.b.f.s.DefaultListableBeanFactory     : Autowiring by type from bean name 'operationBuilder' via factory method to bean named 'parameterBuilder'
2025-03-26T10:26:22.897-04:00 DEBUG 1288556 --- [farmtrack-backend] [           main] o.s.b.f.s.DefaultListableBeanFactory     : Autowiring by type from bean name 'operationBuilder' via factory method to bean named 'requestBodyBuilder'
2025-03-26T10:26:22.897-04:00 DEBUG 1288556 --- [farmtrack-backend] [           main] o.s.b.f.s.DefaultListableBeanFactory     : Autowiring by type from bean name 'operationBuilder' via factory method to bean named 'securityParser'
2025-03-26T10:26:22.897-04:00 DEBUG 1288556 --- [farmtrack-backend] [           main] o.s.b.f.s.DefaultListableBeanFactory     : Autowiring by type from bean name 'operationBuilder' via factory method to bean named 'propertyResolverUtils'
2025-03-26T10:26:22.898-04:00 DEBUG 1288556 --- [farmtrack-backend] [           main] o.s.b.f.s.DefaultListableBeanFactory     : Creating shared instance of singleton bean 'genericReturnTypeParser'
2025-03-26T10:26:22.899-04:00 DEBUG 1288556 --- [farmtrack-backend] [           main] o.s.b.f.s.DefaultListableBeanFactory     : Creating shared instance of singleton bean 'springDocProviders'
2025-03-26T10:26:22.900-04:00 DEBUG 1288556 --- [farmtrack-backend] [           main] o.s.b.f.s.DefaultListableBeanFactory     : Creating shared instance of singleton bean 'routerFunctionProvider'
2025-03-26T10:26:22.900-04:00 DEBUG 1288556 --- [farmtrack-backend] [           main] o.s.b.f.s.DefaultListableBeanFactory     : Creating shared instance of singleton bean 'org.springdoc.webmvc.core.configuration.SpringDocWebMvcConfiguration$SpringDocWebMvcRouterConfiguration'
2025-03-26T10:26:22.902-04:00 DEBUG 1288556 --- [farmtrack-backend] [           main] o.s.b.f.s.DefaultListableBeanFactory     : Autowiring by type from bean name 'springDocProviders' via factory method to bean named 'springdocObjectMapperProvider'
2025-03-26T10:26:22.903-04:00 DEBUG 1288556 --- [farmtrack-backend] [           main] o.s.b.f.s.DefaultListableBeanFactory     : Creating shared instance of singleton bean 'springDocCustomizers'
2025-03-26T10:26:22.906-04:00 DEBUG 1288556 --- [farmtrack-backend] [           main] o.s.b.f.s.DefaultListableBeanFactory     : Creating shared instance of singleton bean 'org.springdoc.core.configuration.SpringDocSecurityConfiguration$SpringSecurityLoginEndpointConfiguration'
2025-03-26T10:26:22.907-04:00 DEBUG 1288556 --- [farmtrack-backend] [           main] o.s.b.f.s.DefaultListableBeanFactory     : Creating shared instance of singleton bean 'org.springdoc.core.configuration.SpringDocSecurityConfiguration'
2025-03-26T10:26:22.912-04:00 DEBUG 1288556 --- [farmtrack-backend] [           main] o.s.b.f.s.DefaultListableBeanFactory     : Autowiring by type from bean name 'org.springdoc.core.configuration.SpringDocSecurityConfiguration$SpringSecurityLoginEndpointConfiguration' via constructor to bean named 'org.springdoc.core.configuration.SpringDocSecurityConfiguration'
2025-03-26T10:26:22.912-04:00 DEBUG 1288556 --- [farmtrack-backend] [           main] o.s.b.f.s.DefaultListableBeanFactory     : Creating shared instance of singleton bean 'org.springdoc.core.configuration.SpringDocUIConfiguration'
2025-03-26T10:26:22.914-04:00 DEBUG 1288556 --- [farmtrack-backend] [           main] o.s.b.f.s.DefaultListableBeanFactory     : Creating shared instance of singleton bean 'openApiResource'
2025-03-26T10:26:22.914-04:00 DEBUG 1288556 --- [farmtrack-backend] [           main] o.s.b.f.s.DefaultListableBeanFactory     : Creating shared instance of singleton bean 'requestBuilder'
2025-03-26T10:26:22.915-04:00 DEBUG 1288556 --- [farmtrack-backend] [           main] o.s.b.f.s.DefaultListableBeanFactory     : Autowiring by type from bean name 'requestBuilder' via factory method to bean named 'parameterBuilder'
2025-03-26T10:26:22.915-04:00 DEBUG 1288556 --- [farmtrack-backend] [           main] o.s.b.f.s.DefaultListableBeanFactory     : Autowiring by type from bean name 'requestBuilder' via factory method to bean named 'requestBodyBuilder'
2025-03-26T10:26:22.915-04:00 DEBUG 1288556 --- [farmtrack-backend] [           main] o.s.b.f.s.DefaultListableBeanFactory     : Autowiring by type from bean name 'requestBuilder' via factory method to bean named 'operationBuilder'
2025-03-26T10:26:22.915-04:00 DEBUG 1288556 --- [farmtrack-backend] [           main] o.s.b.f.s.DefaultListableBeanFactory     : Autowiring by type from bean name 'requestBuilder' via factory method to bean named 'localSpringDocParameterNameDiscoverer'
2025-03-26T10:26:22.917-04:00 DEBUG 1288556 --- [farmtrack-backend] [           main] o.s.b.f.s.DefaultListableBeanFactory     : Creating shared instance of singleton bean 'responseBuilder'
2025-03-26T10:26:22.917-04:00 DEBUG 1288556 --- [farmtrack-backend] [           main] o.s.b.f.s.DefaultListableBeanFactory     : Autowiring by type from bean name 'responseBuilder' via factory method to bean named 'operationBuilder'
2025-03-26T10:26:22.917-04:00 DEBUG 1288556 --- [farmtrack-backend] [           main] o.s.b.f.s.DefaultListableBeanFactory     : Autowiring by type from bean name 'responseBuilder' via factory method to bean named 'genericReturnTypeParser'
2025-03-26T10:26:22.917-04:00 DEBUG 1288556 --- [farmtrack-backend] [           main] o.s.b.f.s.DefaultListableBeanFactory     : Autowiring by type from bean name 'responseBuilder' via factory method to bean named 'org.springdoc.core.properties.SpringDocConfigProperties'
2025-03-26T10:26:22.917-04:00 DEBUG 1288556 --- [farmtrack-backend] [           main] o.s.b.f.s.DefaultListableBeanFactory     : Autowiring by type from bean name 'responseBuilder' via factory method to bean named 'propertyResolverUtils'
2025-03-26T10:26:22.918-04:00 DEBUG 1288556 --- [farmtrack-backend] [           main] o.s.b.f.s.DefaultListableBeanFactory     : Autowiring by type from bean name 'openApiResource' via factory method to bean named 'requestBuilder'
2025-03-26T10:26:22.919-04:00 DEBUG 1288556 --- [farmtrack-backend] [           main] o.s.b.f.s.DefaultListableBeanFactory     : Autowiring by type from bean name 'openApiResource' via factory method to bean named 'responseBuilder'
2025-03-26T10:26:22.919-04:00 DEBUG 1288556 --- [farmtrack-backend] [           main] o.s.b.f.s.DefaultListableBeanFactory     : Autowiring by type from bean name 'openApiResource' via factory method to bean named 'operationBuilder'
2025-03-26T10:26:22.919-04:00 DEBUG 1288556 --- [farmtrack-backend] [           main] o.s.b.f.s.DefaultListableBeanFactory     : Autowiring by type from bean name 'openApiResource' via factory method to bean named 'org.springdoc.core.properties.SpringDocConfigProperties'
2025-03-26T10:26:22.919-04:00 DEBUG 1288556 --- [farmtrack-backend] [           main] o.s.b.f.s.DefaultListableBeanFactory     : Autowiring by type from bean name 'openApiResource' via factory method to bean named 'springDocProviders'
2025-03-26T10:26:22.919-04:00 DEBUG 1288556 --- [farmtrack-backend] [           main] o.s.b.f.s.DefaultListableBeanFactory     : Autowiring by type from bean name 'openApiResource' via factory method to bean named 'springDocCustomizers'
2025-03-26T10:26:22.921-04:00 DEBUG 1288556 --- [farmtrack-backend] [           main] o.s.b.f.s.DefaultListableBeanFactory     : Creating shared instance of singleton bean 'swaggerConfigResource'
2025-03-26T10:26:22.921-04:00 DEBUG 1288556 --- [farmtrack-backend] [           main] o.s.b.f.s.DefaultListableBeanFactory     : Autowiring by type from bean name 'swaggerConfigResource' via factory method to bean named 'swaggerWelcome'
2025-03-26T10:26:22.921-04:00 DEBUG 1288556 --- [farmtrack-backend] [           main] o.s.b.f.s.DefaultListableBeanFactory     : Creating shared instance of singleton bean 'org.springframework.boot.autoconfigure.aop.AopAutoConfiguration$AspectJAutoProxyingConfiguration$CglibAutoProxyConfiguration'
2025-03-26T10:26:22.922-04:00 DEBUG 1288556 --- [farmtrack-backend] [           main] o.s.b.f.s.DefaultListableBeanFactory     : Creating shared instance of singleton bean 'org.springframework.boot.autoconfigure.aop.AopAutoConfiguration$AspectJAutoProxyingConfiguration'
2025-03-26T10:26:22.922-04:00 DEBUG 1288556 --- [farmtrack-backend] [           main] o.s.b.f.s.DefaultListableBeanFactory     : Creating shared instance of singleton bean 'org.springframework.boot.autoconfigure.aop.AopAutoConfiguration'
2025-03-26T10:26:22.922-04:00 DEBUG 1288556 --- [farmtrack-backend] [           main] o.s.b.f.s.DefaultListableBeanFactory     : Creating shared instance of singleton bean 'org.springframework.boot.autoconfigure.availability.ApplicationAvailabilityAutoConfiguration'
2025-03-26T10:26:22.922-04:00 DEBUG 1288556 --- [farmtrack-backend] [           main] o.s.b.f.s.DefaultListableBeanFactory     : Creating shared instance of singleton bean 'applicationAvailability'
2025-03-26T10:26:22.924-04:00 DEBUG 1288556 --- [farmtrack-backend] [           main] o.s.b.f.s.DefaultListableBeanFactory     : Creating shared instance of singleton bean 'org.springframework.boot.autoconfigure.transaction.jta.JtaAutoConfiguration'
2025-03-26T10:26:22.924-04:00 DEBUG 1288556 --- [farmtrack-backend] [           main] o.s.b.f.s.DefaultListableBeanFactory     : Creating shared instance of singleton bean 'org.springframework.boot.autoconfigure.jdbc.metadata.DataSourcePoolMetadataProvidersConfiguration'
2025-03-26T10:26:22.924-04:00 DEBUG 1288556 --- [farmtrack-backend] [           main] o.s.b.f.s.DefaultListableBeanFactory     : Creating shared instance of singleton bean 'org.springframework.boot.autoconfigure.jdbc.DataSourceAutoConfiguration'
2025-03-26T10:26:22.925-04:00 DEBUG 1288556 --- [farmtrack-backend] [           main] o.s.b.f.s.DefaultListableBeanFactory     : Creating shared instance of singleton bean 'org.springframework.boot.autoconfigure.transaction.TransactionManagerCustomizationAutoConfiguration'
2025-03-26T10:26:22.925-04:00 DEBUG 1288556 --- [farmtrack-backend] [           main] o.s.b.f.s.DefaultListableBeanFactory     : Creating shared instance of singleton bean 'platformTransactionManagerCustomizers'
2025-03-26T10:26:22.926-04:00 DEBUG 1288556 --- [farmtrack-backend] [           main] o.s.b.f.s.DefaultListableBeanFactory     : Creating shared instance of singleton bean 'transactionExecutionListeners'
2025-03-26T10:26:22.927-04:00 DEBUG 1288556 --- [farmtrack-backend] [           main] o.s.b.f.s.DefaultListableBeanFactory     : Creating shared instance of singleton bean 'spring.transaction-org.springframework.boot.autoconfigure.transaction.TransactionProperties'
2025-03-26T10:26:22.930-04:00 DEBUG 1288556 --- [farmtrack-backend] [           main] o.s.b.f.s.DefaultListableBeanFactory     : Creating shared instance of singleton bean 'org.springframework.boot.autoconfigure.orm.jpa.JpaBaseConfiguration$PersistenceManagedTypesConfiguration'
2025-03-26T10:26:22.930-04:00 DEBUG 1288556 --- [farmtrack-backend] [           main] o.s.b.f.s.DefaultListableBeanFactory     : Creating shared instance of singleton bean 'transactionManager'
2025-03-26T10:26:22.936-04:00 DEBUG 1288556 --- [farmtrack-backend] [           main] o.s.b.f.s.DefaultListableBeanFactory     : Creating shared instance of singleton bean 'org.springframework.boot.autoconfigure.orm.jpa.HibernateJpaAutoConfiguration'
2025-03-26T10:26:22.937-04:00 DEBUG 1288556 --- [farmtrack-backend] [           main] o.s.b.f.s.DefaultListableBeanFactory     : Creating shared instance of singleton bean 'org.springframework.boot.autoconfigure.context.ConfigurationPropertiesAutoConfiguration'
2025-03-26T10:26:22.937-04:00 DEBUG 1288556 --- [farmtrack-backend] [           main] o.s.b.f.s.DefaultListableBeanFactory     : Creating shared instance of singleton bean 'org.springframework.boot.autoconfigure.context.LifecycleAutoConfiguration'
2025-03-26T10:26:22.937-04:00 DEBUG 1288556 --- [farmtrack-backend] [           main] o.s.b.f.s.DefaultListableBeanFactory     : Creating shared instance of singleton bean 'lifecycleProcessor'
2025-03-26T10:26:22.938-04:00 DEBUG 1288556 --- [farmtrack-backend] [           main] o.s.b.f.s.DefaultListableBeanFactory     : Creating shared instance of singleton bean 'spring.lifecycle-org.springframework.boot.autoconfigure.context.LifecycleProperties'
2025-03-26T10:26:22.939-04:00 DEBUG 1288556 --- [farmtrack-backend] [           main] o.s.b.f.s.DefaultListableBeanFactory     : Autowiring by type from bean name 'lifecycleProcessor' via factory method to bean named 'spring.lifecycle-org.springframework.boot.autoconfigure.context.LifecycleProperties'
2025-03-26T10:26:22.940-04:00 DEBUG 1288556 --- [farmtrack-backend] [           main] o.s.b.f.s.DefaultListableBeanFactory     : Creating shared instance of singleton bean 'org.springframework.boot.autoconfigure.dao.PersistenceExceptionTranslationAutoConfiguration'
2025-03-26T10:26:22.941-04:00 DEBUG 1288556 --- [farmtrack-backend] [           main] o.s.b.f.s.DefaultListableBeanFactory     : Creating shared instance of singleton bean 'org.springframework.boot.autoconfigure.http.JacksonHttpMessageConvertersConfiguration'
2025-03-26T10:26:22.941-04:00 DEBUG 1288556 --- [farmtrack-backend] [           main] o.s.b.f.s.DefaultListableBeanFactory     : Creating shared instance of singleton bean 'org.springframework.data.web.config.ProjectingArgumentResolverRegistrar'
2025-03-26T10:26:22.941-04:00 DEBUG 1288556 --- [farmtrack-backend] [           main] o.s.b.f.s.DefaultListableBeanFactory     : Creating shared instance of singleton bean 'offsetResolver'
2025-03-26T10:26:22.943-04:00 DEBUG 1288556 --- [farmtrack-backend] [           main] o.s.b.f.s.DefaultListableBeanFactory     : Creating shared instance of singleton bean 'org.springframework.boot.autoconfigure.http.client.HttpClientAutoConfiguration'
2025-03-26T10:26:22.943-04:00 DEBUG 1288556 --- [farmtrack-backend] [           main] o.s.b.f.s.DefaultListableBeanFactory     : Creating shared instance of singleton bean 'clientHttpRequestFactoryBuilder'
2025-03-26T10:26:22.944-04:00 DEBUG 1288556 --- [farmtrack-backend] [           main] o.s.b.f.s.DefaultListableBeanFactory     : Creating shared instance of singleton bean 'spring.http.client-org.springframework.boot.autoconfigure.http.client.HttpClientProperties'
2025-03-26T10:26:22.946-04:00 DEBUG 1288556 --- [farmtrack-backend] [           main] o.s.b.f.s.DefaultListableBeanFactory     : Autowiring by type from bean name 'clientHttpRequestFactoryBuilder' via factory method to bean named 'spring.http.client-org.springframework.boot.autoconfigure.http.client.HttpClientProperties'
2025-03-26T10:26:22.952-04:00 DEBUG 1288556 --- [farmtrack-backend] [           main] o.s.b.f.s.DefaultListableBeanFactory     : Creating shared instance of singleton bean 'clientHttpRequestFactorySettings'
2025-03-26T10:26:22.952-04:00 DEBUG 1288556 --- [farmtrack-backend] [           main] o.s.b.f.s.DefaultListableBeanFactory     : Autowiring by type from bean name 'clientHttpRequestFactorySettings' via factory method to bean named 'spring.http.client-org.springframework.boot.autoconfigure.http.client.HttpClientProperties'
2025-03-26T10:26:22.955-04:00 DEBUG 1288556 --- [farmtrack-backend] [           main] o.s.b.f.s.DefaultListableBeanFactory     : Creating shared instance of singleton bean 'org.springframework.boot.autoconfigure.info.ProjectInfoAutoConfiguration'
2025-03-26T10:26:22.956-04:00 DEBUG 1288556 --- [farmtrack-backend] [           main] o.s.b.f.s.DefaultListableBeanFactory     : Creating shared instance of singleton bean 'spring.info-org.springframework.boot.autoconfigure.info.ProjectInfoProperties'
2025-03-26T10:26:22.958-04:00 DEBUG 1288556 --- [farmtrack-backend] [           main] o.s.b.f.s.DefaultListableBeanFactory     : Autowiring by type from bean name 'org.springframework.boot.autoconfigure.info.ProjectInfoAutoConfiguration' via constructor to bean named 'spring.info-org.springframework.boot.autoconfigure.info.ProjectInfoProperties'
2025-03-26T10:26:22.958-04:00 DEBUG 1288556 --- [farmtrack-backend] [           main] o.s.b.f.s.DefaultListableBeanFactory     : Creating shared instance of singleton bean 'org.springframework.boot.autoconfigure.jdbc.JdbcTemplateConfiguration'
2025-03-26T10:26:22.958-04:00 DEBUG 1288556 --- [farmtrack-backend] [           main] o.s.b.f.s.DefaultListableBeanFactory     : Creating shared instance of singleton bean 'jdbcTemplate'
2025-03-26T10:26:22.959-04:00 DEBUG 1288556 --- [farmtrack-backend] [           main] o.s.b.f.s.DefaultListableBeanFactory     : Creating shared instance of singleton bean 'spring.jdbc-org.springframework.boot.autoconfigure.jdbc.JdbcProperties'
2025-03-26T10:26:22.960-04:00 DEBUG 1288556 --- [farmtrack-backend] [           main] o.s.b.f.s.DefaultListableBeanFactory     : Autowiring by type from bean name 'jdbcTemplate' via factory method to bean named 'dataSource'
2025-03-26T10:26:22.960-04:00 DEBUG 1288556 --- [farmtrack-backend] [           main] o.s.b.f.s.DefaultListableBeanFactory     : Autowiring by type from bean name 'jdbcTemplate' via factory method to bean named 'spring.jdbc-org.springframework.boot.autoconfigure.jdbc.JdbcProperties'
2025-03-26T10:26:22.967-04:00 DEBUG 1288556 --- [farmtrack-backend] [           main] o.s.b.f.s.DefaultListableBeanFactory     : Creating shared instance of singleton bean 'org.springframework.boot.autoconfigure.jdbc.NamedParameterJdbcTemplateConfiguration'
2025-03-26T10:26:22.968-04:00 DEBUG 1288556 --- [farmtrack-backend] [           main] o.s.b.f.s.DefaultListableBeanFactory     : Creating shared instance of singleton bean 'namedParameterJdbcTemplate'
2025-03-26T10:26:22.968-04:00 DEBUG 1288556 --- [farmtrack-backend] [           main] o.s.b.f.s.DefaultListableBeanFactory     : Autowiring by type from bean name 'namedParameterJdbcTemplate' via factory method to bean named 'jdbcTemplate'
2025-03-26T10:26:22.972-04:00 DEBUG 1288556 --- [farmtrack-backend] [           main] o.s.b.f.s.DefaultListableBeanFactory     : Creating shared instance of singleton bean 'org.springframework.boot.autoconfigure.jdbc.JdbcTemplateAutoConfiguration'
2025-03-26T10:26:22.972-04:00 DEBUG 1288556 --- [farmtrack-backend] [           main] o.s.b.f.s.DefaultListableBeanFactory     : Creating shared instance of singleton bean 'org.springframework.boot.autoconfigure.jdbc.JdbcClientAutoConfiguration'
2025-03-26T10:26:22.972-04:00 DEBUG 1288556 --- [farmtrack-backend] [           main] o.s.b.f.s.DefaultListableBeanFactory     : Creating shared instance of singleton bean 'jdbcClient'
2025-03-26T10:26:22.973-04:00 DEBUG 1288556 --- [farmtrack-backend] [           main] o.s.b.f.s.DefaultListableBeanFactory     : Autowiring by type from bean name 'jdbcClient' via factory method to bean named 'namedParameterJdbcTemplate'
2025-03-26T10:26:22.975-04:00 DEBUG 1288556 --- [farmtrack-backend] [           main] o.s.b.f.s.DefaultListableBeanFactory     : Creating shared instance of singleton bean 'org.springframework.boot.autoconfigure.security.servlet.SpringBootWebSecurityConfiguration'
2025-03-26T10:26:22.975-04:00 DEBUG 1288556 --- [farmtrack-backend] [           main] o.s.b.f.s.DefaultListableBeanFactory     : Creating shared instance of singleton bean 'spring.security-org.springframework.boot.autoconfigure.security.SecurityProperties'
2025-03-26T10:26:22.980-04:00 DEBUG 1288556 --- [farmtrack-backend] [           main] o.s.b.f.s.DefaultListableBeanFactory     : Creating shared instance of singleton bean 'org.springframework.boot.autoconfigure.security.servlet.SecurityFilterAutoConfiguration'
2025-03-26T10:26:22.981-04:00 DEBUG 1288556 --- [farmtrack-backend] [           main] o.s.b.f.s.DefaultListableBeanFactory     : Creating shared instance of singleton bean 'securityFilterChainRegistration'
2025-03-26T10:26:22.981-04:00 DEBUG 1288556 --- [farmtrack-backend] [           main] o.s.b.f.s.DefaultListableBeanFactory     : Autowiring by type from bean name 'securityFilterChainRegistration' via factory method to bean named 'spring.security-org.springframework.boot.autoconfigure.security.SecurityProperties'
2025-03-26T10:26:22.985-04:00 DEBUG 1288556 --- [farmtrack-backend] [           main] o.s.b.f.s.DefaultListableBeanFactory     : Creating shared instance of singleton bean 'org.springframework.boot.autoconfigure.sql.init.SqlInitializationAutoConfiguration'
2025-03-26T10:26:22.986-04:00 DEBUG 1288556 --- [farmtrack-backend] [           main] o.s.b.f.s.DefaultListableBeanFactory     : Creating shared instance of singleton bean 'org.springframework.boot.autoconfigure.task.TaskSchedulingConfigurations$ThreadPoolTaskSchedulerBuilderConfiguration'
2025-03-26T10:26:22.986-04:00 DEBUG 1288556 --- [farmtrack-backend] [           main] o.s.b.f.s.DefaultListableBeanFactory     : Creating shared instance of singleton bean 'threadPoolTaskSchedulerBuilder'
2025-03-26T10:26:22.987-04:00 DEBUG 1288556 --- [farmtrack-backend] [           main] o.s.b.f.s.DefaultListableBeanFactory     : Creating shared instance of singleton bean 'spring.task.scheduling-org.springframework.boot.autoconfigure.task.TaskSchedulingProperties'
2025-03-26T10:26:22.988-04:00 DEBUG 1288556 --- [farmtrack-backend] [           main] o.s.b.f.s.DefaultListableBeanFactory     : Autowiring by type from bean name 'threadPoolTaskSchedulerBuilder' via factory method to bean named 'spring.task.scheduling-org.springframework.boot.autoconfigure.task.TaskSchedulingProperties'
2025-03-26T10:26:22.990-04:00 DEBUG 1288556 --- [farmtrack-backend] [           main] o.s.b.f.s.DefaultListableBeanFactory     : Creating shared instance of singleton bean 'org.springframework.boot.autoconfigure.task.TaskSchedulingConfigurations$SimpleAsyncTaskSchedulerBuilderConfiguration'
2025-03-26T10:26:22.991-04:00 DEBUG 1288556 --- [farmtrack-backend] [           main] o.s.b.f.s.DefaultListableBeanFactory     : Autowiring by type from bean name 'org.springframework.boot.autoconfigure.task.TaskSchedulingConfigurations$SimpleAsyncTaskSchedulerBuilderConfiguration' via constructor to bean named 'spring.task.scheduling-org.springframework.boot.autoconfigure.task.TaskSchedulingProperties'
2025-03-26T10:26:22.991-04:00 DEBUG 1288556 --- [farmtrack-backend] [           main] o.s.b.f.s.DefaultListableBeanFactory     : Creating shared instance of singleton bean 'simpleAsyncTaskSchedulerBuilder'
2025-03-26T10:26:22.994-04:00 DEBUG 1288556 --- [farmtrack-backend] [           main] o.s.b.f.s.DefaultListableBeanFactory     : Creating shared instance of singleton bean 'org.springframework.boot.autoconfigure.task.TaskSchedulingAutoConfiguration'
2025-03-26T10:26:22.994-04:00 DEBUG 1288556 --- [farmtrack-backend] [           main] o.s.b.f.s.DefaultListableBeanFactory     : Creating shared instance of singleton bean 'org.springframework.boot.autoconfigure.jdbc.DataSourceTransactionManagerAutoConfiguration$JdbcTransactionManagerConfiguration'
2025-03-26T10:26:22.995-04:00 DEBUG 1288556 --- [farmtrack-backend] [           main] o.s.b.f.s.DefaultListableBeanFactory     : Creating shared instance of singleton bean 'org.springframework.boot.autoconfigure.jdbc.DataSourceTransactionManagerAutoConfiguration'
2025-03-26T10:26:22.995-04:00 DEBUG 1288556 --- [farmtrack-backend] [           main] o.s.b.f.s.DefaultListableBeanFactory     : Creating shared instance of singleton bean 'org.springframework.boot.autoconfigure.transaction.TransactionAutoConfiguration$EnableTransactionManagementConfiguration$CglibAutoProxyConfiguration'
2025-03-26T10:26:22.995-04:00 DEBUG 1288556 --- [farmtrack-backend] [           main] o.s.b.f.s.DefaultListableBeanFactory     : Creating shared instance of singleton bean 'org.springframework.boot.autoconfigure.transaction.TransactionAutoConfiguration$EnableTransactionManagementConfiguration'
2025-03-26T10:26:22.996-04:00 DEBUG 1288556 --- [farmtrack-backend] [           main] o.s.b.f.s.DefaultListableBeanFactory     : Creating shared instance of singleton bean 'org.springframework.boot.autoconfigure.transaction.TransactionAutoConfiguration$TransactionTemplateConfiguration'
2025-03-26T10:26:22.996-04:00 DEBUG 1288556 --- [farmtrack-backend] [           main] o.s.b.f.s.DefaultListableBeanFactory     : Creating shared instance of singleton bean 'transactionTemplate'
2025-03-26T10:26:22.996-04:00 DEBUG 1288556 --- [farmtrack-backend] [           main] o.s.b.f.s.DefaultListableBeanFactory     : Autowiring by type from bean name 'transactionTemplate' via factory method to bean named 'transactionManager'
2025-03-26T10:26:22.998-04:00 DEBUG 1288556 --- [farmtrack-backend] [           main] o.s.b.f.s.DefaultListableBeanFactory     : Creating shared instance of singleton bean 'org.springframework.boot.autoconfigure.transaction.TransactionAutoConfiguration'
2025-03-26T10:26:22.999-04:00 DEBUG 1288556 --- [farmtrack-backend] [           main] o.s.b.f.s.DefaultListableBeanFactory     : Creating shared instance of singleton bean 'org.springframework.boot.autoconfigure.web.client.RestClientAutoConfiguration'
2025-03-26T10:26:22.999-04:00 DEBUG 1288556 --- [farmtrack-backend] [           main] o.s.b.f.s.DefaultListableBeanFactory     : Creating shared instance of singleton bean 'httpMessageConvertersRestClientCustomizer'
2025-03-26T10:26:23.000-04:00 DEBUG 1288556 --- [farmtrack-backend] [           main] o.s.b.f.s.DefaultListableBeanFactory     : Creating shared instance of singleton bean 'restClientSsl'
2025-03-26T10:26:23.001-04:00 DEBUG 1288556 --- [farmtrack-backend] [           main] o.s.b.f.s.DefaultListableBeanFactory     : Autowiring by type from bean name 'restClientSsl' via factory method to bean named 'sslBundleRegistry'
2025-03-26T10:26:23.002-04:00 DEBUG 1288556 --- [farmtrack-backend] [           main] o.s.b.f.s.DefaultListableBeanFactory     : Creating shared instance of singleton bean 'restClientBuilderConfigurer'
2025-03-26T10:26:23.004-04:00 DEBUG 1288556 --- [farmtrack-backend] [           main] o.s.b.f.s.DefaultListableBeanFactory     : Creating shared instance of singleton bean 'org.springframework.boot.autoconfigure.web.client.RestTemplateAutoConfiguration'
2025-03-26T10:26:23.004-04:00 DEBUG 1288556 --- [farmtrack-backend] [           main] o.s.b.f.s.DefaultListableBeanFactory     : Creating shared instance of singleton bean 'characterEncodingFilter'
2025-03-26T10:26:23.006-04:00 DEBUG 1288556 --- [farmtrack-backend] [           main] o.s.b.f.s.DefaultListableBeanFactory     : Creating shared instance of singleton bean 'multipartResolver'
2025-03-26T10:26:23.025-04:00 DEBUG 1288556 --- [farmtrack-backend] [           main] o.s.c.support.DefaultLifecycleProcessor  : Starting beans in phase -2147483647
2025-03-26T10:26:23.025-04:00 DEBUG 1288556 --- [farmtrack-backend] [           main] o.s.c.support.DefaultLifecycleProcessor  : Successfully started bean 'springBootLoggingLifecycle'
2025-03-26T10:26:23.025-04:00 DEBUG 1288556 --- [farmtrack-backend] [           main] o.s.c.support.DefaultLifecycleProcessor  : Starting beans in phase 1073741823
2025-03-26T10:26:23.044-04:00 DEBUG 1288556 --- [farmtrack-backend] [           main] .s.b.a.l.ConditionEvaluationReportLogger : 


============================
CONDITIONS EVALUATION REPORT
============================


Positive matches:
-----------------

   AopAutoConfiguration matched:
      - @ConditionalOnProperty (spring.aop.auto=true) matched (OnPropertyCondition)

   AopAutoConfiguration.AspectJAutoProxyingConfiguration matched:
      - @ConditionalOnClass found required class 'org.aspectj.weaver.Advice' (OnClassCondition)

   AopAutoConfiguration.AspectJAutoProxyingConfiguration.CglibAutoProxyConfiguration matched:
      - @ConditionalOnProperty (spring.aop.proxy-target-class=true) matched (OnPropertyCondition)

   ApplicationAvailabilityAutoConfiguration#applicationAvailability matched:
      - @ConditionalOnMissingBean (types: org.springframework.boot.availability.ApplicationAvailability; SearchStrategy: all) did not find any beans (OnBeanCondition)

   DataSourceAutoConfiguration matched:
      - @ConditionalOnClass found required classes 'javax.sql.DataSource', 'org.springframework.jdbc.datasource.embedded.EmbeddedDatabaseType' (OnClassCondition)
      - @ConditionalOnMissingBean (types: io.r2dbc.spi.ConnectionFactory; SearchStrategy: all) did not find any beans (OnBeanCondition)

   DataSourceAutoConfiguration.PooledDataSourceConfiguration matched:
      - AnyNestedCondition 1 matched 1 did not; NestedCondition on DataSourceAutoConfiguration.PooledDataSourceCondition.PooledDataSourceAvailable PooledDataSource found supported DataSource; NestedCondition on DataSourceAutoConfiguration.PooledDataSourceCondition.ExplicitType @ConditionalOnProperty (spring.datasource.type) did not find property 'type' (DataSourceAutoConfiguration.PooledDataSourceCondition)
      - @ConditionalOnMissingBean (types: javax.sql.DataSource,javax.sql.XADataSource; SearchStrategy: all) did not find any beans (OnBeanCondition)

   DataSourceAutoConfiguration.PooledDataSourceConfiguration#jdbcConnectionDetails matched:
      - @ConditionalOnMissingBean (types: org.springframework.boot.autoconfigure.jdbc.JdbcConnectionDetails; SearchStrategy: all) did not find any beans (OnBeanCondition)

   DataSourceConfiguration.Hikari matched:
      - @ConditionalOnClass found required class 'com.zaxxer.hikari.HikariDataSource' (OnClassCondition)
      - @ConditionalOnProperty (spring.datasource.type=com.zaxxer.hikari.HikariDataSource) matched (OnPropertyCondition)
      - @ConditionalOnMissingBean (types: javax.sql.DataSource; SearchStrategy: all) did not find any beans (OnBeanCondition)

   DataSourceInitializationConfiguration matched:
      - @ConditionalOnClass found required class 'org.springframework.jdbc.datasource.init.DatabasePopulator' (OnClassCondition)
      - @ConditionalOnSingleCandidate (types: javax.sql.DataSource; SearchStrategy: all) found a single bean 'dataSource'; @ConditionalOnMissingBean (types: org.springframework.boot.autoconfigure.sql.init.SqlDataSourceScriptDatabaseInitializer,org.springframework.boot.autoconfigure.sql.init.SqlR2dbcScriptDatabaseInitializer; SearchStrategy: all) did not find any beans (OnBeanCondition)

   DataSourcePoolMetadataProvidersConfiguration.HikariPoolDataSourceMetadataProviderConfiguration matched:
      - @ConditionalOnClass found required class 'com.zaxxer.hikari.HikariDataSource' (OnClassCondition)

   DataSourceTransactionManagerAutoConfiguration matched:
      - @ConditionalOnClass found required classes 'javax.sql.DataSource', 'org.springframework.jdbc.core.JdbcTemplate', 'org.springframework.transaction.TransactionManager' (OnClassCondition)

   DataSourceTransactionManagerAutoConfiguration.JdbcTransactionManagerConfiguration matched:
      - @ConditionalOnSingleCandidate (types: javax.sql.DataSource; SearchStrategy: all) found a single bean 'dataSource' (OnBeanCondition)

   DispatcherServletAutoConfiguration matched:
      - @ConditionalOnClass found required class 'org.springframework.web.servlet.DispatcherServlet' (OnClassCondition)
      - found 'session' scope (OnWebApplicationCondition)

   DispatcherServletAutoConfiguration.DispatcherServletConfiguration matched:
      - @ConditionalOnClass found required class 'jakarta.servlet.ServletRegistration' (OnClassCondition)
      - Default DispatcherServlet did not find dispatcher servlet beans (DispatcherServletAutoConfiguration.DefaultDispatcherServletCondition)

   DispatcherServletAutoConfiguration.DispatcherServletRegistrationConfiguration matched:
      - @ConditionalOnClass found required class 'jakarta.servlet.ServletRegistration' (OnClassCondition)
      - DispatcherServlet Registration did not find servlet registration bean (DispatcherServletAutoConfiguration.DispatcherServletRegistrationCondition)

   DispatcherServletAutoConfiguration.DispatcherServletRegistrationConfiguration#dispatcherServletRegistration matched:
      - @ConditionalOnBean (names: dispatcherServlet types: org.springframework.web.servlet.DispatcherServlet; SearchStrategy: all) found bean 'dispatcherServlet' (OnBeanCondition)

   ErrorMvcAutoConfiguration matched:
      - @ConditionalOnClass found required classes 'jakarta.servlet.Servlet', 'org.springframework.web.servlet.DispatcherServlet' (OnClassCondition)
      - found 'session' scope (OnWebApplicationCondition)

   ErrorMvcAutoConfiguration#basicErrorController matched:
      - @ConditionalOnMissingBean (types: org.springframework.boot.web.servlet.error.ErrorController; SearchStrategy: current) did not find any beans (OnBeanCondition)

   ErrorMvcAutoConfiguration#errorAttributes matched:
      - @ConditionalOnMissingBean (types: org.springframework.boot.web.servlet.error.ErrorAttributes; SearchStrategy: current) did not find any beans (OnBeanCondition)

   ErrorMvcAutoConfiguration.DefaultErrorViewResolverConfiguration#conventionErrorViewResolver matched:
      - @ConditionalOnBean (types: org.springframework.web.servlet.DispatcherServlet; SearchStrategy: all) found bean 'dispatcherServlet'; @ConditionalOnMissingBean (types: org.springframework.boot.autoconfigure.web.servlet.error.ErrorViewResolver; SearchStrategy: all) did not find any beans (OnBeanCondition)

   ErrorMvcAutoConfiguration.WhitelabelErrorViewConfiguration matched:
      - @ConditionalOnProperty (server.error.whitelabel.enabled) matched (OnPropertyCondition)
      - ErrorTemplate Missing did not find error template view (ErrorMvcAutoConfiguration.ErrorTemplateMissingCondition)

   ErrorMvcAutoConfiguration.WhitelabelErrorViewConfiguration#beanNameViewResolver matched:
      - @ConditionalOnMissingBean (types: org.springframework.web.servlet.view.BeanNameViewResolver; SearchStrategy: all) did not find any beans (OnBeanCondition)

   ErrorMvcAutoConfiguration.WhitelabelErrorViewConfiguration#defaultErrorView matched:
      - @ConditionalOnMissingBean (names: error; SearchStrategy: all) did not find any beans (OnBeanCondition)

   GenericCacheConfiguration matched:
      - Cache org.springframework.boot.autoconfigure.cache.GenericCacheConfiguration automatic cache type (CacheCondition)

   HibernateJpaAutoConfiguration matched:
      - @ConditionalOnClass found required classes 'org.springframework.orm.jpa.LocalContainerEntityManagerFactoryBean', 'jakarta.persistence.EntityManager', 'org.hibernate.engine.spi.SessionImplementor' (OnClassCondition)

   HibernateJpaConfiguration matched:
      - @ConditionalOnSingleCandidate (types: javax.sql.DataSource; SearchStrategy: all) found a single bean 'dataSource' (OnBeanCondition)

   HttpClientAutoConfiguration matched:
      - @ConditionalOnClass found required class 'org.springframework.http.client.ClientHttpRequestFactory' (OnClassCondition)
      - NoneNestedConditions 0 matched 1 did not; NestedCondition on NotReactiveWebApplicationCondition.ReactiveWebApplication did not find reactive web application classes (NotReactiveWebApplicationCondition)

   HttpClientAutoConfiguration#clientHttpRequestFactoryBuilder matched:
      - @ConditionalOnMissingBean (types: org.springframework.boot.http.client.ClientHttpRequestFactoryBuilder; SearchStrategy: all) did not find any beans (OnBeanCondition)

   HttpClientAutoConfiguration#clientHttpRequestFactorySettings matched:
      - @ConditionalOnMissingBean (types: org.springframework.boot.http.client.ClientHttpRequestFactorySettings; SearchStrategy: all) did not find any beans (OnBeanCondition)

   HttpEncodingAutoConfiguration matched:
      - @ConditionalOnClass found required class 'org.springframework.web.filter.CharacterEncodingFilter' (OnClassCondition)
      - found 'session' scope (OnWebApplicationCondition)
      - @ConditionalOnProperty (server.servlet.encoding.enabled) matched (OnPropertyCondition)

   HttpEncodingAutoConfiguration#characterEncodingFilter matched:
      - @ConditionalOnMissingBean (types: org.springframework.web.filter.CharacterEncodingFilter; SearchStrategy: all) did not find any beans (OnBeanCondition)

   HttpMessageConvertersAutoConfiguration matched:
      - @ConditionalOnClass found required class 'org.springframework.http.converter.HttpMessageConverter' (OnClassCondition)
      - NoneNestedConditions 0 matched 1 did not; NestedCondition on HttpMessageConvertersAutoConfiguration.NotReactiveWebApplicationCondition.ReactiveWebApplication did not find reactive web application classes (HttpMessageConvertersAutoConfiguration.NotReactiveWebApplicationCondition)

   HttpMessageConvertersAutoConfiguration#messageConverters matched:
      - @ConditionalOnMissingBean (types: org.springframework.boot.autoconfigure.http.HttpMessageConverters; SearchStrategy: all) did not find any beans (OnBeanCondition)

   HttpMessageConvertersAutoConfiguration.StringHttpMessageConverterConfiguration matched:
      - @ConditionalOnClass found required class 'org.springframework.http.converter.StringHttpMessageConverter' (OnClassCondition)

   HttpMessageConvertersAutoConfiguration.StringHttpMessageConverterConfiguration#stringHttpMessageConverter matched:
      - @ConditionalOnMissingBean (types: org.springframework.http.converter.StringHttpMessageConverter; SearchStrategy: all) did not find any beans (OnBeanCondition)

   JacksonAutoConfiguration matched:
      - @ConditionalOnClass found required class 'com.fasterxml.jackson.databind.ObjectMapper' (OnClassCondition)

   JacksonAutoConfiguration.Jackson2ObjectMapperBuilderCustomizerConfiguration matched:
      - @ConditionalOnClass found required class 'org.springframework.http.converter.json.Jackson2ObjectMapperBuilder' (OnClassCondition)

   JacksonAutoConfiguration.JacksonObjectMapperBuilderConfiguration matched:
      - @ConditionalOnClass found required class 'org.springframework.http.converter.json.Jackson2ObjectMapperBuilder' (OnClassCondition)

   JacksonAutoConfiguration.JacksonObjectMapperBuilderConfiguration#jacksonObjectMapperBuilder matched:
      - @ConditionalOnMissingBean (types: org.springframework.http.converter.json.Jackson2ObjectMapperBuilder; SearchStrategy: all) did not find any beans (OnBeanCondition)

   JacksonAutoConfiguration.JacksonObjectMapperConfiguration matched:
      - @ConditionalOnClass found required class 'org.springframework.http.converter.json.Jackson2ObjectMapperBuilder' (OnClassCondition)

   JacksonAutoConfiguration.JacksonObjectMapperConfiguration#jacksonObjectMapper matched:
      - @ConditionalOnMissingBean (types: com.fasterxml.jackson.databind.ObjectMapper; SearchStrategy: all) did not find any beans (OnBeanCondition)

   JacksonAutoConfiguration.ParameterNamesModuleConfiguration matched:
      - @ConditionalOnClass found required class 'com.fasterxml.jackson.module.paramnames.ParameterNamesModule' (OnClassCondition)

   JacksonAutoConfiguration.ParameterNamesModuleConfiguration#parameterNamesModule matched:
      - @ConditionalOnMissingBean (types: com.fasterxml.jackson.module.paramnames.ParameterNamesModule; SearchStrategy: all) did not find any beans (OnBeanCondition)

   JacksonHttpMessageConvertersConfiguration.MappingJackson2HttpMessageConverterConfiguration matched:
      - @ConditionalOnClass found required class 'com.fasterxml.jackson.databind.ObjectMapper' (OnClassCondition)
      - @ConditionalOnProperty (spring.mvc.converters.preferred-json-mapper=jackson) matched (OnPropertyCondition)
      - @ConditionalOnBean (types: com.fasterxml.jackson.databind.ObjectMapper; SearchStrategy: all) found bean 'jacksonObjectMapper' (OnBeanCondition)

   JacksonHttpMessageConvertersConfiguration.MappingJackson2HttpMessageConverterConfiguration#mappingJackson2HttpMessageConverter matched:
      - @ConditionalOnMissingBean (types: org.springframework.http.converter.json.MappingJackson2HttpMessageConverter ignored: org.springframework.hateoas.server.mvc.TypeConstrainedMappingJackson2HttpMessageConverter,org.springframework.data.rest.webmvc.alps.AlpsJsonHttpMessageConverter; SearchStrategy: all) did not find any beans (OnBeanCondition)

   JdbcClientAutoConfiguration matched:
      - @ConditionalOnSingleCandidate (types: org.springframework.jdbc.core.namedparam.NamedParameterJdbcTemplate; SearchStrategy: all) found a single bean 'namedParameterJdbcTemplate'; @ConditionalOnMissingBean (types: org.springframework.jdbc.core.simple.JdbcClient; SearchStrategy: all) did not find any beans (OnBeanCondition)

   JdbcTemplateAutoConfiguration matched:
      - @ConditionalOnClass found required classes 'javax.sql.DataSource', 'org.springframework.jdbc.core.JdbcTemplate' (OnClassCondition)
      - @ConditionalOnSingleCandidate (types: javax.sql.DataSource; SearchStrategy: all) found a single bean 'dataSource' (OnBeanCondition)

   JdbcTemplateConfiguration matched:
      - @ConditionalOnMissingBean (types: org.springframework.jdbc.core.JdbcOperations; SearchStrategy: all) did not find any beans (OnBeanCondition)

   JpaBaseConfiguration#entityManagerFactory matched:
      - @ConditionalOnMissingBean (types: org.springframework.orm.jpa.LocalContainerEntityManagerFactoryBean,jakarta.persistence.EntityManagerFactory; SearchStrategy: all) did not find any beans (OnBeanCondition)

   JpaBaseConfiguration#entityManagerFactoryBuilder matched:
      - @ConditionalOnMissingBean (types: org.springframework.boot.orm.jpa.EntityManagerFactoryBuilder; SearchStrategy: all) did not find any beans (OnBeanCondition)

   JpaBaseConfiguration#jpaVendorAdapter matched:
      - @ConditionalOnMissingBean (types: org.springframework.orm.jpa.JpaVendorAdapter; SearchStrategy: all) did not find any beans (OnBeanCondition)

   JpaBaseConfiguration#transactionManager matched:
      - @ConditionalOnMissingBean (types: org.springframework.transaction.TransactionManager; SearchStrategy: all) did not find any beans (OnBeanCondition)

   JpaBaseConfiguration.JpaWebConfiguration matched:
      - @ConditionalOnClass found required class 'org.springframework.web.servlet.config.annotation.WebMvcConfigurer' (OnClassCondition)
      - found 'session' scope (OnWebApplicationCondition)
      - @ConditionalOnProperty (spring.jpa.open-in-view=true) matched (OnPropertyCondition)
      - @ConditionalOnMissingBean (types: org.springframework.orm.jpa.support.OpenEntityManagerInViewInterceptor,org.springframework.orm.jpa.support.OpenEntityManagerInViewFilter; SearchStrategy: all) did not find any beans (OnBeanCondition)

   JpaBaseConfiguration.PersistenceManagedTypesConfiguration matched:
      - @ConditionalOnMissingBean (types: org.springframework.orm.jpa.LocalContainerEntityManagerFactoryBean,jakarta.persistence.EntityManagerFactory; SearchStrategy: all) did not find any beans (OnBeanCondition)

   JpaBaseConfiguration.PersistenceManagedTypesConfiguration#persistenceManagedTypes matched:
      - @ConditionalOnMissingBean (types: org.springframework.orm.jpa.persistenceunit.PersistenceManagedTypes; SearchStrategy: all) did not find any beans (OnBeanCondition)

   JtaAutoConfiguration matched:
      - @ConditionalOnClass found required class 'jakarta.transaction.Transaction' (OnClassCondition)
      - @ConditionalOnProperty (spring.jta.enabled) matched (OnPropertyCondition)

   LifecycleAutoConfiguration#defaultLifecycleProcessor matched:
      - @ConditionalOnMissingBean (names: lifecycleProcessor; SearchStrategy: current) did not find any beans (OnBeanCondition)

   MultipartAutoConfiguration matched:
      - @ConditionalOnClass found required classes 'jakarta.servlet.Servlet', 'org.springframework.web.multipart.support.StandardServletMultipartResolver', 'jakarta.servlet.MultipartConfigElement' (OnClassCondition)
      - found 'session' scope (OnWebApplicationCondition)
      - @ConditionalOnProperty (spring.servlet.multipart.enabled) matched (OnPropertyCondition)

   MultipartAutoConfiguration#multipartConfigElement matched:
      - @ConditionalOnMissingBean (types: jakarta.servlet.MultipartConfigElement; SearchStrategy: all) did not find any beans (OnBeanCondition)

   MultipartAutoConfiguration#multipartResolver matched:
      - @ConditionalOnMissingBean (types: org.springframework.web.multipart.MultipartResolver; SearchStrategy: all) did not find any beans (OnBeanCondition)

   NamedParameterJdbcTemplateConfiguration matched:
      - @ConditionalOnSingleCandidate (types: org.springframework.jdbc.core.JdbcTemplate; SearchStrategy: all) found a single bean 'jdbcTemplate'; @ConditionalOnMissingBean (types: org.springframework.jdbc.core.namedparam.NamedParameterJdbcOperations; SearchStrategy: all) did not find any beans (OnBeanCondition)

   NoOpCacheConfiguration matched:
      - Cache org.springframework.boot.autoconfigure.cache.NoOpCacheConfiguration automatic cache type (CacheCondition)

   PersistenceExceptionTranslationAutoConfiguration matched:
      - @ConditionalOnClass found required class 'org.springframework.dao.annotation.PersistenceExceptionTranslationPostProcessor' (OnClassCondition)

   PersistenceExceptionTranslationAutoConfiguration#persistenceExceptionTranslationPostProcessor matched:
      - @ConditionalOnProperty (spring.dao.exceptiontranslation.enabled) matched (OnPropertyCondition)
      - @ConditionalOnMissingBean (types: org.springframework.dao.annotation.PersistenceExceptionTranslationPostProcessor; SearchStrategy: all) did not find any beans (OnBeanCondition)

   PropertyPlaceholderAutoConfiguration#propertySourcesPlaceholderConfigurer matched:
      - @ConditionalOnMissingBean (types: org.springframework.context.support.PropertySourcesPlaceholderConfigurer; SearchStrategy: current) did not find any beans (OnBeanCondition)

   RestClientAutoConfiguration matched:
      - @ConditionalOnClass found required class 'org.springframework.web.client.RestClient' (OnClassCondition)
      - NoneNestedConditions 0 matched 1 did not; NestedCondition on NotReactiveWebApplicationCondition.ReactiveWebApplication did not find reactive web application classes (NotReactiveWebApplicationCondition)

   RestClientAutoConfiguration#httpMessageConvertersRestClientCustomizer matched:
      - @ConditionalOnMissingBean (types: org.springframework.boot.autoconfigure.web.client.HttpMessageConvertersRestClientCustomizer; SearchStrategy: all) did not find any beans (OnBeanCondition)

   RestClientAutoConfiguration#restClientBuilder matched:
      - @ConditionalOnMissingBean (types: org.springframework.web.client.RestClient$Builder; SearchStrategy: all) did not find any beans (OnBeanCondition)

   RestClientAutoConfiguration#restClientBuilderConfigurer matched:
      - @ConditionalOnMissingBean (types: org.springframework.boot.autoconfigure.web.client.RestClientBuilderConfigurer; SearchStrategy: all) did not find any beans (OnBeanCondition)

   RestClientAutoConfiguration#restClientSsl matched:
      - @ConditionalOnBean (types: org.springframework.boot.ssl.SslBundles; SearchStrategy: all) found bean 'sslBundleRegistry'; @ConditionalOnMissingBean (types: org.springframework.boot.autoconfigure.web.client.RestClientSsl; SearchStrategy: all) did not find any beans (OnBeanCondition)

   RestTemplateAutoConfiguration matched:
      - @ConditionalOnClass found required class 'org.springframework.web.client.RestTemplate' (OnClassCondition)
      - NoneNestedConditions 0 matched 1 did not; NestedCondition on NotReactiveWebApplicationCondition.ReactiveWebApplication did not find reactive web application classes (NotReactiveWebApplicationCondition)

   RestTemplateAutoConfiguration#restTemplateBuilder matched:
      - @ConditionalOnMissingBean (types: org.springframework.boot.web.client.RestTemplateBuilder; SearchStrategy: all) did not find any beans (OnBeanCondition)

   SecurityAutoConfiguration matched:
      - @ConditionalOnClass found required class 'org.springframework.security.authentication.DefaultAuthenticationEventPublisher' (OnClassCondition)

   SecurityAutoConfiguration#authenticationEventPublisher matched:
      - @ConditionalOnMissingBean (types: org.springframework.security.authentication.AuthenticationEventPublisher; SearchStrategy: all) did not find any beans (OnBeanCondition)

   SecurityFilterAutoConfiguration matched:
      - @ConditionalOnClass found required classes 'org.springframework.security.web.context.AbstractSecurityWebApplicationInitializer', 'org.springframework.security.config.http.SessionCreationPolicy' (OnClassCondition)
      - found 'session' scope (OnWebApplicationCondition)

   SecurityFilterAutoConfiguration#securityFilterChainRegistration matched:
      - @ConditionalOnBean (names: springSecurityFilterChain; SearchStrategy: all) found bean 'springSecurityFilterChain' (OnBeanCondition)

   ServletWebServerFactoryAutoConfiguration matched:
      - @ConditionalOnClass found required class 'jakarta.servlet.ServletRequest' (OnClassCondition)
      - found 'session' scope (OnWebApplicationCondition)

   ServletWebServerFactoryAutoConfiguration#tomcatServletWebServerFactoryCustomizer matched:
      - @ConditionalOnClass found required class 'org.apache.catalina.startup.Tomcat' (OnClassCondition)

   ServletWebServerFactoryConfiguration.EmbeddedTomcat matched:
      - @ConditionalOnClass found required classes 'jakarta.servlet.Servlet', 'org.apache.catalina.startup.Tomcat', 'org.apache.coyote.UpgradeProtocol' (OnClassCondition)
      - @ConditionalOnMissingBean (types: org.springframework.boot.web.servlet.server.ServletWebServerFactory; SearchStrategy: current) did not find any beans (OnBeanCondition)

   SimpleCacheConfiguration matched:
      - Cache org.springframework.boot.autoconfigure.cache.SimpleCacheConfiguration automatic cache type (CacheCondition)

   SpringBootWebSecurityConfiguration matched:
      - found 'session' scope (OnWebApplicationCondition)

   SpringDataWebAutoConfiguration matched:
      - @ConditionalOnClass found required classes 'org.springframework.data.web.PageableHandlerMethodArgumentResolver', 'org.springframework.web.servlet.config.annotation.WebMvcConfigurer' (OnClassCondition)
      - found 'session' scope (OnWebApplicationCondition)
      - @ConditionalOnMissingBean (types: org.springframework.data.web.PageableHandlerMethodArgumentResolver; SearchStrategy: all) did not find any beans (OnBeanCondition)

   SpringDataWebAutoConfiguration#pageableCustomizer matched:
      - @ConditionalOnMissingBean (types: org.springframework.data.web.config.PageableHandlerMethodArgumentResolverCustomizer; SearchStrategy: all) did not find any beans (OnBeanCondition)

   SpringDataWebAutoConfiguration#sortCustomizer matched:
      - @ConditionalOnMissingBean (types: org.springframework.data.web.config.SortHandlerMethodArgumentResolverCustomizer; SearchStrategy: all) did not find any beans (OnBeanCondition)

   SpringDataWebAutoConfiguration#springDataWebSettings matched:
      - @ConditionalOnMissingBean (types: org.springframework.data.web.config.SpringDataWebSettings; SearchStrategy: all) did not find any beans (OnBeanCondition)

   SpringDocConfigProperties matched:
      - @ConditionalOnProperty (springdoc.api-docs.enabled) matched (OnPropertyCondition)
      - @ConditionalOnBean (types: org.springdoc.core.configuration.SpringDocConfiguration; SearchStrategy: all) found bean 'org.springdoc.core.configuration.SpringDocConfiguration' (OnBeanCondition)

   SpringDocConfiguration matched:
      - @ConditionalOnWebApplication (required) found 'session' scope (OnWebApplicationCondition)
      - @ConditionalOnProperty (springdoc.api-docs.enabled) matched (OnPropertyCondition)

   SpringDocConfiguration#fileSupportConverter matched:
      - @ConditionalOnMissingBean (types: org.springdoc.core.converters.FileSupportConverter; SearchStrategy: all) did not find any beans (OnBeanCondition)

   SpringDocConfiguration#openAPIBuilder matched:
      - @ConditionalOnMissingBean (types: org.springdoc.core.service.OpenAPIService; SearchStrategy: all) did not find any beans (OnBeanCondition)

   SpringDocConfiguration#operationBuilder matched:
      - @ConditionalOnMissingBean (types: org.springdoc.core.service.OperationService; SearchStrategy: all) did not find any beans (OnBeanCondition)

   SpringDocConfiguration#parameterBuilder matched:
      - @ConditionalOnMissingBean (types: org.springdoc.core.service.GenericParameterService; SearchStrategy: all) did not find any beans (OnBeanCondition)

   SpringDocConfiguration#polymorphicModelConverter matched:
      - @ConditionalOnProperty (springdoc.model-converters.polymorphic-converter.enabled) matched (OnPropertyCondition)
      - @ConditionalOnMissingBean (types: org.springdoc.core.converters.PolymorphicModelConverter; SearchStrategy: all) did not find any beans (OnBeanCondition)

   SpringDocConfiguration#requestBodyBuilder matched:
      - @ConditionalOnMissingBean (types: org.springdoc.core.service.RequestBodyService; SearchStrategy: all) did not find any beans (OnBeanCondition)

   SpringDocConfiguration#responseSupportConverter matched:
      - @ConditionalOnMissingBean (types: org.springdoc.core.converters.ResponseSupportConverter; SearchStrategy: all) did not find any beans (OnBeanCondition)

   SpringDocConfiguration#schemaPropertyDeprecatingConverter matched:
      - @ConditionalOnProperty (springdoc.model-converters.deprecating-converter.enabled) matched (OnPropertyCondition)
      - @ConditionalOnMissingBean (types: org.springdoc.core.converters.SchemaPropertyDeprecatingConverter; SearchStrategy: all) did not find any beans (OnBeanCondition)

   SpringDocConfiguration#securityParser matched:
      - @ConditionalOnMissingBean (types: org.springdoc.core.service.SecurityService; SearchStrategy: all) did not find any beans (OnBeanCondition)

   SpringDocConfiguration#springDocCustomizers matched:
      - @ConditionalOnMissingBean (types: org.springdoc.core.customizers.SpringDocCustomizers; SearchStrategy: all) did not find any beans (OnBeanCondition)

   SpringDocConfiguration#springDocProviders matched:
      - @ConditionalOnMissingBean (types: org.springdoc.core.providers.SpringDocProviders; SearchStrategy: all) did not find any beans (OnBeanCondition)

   SpringDocConfiguration#springdocObjectMapperProvider matched:
      - @ConditionalOnMissingBean (types: org.springdoc.core.providers.ObjectMapperProvider; SearchStrategy: all) did not find any beans (OnBeanCondition)

   SpringDocConfiguration.QuerydslProvider matched:
      - @ConditionalOnClass found required class 'org.springframework.data.querydsl.binding.QuerydslBindingsFactory' (OnClassCondition)

   SpringDocConfiguration.QuerydslProvider#queryDslQuerydslPredicateOperationCustomizer matched:
      - @ConditionalOnMissingBean (types: org.springdoc.core.customizers.QuerydslPredicateOperationCustomizer; SearchStrategy: all) did not find any beans (OnBeanCondition)

   SpringDocConfiguration.SpringDocSpringDataWebPropertiesProvider matched:
      - @ConditionalOnClass found required class 'org.springframework.boot.autoconfigure.data.web.SpringDataWebProperties' (OnClassCondition)

   SpringDocConfiguration.SpringDocSpringDataWebPropertiesProvider#springDataWebPropertiesProvider matched:
      - @ConditionalOnMissingBean (types: org.springdoc.core.providers.SpringDataWebPropertiesProvider; SearchStrategy: all) did not find any beans (OnBeanCondition)

   SpringDocConfiguration.WebConversionServiceConfiguration matched:
      - @ConditionalOnClass found required class 'org.springframework.boot.autoconfigure.web.format.WebConversionService' (OnClassCondition)

   SpringDocPageableConfiguration matched:
      - @ConditionalOnClass found required class 'org.springframework.data.domain.Pageable' (OnClassCondition)
      - @ConditionalOnWebApplication (required) found 'session' scope (OnWebApplicationCondition)
      - @ConditionalOnProperty (springdoc.api-docs.enabled) matched (OnPropertyCondition)
      - @ConditionalOnBean (types: org.springdoc.core.configuration.SpringDocConfiguration; SearchStrategy: all) found bean 'org.springdoc.core.configuration.SpringDocConfiguration' (OnBeanCondition)

   SpringDocPageableConfiguration#delegatingMethodParameterCustomizer matched:
      - @ConditionalOnMissingBean (types: org.springdoc.core.customizers.DelegatingMethodParameterCustomizer; SearchStrategy: all) did not find any beans (OnBeanCondition)

   SpringDocPageableConfiguration#pageableOpenAPIConverter matched:
      - @ConditionalOnProperty (springdoc.model-converters.pageable-converter.enabled) matched (OnPropertyCondition)
      - @ConditionalOnMissingBean (types: org.springdoc.core.converters.PageableOpenAPIConverter; SearchStrategy: all) did not find any beans (OnBeanCondition)

   SpringDocSecurityConfiguration matched:
      - @ConditionalOnClass found required class 'org.springframework.security.web.SecurityFilterChain' (OnClassCondition)
      - @ConditionalOnWebApplication (required) found 'session' scope (OnWebApplicationCondition)
      - @ConditionalOnExpression (#{${springdoc.api-docs.enabled:true} and ${springdoc.enable-spring-security:true}}) resulted in true (OnExpressionCondition)
      - @ConditionalOnBean (types: org.springdoc.core.configuration.SpringDocConfiguration; SearchStrategy: all) found bean 'org.springdoc.core.configuration.SpringDocConfiguration' (OnBeanCondition)

   SpringDocSecurityConfiguration.SpringSecurityLoginEndpointConfiguration matched:
      - @ConditionalOnClass found required class 'jakarta.servlet.Filter' (OnClassCondition)

   SpringDocSortConfiguration matched:
      - @ConditionalOnClass found required class 'org.springframework.data.domain.Sort' (OnClassCondition)
      - @ConditionalOnWebApplication (required) found 'session' scope (OnWebApplicationCondition)
      - @ConditionalOnProperty (springdoc.api-docs.enabled) matched (OnPropertyCondition)
      - @ConditionalOnBean (types: org.springdoc.core.configuration.SpringDocConfiguration; SearchStrategy: all) found bean 'org.springdoc.core.configuration.SpringDocConfiguration' (OnBeanCondition)

   SpringDocSortConfiguration#sortOpenAPIConverter matched:
      - @ConditionalOnProperty (springdoc.model-converters.sort-converter.enabled) matched (OnPropertyCondition)
      - @ConditionalOnMissingBean (types: org.springdoc.core.converters.SortOpenAPIConverter; SearchStrategy: all) did not find any beans (OnBeanCondition)

   SpringDocUIConfiguration matched:
      - @ConditionalOnWebApplication (required) found 'session' scope (OnWebApplicationCondition)
      - @ConditionalOnBean (types: org.springdoc.core.configuration.SpringDocConfiguration; SearchStrategy: all) found bean 'org.springdoc.core.configuration.SpringDocConfiguration' (OnBeanCondition)

   SpringDocWebMvcConfiguration matched:
      - found 'session' scope (OnWebApplicationCondition)
      - @ConditionalOnProperty (springdoc.api-docs.enabled) matched (OnPropertyCondition)
      - @ConditionalOnBean (types: org.springdoc.core.configuration.SpringDocConfiguration; SearchStrategy: all) found bean 'org.springdoc.core.configuration.SpringDocConfiguration' (OnBeanCondition)

   SpringDocWebMvcConfiguration#openApiResource matched:
      - @ConditionalOnProperty (springdoc.use-management-port=false) matched (OnPropertyCondition)
      - @ConditionalOnMissingBean (types: org.springdoc.webmvc.api.OpenApiWebMvcResource; SearchStrategy: all) did not find any beans (OnBeanCondition)

   SpringDocWebMvcConfiguration#requestBuilder matched:
      - @ConditionalOnMissingBean (types: org.springdoc.webmvc.core.service.RequestService; SearchStrategy: all) did not find any beans (OnBeanCondition)

   SpringDocWebMvcConfiguration#responseBuilder matched:
      - @ConditionalOnMissingBean (types: org.springdoc.core.service.GenericResponseService; SearchStrategy: all) did not find any beans (OnBeanCondition)

   SpringDocWebMvcConfiguration#springWebProvider matched:
      - @ConditionalOnMissingBean (types: org.springdoc.core.providers.SpringWebProvider; SearchStrategy: all) did not find any beans (OnBeanCondition)

   SpringDocWebMvcConfiguration.SpringDocWebMvcRouterConfiguration matched:
      - @ConditionalOnClass found required class 'org.springframework.web.servlet.function.RouterFunction' (OnClassCondition)

   SpringDocWebMvcConfiguration.SpringDocWebMvcRouterConfiguration#routerFunctionProvider matched:
      - @ConditionalOnMissingBean (types: org.springdoc.webmvc.core.providers.RouterFunctionWebMvcProvider; SearchStrategy: all) did not find any beans (OnBeanCondition)

   SqlInitializationAutoConfiguration matched:
      - @ConditionalOnProperty (spring.sql.init.enabled) matched (OnPropertyCondition)
      - NoneNestedConditions 0 matched 1 did not; NestedCondition on SqlInitializationAutoConfiguration.SqlInitializationModeCondition.ModeIsNever @ConditionalOnProperty (spring.sql.init.mode=never) did not find property 'mode' (SqlInitializationAutoConfiguration.SqlInitializationModeCondition)

   SslAutoConfiguration#sslBundleRegistry matched:
      - @ConditionalOnMissingBean (types: org.springframework.boot.ssl.SslBundleRegistry,org.springframework.boot.ssl.SslBundles; SearchStrategy: all) did not find any beans (OnBeanCondition)

   SwaggerConfig matched:
      - found 'session' scope (OnWebApplicationCondition)
      - @ConditionalOnProperty (springdoc.swagger-ui.enabled) matched (OnPropertyCondition)
      - @ConditionalOnBean (types: org.springdoc.core.configuration.SpringDocConfiguration; SearchStrategy: all) found bean 'org.springdoc.core.configuration.SpringDocConfiguration' (OnBeanCondition)

   SwaggerConfig#indexPageTransformer matched:
      - @ConditionalOnMissingBean (types: org.springdoc.webmvc.ui.SwaggerIndexTransformer; SearchStrategy: all) did not find any beans (OnBeanCondition)

   SwaggerConfig#swaggerConfigResource matched:
      - @ConditionalOnProperty (springdoc.use-management-port=false) matched (OnPropertyCondition)
      - @ConditionalOnMissingBean (types: org.springdoc.webmvc.ui.SwaggerConfigResource; SearchStrategy: all) did not find any beans (OnBeanCondition)

   SwaggerConfig#swaggerResourceResolver matched:
      - @ConditionalOnMissingBean (types: org.springdoc.webmvc.ui.SwaggerResourceResolver; SearchStrategy: all) did not find any beans (OnBeanCondition)

   SwaggerConfig#swaggerWebMvcConfigurer matched:
      - @ConditionalOnMissingBean (types: org.springdoc.webmvc.ui.SwaggerWebMvcConfigurer; SearchStrategy: all) did not find any beans (OnBeanCondition)

   SwaggerConfig#swaggerWelcome matched:
      - @ConditionalOnProperty (springdoc.use-management-port=false) matched (OnPropertyCondition)
      - @ConditionalOnMissingBean (types: org.springdoc.webmvc.ui.SwaggerWelcomeWebMvc; SearchStrategy: all) did not find any beans (OnBeanCondition)

   SwaggerUiConfigParameters matched:
      - @ConditionalOnProperty (springdoc.swagger-ui.enabled) matched (OnPropertyCondition)
      - @ConditionalOnBean (types: org.springdoc.core.configuration.SpringDocConfiguration; SearchStrategy: all) found bean 'org.springdoc.core.configuration.SpringDocConfiguration' (OnBeanCondition)

   SwaggerUiConfigProperties matched:
      - @ConditionalOnProperty (springdoc.swagger-ui.enabled) matched (OnPropertyCondition)
      - @ConditionalOnBean (types: org.springdoc.core.configuration.SpringDocConfiguration; SearchStrategy: all) found bean 'org.springdoc.core.configuration.SpringDocConfiguration' (OnBeanCondition)

   SwaggerUiOAuthProperties matched:
      - @ConditionalOnProperty (springdoc.swagger-ui.enabled) matched (OnPropertyCondition)
      - @ConditionalOnBean (types: org.springdoc.core.configuration.SpringDocConfiguration; SearchStrategy: all) found bean 'org.springdoc.core.configuration.SpringDocConfiguration' (OnBeanCondition)

   TaskExecutionAutoConfiguration matched:
      - @ConditionalOnClass found required class 'org.springframework.scheduling.concurrent.ThreadPoolTaskExecutor' (OnClassCondition)

   TaskExecutorConfigurations.SimpleAsyncTaskExecutorBuilderConfiguration#simpleAsyncTaskExecutorBuilder matched:
      - @ConditionalOnMissingBean (types: org.springframework.boot.task.SimpleAsyncTaskExecutorBuilder; SearchStrategy: all) did not find any beans (OnBeanCondition)
      - @ConditionalOnThreading found PLATFORM (OnThreadingCondition)

   TaskExecutorConfigurations.TaskExecutorConfiguration matched:
      - @ConditionalOnMissingBean (types: java.util.concurrent.Executor; SearchStrategy: all) did not find any beans (OnBeanCondition)

   TaskExecutorConfigurations.TaskExecutorConfiguration#applicationTaskExecutor matched:
      - @ConditionalOnThreading found PLATFORM (OnThreadingCondition)

   TaskExecutorConfigurations.ThreadPoolTaskExecutorBuilderConfiguration#threadPoolTaskExecutorBuilder matched:
      - @ConditionalOnMissingBean (types: org.springframework.boot.task.ThreadPoolTaskExecutorBuilder; SearchStrategy: all) did not find any beans (OnBeanCondition)

   TaskSchedulingAutoConfiguration matched:
      - @ConditionalOnClass found required class 'org.springframework.scheduling.concurrent.ThreadPoolTaskScheduler' (OnClassCondition)

   TaskSchedulingConfigurations.SimpleAsyncTaskSchedulerBuilderConfiguration#simpleAsyncTaskSchedulerBuilder matched:
      - @ConditionalOnMissingBean (types: org.springframework.boot.task.SimpleAsyncTaskSchedulerBuilder; SearchStrategy: all) did not find any beans (OnBeanCondition)
      - @ConditionalOnThreading found PLATFORM (OnThreadingCondition)

   TaskSchedulingConfigurations.ThreadPoolTaskSchedulerBuilderConfiguration#threadPoolTaskSchedulerBuilder matched:
      - @ConditionalOnMissingBean (types: org.springframework.boot.task.ThreadPoolTaskSchedulerBuilder; SearchStrategy: all) did not find any beans (OnBeanCondition)

   TransactionAutoConfiguration matched:
      - @ConditionalOnClass found required class 'org.springframework.transaction.PlatformTransactionManager' (OnClassCondition)

   TransactionAutoConfiguration.EnableTransactionManagementConfiguration matched:
      - @ConditionalOnBean (types: org.springframework.transaction.TransactionManager; SearchStrategy: all) found bean 'transactionManager'; @ConditionalOnMissingBean (types: org.springframework.transaction.annotation.AbstractTransactionManagementConfiguration; SearchStrategy: all) did not find any beans (OnBeanCondition)

   TransactionAutoConfiguration.EnableTransactionManagementConfiguration.CglibAutoProxyConfiguration matched:
      - @ConditionalOnProperty (spring.aop.proxy-target-class=true) matched (OnPropertyCondition)

   TransactionAutoConfiguration.TransactionTemplateConfiguration matched:
      - @ConditionalOnSingleCandidate (types: org.springframework.transaction.PlatformTransactionManager; SearchStrategy: all) found a single bean 'transactionManager' (OnBeanCondition)

   TransactionAutoConfiguration.TransactionTemplateConfiguration#transactionTemplate matched:
      - @ConditionalOnMissingBean (types: org.springframework.transaction.support.TransactionOperations; SearchStrategy: all) did not find any beans (OnBeanCondition)

   TransactionManagerCustomizationAutoConfiguration matched:
      - @ConditionalOnClass found required class 'org.springframework.transaction.PlatformTransactionManager' (OnClassCondition)

   TransactionManagerCustomizationAutoConfiguration#platformTransactionManagerCustomizers matched:
      - @ConditionalOnMissingBean (types: org.springframework.boot.autoconfigure.transaction.TransactionManagerCustomizers; SearchStrategy: all) did not find any beans (OnBeanCondition)

   ValidationAutoConfiguration matched:
      - @ConditionalOnClass found required class 'jakarta.validation.executable.ExecutableValidator' (OnClassCondition)
      - @ConditionalOnResource found location classpath:META-INF/services/jakarta.validation.spi.ValidationProvider (OnResourceCondition)

   ValidationAutoConfiguration#defaultValidator matched:
      - @ConditionalOnMissingBean (types: jakarta.validation.Validator; SearchStrategy: all) did not find any beans (OnBeanCondition)

   ValidationAutoConfiguration#methodValidationPostProcessor matched:
      - @ConditionalOnMissingBean (types: org.springframework.validation.beanvalidation.MethodValidationPostProcessor; SearchStrategy: current) did not find any beans (OnBeanCondition)

   WebMvcAutoConfiguration matched:
      - @ConditionalOnClass found required classes 'jakarta.servlet.Servlet', 'org.springframework.web.servlet.DispatcherServlet', 'org.springframework.web.servlet.config.annotation.WebMvcConfigurer' (OnClassCondition)
      - found 'session' scope (OnWebApplicationCondition)
      - @ConditionalOnMissingBean (types: org.springframework.web.servlet.config.annotation.WebMvcConfigurationSupport; SearchStrategy: all) did not find any beans (OnBeanCondition)

   WebMvcAutoConfiguration#formContentFilter matched:
      - @ConditionalOnProperty (spring.mvc.formcontent.filter.enabled) matched (OnPropertyCondition)
      - @ConditionalOnMissingBean (types: org.springframework.web.filter.FormContentFilter; SearchStrategy: all) did not find any beans (OnBeanCondition)

   WebMvcAutoConfiguration.EnableWebMvcConfiguration#flashMapManager matched:
      - @ConditionalOnMissingBean (names: flashMapManager; SearchStrategy: all) did not find any beans (OnBeanCondition)

   WebMvcAutoConfiguration.EnableWebMvcConfiguration#localeResolver matched:
      - @ConditionalOnMissingBean (names: localeResolver; SearchStrategy: all) did not find any beans (OnBeanCondition)

   WebMvcAutoConfiguration.EnableWebMvcConfiguration#themeResolver matched:
      - @ConditionalOnMissingBean (names: themeResolver; SearchStrategy: all) did not find any beans (OnBeanCondition)

   WebMvcAutoConfiguration.EnableWebMvcConfiguration#viewNameTranslator matched:
      - @ConditionalOnMissingBean (names: viewNameTranslator; SearchStrategy: all) did not find any beans (OnBeanCondition)

   WebMvcAutoConfiguration.WebMvcAutoConfigurationAdapter#defaultViewResolver matched:
      - @ConditionalOnMissingBean (types: org.springframework.web.servlet.view.InternalResourceViewResolver; SearchStrategy: all) did not find any beans (OnBeanCondition)

   WebMvcAutoConfiguration.WebMvcAutoConfigurationAdapter#requestContextFilter matched:
      - @ConditionalOnMissingBean (types: org.springframework.web.context.request.RequestContextListener,org.springframework.web.filter.RequestContextFilter; SearchStrategy: all) did not find any beans (OnBeanCondition)

   WebMvcAutoConfiguration.WebMvcAutoConfigurationAdapter#viewResolver matched:
      - @ConditionalOnBean (types: org.springframework.web.servlet.ViewResolver; SearchStrategy: all) found beans 'defaultViewResolver', 'beanNameViewResolver', 'mvcViewResolver'; @ConditionalOnMissingBean (names: viewResolver types: org.springframework.web.servlet.view.ContentNegotiatingViewResolver; SearchStrategy: all) did not find any beans (OnBeanCondition)

   WebSocketServletAutoConfiguration matched:
      - @ConditionalOnClass found required classes 'jakarta.servlet.Servlet', 'jakarta.websocket.server.ServerContainer' (OnClassCondition)
      - found 'session' scope (OnWebApplicationCondition)

   WebSocketServletAutoConfiguration.TomcatWebSocketConfiguration matched:
      - @ConditionalOnClass found required classes 'org.apache.catalina.startup.Tomcat', 'org.apache.tomcat.websocket.server.WsSci' (OnClassCondition)

   WebSocketServletAutoConfiguration.TomcatWebSocketConfiguration#websocketServletWebServerCustomizer matched:
      - @ConditionalOnMissingBean (names: websocketServletWebServerCustomizer; SearchStrategy: all) did not find any beans (OnBeanCondition)


Negative matches:
-----------------

   ActiveMQAutoConfiguration:
      Did not match:
         - @ConditionalOnClass did not find required class 'jakarta.jms.ConnectionFactory' (OnClassCondition)

   AopAutoConfiguration.AspectJAutoProxyingConfiguration.JdkDynamicAutoProxyConfiguration:
      Did not match:
         - @ConditionalOnProperty (spring.aop.proxy-target-class=false) did not find property 'proxy-target-class' (OnPropertyCondition)

   AopAutoConfiguration.ClassProxyingConfiguration:
      Did not match:
         - @ConditionalOnMissingClass found unwanted class 'org.aspectj.weaver.Advice' (OnClassCondition)

   ArtemisAutoConfiguration:
      Did not match:
         - @ConditionalOnClass did not find required class 'jakarta.jms.ConnectionFactory' (OnClassCondition)

   BatchAutoConfiguration:
      Did not match:
         - @ConditionalOnClass did not find required class 'org.springframework.batch.core.launch.JobLauncher' (OnClassCondition)

   Cache2kCacheConfiguration:
      Did not match:
         - @ConditionalOnClass did not find required class 'org.cache2k.Cache2kBuilder' (OnClassCondition)

   CacheAutoConfiguration:
      Did not match:
         - @ConditionalOnBean (types: org.springframework.cache.interceptor.CacheAspectSupport; SearchStrategy: all) did not find any beans of type org.springframework.cache.interceptor.CacheAspectSupport (OnBeanCondition)
      Matched:
         - @ConditionalOnClass found required class 'org.springframework.cache.CacheManager' (OnClassCondition)

   CacheAutoConfiguration.CacheManagerEntityManagerFactoryDependsOnPostProcessor:
      Did not match:
         - Ancestor org.springframework.boot.autoconfigure.cache.CacheAutoConfiguration did not match (ConditionEvaluationReport.AncestorsMatchedCondition)
      Matched:
         - @ConditionalOnClass found required class 'org.springframework.orm.jpa.LocalContainerEntityManagerFactoryBean' (OnClassCondition)

   CaffeineCacheConfiguration:
      Did not match:
         - @ConditionalOnClass did not find required class 'com.github.benmanes.caffeine.cache.Caffeine' (OnClassCondition)

   CassandraAutoConfiguration:
      Did not match:
         - @ConditionalOnClass did not find required class 'com.datastax.oss.driver.api.core.CqlSession' (OnClassCondition)

   CassandraDataAutoConfiguration:
      Did not match:
         - @ConditionalOnClass did not find required class 'com.datastax.oss.driver.api.core.CqlSession' (OnClassCondition)

   CassandraReactiveDataAutoConfiguration:
      Did not match:
         - @ConditionalOnClass did not find required class 'com.datastax.oss.driver.api.core.CqlSession' (OnClassCondition)

   CassandraReactiveRepositoriesAutoConfiguration:
      Did not match:
         - @ConditionalOnClass did not find required class 'org.springframework.data.cassandra.ReactiveSession' (OnClassCondition)

   CassandraRepositoriesAutoConfiguration:
      Did not match:
         - @ConditionalOnClass did not find required class 'com.datastax.oss.driver.api.core.CqlSession' (OnClassCondition)

   ClientHttpConnectorAutoConfiguration:
      Did not match:
         - @ConditionalOnClass did not find required class 'org.springframework.web.reactive.function.client.WebClient' (OnClassCondition)

   CodecsAutoConfiguration:
      Did not match:
         - @ConditionalOnClass did not find required class 'org.springframework.web.reactive.function.client.WebClient' (OnClassCondition)

   CouchbaseAutoConfiguration:
      Did not match:
         - @ConditionalOnClass did not find required class 'com.couchbase.client.java.Cluster' (OnClassCondition)

   CouchbaseCacheConfiguration:
      Did not match:
         - @ConditionalOnClass did not find required class 'com.couchbase.client.java.Cluster' (OnClassCondition)

   CouchbaseDataAutoConfiguration:
      Did not match:
         - @ConditionalOnClass did not find required class 'com.couchbase.client.java.Bucket' (OnClassCondition)

   CouchbaseReactiveDataAutoConfiguration:
      Did not match:
         - @ConditionalOnClass did not find required class 'com.couchbase.client.java.Cluster' (OnClassCondition)

   CouchbaseReactiveRepositoriesAutoConfiguration:
      Did not match:
         - @ConditionalOnClass did not find required class 'com.couchbase.client.java.Cluster' (OnClassCondition)

   CouchbaseRepositoriesAutoConfiguration:
      Did not match:
         - @ConditionalOnClass did not find required class 'com.couchbase.client.java.Bucket' (OnClassCondition)

   DataSourceAutoConfiguration.EmbeddedDatabaseConfiguration:
      Did not match:
         - EmbeddedDataSource spring.datasource.url is set (DataSourceAutoConfiguration.EmbeddedDatabaseCondition)

   DataSourceCheckpointRestoreConfiguration:
      Did not match:
         - @ConditionalOnClass did not find required class 'org.crac.Resource' (OnClassCondition)

   DataSourceConfiguration.Dbcp2:
      Did not match:
         - @ConditionalOnClass did not find required class 'org.apache.commons.dbcp2.BasicDataSource' (OnClassCondition)

   DataSourceConfiguration.Generic:
      Did not match:
         - @ConditionalOnProperty (spring.datasource.type) did not find property 'spring.datasource.type' (OnPropertyCondition)

   DataSourceConfiguration.OracleUcp:
      Did not match:
         - @ConditionalOnClass did not find required classes 'oracle.ucp.jdbc.PoolDataSourceImpl', 'oracle.jdbc.OracleConnection' (OnClassCondition)

   DataSourceConfiguration.Tomcat:
      Did not match:
         - @ConditionalOnClass did not find required class 'org.apache.tomcat.jdbc.pool.DataSource' (OnClassCondition)

   DataSourceJmxConfiguration:
      Did not match:
         - @ConditionalOnProperty (spring.jmx.enabled=true) found different value in property 'enabled' (OnPropertyCondition)

   DataSourcePoolMetadataProvidersConfiguration.CommonsDbcp2PoolDataSourceMetadataProviderConfiguration:
      Did not match:
         - @ConditionalOnClass did not find required class 'org.apache.commons.dbcp2.BasicDataSource' (OnClassCondition)

   DataSourcePoolMetadataProvidersConfiguration.OracleUcpPoolDataSourceMetadataProviderConfiguration:
      Did not match:
         - @ConditionalOnClass did not find required classes 'oracle.ucp.jdbc.PoolDataSource', 'oracle.jdbc.OracleConnection' (OnClassCondition)

   DataSourcePoolMetadataProvidersConfiguration.TomcatDataSourcePoolMetadataProviderConfiguration:
      Did not match:
         - @ConditionalOnClass did not find required class 'org.apache.tomcat.jdbc.pool.DataSource' (OnClassCondition)

   DataSourceTransactionManagerAutoConfiguration.JdbcTransactionManagerConfiguration#transactionManager:
      Did not match:
         - @ConditionalOnMissingBean (types: org.springframework.transaction.TransactionManager; SearchStrategy: all) found beans of type 'org.springframework.transaction.TransactionManager' transactionManager (OnBeanCondition)

   DevToolsDataSourceAutoConfiguration:
      Did not match:
         - Devtools devtools is disabled for current context. (OnEnabledDevToolsCondition)
      Matched:
         - @ConditionalOnClass found required class 'javax.sql.DataSource' (OnClassCondition)

   DevToolsR2dbcAutoConfiguration:
      Did not match:
         - @ConditionalOnClass did not find required class 'io.r2dbc.spi.ConnectionFactory' (OnClassCondition)

   DispatcherServletAutoConfiguration.DispatcherServletConfiguration#multipartResolver:
      Did not match:
         - @ConditionalOnBean (types: org.springframework.web.multipart.MultipartResolver; SearchStrategy: all) did not find any beans of type org.springframework.web.multipart.MultipartResolver (OnBeanCondition)

   ElasticsearchClientAutoConfiguration:
      Did not match:
         - @ConditionalOnClass did not find required class 'co.elastic.clients.elasticsearch.ElasticsearchClient' (OnClassCondition)

   ElasticsearchDataAutoConfiguration:
      Did not match:
         - @ConditionalOnClass did not find required class 'org.springframework.data.elasticsearch.client.elc.ElasticsearchTemplate' (OnClassCondition)

   ElasticsearchRepositoriesAutoConfiguration:
      Did not match:
         - @ConditionalOnClass did not find required class 'org.springframework.data.elasticsearch.repository.ElasticsearchRepository' (OnClassCondition)

   ElasticsearchRestClientAutoConfiguration:
      Did not match:
         - @ConditionalOnClass did not find required class 'org.elasticsearch.client.RestClientBuilder' (OnClassCondition)

   EmbeddedLdapAutoConfiguration:
      Did not match:
         - @ConditionalOnClass did not find required class 'com.unboundid.ldap.listener.InMemoryDirectoryServer' (OnClassCondition)

   EmbeddedWebServerFactoryCustomizerAutoConfiguration:
      Did not match:
         - Application is deployed as a WAR file. (OnWarDeploymentCondition)
      Matched:
         - @ConditionalOnWebApplication (required) found 'session' scope (OnWebApplicationCondition)

   ErrorWebFluxAutoConfiguration:
      Did not match:
         - @ConditionalOnClass did not find required class 'org.springframework.web.reactive.config.WebFluxConfigurer' (OnClassCondition)

   FlywayAutoConfiguration:
      Did not match:
         - @ConditionalOnClass did not find required class 'org.flywaydb.core.Flyway' (OnClassCondition)

   FreeMarkerAutoConfiguration:
      Did not match:
         - @ConditionalOnClass did not find required class 'freemarker.template.Configuration' (OnClassCondition)

   GraphQlAutoConfiguration:
      Did not match:
         - @ConditionalOnClass did not find required class 'graphql.GraphQL' (OnClassCondition)

   GraphQlQueryByExampleAutoConfiguration:
      Did not match:
         - @ConditionalOnClass did not find required class 'graphql.GraphQL' (OnClassCondition)

   GraphQlQuerydslAutoConfiguration:
      Did not match:
         - @ConditionalOnClass did not find required class 'com.querydsl.core.Query' (OnClassCondition)

   GraphQlRSocketAutoConfiguration:
      Did not match:
         - @ConditionalOnClass did not find required class 'graphql.GraphQL' (OnClassCondition)

   GraphQlReactiveQueryByExampleAutoConfiguration:
      Did not match:
         - @ConditionalOnClass did not find required class 'graphql.GraphQL' (OnClassCondition)

   GraphQlReactiveQuerydslAutoConfiguration:
      Did not match:
         - @ConditionalOnClass did not find required class 'com.querydsl.core.Query' (OnClassCondition)

   GraphQlWebFluxAutoConfiguration:
      Did not match:
         - @ConditionalOnClass did not find required class 'graphql.GraphQL' (OnClassCondition)

   GraphQlWebFluxSecurityAutoConfiguration:
      Did not match:
         - @ConditionalOnClass did not find required class 'graphql.GraphQL' (OnClassCondition)

   GraphQlWebMvcAutoConfiguration:
      Did not match:
         - @ConditionalOnClass did not find required class 'graphql.GraphQL' (OnClassCondition)

   GraphQlWebMvcSecurityAutoConfiguration:
      Did not match:
         - @ConditionalOnClass did not find required class 'graphql.GraphQL' (OnClassCondition)

   GroovyTemplateAutoConfiguration:
      Did not match:
         - @ConditionalOnClass did not find required class 'groovy.text.markup.MarkupTemplateEngine' (OnClassCondition)

   GsonAutoConfiguration:
      Did not match:
         - @ConditionalOnClass did not find required class 'com.google.gson.Gson' (OnClassCondition)

   GsonHttpMessageConvertersConfiguration:
      Did not match:
         - @ConditionalOnClass did not find required class 'com.google.gson.Gson' (OnClassCondition)

   H2ConsoleAutoConfiguration:
      Did not match:
         - @ConditionalOnClass did not find required class 'org.h2.server.web.JakartaWebServlet' (OnClassCondition)

   HazelcastAutoConfiguration:
      Did not match:
         - @ConditionalOnClass did not find required class 'com.hazelcast.core.HazelcastInstance' (OnClassCondition)

   HazelcastCacheConfiguration:
      Did not match:
         - @ConditionalOnClass did not find required class 'com.hazelcast.core.HazelcastInstance' (OnClassCondition)

   HazelcastJpaDependencyAutoConfiguration:
      Did not match:
         - @ConditionalOnClass did not find required class 'com.hazelcast.core.HazelcastInstance' (OnClassCondition)

   HttpHandlerAutoConfiguration:
      Did not match:
         - @ConditionalOnClass did not find required class 'org.springframework.web.reactive.DispatcherHandler' (OnClassCondition)

   HypermediaAutoConfiguration:
      Did not match:
         - @ConditionalOnClass did not find required class 'org.springframework.hateoas.EntityModel' (OnClassCondition)

   InfinispanCacheConfiguration:
      Did not match:
         - @ConditionalOnClass did not find required class 'org.infinispan.spring.embedded.provider.SpringEmbeddedCacheManager' (OnClassCondition)

   IntegrationAutoConfiguration:
      Did not match:
         - @ConditionalOnClass did not find required class 'org.springframework.integration.config.EnableIntegration' (OnClassCondition)

   JCacheCacheConfiguration:
      Did not match:
         - @ConditionalOnClass did not find required class 'javax.cache.Caching' (OnClassCondition)

   JacksonHttpMessageConvertersConfiguration.MappingJackson2XmlHttpMessageConverterConfiguration:
      Did not match:
         - @ConditionalOnClass did not find required class 'com.fasterxml.jackson.dataformat.xml.XmlMapper' (OnClassCondition)

   JdbcRepositoriesAutoConfiguration:
      Did not match:
         - @ConditionalOnClass did not find required class 'org.springframework.data.jdbc.repository.config.AbstractJdbcConfiguration' (OnClassCondition)

   JerseyAutoConfiguration:
      Did not match:
         - @ConditionalOnClass did not find required class 'org.glassfish.jersey.server.spring.SpringComponentProvider' (OnClassCondition)

   JmsAutoConfiguration:
      Did not match:
         - @ConditionalOnClass did not find required class 'jakarta.jms.Message' (OnClassCondition)

   JmxAutoConfiguration:
      Did not match:
         - @ConditionalOnProperty (spring.jmx.enabled=true) found different value in property 'enabled' (OnPropertyCondition)
      Matched:
         - @ConditionalOnClass found required class 'org.springframework.jmx.export.MBeanExporter' (OnClassCondition)

   JndiConnectionFactoryAutoConfiguration:
      Did not match:
         - @ConditionalOnClass did not find required class 'org.springframework.jms.core.JmsTemplate' (OnClassCondition)

   JndiDataSourceAutoConfiguration:
      Did not match:
         - @ConditionalOnProperty (spring.datasource.jndi-name) did not find property 'jndi-name' (OnPropertyCondition)
      Matched:
         - @ConditionalOnClass found required classes 'javax.sql.DataSource', 'org.springframework.jdbc.datasource.embedded.EmbeddedDatabaseType' (OnClassCondition)

   JndiJtaConfiguration:
      Did not match:
         - @ConditionalOnJndi JNDI environment is not available (OnJndiCondition)
      Matched:
         - @ConditionalOnClass found required class 'org.springframework.transaction.jta.JtaTransactionManager' (OnClassCondition)

   JooqAutoConfiguration:
      Did not match:
         - @ConditionalOnClass did not find required class 'org.jooq.DSLContext' (OnClassCondition)

   JpaRepositoriesAutoConfiguration:
      Did not match:
         - @ConditionalOnMissingBean (types: org.springframework.data.jpa.repository.support.JpaRepositoryFactoryBean,org.springframework.data.jpa.repository.config.JpaRepositoryConfigExtension; SearchStrategy: all) found beans of type 'org.springframework.data.jpa.repository.support.JpaRepositoryFactoryBean' &movementRepository, &userRepository, &farmRepository and found beans of type 'org.springframework.data.jpa.repository.config.JpaRepositoryConfigExtension' org.springframework.data.jpa.repository.config.JpaRepositoryConfigExtension#0 (OnBeanCondition)
      Matched:
         - @ConditionalOnClass found required class 'org.springframework.data.jpa.repository.JpaRepository' (OnClassCondition)
         - @ConditionalOnProperty (spring.data.jpa.repositories.enabled=true) matched (OnPropertyCondition)

   JsonbAutoConfiguration:
      Did not match:
         - @ConditionalOnClass did not find required class 'jakarta.json.bind.Jsonb' (OnClassCondition)

   JsonbHttpMessageConvertersConfiguration:
      Did not match:
         - @ConditionalOnClass did not find required class 'jakarta.json.bind.Jsonb' (OnClassCondition)

   KafkaAutoConfiguration:
      Did not match:
         - @ConditionalOnClass did not find required class 'org.springframework.kafka.core.KafkaTemplate' (OnClassCondition)

   LdapAutoConfiguration:
      Did not match:
         - @ConditionalOnClass did not find required class 'org.springframework.ldap.core.ContextSource' (OnClassCondition)

   LdapRepositoriesAutoConfiguration:
      Did not match:
         - @ConditionalOnClass did not find required class 'org.springframework.data.ldap.repository.LdapRepository' (OnClassCondition)

   LiquibaseAutoConfiguration:
      Did not match:
         - @ConditionalOnClass did not find required class 'liquibase.change.DatabaseChange' (OnClassCondition)

   LocalDevToolsAutoConfiguration:
      Did not match:
         - Initialized Restarter Condition initialized without URLs (OnInitializedRestarterCondition)

   MailSenderAutoConfiguration:
      Did not match:
         - @ConditionalOnClass did not find required class 'jakarta.mail.internet.MimeMessage' (OnClassCondition)

   MailSenderValidatorAutoConfiguration:
      Did not match:
         - @ConditionalOnSingleCandidate did not find required type 'org.springframework.mail.javamail.JavaMailSenderImpl' (OnBeanCondition)

   MessageSourceAutoConfiguration:
      Did not match:
         - ResourceBundle did not find bundle with basename messages (MessageSourceAutoConfiguration.ResourceBundleCondition)

   MongoAutoConfiguration:
      Did not match:
         - @ConditionalOnClass did not find required class 'com.mongodb.client.MongoClient' (OnClassCondition)

   MongoDataAutoConfiguration:
      Did not match:
         - @ConditionalOnClass did not find required class 'com.mongodb.client.MongoClient' (OnClassCondition)

   MongoReactiveAutoConfiguration:
      Did not match:
         - @ConditionalOnClass did not find required class 'com.mongodb.reactivestreams.client.MongoClient' (OnClassCondition)

   MongoReactiveDataAutoConfiguration:
      Did not match:
         - @ConditionalOnClass did not find required class 'com.mongodb.reactivestreams.client.MongoClient' (OnClassCondition)

   MongoReactiveRepositoriesAutoConfiguration:
      Did not match:
         - @ConditionalOnClass did not find required class 'com.mongodb.reactivestreams.client.MongoClient' (OnClassCondition)

   MongoRepositoriesAutoConfiguration:
      Did not match:
         - @ConditionalOnClass did not find required class 'com.mongodb.client.MongoClient' (OnClassCondition)

   MultipleOpenApiSupportConfiguration:
      Did not match:
         - AnyNestedCondition 0 matched 2 did not; NestedCondition on MultipleOpenApiSupportCondition.OnActuatorDifferentPort @ConditionalOnProperty (springdoc.show-actuator) did not find property 'springdoc.show-actuator'; NestedCondition on MultipleOpenApiSupportCondition.OnMultipleOpenApiSupportCondition AnyNestedCondition 0 matched 2 did not; NestedCondition on MultipleOpenApiGroupsCondition.OnGroupConfigProperty @ConditionalOnProperty (springdoc.group-configs[0].group) did not find property 'springdoc.group-configs[0].group'; NestedCondition on MultipleOpenApiGroupsCondition.OnGroupedOpenApiBean @ConditionalOnBean (types: org.springdoc.core.models.GroupedOpenApi; SearchStrategy: all) did not find any beans of type org.springdoc.core.models.GroupedOpenApi (MultipleOpenApiSupportCondition)
      Matched:
         - found 'session' scope (OnWebApplicationCondition)
         - @ConditionalOnProperty (springdoc.api-docs.enabled) matched (OnPropertyCondition)

   MultipleOpenApiSupportConfiguration.SpringDocWebMvcActuatorDifferentConfiguration:
      Did not match:
         - @ConditionalOnClass did not find required class 'org.springframework.boot.actuate.endpoint.web.servlet.WebMvcEndpointHandlerMapping' (OnClassCondition)
         - Ancestor org.springdoc.webmvc.core.configuration.MultipleOpenApiSupportConfiguration did not match (ConditionEvaluationReport.AncestorsMatchedCondition)

   MustacheAutoConfiguration:
      Did not match:
         - @ConditionalOnClass did not find required class 'com.samskivert.mustache.Mustache' (OnClassCondition)

   Neo4jAutoConfiguration:
      Did not match:
         - @ConditionalOnClass did not find required class 'org.neo4j.driver.Driver' (OnClassCondition)

   Neo4jDataAutoConfiguration:
      Did not match:
         - @ConditionalOnClass did not find required class 'org.neo4j.driver.Driver' (OnClassCondition)

   Neo4jReactiveDataAutoConfiguration:
      Did not match:
         - @ConditionalOnClass did not find required class 'org.neo4j.driver.Driver' (OnClassCondition)

   Neo4jReactiveRepositoriesAutoConfiguration:
      Did not match:
         - @ConditionalOnClass did not find required class 'org.neo4j.driver.Driver' (OnClassCondition)

   Neo4jRepositoriesAutoConfiguration:
      Did not match:
         - @ConditionalOnClass did not find required class 'org.neo4j.driver.Driver' (OnClassCondition)

   NettyAutoConfiguration:
      Did not match:
         - @ConditionalOnClass did not find required class 'io.netty.util.NettyRuntime' (OnClassCondition)

   OAuth2AuthorizationServerAutoConfiguration:
      Did not match:
         - @ConditionalOnClass did not find required class 'org.springframework.security.oauth2.server.authorization.OAuth2Authorization' (OnClassCondition)

   OAuth2AuthorizationServerJwtAutoConfiguration:
      Did not match:
         - @ConditionalOnClass did not find required class 'org.springframework.security.oauth2.server.authorization.OAuth2Authorization' (OnClassCondition)

   OAuth2ClientAutoConfiguration:
      Did not match:
         - @ConditionalOnClass did not find required class 'org.springframework.security.oauth2.client.registration.ClientRegistration' (OnClassCondition)

   OAuth2ResourceServerAutoConfiguration:
      Did not match:
         - @ConditionalOnClass did not find required class 'org.springframework.security.oauth2.server.resource.authentication.BearerTokenAuthenticationToken' (OnClassCondition)

   ProjectInfoAutoConfiguration#buildProperties:
      Did not match:
         - @ConditionalOnResource did not find resource '${spring.info.build.location:classpath:META-INF/build-info.properties}' (OnResourceCondition)

   ProjectInfoAutoConfiguration#gitProperties:
      Did not match:
         - GitResource did not find git info at classpath:git.properties (ProjectInfoAutoConfiguration.GitResourceAvailableCondition)

   PulsarAutoConfiguration:
      Did not match:
         - @ConditionalOnClass did not find required class 'org.apache.pulsar.client.api.PulsarClient' (OnClassCondition)

   PulsarReactiveAutoConfiguration:
      Did not match:
         - @ConditionalOnClass did not find required class 'org.apache.pulsar.client.api.PulsarClient' (OnClassCondition)

   QuartzAutoConfiguration:
      Did not match:
         - @ConditionalOnClass did not find required class 'org.quartz.Scheduler' (OnClassCondition)

   R2dbcAutoConfiguration:
      Did not match:
         - @ConditionalOnClass did not find required class 'io.r2dbc.spi.ConnectionFactory' (OnClassCondition)

   R2dbcDataAutoConfiguration:
      Did not match:
         - @ConditionalOnClass did not find required class 'org.springframework.data.r2dbc.core.R2dbcEntityTemplate' (OnClassCondition)

   R2dbcInitializationConfiguration:
      Did not match:
         - @ConditionalOnClass did not find required classes 'io.r2dbc.spi.ConnectionFactory', 'org.springframework.r2dbc.connection.init.DatabasePopulator' (OnClassCondition)

   R2dbcProxyAutoConfiguration:
      Did not match:
         - @ConditionalOnClass did not find required class 'io.r2dbc.proxy.ProxyConnectionFactory' (OnClassCondition)

   R2dbcRepositoriesAutoConfiguration:
      Did not match:
         - @ConditionalOnClass did not find required class 'io.r2dbc.spi.ConnectionFactory' (OnClassCondition)

   R2dbcTransactionManagerAutoConfiguration:
      Did not match:
         - @ConditionalOnClass did not find required class 'org.springframework.r2dbc.connection.R2dbcTransactionManager' (OnClassCondition)

   RSocketGraphQlClientAutoConfiguration:
      Did not match:
         - @ConditionalOnClass did not find required class 'graphql.GraphQL' (OnClassCondition)

   RSocketMessagingAutoConfiguration:
      Did not match:
         - @ConditionalOnClass did not find required class 'io.rsocket.RSocket' (OnClassCondition)

   RSocketRequesterAutoConfiguration:
      Did not match:
         - @ConditionalOnClass did not find required class 'io.rsocket.RSocket' (OnClassCondition)

   RSocketSecurityAutoConfiguration:
      Did not match:
         - @ConditionalOnClass did not find required class 'org.springframework.security.rsocket.core.SecuritySocketAcceptorInterceptor' (OnClassCondition)

   RSocketServerAutoConfiguration:
      Did not match:
         - @ConditionalOnClass did not find required class 'io.rsocket.core.RSocketServer' (OnClassCondition)

   RSocketStrategiesAutoConfiguration:
      Did not match:
         - @ConditionalOnClass did not find required class 'io.netty.buffer.PooledByteBufAllocator' (OnClassCondition)

   RabbitAutoConfiguration:
      Did not match:
         - @ConditionalOnClass did not find required class 'com.rabbitmq.client.Channel' (OnClassCondition)

   ReactiveElasticsearchClientAutoConfiguration:
      Did not match:
         - @ConditionalOnClass did not find required class 'co.elastic.clients.transport.ElasticsearchTransport' (OnClassCondition)

   ReactiveElasticsearchRepositoriesAutoConfiguration:
      Did not match:
         - @ConditionalOnClass did not find required class 'reactor.core.publisher.Mono' (OnClassCondition)

   ReactiveMultipartAutoConfiguration:
      Did not match:
         - @ConditionalOnClass did not find required class 'org.springframework.web.reactive.config.WebFluxConfigurer' (OnClassCondition)

   ReactiveOAuth2ClientAutoConfiguration:
      Did not match:
         - @ConditionalOnClass did not find required class 'reactor.core.publisher.Flux' (OnClassCondition)

   ReactiveOAuth2ResourceServerAutoConfiguration:
      Did not match:
         - @ConditionalOnWebApplication did not find reactive web application classes (OnWebApplicationCondition)

   ReactiveSecurityAutoConfiguration:
      Did not match:
         - @ConditionalOnClass did not find required class 'reactor.core.publisher.Flux' (OnClassCondition)

   ReactiveUserDetailsServiceAutoConfiguration:
      Did not match:
         - AnyNestedCondition 0 matched 2 did not; NestedCondition on ReactiveUserDetailsServiceAutoConfiguration.RSocketEnabledOrReactiveWebApplication.ReactiveWebApplicationCondition did not find reactive web application classes; NestedCondition on ReactiveUserDetailsServiceAutoConfiguration.RSocketEnabledOrReactiveWebApplication.RSocketSecurityEnabledCondition @ConditionalOnBean (types: org.springframework.messaging.rsocket.annotation.support.RSocketMessageHandler; SearchStrategy: all) did not find any beans of type org.springframework.messaging.rsocket.annotation.support.RSocketMessageHandler (ReactiveUserDetailsServiceAutoConfiguration.RSocketEnabledOrReactiveWebApplication)
      Matched:
         - @ConditionalOnClass found required class 'org.springframework.security.authentication.ReactiveAuthenticationManager' (OnClassCondition)
         - AnyNestedCondition 3 matched 0 did not; NestedCondition on ReactiveUserDetailsServiceAutoConfiguration.MissingAlternativeOrUserPropertiesConfigured.PasswordConfigured @ConditionalOnProperty (spring.security.user.password) matched; NestedCondition on ReactiveUserDetailsServiceAutoConfiguration.MissingAlternativeOrUserPropertiesConfigured.NameConfigured @ConditionalOnProperty (spring.security.user.name) matched; NestedCondition on ReactiveUserDetailsServiceAutoConfiguration.MissingAlternativeOrUserPropertiesConfigured.MissingAlternative @ConditionalOnMissingClass did not find unwanted classes 'org.springframework.security.oauth2.client.registration.ClientRegistrationRepository', 'org.springframework.security.oauth2.server.resource.introspection.ReactiveOpaqueTokenIntrospector' (ReactiveUserDetailsServiceAutoConfiguration.MissingAlternativeOrUserPropertiesConfigured)

   ReactiveWebServerFactoryAutoConfiguration:
      Did not match:
         - @ConditionalOnWebApplication did not find reactive web application classes (OnWebApplicationCondition)

   ReactorAutoConfiguration:
      Did not match:
         - @ConditionalOnClass did not find required class 'reactor.core.publisher.Hooks' (OnClassCondition)

   RedisAutoConfiguration:
      Did not match:
         - @ConditionalOnClass did not find required class 'org.springframework.data.redis.core.RedisOperations' (OnClassCondition)

   RedisCacheConfiguration:
      Did not match:
         - @ConditionalOnClass did not find required class 'org.springframework.data.redis.connection.RedisConnectionFactory' (OnClassCondition)

   RedisReactiveAutoConfiguration:
      Did not match:
         - @ConditionalOnClass did not find required class 'reactor.core.publisher.Flux' (OnClassCondition)

   RedisRepositoriesAutoConfiguration:
      Did not match:
         - @ConditionalOnClass did not find required class 'org.springframework.data.redis.repository.configuration.EnableRedisRepositories' (OnClassCondition)

   RemoteDevToolsAutoConfiguration:
      Did not match:
         - @ConditionalOnProperty (spring.devtools.remote.secret) did not find property 'secret' (OnPropertyCondition)
      Matched:
         - @ConditionalOnClass found required classes 'jakarta.servlet.Filter', 'org.springframework.http.server.ServerHttpRequest' (OnClassCondition)

   RepositoryRestMvcAutoConfiguration:
      Did not match:
         - @ConditionalOnClass did not find required class 'org.springframework.data.rest.webmvc.config.RepositoryRestMvcConfiguration' (OnClassCondition)

   Saml2RelyingPartyAutoConfiguration:
      Did not match:
         - @ConditionalOnClass did not find required class 'org.springframework.security.saml2.provider.service.registration.RelyingPartyRegistrationRepository' (OnClassCondition)

   SecurityDataConfiguration:
      Did not match:
         - @ConditionalOnClass did not find required class 'org.springframework.security.data.repository.query.SecurityEvaluationContextExtension' (OnClassCondition)

   SendGridAutoConfiguration:
      Did not match:
         - @ConditionalOnClass did not find required class 'com.sendgrid.SendGrid' (OnClassCondition)

   ServletWebServerFactoryAutoConfiguration.ForwardedHeaderFilterConfiguration:
      Did not match:
         - @ConditionalOnProperty (server.forward-headers-strategy=framework) did not find property 'server.forward-headers-strategy' (OnPropertyCondition)

   ServletWebServerFactoryConfiguration.EmbeddedJetty:
      Did not match:
         - @ConditionalOnClass did not find required classes 'org.eclipse.jetty.server.Server', 'org.eclipse.jetty.util.Loader', 'org.eclipse.jetty.ee10.webapp.WebAppContext' (OnClassCondition)

   ServletWebServerFactoryConfiguration.EmbeddedUndertow:
      Did not match:
         - @ConditionalOnClass did not find required classes 'io.undertow.Undertow', 'org.xnio.SslClientAuthMode' (OnClassCondition)

   SessionAutoConfiguration:
      Did not match:
         - @ConditionalOnClass did not find required class 'org.springframework.session.Session' (OnClassCondition)

   SpringApplicationAdminJmxAutoConfiguration:
      Did not match:
         - @ConditionalOnProperty (spring.application.admin.enabled=true) did not find property 'enabled' (OnPropertyCondition)

   SpringBootWebSecurityConfiguration.SecurityFilterChainConfiguration:
      Did not match:
         - AllNestedConditions 1 matched 1 did not; NestedCondition on DefaultWebSecurityCondition.Beans @ConditionalOnMissingBean (types: org.springframework.security.web.SecurityFilterChain; SearchStrategy: all) found beans of type 'org.springframework.security.web.SecurityFilterChain' filterChain; NestedCondition on DefaultWebSecurityCondition.Classes @ConditionalOnClass found required classes 'org.springframework.security.web.SecurityFilterChain', 'org.springframework.security.config.annotation.web.builders.HttpSecurity' (DefaultWebSecurityCondition)

   SpringBootWebSecurityConfiguration.WebSecurityEnablerConfiguration:
      Did not match:
         - @ConditionalOnMissingBean (names: springSecurityFilterChain; SearchStrategy: all) found beans named springSecurityFilterChain (OnBeanCondition)
      Matched:
         - @ConditionalOnClass found required class 'org.springframework.security.config.annotation.web.configuration.EnableWebSecurity' (OnClassCondition)

   SpringDocConfiguration#propertiesResolverForSchema:
      Did not match:
         - @ConditionalOnProperty (springdoc.api-docs.resolve-schema-properties) did not find property 'springdoc.api-docs.resolve-schema-properties' (OnPropertyCondition)

   SpringDocConfiguration#propertyCustomizingConverter:
      Did not match:
         - @ConditionalOnBean (types: org.springdoc.core.customizers.PropertyCustomizer; SearchStrategy: all) did not find any beans of type org.springdoc.core.customizers.PropertyCustomizer (OnBeanCondition)

   SpringDocConfiguration#springdocBeanFactoryPostProcessor:
      Did not match:
         - AnyNestedCondition 0 matched 2 did not; NestedCondition on CacheOrGroupedOpenApiCondition.OnCacheDisabled found non-matching nested conditions @ConditionalOnProperty (springdoc.cache.disabled) did not find property 'springdoc.cache.disabled'; NestedCondition on CacheOrGroupedOpenApiCondition.OnMultipleOpenApiSupportCondition AnyNestedCondition 0 matched 2 did not; NestedCondition on MultipleOpenApiSupportCondition.OnActuatorDifferentPort @ConditionalOnProperty (springdoc.show-actuator) did not find property 'springdoc.show-actuator'; NestedCondition on MultipleOpenApiSupportCondition.OnMultipleOpenApiSupportCondition AnyNestedCondition 0 matched 2 did not; NestedCondition on MultipleOpenApiGroupsCondition.OnGroupConfigProperty @ConditionalOnProperty (springdoc.group-configs[0].group) did not find property 'springdoc.group-configs[0].group'; NestedCondition on MultipleOpenApiGroupsCondition.OnGroupedOpenApiBean @ConditionalOnBean (types: org.springdoc.core.models.GroupedOpenApi; SearchStrategy: all) did not find any beans of type org.springdoc.core.models.GroupedOpenApi (CacheOrGroupedOpenApiCondition)
      Matched:
         - @ConditionalOnClass found required class 'org.springframework.boot.context.properties.bind.BindResult' (OnClassCondition)

   SpringDocConfiguration#springdocBeanFactoryPostProcessor2:
      Did not match:
         - @ConditionalOnMissingClass found unwanted class 'org.springframework.boot.context.properties.bind.BindResult' (OnClassCondition)

   SpringDocConfiguration.SpringDocActuatorConfiguration:
      Did not match:
         - @ConditionalOnClass did not find required class 'org.springframework.boot.actuate.autoconfigure.endpoint.web.WebEndpointProperties' (OnClassCondition)

   SpringDocConfiguration.SpringDocRepositoryRestConfiguration:
      Did not match:
         - @ConditionalOnClass did not find required class 'org.springframework.data.rest.core.config.RepositoryRestConfiguration' (OnClassCondition)

   SpringDocConfiguration.SpringDocWebFluxSupportConfiguration:
      Did not match:
         - @ConditionalOnClass did not find required class 'reactor.core.publisher.Flux' (OnClassCondition)

   SpringDocDataRestConfiguration:
      Did not match:
         - @ConditionalOnClass did not find required class 'org.springframework.data.rest.core.config.RepositoryRestConfiguration' (OnClassCondition)

   SpringDocFunctionCatalogConfiguration:
      Did not match:
         - @ConditionalOnClass did not find required class 'org.springframework.cloud.function.web.function.FunctionEndpointInitializer' (OnClassCondition)

   SpringDocGroovyConfiguration:
      Did not match:
         - @ConditionalOnClass did not find required class 'groovy.lang.MetaClass' (OnClassCondition)

   SpringDocHateoasConfiguration:
      Did not match:
         - @ConditionalOnClass did not find required class 'org.springframework.hateoas.server.LinkRelationProvider' (OnClassCondition)

   SpringDocJacksonKotlinModuleConfiguration:
      Did not match:
         - @ConditionalOnClass did not find required class 'com.fasterxml.jackson.module.kotlin.KotlinModule' (OnClassCondition)

   SpringDocJavadocConfiguration:
      Did not match:
         - @ConditionalOnClass did not find required class 'com.github.therapi.runtimejavadoc.CommentFormatter' (OnClassCondition)

   SpringDocKotlinConfiguration:
      Did not match:
         - @ConditionalOnClass did not find required class 'kotlin.coroutines.Continuation' (OnClassCondition)

   SpringDocKotlinxConfiguration:
      Did not match:
         - @ConditionalOnClass did not find required class 'kotlinx.coroutines.flow.Flow' (OnClassCondition)

   SpringDocSecurityConfiguration.SpringDocSecurityOAuth2Configuration:
      Did not match:
         - @ConditionalOnClass did not find required class 'org.springframework.security.oauth2.server.authorization.OAuth2AuthorizationService' (OnClassCondition)

   SpringDocSecurityConfiguration.SpringSecurityLoginEndpointConfiguration#springSecurityLoginEndpointCustomiser:
      Did not match:
         - @ConditionalOnProperty (springdoc.show-login-endpoint) did not find property 'springdoc.show-login-endpoint' (OnPropertyCondition)

   SpringDocSortConfiguration#delegatingMethodParameterCustomizer:
      Did not match:
         - @ConditionalOnMissingBean (types: org.springdoc.core.customizers.DelegatingMethodParameterCustomizer; SearchStrategy: all) found beans of type 'org.springdoc.core.customizers.DelegatingMethodParameterCustomizer' delegatingMethodParameterCustomizer (OnBeanCondition)

   SpringDocWebMvcConfiguration.SpringDocWebMvcActuatorConfiguration:
      Did not match:
         - @ConditionalOnClass did not find required class 'org.springframework.boot.actuate.endpoint.web.servlet.WebMvcEndpointHandlerMapping' (OnClassCondition)

   SwaggerConfig#springWebProvider:
      Did not match:
         - @ConditionalOnMissingBean (types: org.springdoc.core.providers.SpringWebProvider; SearchStrategy: all) found beans of type 'org.springdoc.core.providers.SpringWebProvider' springWebProvider (OnBeanCondition)

   SwaggerConfig#swaggerUiConfigParameters:
      Did not match:
         - @ConditionalOnMissingBean (types: org.springdoc.core.properties.SwaggerUiConfigParameters; SearchStrategy: all) found beans of type 'org.springdoc.core.properties.SwaggerUiConfigParameters' org.springdoc.core.properties.SwaggerUiConfigParameters (OnBeanCondition)

   SwaggerConfig#swaggerUiHome:
      Did not match:
         - @ConditionalOnProperty (springdoc.swagger-ui.use-root-path=true) did not find property 'springdoc.swagger-ui.use-root-path' (OnPropertyCondition)

   SwaggerConfig.SwaggerActuatorWelcomeConfiguration:
      Did not match:
         - @ConditionalOnClass did not find required class 'org.springframework.boot.actuate.endpoint.web.servlet.WebMvcEndpointHandlerMapping' (OnClassCondition)

   TaskExecutorConfigurations.SimpleAsyncTaskExecutorBuilderConfiguration#simpleAsyncTaskExecutorBuilderVirtualThreads:
      Did not match:
         - @ConditionalOnMissingBean (types: org.springframework.boot.task.SimpleAsyncTaskExecutorBuilder; SearchStrategy: all) found beans of type 'org.springframework.boot.task.SimpleAsyncTaskExecutorBuilder' simpleAsyncTaskExecutorBuilder (OnBeanCondition)

   TaskExecutorConfigurations.TaskExecutorConfiguration#applicationTaskExecutorVirtualThreads:
      Did not match:
         - @ConditionalOnThreading did not find VIRTUAL (OnThreadingCondition)

   TaskSchedulingAutoConfiguration#scheduledBeanLazyInitializationExcludeFilter:
      Did not match:
         - @ConditionalOnBean (names: org.springframework.context.annotation.internalScheduledAnnotationProcessor; SearchStrategy: all) did not find any beans named org.springframework.context.annotation.internalScheduledAnnotationProcessor (OnBeanCondition)

   TaskSchedulingConfigurations.SimpleAsyncTaskSchedulerBuilderConfiguration#simpleAsyncTaskSchedulerBuilderVirtualThreads:
      Did not match:
         - @ConditionalOnMissingBean (types: org.springframework.boot.task.SimpleAsyncTaskSchedulerBuilder; SearchStrategy: all) found beans of type 'org.springframework.boot.task.SimpleAsyncTaskSchedulerBuilder' simpleAsyncTaskSchedulerBuilder (OnBeanCondition)

   TaskSchedulingConfigurations.TaskSchedulerConfiguration:
      Did not match:
         - @ConditionalOnBean (names: org.springframework.context.annotation.internalScheduledAnnotationProcessor; SearchStrategy: all) did not find any beans named org.springframework.context.annotation.internalScheduledAnnotationProcessor (OnBeanCondition)

   ThymeleafAutoConfiguration:
      Did not match:
         - @ConditionalOnClass did not find required class 'org.thymeleaf.spring6.SpringTemplateEngine' (OnClassCondition)

   TransactionAutoConfiguration#transactionalOperator:
      Did not match:
         - @ConditionalOnSingleCandidate (types: org.springframework.transaction.ReactiveTransactionManager; SearchStrategy: all) did not find any beans (OnBeanCondition)

   TransactionAutoConfiguration.AspectJTransactionManagementConfiguration:
      Did not match:
         - @ConditionalOnBean (types: org.springframework.transaction.aspectj.AbstractTransactionAspect; SearchStrategy: all) did not find any beans of type org.springframework.transaction.aspectj.AbstractTransactionAspect (OnBeanCondition)

   TransactionAutoConfiguration.EnableTransactionManagementConfiguration.JdkDynamicAutoProxyConfiguration:
      Did not match:
         - @ConditionalOnProperty (spring.aop.proxy-target-class=false) did not find property 'proxy-target-class' (OnPropertyCondition)

   UserDetailsServiceAutoConfiguration:
      Did not match:
         - @ConditionalOnMissingBean (types: org.springframework.security.authentication.AuthenticationManager,org.springframework.security.authentication.AuthenticationProvider,org.springframework.security.core.userdetails.UserDetailsService,org.springframework.security.authentication.AuthenticationManagerResolver,org.springframework.security.oauth2.jwt.JwtDecoder; SearchStrategy: all) found beans of type 'org.springframework.security.authentication.AuthenticationManager' authenticationManager and found beans of type 'org.springframework.security.core.userdetails.UserDetailsService' userService (OnBeanCondition)
      Matched:
         - @ConditionalOnClass found required class 'org.springframework.security.authentication.AuthenticationManager' (OnClassCondition)
         - found 'session' scope (OnWebApplicationCondition)
         - AnyNestedCondition 3 matched 0 did not; NestedCondition on UserDetailsServiceAutoConfiguration.MissingAlternativeOrUserPropertiesConfigured.PasswordConfigured @ConditionalOnProperty (spring.security.user.password) matched; NestedCondition on UserDetailsServiceAutoConfiguration.MissingAlternativeOrUserPropertiesConfigured.NameConfigured @ConditionalOnProperty (spring.security.user.name) matched; NestedCondition on UserDetailsServiceAutoConfiguration.MissingAlternativeOrUserPropertiesConfigured.MissingAlternative @ConditionalOnMissingClass did not find unwanted classes 'org.springframework.security.oauth2.client.registration.ClientRegistrationRepository', 'org.springframework.security.oauth2.server.resource.introspection.OpaqueTokenIntrospector', 'org.springframework.security.saml2.provider.service.registration.RelyingPartyRegistrationRepository' (UserDetailsServiceAutoConfiguration.MissingAlternativeOrUserPropertiesConfigured)

   WebClientAutoConfiguration:
      Did not match:
         - @ConditionalOnClass did not find required class 'org.springframework.web.reactive.function.client.WebClient' (OnClassCondition)

   WebFluxAutoConfiguration:
      Did not match:
         - @ConditionalOnClass did not find required class 'org.springframework.web.reactive.config.WebFluxConfigurer' (OnClassCondition)

   WebMvcAutoConfiguration#hiddenHttpMethodFilter:
      Did not match:
         - @ConditionalOnProperty (spring.mvc.hiddenmethod.filter.enabled) did not find property 'enabled' (OnPropertyCondition)

   WebMvcAutoConfiguration.ProblemDetailsErrorHandlingConfiguration:
      Did not match:
         - @ConditionalOnProperty (spring.mvc.problemdetails.enabled=true) did not find property 'enabled' (OnPropertyCondition)

   WebMvcAutoConfiguration.ResourceChainCustomizerConfiguration:
      Did not match:
         - @ConditionalOnEnabledResourceChain did not find class org.webjars.WebJarVersionLocator (OnEnabledResourceChainCondition)

   WebMvcAutoConfiguration.WebMvcAutoConfigurationAdapter#beanNameViewResolver:
      Did not match:
         - @ConditionalOnMissingBean (types: org.springframework.web.servlet.view.BeanNameViewResolver; SearchStrategy: all) found beans of type 'org.springframework.web.servlet.view.BeanNameViewResolver' beanNameViewResolver (OnBeanCondition)

   WebServiceTemplateAutoConfiguration:
      Did not match:
         - @ConditionalOnClass did not find required class 'org.springframework.oxm.Marshaller' (OnClassCondition)

   WebServicesAutoConfiguration:
      Did not match:
         - @ConditionalOnClass did not find required class 'org.springframework.ws.transport.http.MessageDispatcherServlet' (OnClassCondition)

   WebSessionIdResolverAutoConfiguration:
      Did not match:
         - @ConditionalOnClass did not find required class 'reactor.core.publisher.Mono' (OnClassCondition)

   WebSocketMessagingAutoConfiguration:
      Did not match:
         - @ConditionalOnClass did not find required class 'org.springframework.web.socket.config.annotation.WebSocketMessageBrokerConfigurer' (OnClassCondition)

   WebSocketReactiveAutoConfiguration:
      Did not match:
         - @ConditionalOnWebApplication did not find reactive web application classes (OnWebApplicationCondition)

   WebSocketServletAutoConfiguration.JettyWebSocketConfiguration:
      Did not match:
         - @ConditionalOnClass did not find required class 'org.eclipse.jetty.ee10.websocket.jakarta.server.config.JakartaWebSocketServletContainerInitializer' (OnClassCondition)

   WebSocketServletAutoConfiguration.UndertowWebSocketConfiguration:
      Did not match:
         - @ConditionalOnClass did not find required class 'io.undertow.websockets.jsr.Bootstrap' (OnClassCondition)

   XADataSourceAutoConfiguration:
      Did not match:
         - @ConditionalOnBean (types: org.springframework.boot.jdbc.XADataSourceWrapper; SearchStrategy: all) did not find any beans of type org.springframework.boot.jdbc.XADataSourceWrapper (OnBeanCondition)
      Matched:
         - @ConditionalOnClass found required classes 'javax.sql.DataSource', 'jakarta.transaction.TransactionManager', 'org.springframework.jdbc.datasource.embedded.EmbeddedDatabaseType' (OnClassCondition)


Exclusions:
-----------

    None


Unconditional classes:
----------------------

    org.springframework.boot.autoconfigure.context.ConfigurationPropertiesAutoConfiguration

    org.springframework.boot.autoconfigure.ssl.SslAutoConfiguration

    org.springframework.boot.autoconfigure.context.PropertyPlaceholderAutoConfiguration

    org.springframework.boot.autoconfigure.context.LifecycleAutoConfiguration

    org.springframework.boot.autoconfigure.availability.ApplicationAvailabilityAutoConfiguration

    org.springframework.boot.autoconfigure.info.ProjectInfoAutoConfiguration



2025-03-26T10:26:23.049-04:00  INFO 1288556 --- [farmtrack-backend] [           main] c.n.r.FarmtrackApplicationTests             : Started FarmtrackApplicationTests in 4.841 seconds (process running for 6.697)
2025-03-26T10:26:23.051-04:00 DEBUG 1288556 --- [farmtrack-backend] [           main] o.s.b.a.ApplicationAvailabilityBean      : Application availability state LivenessState changed to CORRECT
2025-03-26T10:26:23.062-04:00 DEBUG 1288556 --- [farmtrack-backend] [           main] tor$SharedEntityManagerInvocationHandler : Creating new EntityManager for shared EntityManager invocation
2025-03-26T10:26:23.146-04:00 DEBUG 1288556 --- [farmtrack-backend] [           main] org.hibernate.orm.sql.ast.create         : Created new SQL alias : u1_0
2025-03-26T10:26:23.147-04:00 DEBUG 1288556 --- [farmtrack-backend] [           main] org.hibernate.orm.sql.ast.create         : Registration of TableGroup [StandardTableGroup(com.ncsu.farmtrackbackend.model.User(2))] with identifierForTableGroup [com.ncsu.farmtrackbackend.model.User] for NavigablePath [com.ncsu.farmtrackbackend.model.User] 
2025-03-26T10:26:23.153-04:00 DEBUG 1288556 --- [farmtrack-backend] [           main] o.h.q.sqm.sql.BaseSqmToSqlAstConverter   : Determining mapping-model type for SqmParameter : org.hibernate.query.sqm.tree.expression.SqmJpaCriteriaParameterWrapper@1e3f0c5c
2025-03-26T10:26:23.154-04:00 DEBUG 1288556 --- [farmtrack-backend] [           main] o.h.q.sqm.sql.BaseSqmToSqlAstConverter   : Determining mapping-model type for SqmPath : SqmBasicValuedSimplePath(com.ncsu.farmtrackbackend.model.User(2).username) 
2025-03-26T10:26:23.158-04:00 DEBUG 1288556 --- [farmtrack-backend] [           main] org.hibernate.orm.results.graph.AST      : DomainResult Graph:
 \-BasicResult [com.ncsu.farmtrackbackend.model.User(2).id]

2025-03-26T10:26:23.158-04:00 DEBUG 1288556 --- [farmtrack-backend] [           main] org.hibernate.orm.sql.ast.tree           : SQL AST Tree:
    SelectStatement {
      FromClause {
        StandardTableGroup (u1 : com.ncsu.farmtrackbackend.model.User(2)) {
          primaryTableReference : users as u1_0
        }
      }
    }

2025-03-26T10:26:23.167-04:00 DEBUG 1288556 --- [farmtrack-backend] [           main] org.hibernate.orm.sql.exec               : Skipping reading Query result cache data: cache-enabled = false, cache-mode = NORMAL
2025-03-26T10:26:23.168-04:00 DEBUG 1288556 --- [farmtrack-backend] [           main] org.hibernate.SQL                        : select u1_0.id from users u1_0 where u1_0.username=? fetch first ? rows only
Hibernate: select u1_0.id from users u1_0 where u1_0.username=? fetch first ? rows only
2025-03-26T10:26:23.186-04:00 DEBUG 1288556 --- [farmtrack-backend] [           main] org.hibernate.orm.results                : Initializer list is empty
2025-03-26T10:26:23.193-04:00 DEBUG 1288556 --- [farmtrack-backend] [           main] tor$SharedEntityManagerInvocationHandler : Creating new EntityManager for shared EntityManager invocation
2025-03-26T10:26:23.194-04:00 DEBUG 1288556 --- [farmtrack-backend] [           main] org.hibernate.orm.sql.ast.create         : Created new SQL alias : u1_0
2025-03-26T10:26:23.194-04:00 DEBUG 1288556 --- [farmtrack-backend] [           main] org.hibernate.orm.sql.ast.create         : Registration of TableGroup [StandardTableGroup(com.ncsu.farmtrackbackend.model.User(2))] with identifierForTableGroup [com.ncsu.farmtrackbackend.model.User] for NavigablePath [com.ncsu.farmtrackbackend.model.User] 
2025-03-26T10:26:23.195-04:00 DEBUG 1288556 --- [farmtrack-backend] [           main] o.h.q.sqm.sql.BaseSqmToSqlAstConverter   : Determining mapping-model type for SqmParameter : org.hibernate.query.sqm.tree.expression.SqmJpaCriteriaParameterWrapper@16d4757f
2025-03-26T10:26:23.195-04:00 DEBUG 1288556 --- [farmtrack-backend] [           main] o.h.q.sqm.sql.BaseSqmToSqlAstConverter   : Determining mapping-model type for SqmPath : SqmBasicValuedSimplePath(com.ncsu.farmtrackbackend.model.User(2).username) 
2025-03-26T10:26:23.195-04:00 DEBUG 1288556 --- [farmtrack-backend] [           main] org.hibernate.orm.results.graph.AST      : DomainResult Graph:
 \-BasicResult [com.ncsu.farmtrackbackend.model.User(2).id]

2025-03-26T10:26:23.195-04:00 DEBUG 1288556 --- [farmtrack-backend] [           main] org.hibernate.orm.sql.ast.tree           : SQL AST Tree:
    SelectStatement {
      FromClause {
        StandardTableGroup (u1 : com.ncsu.farmtrackbackend.model.User(2)) {
          primaryTableReference : users as u1_0
        }
      }
    }

2025-03-26T10:26:23.195-04:00 DEBUG 1288556 --- [farmtrack-backend] [           main] org.hibernate.orm.sql.exec               : Skipping reading Query result cache data: cache-enabled = false, cache-mode = NORMAL
2025-03-26T10:26:23.195-04:00 DEBUG 1288556 --- [farmtrack-backend] [           main] org.hibernate.SQL                        : select u1_0.id from users u1_0 where u1_0.username=? fetch first ? rows only
Hibernate: select u1_0.id from users u1_0 where u1_0.username=? fetch first ? rows only
2025-03-26T10:26:23.196-04:00 DEBUG 1288556 --- [farmtrack-backend] [           main] org.hibernate.orm.results                : Initializer list is empty
2025-03-26T10:26:23.196-04:00 DEBUG 1288556 --- [farmtrack-backend] [           main] tor$SharedEntityManagerInvocationHandler : Creating new EntityManager for shared EntityManager invocation
2025-03-26T10:26:23.197-04:00 DEBUG 1288556 --- [farmtrack-backend] [           main] org.hibernate.orm.sql.ast.create         : Created new SQL alias : u1_0
2025-03-26T10:26:23.197-04:00 DEBUG 1288556 --- [farmtrack-backend] [           main] org.hibernate.orm.sql.ast.create         : Registration of TableGroup [StandardTableGroup(com.ncsu.farmtrackbackend.model.User(2))] with identifierForTableGroup [com.ncsu.farmtrackbackend.model.User] for NavigablePath [com.ncsu.farmtrackbackend.model.User] 
2025-03-26T10:26:23.197-04:00 DEBUG 1288556 --- [farmtrack-backend] [           main] o.h.q.sqm.sql.BaseSqmToSqlAstConverter   : Determining mapping-model type for SqmParameter : org.hibernate.query.sqm.tree.expression.SqmJpaCriteriaParameterWrapper@4b45016d
2025-03-26T10:26:23.197-04:00 DEBUG 1288556 --- [farmtrack-backend] [           main] o.h.q.sqm.sql.BaseSqmToSqlAstConverter   : Determining mapping-model type for SqmPath : SqmBasicValuedSimplePath(com.ncsu.farmtrackbackend.model.User(2).username) 
2025-03-26T10:26:23.197-04:00 DEBUG 1288556 --- [farmtrack-backend] [           main] org.hibernate.orm.results.graph.AST      : DomainResult Graph:
 \-BasicResult [com.ncsu.farmtrackbackend.model.User(2).id]

2025-03-26T10:26:23.197-04:00 DEBUG 1288556 --- [farmtrack-backend] [           main] org.hibernate.orm.sql.ast.tree           : SQL AST Tree:
    SelectStatement {
      FromClause {
        StandardTableGroup (u1 : com.ncsu.farmtrackbackend.model.User(2)) {
          primaryTableReference : users as u1_0
        }
      }
    }

2025-03-26T10:26:23.198-04:00 DEBUG 1288556 --- [farmtrack-backend] [           main] org.hibernate.orm.sql.exec               : Skipping reading Query result cache data: cache-enabled = false, cache-mode = NORMAL
2025-03-26T10:26:23.198-04:00 DEBUG 1288556 --- [farmtrack-backend] [           main] org.hibernate.SQL                        : select u1_0.id from users u1_0 where u1_0.username=? fetch first ? rows only
Hibernate: select u1_0.id from users u1_0 where u1_0.username=? fetch first ? rows only
2025-03-26T10:26:23.198-04:00 DEBUG 1288556 --- [farmtrack-backend] [           main] org.hibernate.orm.results                : Initializer list is empty
2025-03-26T10:26:23.199-04:00 DEBUG 1288556 --- [farmtrack-backend] [           main] o.s.boot.devtools.restart.Restarter      : Creating new Restarter for thread Thread[main,5,main]
2025-03-26T10:26:23.200-04:00 DEBUG 1288556 --- [farmtrack-backend] [           main] o.s.b.a.ApplicationAvailabilityBean      : Application availability state ReadinessState changed to ACCEPTING_TRAFFIC
2025-03-26T10:26:23.201-04:00 DEBUG 1288556 --- [farmtrack-backend] [           main] org.springframework.test.context.cache   : Spring test ApplicationContext cache statistics: [DefaultContextCache@316a682b size = 1, maxSize = 32, parentContextCount = 0, hitCount = 0, missCount = 1, failureCount = 0]
2025-03-26T10:26:23.202-04:00 DEBUG 1288556 --- [farmtrack-backend] [           main] o.s.t.c.w.ServletTestExecutionListener   : Setting up MockHttpServletRequest, MockHttpServletResponse, ServletWebRequest, and RequestContextHolder for test class com.ncsu.farmtrackbackend.FarmtrackApplicationTests
2025-03-26T10:26:23.210-04:00 DEBUG 1288556 --- [farmtrack-backend] [           main] DependencyInjectionTestExecutionListener : Performing dependency injection for test class com.ncsu.farmtrackbackend.FarmtrackApplicationTests
2025-03-26T10:26:23.211-04:00 DEBUG 1288556 --- [farmtrack-backend] [           main] org.springframework.test.context.cache   : Spring test ApplicationContext cache statistics: [DefaultContextCache@316a682b size = 1, maxSize = 32, parentContextCount = 0, hitCount = 1, missCount = 1, failureCount = 0]
2025-03-26T10:26:23.212-04:00 DEBUG 1288556 --- [farmtrack-backend] [           main] org.springframework.test.context.cache   : Spring test ApplicationContext cache statistics: [DefaultContextCache@316a682b size = 1, maxSize = 32, parentContextCount = 0, hitCount = 2, missCount = 1, failureCount = 0]
2025-03-26T10:26:23.214-04:00 DEBUG 1288556 --- [farmtrack-backend] [           main] sContextBeforeModesTestExecutionListener : Before test method: class [FarmtrackApplicationTests], method [contextLoads], class annotated with @DirtiesContext [false] with mode [null], method annotated with @DirtiesContext [false] with mode [null]
2025-03-26T10:26:23.216-04:00 DEBUG 1288556 --- [farmtrack-backend] [           main] org.springframework.test.context.cache   : Spring test ApplicationContext cache statistics: [DefaultContextCache@316a682b size = 1, maxSize = 32, parentContextCount = 0, hitCount = 3, missCount = 1, failureCount = 0]
2025-03-26T10:26:23.216-04:00 DEBUG 1288556 --- [farmtrack-backend] [           main] org.springframework.test.context.cache   : Spring test ApplicationContext cache statistics: [DefaultContextCache@316a682b size = 1, maxSize = 32, parentContextCount = 0, hitCount = 4, missCount = 1, failureCount = 0]
2025-03-26T10:26:23.220-04:00 DEBUG 1288556 --- [farmtrack-backend] [           main] org.springframework.test.context.cache   : Spring test ApplicationContext cache statistics: [DefaultContextCache@316a682b size = 1, maxSize = 32, parentContextCount = 0, hitCount = 5, missCount = 1, failureCount = 0]
2025-03-26T10:26:23.224-04:00 DEBUG 1288556 --- [farmtrack-backend] [           main] org.springframework.test.context.cache   : Spring test ApplicationContext cache statistics: [DefaultContextCache@316a682b size = 1, maxSize = 32, parentContextCount = 0, hitCount = 6, missCount = 1, failureCount = 0]
2025-03-26T10:26:23.225-04:00 DEBUG 1288556 --- [farmtrack-backend] [           main] org.springframework.test.context.cache   : Spring test ApplicationContext cache statistics: [DefaultContextCache@316a682b size = 1, maxSize = 32, parentContextCount = 0, hitCount = 7, missCount = 1, failureCount = 0]
2025-03-26T10:26:23.226-04:00 DEBUG 1288556 --- [farmtrack-backend] [           main] org.springframework.test.context.cache   : Spring test ApplicationContext cache statistics: [DefaultContextCache@316a682b size = 1, maxSize = 32, parentContextCount = 0, hitCount = 8, missCount = 1, failureCount = 0]
2025-03-26T10:26:23.227-04:00 DEBUG 1288556 --- [farmtrack-backend] [           main] org.springframework.test.context.cache   : Spring test ApplicationContext cache statistics: [DefaultContextCache@316a682b size = 1, maxSize = 32, parentContextCount = 0, hitCount = 9, missCount = 1, failureCount = 0]
2025-03-26T10:26:23.227-04:00 DEBUG 1288556 --- [farmtrack-backend] [           main] org.springframework.test.context.cache   : Spring test ApplicationContext cache statistics: [DefaultContextCache@316a682b size = 1, maxSize = 32, parentContextCount = 0, hitCount = 10, missCount = 1, failureCount = 0]
2025-03-26T10:26:23.228-04:00 DEBUG 1288556 --- [farmtrack-backend] [           main] org.springframework.test.context.cache   : Spring test ApplicationContext cache statistics: [DefaultContextCache@316a682b size = 1, maxSize = 32, parentContextCount = 0, hitCount = 11, missCount = 1, failureCount = 0]
2025-03-26T10:26:23.229-04:00 DEBUG 1288556 --- [farmtrack-backend] [           main] org.springframework.test.context.cache   : Spring test ApplicationContext cache statistics: [DefaultContextCache@316a682b size = 1, maxSize = 32, parentContextCount = 0, hitCount = 12, missCount = 1, failureCount = 0]
2025-03-26T10:26:23.230-04:00 DEBUG 1288556 --- [farmtrack-backend] [           main] org.springframework.test.context.cache   : Spring test ApplicationContext cache statistics: [DefaultContextCache@316a682b size = 1, maxSize = 32, parentContextCount = 0, hitCount = 13, missCount = 1, failureCount = 0]
2025-03-26T10:26:23.231-04:00 DEBUG 1288556 --- [farmtrack-backend] [           main] org.springframework.test.context.cache   : Spring test ApplicationContext cache statistics: [DefaultContextCache@316a682b size = 1, maxSize = 32, parentContextCount = 0, hitCount = 14, missCount = 1, failureCount = 0]
2025-03-26T10:26:23.232-04:00 DEBUG 1288556 --- [farmtrack-backend] [           main] .c.s.DirtiesContextTestExecutionListener : After test method: class [FarmtrackApplicationTests], method [contextLoads], class annotated with @DirtiesContext [false] with mode [null], method annotated with @DirtiesContext [false] with mode [null]
2025-03-26T10:26:23.232-04:00 DEBUG 1288556 --- [farmtrack-backend] [           main] o.s.t.c.w.ServletTestExecutionListener   : Resetting RequestContextHolder for test class com.ncsu.farmtrackbackend.FarmtrackApplicationTests
]]></system-out>
  </testcase>
</testsuite>